\o Program:		@(#)$CDS: libManager version 23.1 - CAT38 02/04/2025 10:05 (cpgbld15) $
\o Sub version:		sub-version  s130 
\o Arguments:		-unmapped -mpssession virtuoso9210 -mpshost MrDonothing -masterPID 9210 -ADVM 
\o Working Directory:	MrDonothing:/home/hee/projects/agriculture-SoC/analog/cadence/notech/SoC
\o 64-bit offsets
\o Qt version: 		5.15.9
\o MPS virtuoso types registered: 68
\o changeWorkingDir("/home/hee/projects/agriculture-SoC/analog/cadence/notech/SoC") unnecessary.
\o ddSetForcedLib("") unnecessary.
\o Session hidden cells enabled.
\o Log file is "/home/hee/projects/agriculture-SoC/analog/cadence/notech/SoC/libManager.log".
\o Opening libManager window.
\a nrSetWindowVisibility(cdsLibManager "show")
\o MPS service: map window
\a nrSetCurrentWindow(cdsLibManager)
\o Library Manager customization server connected.
\a nrResizeWindow(cdsLibManager list(1313 650 925 679))
\a cdsLibManager->libListBox->value = "SoC_AFE"
\a cdsLibManager->libLineEdit->value = "SoC_AFE"
\a cdsLibManager->showFilesToggle->value = t
\a cdsLibManager->libListBox->value = "SoC_probe"
\a cdsLibManager->libLineEdit->value = "SoC_probe"
\a cdsLibManager->libListBox->value = "SoC_AFE"
\a cdsLibManager->libLineEdit->value = "SoC_AFE"
\a cdsLibManager->libFileListBox->value = "data.dm"
\a cdsLibManager->libFileListBox->value = "tech.db"
\a lmgrLogShowPopup("mainListPopup3" 55 77 2 "tech.db")
\a cdsLibManager->libListBox->value = "analogLib"
\a cdsLibManager->libLineEdit->value = "analogLib"
\a cdsLibManager->libFileListBox->value = nil
\a cdsLibManager->libFileListBox->value = "tech.db"
\a cdsLibManager->libFileListBox->value = nil
\a cdsLibManager->libFileListBox->value = "tech.db"
\o MPS request: edit design
\a nrListItemAction(cdsLibManager->gdmXibFileTable 16 0)
\a cdsLibManager->libFileListBox->value = nil
\a cdsLibManager->libFileListBox->value = "tech.db"
\o MPS request: edit design
\a nrListItemAction(cdsLibManager->gdmXibFileTable 16 0)
\a cdsLibManager->libListBox->value = "SoC_AFE"
\a cdsLibManager->libLineEdit->value = "SoC_AFE"
\a cdsLibManager->libFileListBox->value = nil
\a cdsLibManager->libFileListBox->value = "tech.db"
\a cdsLibManager->cellListBox->value = "sarlogic"
\a cdsLibManager->cellLineEdit->value = "sarlogic"
\a cdsLibManager->viewListBox->value = "functional"
\a cdsLibManager->viewLineEdit->value = "functional"
\a cdsLibManager->libFileListBox->value = nil
\a cdsLibManager->showFilesToggle->value = nil
\a cdsLibManager->showCatsToggle->value = t
\a cdsLibManager->QToolButton7->value = t
\a cdsLibManager->showCategoriesAction->value = t
\a cdsLibManager->showCatsToggle->value = nil
\a cdsLibManager->QToolButton7->value = nil
\a cdsLibManager->showCategoriesAction->value = nil
\a cdsLibManager->cellListBox->value = nil
\a cdsLibManager->cellLineEdit->value = ""
\a cdsLibManager->viewListBox->value = nil
\a cdsLibManager->viewLineEdit->value = ""
\a cdsLibManager->cellListBox->value = "sarlogic"
\a cdsLibManager->cellLineEdit->value = "sarlogic"
\a cdsLibManager->viewListBox->value = "functional"
\a cdsLibManager->viewLineEdit->value = "functional"
\a cdsLibManager->showCatsToggle->value = t
\a cdsLibManager->QToolButton7->value = t
\a cdsLibManager->showCategoriesAction->value = t
\a cdsLibManager->libListBox->value = "analogLib"
\a cdsLibManager->libLineEdit->value = "analogLib"
\a cdsLibManager->cellLineEdit->value = ""
\a cdsLibManager->cellListBox->value = nil
\a cdsLibManager->viewLineEdit->value = ""
\a cdsLibManager->viewListBox->value = nil
\a cdsLibManager->libCatsTreeView->value = "Everything"
\a cdsLibManager->catLineEdit->value = "Everything"
\a nrResizeWindow(cdsLibManager list(0 0 2548 1407))
\a cdsLibManager->libCatsTreeView->value = "Parasitics"
\a cdsLibManager->catLineEdit->value = "Parasitics"
\a nrResizeWindow(cdsLibManager list(1313 650 925 679))
\a cdsLibManager->cellListBox->value = "pcapacitor"
\a cdsLibManager->cellLineEdit->value = "pcapacitor"
\a cdsLibManager->showCatsToggle->value = nil
\a cdsLibManager->QToolButton7->value = nil
\a cdsLibManager->showCategoriesAction->value = nil
\a cdsLibManager->cellListBox->value = nil
\a cdsLibManager->cellLineEdit->value = ""
\a cdsLibManager->cellListBox->value = "pcapacitor"
\a cdsLibManager->cellLineEdit->value = "pcapacitor"
\a cdsLibManager->viewListBox->value = "auLvs"
\a cdsLibManager->viewLineEdit->value = "auLvs"
\a cdsLibManager->viewListBox->value = "hspiceD"
\a cdsLibManager->viewLineEdit->value = "hspiceD"
\a cdsLibManager->viewListBox->value = "spectre"
\a cdsLibManager->viewLineEdit->value = "spectre"
\a cdsLibManager->viewListBox->value = "symbol"
\a cdsLibManager->viewLineEdit->value = "symbol"
\a cdsLibManager->viewListBox->value = "symbol_xform"
\a cdsLibManager->viewLineEdit->value = "symbol_xform"
\a cdsLibManager->viewListBox->value = "symbol"
\a cdsLibManager->viewLineEdit->value = "symbol"
\a cdsLibManager->libListBox->value = "SoC_AFE"
\a cdsLibManager->libLineEdit->value = "SoC_AFE"
\a cdsLibManager->cellLineEdit->value = ""
\a cdsLibManager->cellListBox->value = nil
\a cdsLibManager->viewLineEdit->value = ""
\a cdsLibManager->viewListBox->value = nil
\a cdsLibManager->libCatsTreeView->value = nil
\a cdsLibManager->catLineEdit->value = ""
\a cdsLibManager->cellListBox->value = "sarlogic"
\a cdsLibManager->cellLineEdit->value = "sarlogic"
\a cdsLibManager->viewListBox->value = "functional"
\a cdsLibManager->viewLineEdit->value = "functional"
\a cdsLibManager->cellListBox->value = "inverter"
\a cdsLibManager->cellLineEdit->value = "inverter"
\a cdsLibManager->viewLineEdit->value = ""
\a cdsLibManager->viewListBox->value = nil
\a cdsLibManager->viewListBox->value = "veriloga"
\a cdsLibManager->viewLineEdit->value = "veriloga"
\o MPS request: edit design
\a nrListItemAction(cdsLibManager->gdmXTView 1 1)
\a cdsLibManager->libListBox->value = nil
\a cdsLibManager->libLineEdit->value = ""
\a cdsLibManager->cellListBox->value = nil
\a cdsLibManager->viewLineEdit->value = ""
\a cdsLibManager->viewListBox->value = nil
\a cdsLibManager->cellLineEdit->value = ""
\a cdsLibManager->libListBox->value = "SoC_AFE"
\a cdsLibManager->libLineEdit->value = "SoC_AFE"
\a cdsLibManager->cellListBox->value = "inverter"
\a cdsLibManager->cellLineEdit->value = "inverter"
\a cdsLibManager->viewListBox->value = "veriloga"
\a cdsLibManager->viewLineEdit->value = "veriloga"
\a cdsLibManager->viewLineEdit->value = ""
\a cdsLibManager->viewListBox->value = nil
\a cdsLibManager->viewListBox->value = "veriloga"
\a cdsLibManager->viewLineEdit->value = "veriloga"
\a nrSetCurrentWindow(cdsLibManager)
\a cdsLibManager->cellListBox->value = "sarlogic"
\a cdsLibManager->cellLineEdit->value = "sarlogic"
\a cdsLibManager->viewLineEdit->value = ""
\a cdsLibManager->viewListBox->value = nil
\a cdsLibManager->viewListBox->value = "functional"
\a cdsLibManager->viewLineEdit->value = "functional"
\a cdsLibManager->viewListBox->value = nil
\a cdsLibManager->viewLineEdit->value = ""
\a cdsLibManager->viewListBox->value = "functional"
\a cdsLibManager->viewLineEdit->value = "functional"
\o MPS request: edit design
\a nrListItemAction(cdsLibManager->gdmXTView 0 0)
\a nrSetCurrentWindow(cdsLibManager)
\o ddSetForcedLib("/home/hee/projects/agriculture-SoC/analog/cadence/notech/SoC/cds.lib")
\a cdsLibManager->libListBox->value = nil
\a cdsLibManager->libLineEdit->value = ""
\a cdsLibManager->cellListBox->value = nil
\a cdsLibManager->viewLineEdit->value = ""
\a cdsLibManager->viewListBox->value = nil
\a cdsLibManager->cellLineEdit->value = ""
\a cdsLibManager->libListBox->value = "SoC_AFE"
\a cdsLibManager->libLineEdit->value = "SoC_AFE"
\a cdsLibManager->cellListBox->value = "sarlogic"
\a cdsLibManager->cellLineEdit->value = "sarlogic"
\a cdsLibManager->viewListBox->value = "functional"
\a cdsLibManager->viewLineEdit->value = "functional"
\a cdsLibManager->viewLineEdit->value = ""
\a cdsLibManager->viewListBox->value = nil
\a cdsLibManager->viewListBox->value = "functional"
\a cdsLibManager->viewLineEdit->value = "functional"
\a cdsLibManager->libListBox->value = nil
\a cdsLibManager->libLineEdit->value = ""
\a cdsLibManager->cellListBox->value = nil
\a cdsLibManager->viewLineEdit->value = ""
\a cdsLibManager->viewListBox->value = nil
\a cdsLibManager->cellLineEdit->value = ""
\a cdsLibManager->libListBox->value = "SoC_AFE"
\a cdsLibManager->libLineEdit->value = "SoC_AFE"
\a cdsLibManager->cellListBox->value = "sarlogic"
\a cdsLibManager->cellLineEdit->value = "sarlogic"
\a cdsLibManager->viewListBox->value = "functional"
\a cdsLibManager->viewLineEdit->value = "functional"
\a cdsLibManager->viewLineEdit->value = ""
\a cdsLibManager->viewListBox->value = nil
\a cdsLibManager->viewListBox->value = "functional"
\a cdsLibManager->viewLineEdit->value = "functional"
\a nrSetCurrentWindow(cdsLibManager)
\a cdsLibManager->cellLineEdit->value = ""
\a cdsLibManager->cellListBox->value = nil
\a cdsLibManager->viewLineEdit->value = ""
\a cdsLibManager->viewListBox->value = nil
\a lmgrLogShowPopup("mainListPopup0" 19 8 2 "SoC_AFE")
\a cdsLibManager->editChangeRefsButton->value = t
\a nrSetCurrentWindow(changeRefDialog)
\a nrResizeWindow(changeRefDialog list(-32 -32 690 533))
\a changeRefDialog->inLibsListWidget->value = '("SoC_AFE" )
\a nrSetCurrentWindow(cdsLibManager)
\a nrSetCurrentWindow(cdsLibManager)
\a lmgrLogShowPopup("mainListPopup0" 32 6 2 "SoC_AFE")
\a cdsLibManager->editChangeRefsButton->value = t
\a nrSetCurrentWindow(changeRefDialog)
\a nrResizeWindow(changeRefDialog list(1464 769 690 533))
\a changeRefDialog->inLibsListWidget->value = '("SoC_AFE" )
\a nrSetCurrentWindow(cdsLibManager)
\a cdsLibManager->editPermissionButton->value = t
\a accessPermissionForm->accessOwnerReadCheckBox->value = t
\a accessPermissionForm->accessOwnerWriteCheckBox->value = t
\a accessPermissionForm->accessOwnerExecuteCheckBox->value = t
\a accessPermissionForm->accessGroupReadCheckBox->value = t
\a accessPermissionForm->accessGroupWriteCheckBox->value = t
\a accessPermissionForm->accessGroupCheckBox->value = t
\a accessPermissionForm->accessOthersReadCheckBox->value = t
\a accessPermissionForm->accessOthersExecuteCheckBox->value = t
\a accessPermissionForm->accessPermissionOwnerEdit->value = "hee"
\a accessPermissionForm->accessPermissionGroupEdit->value = "hee"
\a nrSetWindowVisibility(accessPermissionForm "show")
\a nrSetCurrentWindow(accessPermissionForm)
\a nrResizeWindow(accessPermissionForm list(1626 852 291 249))
\a accessPermissionForm->accessOthersWriteCheckBox->value = t
\a accessPermissionForm->Apply->value = t
\a accessPermissionForm->Apply->value = t
\a accessPermissionForm->Close->value = t
\a nrSetCurrentWindow(cdsLibManager)
\a cdsLibManager->cellListBox->value = "sarlogic"
\a cdsLibManager->cellLineEdit->value = "sarlogic"
\a accessPermissionForm->accessPermissionGroupEdit->value = ""
\a accessPermissionForm->accessPermissionOwnerEdit->value = ""
\a accessPermissionForm->accessOwnerReadCheckBox->value = nil
\a accessPermissionForm->accessOwnerWriteCheckBox->value = nil
\a accessPermissionForm->accessOwnerExecuteCheckBox->value = nil
\a accessPermissionForm->accessGroupReadCheckBox->value = nil
\a accessPermissionForm->accessGroupWriteCheckBox->value = nil
\a accessPermissionForm->accessGroupCheckBox->value = nil
\a accessPermissionForm->accessOthersReadCheckBox->value = nil
\a accessPermissionForm->accessOthersWriteCheckBox->value = nil
\a accessPermissionForm->accessOthersExecuteCheckBox->value = nil
\a cdsLibManager->viewListBox->value = "functional"
\a cdsLibManager->viewLineEdit->value = "functional"
\a cdsLibManager->viewListBox->value = nil
\a cdsLibManager->viewLineEdit->value = ""
\a cdsLibManager->viewListBox->value = "functional"
\a cdsLibManager->viewLineEdit->value = "functional"
\o MPS request: edit design
\a nrListItemAction(cdsLibManager->gdmXTView 0 1)
\a cdsLibManager->libListBox->value = nil
\a cdsLibManager->libLineEdit->value = ""
\a cdsLibManager->cellListBox->value = nil
\a cdsLibManager->viewLineEdit->value = ""
\a cdsLibManager->viewListBox->value = nil
\a cdsLibManager->cellLineEdit->value = ""
\a cdsLibManager->libListBox->value = "SoC_AFE"
\a cdsLibManager->libLineEdit->value = "SoC_AFE"
\a cdsLibManager->cellListBox->value = "sarlogic"
\a cdsLibManager->cellLineEdit->value = "sarlogic"
\a cdsLibManager->viewListBox->value = "functional"
\a cdsLibManager->viewLineEdit->value = "functional"
\a cdsLibManager->viewLineEdit->value = ""
\a cdsLibManager->viewListBox->value = nil
\a cdsLibManager->viewListBox->value = "functional"
\a cdsLibManager->viewLineEdit->value = "functional"
\a nrSetCurrentWindow(cdsLibManager)
\a cdsLibManager->editPropertiesButton->value = t
\o MPS request: edit property
\a nrSetCurrentWindow(cdsLibManager)
\a cdsLibManager->editChangeRefsButton->value = t
\a nrSetCurrentWindow(changeRefDialog)
\a nrResizeWindow(changeRefDialog list(1464 769 690 533))
\a changeRefDialog->inLibsListWidget->value = '("SoC_AFE" )
\a nrSetCurrentWindow(cdsLibManager)
\a cdsLibManager->editLibraryPathButton->value = t
\o Starting the cdsLibEditor...
\a nrSetCurrentWindow(cdsLibManager)
\a cdsLibManager->editRenameReflibButton->value = t
\a renameReferenceForm->fromLibrary->value = "SoC_AFE"
\a renameReferenceForm->inLibrary->value = "SoC_AFE"
\a renameReferenceForm->toLibrary->value = "SoC_AFE"
\a nrSetWindowVisibility(renameReferenceForm "show")
\a nrSetCurrentWindow(renameReferenceForm)
\a nrResizeWindow(renameReferenceForm list(1538 843 466 266))
\a nrSetCurrentWindow(cdsLibManager)
\a cdsLibManager->libListBox->value = nil
\a cdsLibManager->libLineEdit->value = ""
\a cdsLibManager->cellListBox->value = nil
\a cdsLibManager->viewLineEdit->value = ""
\a cdsLibManager->viewListBox->value = nil
\a cdsLibManager->cellLineEdit->value = ""
\a cdsLibManager->libListBox->value = "SoC_AFE"
\a cdsLibManager->libLineEdit->value = "SoC_AFE"
\a cdsLibManager->cellListBox->value = "sarlogic"
\a cdsLibManager->cellLineEdit->value = "sarlogic"
\a cdsLibManager->viewListBox->value = "functional"
\a cdsLibManager->viewLineEdit->value = "functional"
\a cdsLibManager->viewLineEdit->value = ""
\a cdsLibManager->viewListBox->value = nil
\a cdsLibManager->viewListBox->value = "functional"
\a cdsLibManager->viewLineEdit->value = "functional"
\a cdsLibManager->libListBox->value = nil
\a cdsLibManager->libLineEdit->value = ""
\a cdsLibManager->cellListBox->value = nil
\a cdsLibManager->viewLineEdit->value = ""
\a cdsLibManager->viewListBox->value = nil
\a cdsLibManager->cellLineEdit->value = ""
\a cdsLibManager->libListBox->value = "SoC_AFE"
\a cdsLibManager->libLineEdit->value = "SoC_AFE"
\a cdsLibManager->cellListBox->value = "sarlogic"
\a cdsLibManager->cellLineEdit->value = "sarlogic"
\a cdsLibManager->viewListBox->value = "functional"
\a cdsLibManager->viewLineEdit->value = "functional"
\a cdsLibManager->viewLineEdit->value = ""
\a cdsLibManager->viewListBox->value = nil
\a cdsLibManager->viewListBox->value = "functional"
\a cdsLibManager->viewLineEdit->value = "functional"
\a cdsLibManager->libListBox->value = nil
\a cdsLibManager->libLineEdit->value = ""
\a cdsLibManager->cellListBox->value = nil
\a cdsLibManager->viewLineEdit->value = ""
\a cdsLibManager->viewListBox->value = nil
\a cdsLibManager->cellLineEdit->value = ""
\a cdsLibManager->libListBox->value = "SoC_AFE"
\a cdsLibManager->libLineEdit->value = "SoC_AFE"
\a cdsLibManager->cellListBox->value = "sarlogic"
\a cdsLibManager->cellLineEdit->value = "sarlogic"
\a cdsLibManager->viewListBox->value = "functional"
\a cdsLibManager->viewLineEdit->value = "functional"
\a cdsLibManager->viewLineEdit->value = ""
\a cdsLibManager->viewListBox->value = nil
\a cdsLibManager->viewListBox->value = "functional"
\a cdsLibManager->viewLineEdit->value = "functional"
\a cdsLibManager->libListBox->value = nil
\a cdsLibManager->libLineEdit->value = ""
\a cdsLibManager->cellListBox->value = nil
\a cdsLibManager->viewLineEdit->value = ""
\a cdsLibManager->viewListBox->value = nil
\a cdsLibManager->cellLineEdit->value = ""
\a cdsLibManager->libListBox->value = "SoC_AFE"
\a cdsLibManager->libLineEdit->value = "SoC_AFE"
\a cdsLibManager->cellListBox->value = "sarlogic"
\a cdsLibManager->cellLineEdit->value = "sarlogic"
\a cdsLibManager->viewListBox->value = "functional"
\a cdsLibManager->viewLineEdit->value = "functional"
\a cdsLibManager->viewLineEdit->value = ""
\a cdsLibManager->viewListBox->value = nil
\a cdsLibManager->viewListBox->value = "functional"
\a cdsLibManager->viewLineEdit->value = "functional"
\a cdsLibManager->libListBox->value = nil
\a cdsLibManager->libLineEdit->value = ""
\a cdsLibManager->cellListBox->value = nil
\a cdsLibManager->viewLineEdit->value = ""
\a cdsLibManager->viewListBox->value = nil
\a cdsLibManager->cellLineEdit->value = ""
\a cdsLibManager->libListBox->value = "SoC_AFE"
\a cdsLibManager->libLineEdit->value = "SoC_AFE"
\a cdsLibManager->cellListBox->value = "sarlogic"
\a cdsLibManager->cellLineEdit->value = "sarlogic"
\a cdsLibManager->viewListBox->value = "functional"
\a cdsLibManager->viewLineEdit->value = "functional"
\a cdsLibManager->viewLineEdit->value = ""
\a cdsLibManager->viewListBox->value = nil
\a cdsLibManager->viewListBox->value = "functional"
\a cdsLibManager->viewLineEdit->value = "functional"
\a cdsLibManager->libListBox->value = nil
\a cdsLibManager->libLineEdit->value = ""
\a cdsLibManager->cellListBox->value = nil
\a cdsLibManager->viewLineEdit->value = ""
\a cdsLibManager->viewListBox->value = nil
\a cdsLibManager->cellLineEdit->value = ""
\a cdsLibManager->libListBox->value = "SoC_AFE"
\a cdsLibManager->libLineEdit->value = "SoC_AFE"
\a cdsLibManager->cellListBox->value = "sarlogic"
\a cdsLibManager->cellLineEdit->value = "sarlogic"
\a cdsLibManager->viewListBox->value = "functional"
\a cdsLibManager->viewLineEdit->value = "functional"
\a cdsLibManager->viewLineEdit->value = ""
\a cdsLibManager->viewListBox->value = nil
\a cdsLibManager->viewListBox->value = "functional"
\a cdsLibManager->viewLineEdit->value = "functional"
\a cdsLibManager->libListBox->value = nil
\a cdsLibManager->libLineEdit->value = ""
\a cdsLibManager->cellListBox->value = nil
\a cdsLibManager->viewLineEdit->value = ""
\a cdsLibManager->viewListBox->value = nil
\a cdsLibManager->cellLineEdit->value = ""
\a cdsLibManager->libListBox->value = "SoC_AFE"
\a cdsLibManager->libLineEdit->value = "SoC_AFE"
\a cdsLibManager->cellListBox->value = "sarlogic"
\a cdsLibManager->cellLineEdit->value = "sarlogic"
\a cdsLibManager->viewListBox->value = "functional"
\a cdsLibManager->viewLineEdit->value = "functional"
\a cdsLibManager->viewLineEdit->value = ""
\a cdsLibManager->viewListBox->value = nil
\a cdsLibManager->viewListBox->value = "functional"
\a cdsLibManager->viewLineEdit->value = "functional"
\a cdsLibManager->libListBox->value = nil
\a cdsLibManager->libLineEdit->value = ""
\a cdsLibManager->cellListBox->value = nil
\a cdsLibManager->viewLineEdit->value = ""
\a cdsLibManager->viewListBox->value = nil
\a cdsLibManager->cellLineEdit->value = ""
\a cdsLibManager->libListBox->value = "SoC_AFE"
\a cdsLibManager->libLineEdit->value = "SoC_AFE"
\a cdsLibManager->cellListBox->value = "sarlogic"
\a cdsLibManager->cellLineEdit->value = "sarlogic"
\a cdsLibManager->viewListBox->value = "functional"
\a cdsLibManager->viewLineEdit->value = "functional"
\a cdsLibManager->viewLineEdit->value = ""
\a cdsLibManager->viewListBox->value = nil
\a cdsLibManager->viewListBox->value = "functional"
\a cdsLibManager->viewLineEdit->value = "functional"
\a nrSetCurrentWindow(cdsLibManager)
\a cdsLibManager->libListBox->value = "SoC_probe"
\a cdsLibManager->libLineEdit->value = "SoC_probe"
\a cdsLibManager->cellLineEdit->value = ""
\a cdsLibManager->cellListBox->value = nil
\a cdsLibManager->viewLineEdit->value = ""
\a cdsLibManager->viewListBox->value = nil
\a cdsLibManager->libListBox->value = "SoC_AFE"
\a cdsLibManager->libLineEdit->value = "SoC_AFE"
\a lmgrLogShowPopup("mainListPopup0" 30 12 2 "SoC_AFE")
\a cdsLibManager->editChangeRefsButton->value = t
\a nrSetCurrentWindow(changeRefDialog)
\a nrResizeWindow(changeRefDialog list(1464 769 690 533))
\a changeRefDialog->inLibsListWidget->value = '("SoC_AFE" )
\a nrSetCurrentWindow(cdsLibManager)
\a lmgrLogShowPopup("mainListPopup0" 20 5 2 "SoC_AFE")
\a cdsLibManager->editPropertiesButton->value = t
\o MPS request: edit property
\a nrSetCurrentWindow(cdsLibManager)
\a lmgrLogShowPopup("mainListPopup0" 41 6 2 "SoC_AFE")
\a cdsLibManager->libListBox->value = nil
\a cdsLibManager->libLineEdit->value = ""
\a cdsLibManager->libListBox->value = "SoC_AFE"
\a cdsLibManager->libLineEdit->value = "SoC_AFE"
\a cdsLibManager->FileNewLibButton->value = t
\a nrSetWindowVisibility(NewLibShell "show")
\a nrSetCurrentWindow(NewLibShell)
\a nrSetCurrentWindow(NewLibShell->subDialog)
\a nrResizeWindow(NewLibShell list(1518 697 507 559))
\a nrResizeWindow(NewLibShell list(1067 392 507 559))
\a NewLibShell->QLineEdit1->value = ""
\a NewLibShell->QLineEdit1->value = "/home/hee/projects/agriculture-SoC/analog/cadence/notech/SoC/SoC_probe"
\a NewLibShell->QLineEdit1->value = ""
\a NewLibShell->QLineEdit1->value = "/home/hee/projects/agriculture-SoC/analog/cadence/notech/SoC"
\a nrSetCurrentWindow(cdsLibManager)
\a cdsLibManager->cellListBox->value = "ADC_tb"
\a cdsLibManager->cellLineEdit->value = "ADC_tb"
\a cdsLibManager->cellListBox->value = "dig_sti"
\a cdsLibManager->cellLineEdit->value = "dig_sti"
\a cdsLibManager->libListBox->value = "SoC_probe"
\a cdsLibManager->libLineEdit->value = "SoC_probe"
\a cdsLibManager->cellLineEdit->value = ""
\a cdsLibManager->cellListBox->value = nil
\a cdsLibManager->cellListBox->value = "dig_sti_tb"
\a cdsLibManager->cellLineEdit->value = "dig_sti_tb"
\a cdsLibManager->viewListBox->value = "verilog"
\a cdsLibManager->viewLineEdit->value = "verilog"
\o MPS request: edit design
\a nrListItemAction(cdsLibManager->gdmXTView 1 0)
\a cdsLibManager->libListBox->value = nil
\a cdsLibManager->libLineEdit->value = ""
\a cdsLibManager->cellListBox->value = nil
\a cdsLibManager->viewLineEdit->value = ""
\a cdsLibManager->viewListBox->value = nil
\a cdsLibManager->cellLineEdit->value = ""
\a cdsLibManager->libListBox->value = "SoC_probe"
\a cdsLibManager->libLineEdit->value = "SoC_probe"
\a cdsLibManager->cellListBox->value = "dig_sti_tb"
\a cdsLibManager->cellLineEdit->value = "dig_sti_tb"
\a cdsLibManager->viewListBox->value = "verilog"
\a cdsLibManager->viewLineEdit->value = "verilog"
\a cdsLibManager->viewLineEdit->value = ""
\a cdsLibManager->viewListBox->value = nil
\a cdsLibManager->viewListBox->value = "verilog"
\a cdsLibManager->viewLineEdit->value = "verilog"
\a cdsLibManager->libListBox->value = nil
\a cdsLibManager->libLineEdit->value = ""
\a cdsLibManager->cellListBox->value = nil
\a cdsLibManager->viewLineEdit->value = ""
\a cdsLibManager->viewListBox->value = nil
\a cdsLibManager->cellLineEdit->value = ""
\a cdsLibManager->libListBox->value = "SoC_probe"
\a cdsLibManager->libLineEdit->value = "SoC_probe"
\a cdsLibManager->cellListBox->value = "dig_sti_tb"
\a cdsLibManager->cellLineEdit->value = "dig_sti_tb"
\a cdsLibManager->viewListBox->value = "verilog"
\a cdsLibManager->viewLineEdit->value = "verilog"
\a cdsLibManager->viewLineEdit->value = ""
\a cdsLibManager->viewListBox->value = nil
\a cdsLibManager->viewListBox->value = "verilog"
\a cdsLibManager->viewLineEdit->value = "verilog"
\a cdsLibManager->libListBox->value = nil
\a cdsLibManager->libLineEdit->value = ""
\a cdsLibManager->cellListBox->value = nil
\a cdsLibManager->viewLineEdit->value = ""
\a cdsLibManager->viewListBox->value = nil
\a cdsLibManager->cellLineEdit->value = ""
\a cdsLibManager->libListBox->value = "SoC_probe"
\a cdsLibManager->libLineEdit->value = "SoC_probe"
\a cdsLibManager->cellListBox->value = "dig_sti_tb"
\a cdsLibManager->cellLineEdit->value = "dig_sti_tb"
\a cdsLibManager->viewListBox->value = "verilog"
\a cdsLibManager->viewLineEdit->value = "verilog"
\a cdsLibManager->viewLineEdit->value = ""
\a cdsLibManager->viewListBox->value = nil
\a cdsLibManager->viewListBox->value = "verilog"
\a cdsLibManager->viewLineEdit->value = "verilog"
\a nrSetCurrentWindow(cdsLibManager)
\a cdsLibManager->libListBox->value = "SoC_AFE"
\a cdsLibManager->libLineEdit->value = "SoC_AFE"
\a cdsLibManager->cellLineEdit->value = ""
\a cdsLibManager->cellListBox->value = nil
\a cdsLibManager->viewLineEdit->value = ""
\a cdsLibManager->viewListBox->value = nil
\a lmgrLogShowPopup("mainListPopup0" 26 8 2 "SoC_AFE")
\a nrSetCurrentWindow(cdsLibManager)
\a nrSetCurrentWindow(cdsLibManager)
\a nrSetCurrentWindow(cdsLibManager)
\a nrSetCurrentWindow(cdsLibManager)
\a cdsLibManager->editPermissionButton->value = t
\a accessPermissionForm->accessOwnerReadCheckBox->value = t
\a accessPermissionForm->accessOwnerWriteCheckBox->value = t
\a accessPermissionForm->accessOwnerExecuteCheckBox->value = t
\a accessPermissionForm->accessGroupReadCheckBox->value = t
\a accessPermissionForm->accessGroupWriteCheckBox->value = t
\a accessPermissionForm->accessGroupCheckBox->value = t
\a accessPermissionForm->accessOthersReadCheckBox->value = t
\a accessPermissionForm->accessOthersWriteCheckBox->value = t
\a accessPermissionForm->accessOthersExecuteCheckBox->value = t
\a accessPermissionForm->accessPermissionOwnerEdit->value = "hee"
\a accessPermissionForm->accessPermissionGroupEdit->value = "hee"
\a nrSetCurrentWindow(accessPermissionForm)
\a nrResizeWindow(accessPermissionForm list(1594 820 291 249))
\a accessPermissionForm->accessOthersWriteCheckBox->value = nil
\a accessPermissionForm->Apply->value = t
\a nrSetCurrentWindow(accessPermissionForm)
\a accessPermissionForm->Close->value = t
\a nrSetCurrentWindow(cdsLibManager)
\a cdsLibManager->showFilesToggle->value = t
\a cdsLibManager->libListBox->value = "SoC_probe"
\a cdsLibManager->libLineEdit->value = "SoC_probe"
\a accessPermissionForm->accessPermissionGroupEdit->value = ""
\a accessPermissionForm->accessPermissionOwnerEdit->value = ""
\a accessPermissionForm->accessOwnerReadCheckBox->value = nil
\a accessPermissionForm->accessOwnerWriteCheckBox->value = nil
\a accessPermissionForm->accessOwnerExecuteCheckBox->value = nil
\a accessPermissionForm->accessGroupReadCheckBox->value = nil
\a accessPermissionForm->accessGroupWriteCheckBox->value = nil
\a accessPermissionForm->accessGroupCheckBox->value = nil
\a accessPermissionForm->accessOthersReadCheckBox->value = nil
\a accessPermissionForm->accessOthersExecuteCheckBox->value = nil
\a cdsLibManager->libListBox->value = "SoC_AFE"
\a cdsLibManager->libLineEdit->value = "SoC_AFE"
\a cdsLibManager->libListBox->value = "SoC_probe"
\a cdsLibManager->libLineEdit->value = "SoC_probe"
\a cdsLibManager->libListBox->value = "SoC_AFE"
\a cdsLibManager->libLineEdit->value = "SoC_AFE"
\a cdsLibManager->libListBox->value = "cdsDefTechLib"
\a cdsLibManager->libLineEdit->value = "cdsDefTechLib"
\a cdsLibManager->libListBox->value = "SoC_AFE"
\a cdsLibManager->libLineEdit->value = "SoC_AFE"
\a nrSetCurrentWindow(cdsLibManager)
\a cdsLibManager->libListBox->value = "SoC_probe"
\a cdsLibManager->libLineEdit->value = "SoC_probe"
\a lmgrLogShowPopup("mainListPopup0" 46 26 2 "SoC_probe")
\a cdsLibManager->editDeleteButton->value = t
\a deleteForm->deleteFilterEdit->value = "*"
\a deleteForm->notDeleteFilterEdit->value = "*"
\a nrSetWindowVisibility(deleteForm "show")
\a nrSetCurrentWindow(deleteForm)
\a nrResizeWindow(deleteForm list(1458 764 627 425))
\a deleteForm->OK->value = t
\o QUESTION (CLM-199): The following 1 items are marked for deletion.  Are you sure?
\a nrSetWindowVisibility(mcMBXDLG "show")
\a nrSetCurrentWindow(mcMBXDLG)
\a nrResizeWindow(mcMBXDLG list(1618 819 278 289))
\a mcMBXDLG->pushButton1->value = t
\o Warning: Library "SoC_probe" -> "/home/hee/projects/agriculture-SoC/analog/cadence/notech/SoC/SoC_probe"
\o doesn't contain a "cdsinfo.tag" identifier to certify the library [CDSLIBRARY].
\o Deleting 1 library.
\o Delete needs confirmation for library "SoC_probe" -> "/home/hee/projects/agriculture-SoC/analog/cadence/notech/SoC/SoC_probe"
\a libraryDeleteConfirmDialog->libraryDirectoryEdit->value = "/home/hee/projects/agriculture-SoC/analog/cadence/notech/SoC/SoC_probe"
\a libraryDeleteConfirmDialog->skipRadioButton->value = t
\a nrSetWindowVisibility(libraryDeleteConfirmDialog "show")
\a nrSetCurrentWindow(libraryDeleteConfirmDialog)
\a nrResizeWindow(libraryDeleteConfirmDialog list(1497 699 541 528))
\a libraryDeleteConfirmDialog->skipRadioButton->value = nil
\a libraryDeleteConfirmDialog->deleteThisLibRadioButton->value = t
\a libraryDeleteConfirmDialog->OK->value = t
\o Deleting library "SoC_probe".
\a nrSetWindowVisibility(workingDialogForm "show")
\a nrSetCurrentWindow(cdsLibManager)
\a nrSetCurrentWindow(workingDialogForm)
\o Deleted library 'SoC_probe'.
\o Delete of library "SoC_probe" succeeded.
\o Deletion of library done.
\a cdsLibManager->libListBox->value = nil
\a cdsLibManager->libLineEdit->value = ""
\a nrSetCurrentWindow(cdsLibManager)
\a nrResizeWindow(workingDialogForm list(1637 910 268 133))
\a nrSetCurrentWindow(cdsLibManager)
\a nrSetCurrentWindow(cdsLibManager)
\a cdsLibManager->libListBox->value = "SoC_AFE"
\a cdsLibManager->libLineEdit->value = "SoC_AFE"
\a cdsLibManager->FileNewLibButton->value = t
\a nrSetWindowVisibility(NewLibShell->subDialog "show")
\a nrSetCurrentWindow(NewLibShell)
\a nrSetCurrentWindow(NewLibShell->subDialog)
\a nrResizeWindow(NewLibShell list(1556 756 507 559))
\a nrSetCurrentWindow(cdsLibManager)
\a lmgrLogShowPopup("mainListPopup0" 18 12 2 "SoC_AFE")
\a cdsLibManager->editRenameButton->value = t
\a basicRenameForm->basicRenameFromEdit->value = "SoC_AFE"
\a nrSetWindowVisibility(basicRenameForm "show")
\a basicRenameForm->basicRenameToEdit->value = "SoC_AFE"
\a nrSetCurrentWindow(basicRenameForm)
\a nrResizeWindow(basicRenameForm list(1652 881 239 190))
\a basicRenameForm->basicRenameToEdit->value = "SoC_AFE2"
\a nrDialogAccept(basicRenameForm)
\a basicRenameForm->OK->value = t
\o Checking rename library for access locks.
\w Warning: Can't obtain lock details for the lock file
\w /home/hee/projects/agriculture-SoC/analog/cadence/notech/SoC/SoC_AFE/cap_array_8b_tb/tb.ahdlSimDB.cdslck.
\w Lock on the file path "/home/hee/projects/agriculture-SoC/analog/cadence/notech/SoC/SoC_AFE/cap_array_8b_tb/tb.ahdlSimDB" is refused since it is a directory.
\o View file /home/hee/projects/agriculture-SoC/analog/cadence/notech/SoC/SoC_AFE/sarlogic/functional/verilog.v is locked by hee at host MrDonothing.localdomain
\o ERROR (CLM-221): Library SoC_AFE has files that are locked or are checked out.\nCheck the "Messages" window for a list of which files are causing problem\nRename failed.
\a nrSetWindowVisibility(errorDialog "show")
\a nrSetCurrentWindow(errorDialog)
\a nrResizeWindow(errorDialog list(1546 909 450 134))
\a errorDialog->errorOkButton->value = t
\a nrSetCurrentWindow(cdsLibManager)
\a nrSetCurrentWindow(cdsLibManager)
\a lmgrLogShowPopup("mainListPopup0" 25 6 2 "SoC_AFE")
\a cdsLibManager->editRenameButton->value = t
\a basicRenameForm->basicRenameToEdit->value = "SoC_AFE"
\a nrSetCurrentWindow(basicRenameForm)
\a nrResizeWindow(basicRenameForm list(1620 849 239 190))
\a basicRenameForm->basicRenameToEdit->value = "SoC_AFE2"
\a nrDialogAccept(basicRenameForm)
\a basicRenameForm->OK->value = t
\o Checking rename library for access locks.
\w Warning: Can't obtain lock details for the lock file
\w /home/hee/projects/agriculture-SoC/analog/cadence/notech/SoC/SoC_AFE/cap_array_8b_tb/tb.ahdlSimDB.cdslck.
\w Lock on the file path "/home/hee/projects/agriculture-SoC/analog/cadence/notech/SoC/SoC_AFE/cap_array_8b_tb/tb.ahdlSimDB" is refused since it is a directory.
\o Renaming library "SoC_AFE" to "SoC_AFE2".
\a nrSetCurrentWindow(workingDialogForm)
\a nrResizeWindow(workingDialogForm list(1605 878 268 133))
\o Batching session updates...
\a cdsLibManager->libListBox->value = nil
\a cdsLibManager->libLineEdit->value = ""
\a cdsLibManager->libListBox->value = "SoC_AFE"
\a cdsLibManager->libLineEdit->value = "SoC_AFE"
\o Batching session updates...
\o Rename succeeded.
\a cdsLibManager->libListBox->value = nil
\a cdsLibManager->libLineEdit->value = ""
\a nrSetCurrentWindow(cdsLibManager)
\a cdsLibManager->FileNewLibButton->value = t
\a nrSetWindowVisibility(NewLibShell->subDialog "show")
\a nrSetCurrentWindow(NewLibShell)
\a nrSetCurrentWindow(NewLibShell->subDialog)
\a nrResizeWindow(NewLibShell list(1556 756 507 559))
\a NewLibShell->newLibNameText->value = "SoC_AFE"
\a NewLibShell->newLibOKButton->value = t
\a nrSetCurrentWindow(workingDialogForm)
\o Created new library "SoC_AFE" at /home/hee/projects/agriculture-SoC/analog/cadence/notech/SoC/SoC_AFE.
\a nrSetCurrentWindow(cdsLibManager)
\a nrResizeWindow(workingDialogForm list(1573 846 289 133))
\a nrSetCurrentWindow(cdsLibManager)
\a cdsLibManager->libListBox->value = "SoC_AFE2"
\a cdsLibManager->libLineEdit->value = "SoC_AFE2"
\a cdsLibManager->cellListBox->value = "sarlogic"
\a cdsLibManager->cellLineEdit->value = "sarlogic"
\a cdsLibManager->viewListBox->value = "functional"
\a cdsLibManager->viewLineEdit->value = "functional"
\a cdsLibManager->viewLineEdit->value = ""
\a cdsLibManager->viewListBox->value = nil
\a lmgrLogShowPopup("mainListPopup1" 23 197 2 "sarlogic")
\a cdsLibManager->copySimpleButton->value = t
\a copyCellForm->SkipLibrariesEdit->value = "*"
\a copyCellForm->SkipLibrariesEdit->value = "*"
\a copyCellForm->CopyFromLibrary->value = "SoC_AFE"
\a copyCellForm->CopyToLibrary->value = "SoC_AFE"
\a copyCellForm->CopyFromLibrary->value = "SoC_AFE2"
\a copyCellForm->CopyFromCell->value = "sarlogic"
\a copyCellForm->CopyToLibrary->value = "SoC_AFE2"
\a copyCellForm->CopyToCell->value = "sarlogic"
\a copyCellForm->ViewsToCopy->value = "functional"
\a copyCellForm->SkipLibrariesEdit->value = ""
\a copyCellForm->SkipLibrariesEdit->value = "SoC_AFE analogLib basic cdsDefTechLib"
\a nrSetWindowVisibility(copyCellForm "show")
\a nrSetCurrentWindow(copyCellForm)
\a nrResizeWindow(copyCellForm list(1537 647 468 659))
\a copyCellForm->CopyToLibrary->value = "SoC_AFE"
\a copyCellForm->OK->value = t
\o Beginning simple copy to library "SoC_AFE".
\o Processing files to be copied...
\a nrSetCurrentWindow(workingDialogForm)
\o ERROR (CLM-173): One or more of the following problems have occurred:\n      1. The source file does not exist.\n      2. A destination file will be overwritten.\n      3. A destination file is checked out.\n      4. A destination file is opened for edit.\n      5. A destination file conflicts with another.\n      6. A source library file is not valid in a different library.\n      7. A source OpenAccess cellview master file has zero size.
\a nrSetWindowVisibility(copyProblemsDialog "show")
\a nrSetCurrentWindow(copyProblemsDialog)
\a nrResizeWindow(workingDialogForm list(0 0 289 133))
\a nrResizeWindow(copyProblemsDialog list(1355 743 825 441))
\a copyProblemsDialog->OK->value = t
\a nrSetCurrentWindow(copyCellForm)
\a nrSetCurrentWindow(cdsLibManager)
\a nrSetCurrentWindow(workingDialogForm)
\a nrResizeWindow(workingDialogForm list(1573 846 273 133))
\o Copy succeeded.
\a copyCellForm->SkipLibrariesEdit->value = "*"
\a nrSetCurrentWindow(cdsLibManager)
\a cdsLibManager->libListBox->value = "SoC_AFE"
\a cdsLibManager->libLineEdit->value = "SoC_AFE"
\a cdsLibManager->cellLineEdit->value = ""
\a cdsLibManager->cellListBox->value = nil
\a cdsLibManager->cellListBox->value = "sarlogic"
\a cdsLibManager->cellLineEdit->value = "sarlogic"
\a cdsLibManager->viewListBox->value = "functional"
\a cdsLibManager->viewLineEdit->value = "functional"
\a cdsLibManager->viewLineEdit->value = ""
\a cdsLibManager->viewListBox->value = nil
\a cdsLibManager->viewListBox->value = "functional"
\a cdsLibManager->viewLineEdit->value = "functional"
\a cdsLibManager->viewLineEdit->value = ""
\a cdsLibManager->viewListBox->value = nil
\a cdsLibManager->viewListBox->value = "functional"
\a cdsLibManager->viewLineEdit->value = "functional"
\a cdsLibManager->viewListBox->value = nil
\a cdsLibManager->viewLineEdit->value = ""
\a cdsLibManager->viewListBox->value = "functional"
\a cdsLibManager->viewLineEdit->value = "functional"
\o MPS request: edit design
\a nrListItemAction(cdsLibManager->gdmXTView 0 0)
\a nrSetCurrentWindow(cdsLibManager)
\a cdsLibManager->libListBox->value = nil
\a cdsLibManager->libLineEdit->value = ""
\a cdsLibManager->cellListBox->value = nil
\a cdsLibManager->viewLineEdit->value = ""
\a cdsLibManager->viewListBox->value = nil
\a cdsLibManager->cellLineEdit->value = ""
\a cdsLibManager->libListBox->value = "SoC_AFE"
\a cdsLibManager->libLineEdit->value = "SoC_AFE"
\a cdsLibManager->cellListBox->value = "sarlogic"
\a cdsLibManager->cellLineEdit->value = "sarlogic"
\a cdsLibManager->viewListBox->value = "functional"
\a cdsLibManager->viewLineEdit->value = "functional"
\a cdsLibManager->cellLineEdit->value = ""
\a cdsLibManager->cellListBox->value = nil
\a cdsLibManager->viewLineEdit->value = ""
\a cdsLibManager->viewListBox->value = nil
\a cdsLibManager->cellListBox->value = "sarlogic"
\a cdsLibManager->cellLineEdit->value = "sarlogic"
\a cdsLibManager->viewListBox->value = "functional"
\a cdsLibManager->viewLineEdit->value = "functional"
\a cdsLibManager->viewLineEdit->value = ""
\a cdsLibManager->viewListBox->value = nil
\a cdsLibManager->viewListBox->value = "functional"
\a cdsLibManager->viewLineEdit->value = "functional"
\a cdsLibManager->viewLineEdit->value = ""
\a cdsLibManager->viewListBox->value = nil
\a cdsLibManager->viewListBox->value = "functional"
\a cdsLibManager->viewLineEdit->value = "functional"
\a nrSetCurrentWindow(cdsLibManager)
\a cdsLibManager->viewListBox->value = "symbol"
\a cdsLibManager->viewLineEdit->value = "symbol"
\o MPS request: edit design
\a nrListItemAction(cdsLibManager->gdmXTView 1 1)
\a nrSetCurrentWindow(cdsLibManager)
\a lmgrLogShowPopup("mainListPopup2" 59 29 2 "symbol")
\a cdsLibManager->editDeleteButton->value = t
\a nrSetCurrentWindow(deleteForm)
\a nrResizeWindow(deleteForm list(1426 732 627 425))
\a deleteForm->OK->value = t
\o QUESTION (CLM-199): The following 1 items are marked for deletion.  Are you sure?
\a nrSetWindowVisibility(mcMBXDLG "show")
\a nrSetCurrentWindow(mcMBXDLG)
\a nrResizeWindow(mcMBXDLG list(1586 886 268 91))
\a mcMBXDLG->pushButton1->value = t
\o Deleting view "symbol" from cell "sarlogic" in library "SoC_AFE".
\o Deleted cellview 'SoC_AFE/sarlogic/symbol'.
\o Deletion of 1 view done.
\a cdsLibManager->viewLineEdit->value = "functional"
\a cdsLibManager->viewListBox->value = nil
\a cdsLibManager->viewLineEdit->value = ""
\a nrResizeWindow(workingDialogForm list(0 0 268 133))
\a nrSetCurrentWindow(cdsLibManager)
\a nrSetCurrentWindow(workingDialogForm)
\a nrSetCurrentWindow(cdsLibManager)
\a cdsLibManager->libListBox->value = nil
\a cdsLibManager->libLineEdit->value = ""
\a cdsLibManager->cellListBox->value = nil
\a cdsLibManager->cellLineEdit->value = ""
\a cdsLibManager->libListBox->value = "SoC_AFE"
\a cdsLibManager->libLineEdit->value = "SoC_AFE"
\a cdsLibManager->cellListBox->value = "sarlogic"
\a cdsLibManager->cellLineEdit->value = "sarlogic"
\a cdsLibManager->viewListBox->value = "functional"
\a cdsLibManager->viewLineEdit->value = "functional"
\a cdsLibManager->cellLineEdit->value = ""
\a cdsLibManager->cellListBox->value = nil
\a cdsLibManager->viewLineEdit->value = ""
\a cdsLibManager->viewListBox->value = nil
\a cdsLibManager->cellListBox->value = "sarlogic"
\a cdsLibManager->cellLineEdit->value = "sarlogic"
\a cdsLibManager->viewListBox->value = "functional"
\a cdsLibManager->viewLineEdit->value = "functional"
\a cdsLibManager->viewLineEdit->value = ""
\a cdsLibManager->viewListBox->value = nil
\a cdsLibManager->viewListBox->value = "functional"
\a cdsLibManager->viewLineEdit->value = "functional"
\a cdsLibManager->viewLineEdit->value = ""
\a cdsLibManager->viewListBox->value = nil
\a cdsLibManager->viewListBox->value = "functional"
\a cdsLibManager->viewLineEdit->value = "functional"
\a cdsLibManager->viewLineEdit->value = ""
\a cdsLibManager->viewListBox->value = nil
\a nrResizeWindow(workingDialogForm list(1541 814 268 133))
\a cdsLibManager->libListBox->value = "SoC_AFE2"
\a cdsLibManager->libLineEdit->value = "SoC_AFE2"
\a cdsLibManager->cellLineEdit->value = ""
\a cdsLibManager->cellListBox->value = nil
\a cdsLibManager->cellListBox->value = "sarlogic"
\a cdsLibManager->cellLineEdit->value = "sarlogic"
\a cdsLibManager->viewListBox->value = "functional"
\a cdsLibManager->viewLineEdit->value = "functional"
\a cdsLibManager->viewLineEdit->value = ""
\a cdsLibManager->viewListBox->value = nil
\a cdsLibManager->viewListBox->value = "functional"
\a cdsLibManager->viewLineEdit->value = "functional"
\a cdsLibManager->viewLineEdit->value = ""
\a cdsLibManager->viewListBox->value = nil
\a cdsLibManager->viewListBox->value = "functional"
\a cdsLibManager->viewLineEdit->value = "functional"
\a cdsLibManager->cellListBox->value = "fsm"
\a cdsLibManager->cellLineEdit->value = "fsm"
\a cdsLibManager->viewLineEdit->value = ""
\a cdsLibManager->viewListBox->value = nil
\a cdsLibManager->viewListBox->value = "verilog"
\a cdsLibManager->viewLineEdit->value = "verilog"
\a cdsLibManager->viewListBox->value = nil
\a cdsLibManager->viewLineEdit->value = ""
\a cdsLibManager->viewListBox->value = "verilog"
\a cdsLibManager->viewLineEdit->value = "verilog"
\o MPS request: edit design
\a nrListItemAction(cdsLibManager->gdmXTView 0 1)
\a nrSetCurrentWindow(cdsLibManager)
\a cdsLibManager->viewListBox->value = nil
\a cdsLibManager->viewLineEdit->value = ""
\a cdsLibManager->viewListBox->value = "verilog"
\a cdsLibManager->viewLineEdit->value = "verilog"
\o MPS request: edit design
\a nrListItemAction(cdsLibManager->gdmXTView 0 0)
\a nrSetCurrentWindow(cdsLibManager)
\a cdsLibManager->libListBox->value = nil
\a cdsLibManager->libLineEdit->value = ""
\a cdsLibManager->cellListBox->value = nil
\a cdsLibManager->viewLineEdit->value = ""
\a cdsLibManager->viewListBox->value = nil
\a cdsLibManager->cellLineEdit->value = ""
\a cdsLibManager->libListBox->value = "SoC_AFE2"
\a cdsLibManager->libLineEdit->value = "SoC_AFE2"
\a cdsLibManager->cellListBox->value = "fsm"
\a cdsLibManager->cellLineEdit->value = "fsm"
\a cdsLibManager->viewListBox->value = "verilog"
\a cdsLibManager->viewLineEdit->value = "verilog"
\a cdsLibManager->viewLineEdit->value = ""
\a cdsLibManager->viewListBox->value = nil
\a cdsLibManager->viewListBox->value = "verilog"
\a cdsLibManager->viewLineEdit->value = "verilog"
\a nrSetCurrentWindow(cdsLibManager)
\a cdsLibManager->libListBox->value = "SoC_AFE"
\a cdsLibManager->libLineEdit->value = "SoC_AFE"
\a cdsLibManager->cellLineEdit->value = ""
\a cdsLibManager->cellListBox->value = nil
\a cdsLibManager->viewLineEdit->value = ""
\a cdsLibManager->viewListBox->value = nil
\a cdsLibManager->cellListBox->value = "sarlogic"
\a cdsLibManager->cellLineEdit->value = "sarlogic"
\a cdsLibManager->viewListBox->value = "symbol"
\a cdsLibManager->viewLineEdit->value = "symbol"
\a cdsLibManager->viewListBox->value = nil
\a cdsLibManager->viewLineEdit->value = ""
\a cdsLibManager->viewListBox->value = "symbol"
\a cdsLibManager->viewLineEdit->value = "symbol"
\o MPS request: edit design
\a nrListItemAction(cdsLibManager->gdmXTView 1 0)
\a nrSetCurrentWindow(cdsLibManager)
\a nrSetCurrentWindow(cdsLibManager)
\a lmgrLogShowPopup("mainListPopup2" 54 30 2 "symbol")
\a cdsLibManager->editDeleteButton->value = t
\a nrSetCurrentWindow(deleteForm)
\a nrResizeWindow(deleteForm list(1394 700 627 425))
\a deleteForm->OK->value = t
\o QUESTION (CLM-199): The following 1 items are marked for deletion.  Are you sure?
\a nrSetWindowVisibility(mcMBXDLG "show")
\a nrSetCurrentWindow(mcMBXDLG)
\a nrResizeWindow(mcMBXDLG list(1554 854 268 91))
\a cdsLibManager->libListBox->value = nil
\a cdsLibManager->libLineEdit->value = ""
\a cdsLibManager->cellListBox->value = nil
\a cdsLibManager->viewLineEdit->value = ""
\a cdsLibManager->viewListBox->value = nil
\a cdsLibManager->cellLineEdit->value = ""
\a cdsLibManager->libListBox->value = "SoC_AFE"
\a cdsLibManager->libLineEdit->value = "SoC_AFE"
\a cdsLibManager->cellListBox->value = "sarlogic"
\a cdsLibManager->cellLineEdit->value = "sarlogic"
\a cdsLibManager->viewListBox->value = "symbol"
\a cdsLibManager->viewLineEdit->value = "symbol"
\a cdsLibManager->cellLineEdit->value = ""
\a cdsLibManager->cellListBox->value = nil
\a cdsLibManager->viewLineEdit->value = ""
\a cdsLibManager->viewListBox->value = nil
\a cdsLibManager->cellListBox->value = "sarlogic"
\a cdsLibManager->cellLineEdit->value = "sarlogic"
\a cdsLibManager->viewListBox->value = "symbol"
\a cdsLibManager->viewLineEdit->value = "symbol"
\a cdsLibManager->viewLineEdit->value = ""
\a cdsLibManager->viewListBox->value = nil
\a cdsLibManager->viewListBox->value = "symbol"
\a cdsLibManager->viewLineEdit->value = "symbol"
\a cdsLibManager->viewLineEdit->value = ""
\a cdsLibManager->viewListBox->value = nil
\a cdsLibManager->viewListBox->value = "symbol"
\a cdsLibManager->viewLineEdit->value = "symbol"
\a nrSetCurrentWindow(mcMBXDLG)
\a mcMBXDLG->pushButton1->value = t
\o Deleting view "symbol" from cell "sarlogic" in library "SoC_AFE".
\o Deleted cellview 'SoC_AFE/sarlogic/symbol'.
\o Deletion of 1 view done.
\a cdsLibManager->viewLineEdit->value = "functional"
\a cdsLibManager->viewListBox->value = nil
\a cdsLibManager->viewLineEdit->value = ""
\a nrResizeWindow(workingDialogForm list(0 0 268 133))
\a nrSetCurrentWindow(workingDialogForm)
\a cdsLibManager->libListBox->value = nil
\a cdsLibManager->libLineEdit->value = ""
\a cdsLibManager->cellListBox->value = nil
\a cdsLibManager->cellLineEdit->value = ""
\a cdsLibManager->libListBox->value = "SoC_AFE"
\a cdsLibManager->libLineEdit->value = "SoC_AFE"
\a cdsLibManager->cellListBox->value = "sarlogic"
\a cdsLibManager->cellLineEdit->value = "sarlogic"
\a cdsLibManager->viewListBox->value = "functional"
\a cdsLibManager->viewLineEdit->value = "functional"
\a cdsLibManager->cellLineEdit->value = ""
\a cdsLibManager->cellListBox->value = nil
\a cdsLibManager->viewLineEdit->value = ""
\a cdsLibManager->viewListBox->value = nil
\a cdsLibManager->cellListBox->value = "sarlogic"
\a cdsLibManager->cellLineEdit->value = "sarlogic"
\a cdsLibManager->viewListBox->value = "functional"
\a cdsLibManager->viewLineEdit->value = "functional"
\a cdsLibManager->viewLineEdit->value = ""
\a cdsLibManager->viewListBox->value = nil
\a cdsLibManager->viewListBox->value = "functional"
\a cdsLibManager->viewLineEdit->value = "functional"
\a cdsLibManager->viewLineEdit->value = ""
\a cdsLibManager->viewListBox->value = nil
\a cdsLibManager->viewListBox->value = "functional"
\a cdsLibManager->viewLineEdit->value = "functional"
\a cdsLibManager->viewLineEdit->value = ""
\a cdsLibManager->viewListBox->value = nil
\a nrResizeWindow(workingDialogForm list(1509 782 268 133))
\a cdsLibManager->libListBox->value = nil
\a cdsLibManager->libLineEdit->value = ""
\a cdsLibManager->cellListBox->value = nil
\a cdsLibManager->cellLineEdit->value = ""
\a cdsLibManager->libListBox->value = "SoC_AFE"
\a cdsLibManager->libLineEdit->value = "SoC_AFE"
\a cdsLibManager->cellListBox->value = "sarlogic"
\a cdsLibManager->cellLineEdit->value = "sarlogic"
\a cdsLibManager->viewListBox->value = "functional"
\a cdsLibManager->viewLineEdit->value = "functional"
\a cdsLibManager->cellLineEdit->value = ""
\a cdsLibManager->cellListBox->value = nil
\a cdsLibManager->viewLineEdit->value = ""
\a cdsLibManager->viewListBox->value = nil
\a cdsLibManager->cellListBox->value = "sarlogic"
\a cdsLibManager->cellLineEdit->value = "sarlogic"
\a cdsLibManager->viewListBox->value = "functional"
\a cdsLibManager->viewLineEdit->value = "functional"
\a cdsLibManager->viewLineEdit->value = ""
\a cdsLibManager->viewListBox->value = nil
\a cdsLibManager->viewListBox->value = "functional"
\a cdsLibManager->viewLineEdit->value = "functional"
\a cdsLibManager->viewLineEdit->value = ""
\a cdsLibManager->viewListBox->value = nil
\a cdsLibManager->viewListBox->value = "functional"
\a cdsLibManager->viewLineEdit->value = "functional"
\a cdsLibManager->viewLineEdit->value = ""
\a cdsLibManager->viewListBox->value = nil
\a nrSetCurrentWindow(cdsLibManager)
\a cdsLibManager->libListBox->value = nil
\a cdsLibManager->libLineEdit->value = ""
\a cdsLibManager->cellListBox->value = nil
\a cdsLibManager->cellLineEdit->value = ""
\a cdsLibManager->libListBox->value = "SoC_AFE"
\a cdsLibManager->libLineEdit->value = "SoC_AFE"
\a cdsLibManager->cellListBox->value = "sarlogic"
\a cdsLibManager->cellLineEdit->value = "sarlogic"
\a cdsLibManager->viewListBox->value = "functional"
\a cdsLibManager->viewLineEdit->value = "functional"
\a cdsLibManager->cellLineEdit->value = ""
\a cdsLibManager->cellListBox->value = nil
\a cdsLibManager->viewLineEdit->value = ""
\a cdsLibManager->viewListBox->value = nil
\a cdsLibManager->cellListBox->value = "sarlogic"
\a cdsLibManager->cellLineEdit->value = "sarlogic"
\a cdsLibManager->viewListBox->value = "functional"
\a cdsLibManager->viewLineEdit->value = "functional"
\a cdsLibManager->viewLineEdit->value = ""
\a cdsLibManager->viewListBox->value = nil
\a cdsLibManager->viewListBox->value = "functional"
\a cdsLibManager->viewLineEdit->value = "functional"
\a cdsLibManager->viewLineEdit->value = ""
\a cdsLibManager->viewListBox->value = nil
\a cdsLibManager->viewListBox->value = "functional"
\a cdsLibManager->viewLineEdit->value = "functional"
\a cdsLibManager->viewLineEdit->value = ""
\a cdsLibManager->viewListBox->value = nil
\a cdsLibManager->libListBox->value = nil
\a cdsLibManager->libLineEdit->value = ""
\a cdsLibManager->cellListBox->value = nil
\a cdsLibManager->cellLineEdit->value = ""
\a cdsLibManager->libListBox->value = "SoC_AFE"
\a cdsLibManager->libLineEdit->value = "SoC_AFE"
\a cdsLibManager->cellListBox->value = "sarlogic"
\a cdsLibManager->cellLineEdit->value = "sarlogic"
\a cdsLibManager->viewListBox->value = "functional"
\a cdsLibManager->viewLineEdit->value = "functional"
\a cdsLibManager->cellLineEdit->value = ""
\a cdsLibManager->cellListBox->value = nil
\a cdsLibManager->viewLineEdit->value = ""
\a cdsLibManager->viewListBox->value = nil
\a cdsLibManager->cellListBox->value = "sarlogic"
\a cdsLibManager->cellLineEdit->value = "sarlogic"
\a cdsLibManager->viewListBox->value = "functional"
\a cdsLibManager->viewLineEdit->value = "functional"
\a cdsLibManager->viewLineEdit->value = ""
\a cdsLibManager->viewListBox->value = nil
\a cdsLibManager->viewListBox->value = "functional"
\a cdsLibManager->viewLineEdit->value = "functional"
\a cdsLibManager->viewLineEdit->value = ""
\a cdsLibManager->viewListBox->value = nil
\a cdsLibManager->viewListBox->value = "functional"
\a cdsLibManager->viewLineEdit->value = "functional"
\a cdsLibManager->viewLineEdit->value = ""
\a cdsLibManager->viewListBox->value = nil
\a nrSetCurrentWindow(cdsLibManager)
\a cdsLibManager->libListBox->value = "SoC_AFE2"
\a cdsLibManager->libLineEdit->value = "SoC_AFE2"
\a cdsLibManager->cellLineEdit->value = ""
\a cdsLibManager->cellListBox->value = nil
\a cdsLibManager->cellListBox->value = "sarlogic"
\a cdsLibManager->cellLineEdit->value = "sarlogic"
\a cdsLibManager->viewListBox->value = "functional"
\a cdsLibManager->viewLineEdit->value = "functional"
\a cdsLibManager->viewLineEdit->value = ""
\a cdsLibManager->viewListBox->value = nil
\a cdsLibManager->viewListBox->value = "functional"
\a cdsLibManager->viewLineEdit->value = "functional"
\a cdsLibManager->viewLineEdit->value = ""
\a cdsLibManager->viewListBox->value = nil
\a cdsLibManager->viewListBox->value = "functional"
\a cdsLibManager->viewLineEdit->value = "functional"
\a cdsLibManager->libListBox->value = "SoC_AFE"
\a cdsLibManager->libLineEdit->value = "SoC_AFE"
\a cdsLibManager->cellLineEdit->value = ""
\a cdsLibManager->cellListBox->value = nil
\a cdsLibManager->viewLineEdit->value = ""
\a cdsLibManager->viewListBox->value = nil
\a cdsLibManager->cellListBox->value = "sarlogic"
\a cdsLibManager->cellLineEdit->value = "sarlogic"
\a cdsLibManager->viewListBox->value = "functional"
\a cdsLibManager->viewLineEdit->value = "functional"
\a cdsLibManager->viewLineEdit->value = ""
\a cdsLibManager->viewListBox->value = nil
\a cdsLibManager->viewListBox->value = "functional"
\a cdsLibManager->viewLineEdit->value = "functional"
\a cdsLibManager->libListBox->value = nil
\a cdsLibManager->libLineEdit->value = ""
\a cdsLibManager->cellListBox->value = nil
\a cdsLibManager->viewLineEdit->value = ""
\a cdsLibManager->viewListBox->value = nil
\a cdsLibManager->cellLineEdit->value = ""
\a cdsLibManager->libListBox->value = "SoC_AFE"
\a cdsLibManager->libLineEdit->value = "SoC_AFE"
\a cdsLibManager->cellListBox->value = "sarlogic"
\a cdsLibManager->cellLineEdit->value = "sarlogic"
\a cdsLibManager->viewListBox->value = "functional"
\a cdsLibManager->viewLineEdit->value = "functional"
\a cdsLibManager->cellLineEdit->value = ""
\a cdsLibManager->cellListBox->value = nil
\a cdsLibManager->viewLineEdit->value = ""
\a cdsLibManager->viewListBox->value = nil
\a cdsLibManager->cellListBox->value = "sarlogic"
\a cdsLibManager->cellLineEdit->value = "sarlogic"
\a cdsLibManager->viewListBox->value = "functional"
\a cdsLibManager->viewLineEdit->value = "functional"
\a cdsLibManager->viewLineEdit->value = ""
\a cdsLibManager->viewListBox->value = nil
\a cdsLibManager->viewListBox->value = "functional"
\a cdsLibManager->viewLineEdit->value = "functional"
\a cdsLibManager->viewLineEdit->value = ""
\a cdsLibManager->viewListBox->value = nil
\a cdsLibManager->viewListBox->value = "functional"
\a cdsLibManager->viewLineEdit->value = "functional"
\a cdsLibManager->libListBox->value = nil
\a cdsLibManager->libLineEdit->value = ""
\a cdsLibManager->cellListBox->value = nil
\a cdsLibManager->viewLineEdit->value = ""
\a cdsLibManager->viewListBox->value = nil
\a cdsLibManager->cellLineEdit->value = ""
\a cdsLibManager->libListBox->value = "SoC_AFE"
\a cdsLibManager->libLineEdit->value = "SoC_AFE"
\a cdsLibManager->cellListBox->value = "sarlogic"
\a cdsLibManager->cellLineEdit->value = "sarlogic"
\a cdsLibManager->viewListBox->value = "functional"
\a cdsLibManager->viewLineEdit->value = "functional"
\a cdsLibManager->cellLineEdit->value = ""
\a cdsLibManager->cellListBox->value = nil
\a cdsLibManager->viewLineEdit->value = ""
\a cdsLibManager->viewListBox->value = nil
\a cdsLibManager->cellListBox->value = "sarlogic"
\a cdsLibManager->cellLineEdit->value = "sarlogic"
\a cdsLibManager->viewListBox->value = "functional"
\a cdsLibManager->viewLineEdit->value = "functional"
\a cdsLibManager->viewLineEdit->value = ""
\a cdsLibManager->viewListBox->value = nil
\a cdsLibManager->viewListBox->value = "functional"
\a cdsLibManager->viewLineEdit->value = "functional"
\a cdsLibManager->viewLineEdit->value = ""
\a cdsLibManager->viewListBox->value = nil
\a cdsLibManager->viewListBox->value = "functional"
\a cdsLibManager->viewLineEdit->value = "functional"
\a nrSetCurrentWindow(cdsLibManager)
\a cdsLibManager->viewLineEdit->value = ""
\a cdsLibManager->viewListBox->value = nil
\a lmgrLogShowPopup("mainListPopup1" 133 14 2 "sarlogic")
\a cdsLibManager->editDeleteButton->value = t
\a nrSetCurrentWindow(deleteForm)
\a nrResizeWindow(deleteForm list(1362 668 627 425))
\a deleteForm->OK->value = t
\o QUESTION (CLM-199): The following 1 items are marked for deletion.  Are you sure?
\a nrSetWindowVisibility(mcMBXDLG "show")
\a nrSetCurrentWindow(mcMBXDLG)
\a nrResizeWindow(mcMBXDLG list(1522 822 268 91))
\a mcMBXDLG->pushButton1->value = t
\o Deleting cell "sarlogic" from library "SoC_AFE".
\o Deleted cell 'SoC_AFE/sarlogic'.
\o Deletion of 1 cell done.
\a cdsLibManager->cellLineEdit->value = ""
\a nrResizeWindow(workingDialogForm list(0 0 268 133))
\a nrSetCurrentWindow(cdsLibManager)
\a nrSetCurrentWindow(workingDialogForm)
\a cdsLibManager->libListBox->value = nil
\a cdsLibManager->libLineEdit->value = ""
\a cdsLibManager->libListBox->value = "SoC_AFE"
\a cdsLibManager->libLineEdit->value = "SoC_AFE"
\a nrSetCurrentWindow(cdsLibManager)
\a nrResizeWindow(workingDialogForm list(1477 750 268 133))
\a cdsLibManager->libListBox->value = "SoC_AFE2"
\a cdsLibManager->libLineEdit->value = "SoC_AFE2"
\a cdsLibManager->cellListBox->value = "sarlogic"
\a cdsLibManager->cellLineEdit->value = "sarlogic"
\a cdsLibManager->viewListBox->value = "functional"
\a cdsLibManager->viewLineEdit->value = "functional"
\a cdsLibManager->viewLineEdit->value = ""
\a cdsLibManager->viewListBox->value = nil
\a lmgrLogShowPopup("mainListPopup1" 32 194 2 "sarlogic")
\a cdsLibManager->copySimpleButton->value = t
\a copyCellForm->SkipLibrariesEdit->value = "*"
\a copyCellForm->ViewsToCopy->value = ""
\a copyCellForm->CopyFromCell->value = ""
\a copyCellForm->CopyToCell->value = ""
\a copyCellForm->CopyFromLibrary->value = ""
\a copyCellForm->CopyToLibrary->value = ""
\a copyCellForm->CopyFromLibrary->value = "SoC_AFE"
\a copyCellForm->CopyToLibrary->value = "SoC_AFE"
\a copyCellForm->CopyFromLibrary->value = "SoC_AFE2"
\a copyCellForm->CopyFromCell->value = "sarlogic"
\a copyCellForm->CopyToLibrary->value = "SoC_AFE2"
\a copyCellForm->CopyToCell->value = "sarlogic"
\a copyCellForm->ViewsToCopy->value = "functional"
\a copyCellForm->SkipLibrariesEdit->value = ""
\a copyCellForm->SkipLibrariesEdit->value = "SoC_AFE analogLib basic cdsDefTechLib"
\a nrSetCurrentWindow(copyCellForm)
\a nrResizeWindow(copyCellForm list(1505 615 468 659))
\a copyCellForm->CopyToLibrary->value = "SoC_AFE"
\a copyCellForm->OK->value = t
\o Beginning simple copy to library "SoC_AFE".
\o Processing files to be copied...
\a nrSetCurrentWindow(workingDialogForm)
\a nrSetCurrentWindow(copyProblemsDialog)
\a nrResizeWindow(workingDialogForm list(1445 718 273 133))
\a nrResizeWindow(copyProblemsDialog list(1323 711 825 441))
\a copyProblemsDialog->OK->value = t
\a nrSetCurrentWindow(copyCellForm)
\a nrSetCurrentWindow(cdsLibManager)
\a nrSetCurrentWindow(workingDialogForm)
\a nrResizeWindow(workingDialogForm list(1413 686 273 133))
\o Copy succeeded.
\a copyCellForm->SkipLibrariesEdit->value = "*"
\a nrSetCurrentWindow(cdsLibManager)
\a cdsLibManager->libListBox->value = "SoC_AFE"
\a cdsLibManager->libLineEdit->value = "SoC_AFE"
\a cdsLibManager->cellLineEdit->value = ""
\a cdsLibManager->cellListBox->value = nil
\a cdsLibManager->cellListBox->value = "sarlogic"
\a cdsLibManager->cellLineEdit->value = "sarlogic"
\a cdsLibManager->viewListBox->value = "functional"
\a cdsLibManager->viewLineEdit->value = "functional"
\a cdsLibManager->viewLineEdit->value = ""
\a cdsLibManager->viewListBox->value = nil
\a cdsLibManager->viewListBox->value = "functional"
\a cdsLibManager->viewLineEdit->value = "functional"
\a cdsLibManager->viewLineEdit->value = ""
\a cdsLibManager->viewListBox->value = nil
\a cdsLibManager->viewListBox->value = "functional"
\a cdsLibManager->viewLineEdit->value = "functional"
\a cdsLibManager->viewListBox->value = nil
\a cdsLibManager->viewLineEdit->value = ""
\a cdsLibManager->viewListBox->value = "functional"
\a cdsLibManager->viewLineEdit->value = "functional"
\a cdsLibManager->viewListBox->value = nil
\a cdsLibManager->viewLineEdit->value = ""
\a cdsLibManager->viewListBox->value = "functional"
\a cdsLibManager->viewLineEdit->value = "functional"
\o MPS request: edit design
\a nrListItemAction(cdsLibManager->gdmXTView 0 0)
\a cdsLibManager->libListBox->value = nil
\a cdsLibManager->libLineEdit->value = ""
\a cdsLibManager->cellListBox->value = nil
\a cdsLibManager->viewLineEdit->value = ""
\a cdsLibManager->viewListBox->value = nil
\a cdsLibManager->cellLineEdit->value = ""
\a cdsLibManager->libListBox->value = "SoC_AFE"
\a cdsLibManager->libLineEdit->value = "SoC_AFE"
\a cdsLibManager->cellListBox->value = "sarlogic"
\a cdsLibManager->cellLineEdit->value = "sarlogic"
\a cdsLibManager->viewListBox->value = "functional"
\a cdsLibManager->viewLineEdit->value = "functional"
\a cdsLibManager->cellLineEdit->value = ""
\a cdsLibManager->cellListBox->value = nil
\a cdsLibManager->viewLineEdit->value = ""
\a cdsLibManager->viewListBox->value = nil
\a cdsLibManager->cellListBox->value = "sarlogic"
\a cdsLibManager->cellLineEdit->value = "sarlogic"
\a cdsLibManager->viewListBox->value = "functional"
\a cdsLibManager->viewLineEdit->value = "functional"
\a cdsLibManager->viewLineEdit->value = ""
\a cdsLibManager->viewListBox->value = nil
\a cdsLibManager->viewListBox->value = "functional"
\a cdsLibManager->viewLineEdit->value = "functional"
\a cdsLibManager->viewLineEdit->value = ""
\a cdsLibManager->viewListBox->value = nil
\a cdsLibManager->viewListBox->value = "functional"
\a cdsLibManager->viewLineEdit->value = "functional"
\a cdsLibManager->libListBox->value = nil
\a cdsLibManager->libLineEdit->value = ""
\a cdsLibManager->cellListBox->value = nil
\a cdsLibManager->viewLineEdit->value = ""
\a cdsLibManager->viewListBox->value = nil
\a cdsLibManager->cellLineEdit->value = ""
\a cdsLibManager->libListBox->value = "SoC_AFE"
\a cdsLibManager->libLineEdit->value = "SoC_AFE"
\a cdsLibManager->cellListBox->value = "sarlogic"
\a cdsLibManager->cellLineEdit->value = "sarlogic"
\a cdsLibManager->viewListBox->value = "functional"
\a cdsLibManager->viewLineEdit->value = "functional"
\a cdsLibManager->cellLineEdit->value = ""
\a cdsLibManager->cellListBox->value = nil
\a cdsLibManager->viewLineEdit->value = ""
\a cdsLibManager->viewListBox->value = nil
\a cdsLibManager->cellListBox->value = "sarlogic"
\a cdsLibManager->cellLineEdit->value = "sarlogic"
\a cdsLibManager->viewListBox->value = "functional"
\a cdsLibManager->viewLineEdit->value = "functional"
\a cdsLibManager->viewLineEdit->value = ""
\a cdsLibManager->viewListBox->value = nil
\a cdsLibManager->viewListBox->value = "functional"
\a cdsLibManager->viewLineEdit->value = "functional"
\a cdsLibManager->viewLineEdit->value = ""
\a cdsLibManager->viewListBox->value = nil
\a cdsLibManager->viewListBox->value = "functional"
\a cdsLibManager->viewLineEdit->value = "functional"
\a cdsLibManager->libListBox->value = nil
\a cdsLibManager->libLineEdit->value = ""
\a cdsLibManager->cellListBox->value = nil
\a cdsLibManager->viewLineEdit->value = ""
\a cdsLibManager->viewListBox->value = nil
\a cdsLibManager->cellLineEdit->value = ""
\a cdsLibManager->libListBox->value = "SoC_AFE"
\a cdsLibManager->libLineEdit->value = "SoC_AFE"
\a cdsLibManager->cellListBox->value = "sarlogic"
\a cdsLibManager->cellLineEdit->value = "sarlogic"
\a cdsLibManager->viewListBox->value = "functional"
\a cdsLibManager->viewLineEdit->value = "functional"
\a cdsLibManager->cellLineEdit->value = ""
\a cdsLibManager->cellListBox->value = nil
\a cdsLibManager->viewLineEdit->value = ""
\a cdsLibManager->viewListBox->value = nil
\a cdsLibManager->cellListBox->value = "sarlogic"
\a cdsLibManager->cellLineEdit->value = "sarlogic"
\a cdsLibManager->viewListBox->value = "functional"
\a cdsLibManager->viewLineEdit->value = "functional"
\a cdsLibManager->viewLineEdit->value = ""
\a cdsLibManager->viewListBox->value = nil
\a cdsLibManager->viewListBox->value = "functional"
\a cdsLibManager->viewLineEdit->value = "functional"
\a cdsLibManager->viewLineEdit->value = ""
\a cdsLibManager->viewListBox->value = nil
\a cdsLibManager->viewListBox->value = "functional"
\a cdsLibManager->viewLineEdit->value = "functional"
\a cdsLibManager->libListBox->value = nil
\a cdsLibManager->libLineEdit->value = ""
\a cdsLibManager->cellListBox->value = nil
\a cdsLibManager->viewLineEdit->value = ""
\a cdsLibManager->viewListBox->value = nil
\a cdsLibManager->cellLineEdit->value = ""
\a cdsLibManager->libListBox->value = "SoC_AFE"
\a cdsLibManager->libLineEdit->value = "SoC_AFE"
\a cdsLibManager->cellListBox->value = "sarlogic"
\a cdsLibManager->cellLineEdit->value = "sarlogic"
\a cdsLibManager->viewListBox->value = "functional"
\a cdsLibManager->viewLineEdit->value = "functional"
\a cdsLibManager->cellLineEdit->value = ""
\a cdsLibManager->cellListBox->value = nil
\a cdsLibManager->viewLineEdit->value = ""
\a cdsLibManager->viewListBox->value = nil
\a cdsLibManager->cellListBox->value = "sarlogic"
\a cdsLibManager->cellLineEdit->value = "sarlogic"
\a cdsLibManager->viewListBox->value = "functional"
\a cdsLibManager->viewLineEdit->value = "functional"
\a cdsLibManager->viewLineEdit->value = ""
\a cdsLibManager->viewListBox->value = nil
\a cdsLibManager->viewListBox->value = "functional"
\a cdsLibManager->viewLineEdit->value = "functional"
\a cdsLibManager->viewLineEdit->value = ""
\a cdsLibManager->viewListBox->value = nil
\a cdsLibManager->viewListBox->value = "functional"
\a cdsLibManager->viewLineEdit->value = "functional"
\a cdsLibManager->libListBox->value = nil
\a cdsLibManager->libLineEdit->value = ""
\a cdsLibManager->cellListBox->value = nil
\a cdsLibManager->viewLineEdit->value = ""
\a cdsLibManager->viewListBox->value = nil
\a cdsLibManager->cellLineEdit->value = ""
\a cdsLibManager->libListBox->value = "SoC_AFE"
\a cdsLibManager->libLineEdit->value = "SoC_AFE"
\a cdsLibManager->cellListBox->value = "sarlogic"
\a cdsLibManager->cellLineEdit->value = "sarlogic"
\a cdsLibManager->viewListBox->value = "functional"
\a cdsLibManager->viewLineEdit->value = "functional"
\a cdsLibManager->cellLineEdit->value = ""
\a cdsLibManager->cellListBox->value = nil
\a cdsLibManager->viewLineEdit->value = ""
\a cdsLibManager->viewListBox->value = nil
\a cdsLibManager->cellListBox->value = "sarlogic"
\a cdsLibManager->cellLineEdit->value = "sarlogic"
\a cdsLibManager->viewListBox->value = "functional"
\a cdsLibManager->viewLineEdit->value = "functional"
\a cdsLibManager->viewLineEdit->value = ""
\a cdsLibManager->viewListBox->value = nil
\a cdsLibManager->viewListBox->value = "functional"
\a cdsLibManager->viewLineEdit->value = "functional"
\a cdsLibManager->viewLineEdit->value = ""
\a cdsLibManager->viewListBox->value = nil
\a cdsLibManager->viewListBox->value = "functional"
\a cdsLibManager->viewLineEdit->value = "functional"
\a cdsLibManager->libListBox->value = nil
\a cdsLibManager->libLineEdit->value = ""
\a cdsLibManager->cellListBox->value = nil
\a cdsLibManager->viewLineEdit->value = ""
\a cdsLibManager->viewListBox->value = nil
\a cdsLibManager->cellLineEdit->value = ""
\a cdsLibManager->libListBox->value = "SoC_AFE"
\a cdsLibManager->libLineEdit->value = "SoC_AFE"
\a cdsLibManager->cellListBox->value = "sarlogic"
\a cdsLibManager->cellLineEdit->value = "sarlogic"
\a cdsLibManager->viewListBox->value = "functional"
\a cdsLibManager->viewLineEdit->value = "functional"
\a cdsLibManager->cellLineEdit->value = ""
\a cdsLibManager->cellListBox->value = nil
\a cdsLibManager->viewLineEdit->value = ""
\a cdsLibManager->viewListBox->value = nil
\a cdsLibManager->cellListBox->value = "sarlogic"
\a cdsLibManager->cellLineEdit->value = "sarlogic"
\a cdsLibManager->viewListBox->value = "functional"
\a cdsLibManager->viewLineEdit->value = "functional"
\a cdsLibManager->viewLineEdit->value = ""
\a cdsLibManager->viewListBox->value = nil
\a cdsLibManager->viewListBox->value = "functional"
\a cdsLibManager->viewLineEdit->value = "functional"
\a cdsLibManager->viewLineEdit->value = ""
\a cdsLibManager->viewListBox->value = nil
\a cdsLibManager->viewListBox->value = "functional"
\a cdsLibManager->viewLineEdit->value = "functional"
\a nrSetCurrentWindow(cdsLibManager)
\a cdsLibManager->libListBox->value = "SoC_AFE2"
\a cdsLibManager->libLineEdit->value = "SoC_AFE2"
\a cdsLibManager->cellLineEdit->value = ""
\a cdsLibManager->cellListBox->value = nil
\a cdsLibManager->viewLineEdit->value = ""
\a cdsLibManager->viewListBox->value = nil
\a cdsLibManager->cellListBox->value = "sarlogic"
\a cdsLibManager->cellLineEdit->value = "sarlogic"
\a cdsLibManager->viewListBox->value = "functional"
\a cdsLibManager->viewLineEdit->value = "functional"
\a cdsLibManager->viewLineEdit->value = ""
\a cdsLibManager->viewListBox->value = nil
\a cdsLibManager->viewListBox->value = "functional"
\a cdsLibManager->viewLineEdit->value = "functional"
\a cdsLibManager->viewListBox->value = nil
\a cdsLibManager->viewLineEdit->value = ""
\a cdsLibManager->viewListBox->value = "functional"
\a cdsLibManager->viewLineEdit->value = "functional"
\o MPS request: edit design
\a nrListItemAction(cdsLibManager->gdmXTView 0 1)
\a cdsLibManager->libListBox->value = nil
\a cdsLibManager->libLineEdit->value = ""
\a cdsLibManager->cellListBox->value = nil
\a cdsLibManager->viewLineEdit->value = ""
\a cdsLibManager->viewListBox->value = nil
\a cdsLibManager->cellLineEdit->value = ""
\a cdsLibManager->libListBox->value = "SoC_AFE2"
\a cdsLibManager->libLineEdit->value = "SoC_AFE2"
\a cdsLibManager->cellListBox->value = "sarlogic"
\a cdsLibManager->cellLineEdit->value = "sarlogic"
\a cdsLibManager->viewListBox->value = "functional"
\a cdsLibManager->viewLineEdit->value = "functional"
\a cdsLibManager->viewLineEdit->value = ""
\a cdsLibManager->viewListBox->value = nil
\a cdsLibManager->viewListBox->value = "functional"
\a cdsLibManager->viewLineEdit->value = "functional"
\a cdsLibManager->libListBox->value = nil
\a cdsLibManager->libLineEdit->value = ""
\a cdsLibManager->cellListBox->value = nil
\a cdsLibManager->viewLineEdit->value = ""
\a cdsLibManager->viewListBox->value = nil
\a cdsLibManager->cellLineEdit->value = ""
\a cdsLibManager->libListBox->value = "SoC_AFE2"
\a cdsLibManager->libLineEdit->value = "SoC_AFE2"
\a cdsLibManager->cellListBox->value = "sarlogic"
\a cdsLibManager->cellLineEdit->value = "sarlogic"
\a cdsLibManager->viewListBox->value = "functional"
\a cdsLibManager->viewLineEdit->value = "functional"
\a cdsLibManager->viewLineEdit->value = ""
\a cdsLibManager->viewListBox->value = nil
\a cdsLibManager->viewListBox->value = "functional"
\a cdsLibManager->viewLineEdit->value = "functional"
\a cdsLibManager->libListBox->value = nil
\a cdsLibManager->libLineEdit->value = ""
\a cdsLibManager->cellListBox->value = nil
\a cdsLibManager->viewLineEdit->value = ""
\a cdsLibManager->viewListBox->value = nil
\a cdsLibManager->cellLineEdit->value = ""
\a cdsLibManager->libListBox->value = "SoC_AFE2"
\a cdsLibManager->libLineEdit->value = "SoC_AFE2"
\a cdsLibManager->cellListBox->value = "sarlogic"
\a cdsLibManager->cellLineEdit->value = "sarlogic"
\a cdsLibManager->viewListBox->value = "functional"
\a cdsLibManager->viewLineEdit->value = "functional"
\a cdsLibManager->viewLineEdit->value = ""
\a cdsLibManager->viewListBox->value = nil
\a cdsLibManager->viewListBox->value = "functional"
\a cdsLibManager->viewLineEdit->value = "functional"
\a nrSetCurrentWindow(cdsLibManager)
\a cdsLibManager->cellListBox->value = "fsm"
\a cdsLibManager->cellLineEdit->value = "fsm"
\a cdsLibManager->viewLineEdit->value = ""
\a cdsLibManager->viewListBox->value = nil
\a cdsLibManager->viewListBox->value = "verilog"
\a cdsLibManager->viewLineEdit->value = "verilog"
\a cdsLibManager->viewListBox->value = nil
\a cdsLibManager->viewLineEdit->value = ""
\a cdsLibManager->viewListBox->value = "verilog"
\a cdsLibManager->viewLineEdit->value = "verilog"
\o MPS request: edit design
\a nrListItemAction(cdsLibManager->gdmXTView 0 7)
\a nrSetCurrentWindow(cdsLibManager)
\a cdsLibManager->viewLineEdit->value = ""
\a cdsLibManager->viewListBox->value = nil
\a cdsLibManager->cellListBox->value = "sar"
\a cdsLibManager->viewListBox->value = "schematic"
\a cdsLibManager->viewLineEdit->value = "schematic"
\a cdsLibManager->viewLineEdit->value = ""
\a cdsLibManager->viewListBox->value = nil
\a cdsLibManager->cellListBox->value = "sarlogic"
\a cdsLibManager->viewListBox->value = "functional"
\a cdsLibManager->viewLineEdit->value = "functional"
\a cdsLibManager->cellListBox->value = nil
\a cdsLibManager->viewLineEdit->value = ""
\a cdsLibManager->viewListBox->value = nil
\a cdsLibManager->cellLineEdit->value = "sarlogic2"
\a cdsLibManager->libListBox->value = nil
\a cdsLibManager->libLineEdit->value = ""
\a cdsLibManager->cellLineEdit->value = ""
\a cdsLibManager->libListBox->value = "SoC_AFE2"
\a cdsLibManager->libLineEdit->value = "SoC_AFE2"
\a nrSetCurrentWindow(cdsLibManager)
\a cdsLibManager->libListBox->value = nil
\a cdsLibManager->libLineEdit->value = ""
\a cdsLibManager->libListBox->value = "SoC_AFE2"
\a cdsLibManager->libLineEdit->value = "SoC_AFE2"
\a cdsLibManager->libListBox->value = nil
\a cdsLibManager->libLineEdit->value = ""
\a cdsLibManager->libListBox->value = "SoC_AFE2"
\a cdsLibManager->libLineEdit->value = "SoC_AFE2"
\a cdsLibManager->libListBox->value = nil
\a cdsLibManager->libLineEdit->value = ""
\a cdsLibManager->libListBox->value = "SoC_AFE2"
\a cdsLibManager->libLineEdit->value = "SoC_AFE2"
\a cdsLibManager->libListBox->value = nil
\a cdsLibManager->libLineEdit->value = ""
\a cdsLibManager->libListBox->value = "SoC_AFE2"
\a cdsLibManager->libLineEdit->value = "SoC_AFE2"
\a nrSetCurrentWindow(cdsLibManager)
\a cdsLibManager->cellListBox->value = "sarlogic2"
\a cdsLibManager->cellLineEdit->value = "sarlogic2"
\a cdsLibManager->viewListBox->value = "functional"
\a cdsLibManager->viewLineEdit->value = "functional"
\a cdsLibManager->viewLineEdit->value = ""
\a cdsLibManager->viewListBox->value = nil
\a lmgrLogShowPopup("mainListPopup1" 29 209 2 "sarlogic2")
\a cdsLibManager->editDeleteButton->value = t
\a nrSetCurrentWindow(deleteForm)
\a nrResizeWindow(deleteForm list(1330 636 627 425))
\a deleteForm->OK->value = t
\o QUESTION (CLM-199): The following 1 items are marked for deletion.  Are you sure?
\a nrSetWindowVisibility(mcMBXDLG "show")
\a nrSetCurrentWindow(mcMBXDLG)
\a nrResizeWindow(mcMBXDLG list(1490 790 268 91))
\a mcMBXDLG->pushButton1->value = t
\o Deleting cell "sarlogic2" from library "SoC_AFE2".
\o Deleted cell 'SoC_AFE2/sarlogic2'.
\o Deletion of 1 cell done.
\a cdsLibManager->cellListBox->value = nil
\a cdsLibManager->cellLineEdit->value = ""
\a nrResizeWindow(workingDialogForm list(0 0 268 133))
\a nrSetCurrentWindow(cdsLibManager)
\a nrSetCurrentWindow(workingDialogForm)
\a cdsLibManager->libListBox->value = nil
\a cdsLibManager->libLineEdit->value = ""
\a cdsLibManager->libListBox->value = "SoC_AFE2"
\a cdsLibManager->libLineEdit->value = "SoC_AFE2"
\a nrSetCurrentWindow(cdsLibManager)
\a nrResizeWindow(workingDialogForm list(1381 654 268 133))
\a cdsLibManager->libListBox->value = nil
\a cdsLibManager->libLineEdit->value = ""
\a cdsLibManager->libListBox->value = "SoC_AFE2"
\a cdsLibManager->libLineEdit->value = "SoC_AFE2"
\a cdsLibManager->libListBox->value = nil
\a cdsLibManager->libLineEdit->value = ""
\a cdsLibManager->libListBox->value = "SoC_AFE2"
\a cdsLibManager->libLineEdit->value = "SoC_AFE2"
\a cdsLibManager->libListBox->value = nil
\a cdsLibManager->libLineEdit->value = ""
\a cdsLibManager->libListBox->value = "SoC_AFE2"
\a cdsLibManager->libLineEdit->value = "SoC_AFE2"
\a cdsLibManager->libListBox->value = nil
\a cdsLibManager->libLineEdit->value = ""
\a cdsLibManager->libListBox->value = "SoC_AFE2"
\a cdsLibManager->libLineEdit->value = "SoC_AFE2"
\a cdsLibManager->libListBox->value = nil
\a cdsLibManager->libLineEdit->value = ""
\a cdsLibManager->libListBox->value = "SoC_AFE2"
\a cdsLibManager->libLineEdit->value = "SoC_AFE2"
\a cdsLibManager->libListBox->value = nil
\a cdsLibManager->libLineEdit->value = ""
\a cdsLibManager->libListBox->value = "SoC_AFE2"
\a cdsLibManager->libLineEdit->value = "SoC_AFE2"
\a cdsLibManager->libListBox->value = nil
\a cdsLibManager->libLineEdit->value = ""
\a cdsLibManager->libListBox->value = "SoC_AFE2"
\a cdsLibManager->libLineEdit->value = "SoC_AFE2"
\a cdsLibManager->libListBox->value = nil
\a cdsLibManager->libLineEdit->value = ""
\a cdsLibManager->libListBox->value = "SoC_AFE2"
\a cdsLibManager->libLineEdit->value = "SoC_AFE2"
\a cdsLibManager->libListBox->value = nil
\a cdsLibManager->libLineEdit->value = ""
\a cdsLibManager->libListBox->value = "SoC_AFE2"
\a cdsLibManager->libLineEdit->value = "SoC_AFE2"
\a cdsLibManager->libListBox->value = nil
\a cdsLibManager->libLineEdit->value = ""
\a cdsLibManager->libListBox->value = "SoC_AFE2"
\a cdsLibManager->libLineEdit->value = "SoC_AFE2"
\a cdsLibManager->libListBox->value = nil
\a cdsLibManager->libLineEdit->value = ""
\a cdsLibManager->libListBox->value = "SoC_AFE2"
\a cdsLibManager->libLineEdit->value = "SoC_AFE2"
\a cdsLibManager->libListBox->value = nil
\a cdsLibManager->libLineEdit->value = ""
\a cdsLibManager->libListBox->value = "SoC_AFE2"
\a cdsLibManager->libLineEdit->value = "SoC_AFE2"
\a cdsLibManager->libListBox->value = nil
\a cdsLibManager->libLineEdit->value = ""
\a cdsLibManager->libListBox->value = "SoC_AFE2"
\a cdsLibManager->libLineEdit->value = "SoC_AFE2"
\a cdsLibManager->libListBox->value = nil
\a cdsLibManager->libLineEdit->value = ""
\a cdsLibManager->libListBox->value = "SoC_AFE2"
\a cdsLibManager->libLineEdit->value = "SoC_AFE2"
\a cdsLibManager->libListBox->value = nil
\a cdsLibManager->libLineEdit->value = ""
\a cdsLibManager->libListBox->value = "SoC_AFE2"
\a cdsLibManager->libLineEdit->value = "SoC_AFE2"
\a cdsLibManager->libListBox->value = nil
\a cdsLibManager->libLineEdit->value = ""
\a cdsLibManager->libListBox->value = "SoC_AFE2"
\a cdsLibManager->libLineEdit->value = "SoC_AFE2"
\a cdsLibManager->libListBox->value = nil
\a cdsLibManager->libLineEdit->value = ""
\a cdsLibManager->libListBox->value = "SoC_AFE2"
\a cdsLibManager->libLineEdit->value = "SoC_AFE2"
\a nrSetCurrentWindow(cdsLibManager)
\a cdsLibManager->cellListBox->value = "sarlogic"
\a cdsLibManager->cellLineEdit->value = "sarlogic"
\a cdsLibManager->viewListBox->value = "functional"
\a cdsLibManager->viewLineEdit->value = "functional"
\a cdsLibManager->viewLineEdit->value = ""
\a cdsLibManager->viewListBox->value = nil
\a lmgrLogShowPopup("mainListPopup1" 32 195 2 "sarlogic")
\a cdsLibManager->editDeleteButton->value = t
\a nrSetCurrentWindow(deleteForm)
\a nrResizeWindow(deleteForm list(1298 604 627 425))
\a deleteForm->OK->value = t
\o QUESTION (CLM-199): The following 1 items are marked for deletion.  Are you sure?
\a nrSetWindowVisibility(mcMBXDLG "show")
\a nrSetCurrentWindow(mcMBXDLG)
\a nrResizeWindow(mcMBXDLG list(1458 758 268 91))
\a mcMBXDLG->pushButton1->value = t
\o Deleting cell "sarlogic" from library "SoC_AFE2".
\o Deletion of 1 cell done.
\o Deleted cell 'SoC_AFE2/sarlogic'.cdsLibManager->libListBox->value = nil
\a cdsLibManager->libLineEdit->value = ""
\a cdsLibManager->cellListBox->value = nil
\a cdsLibManager->cellLineEdit->value = ""
\a cdsLibManager->libListBox->value = "SoC_AFE2"
\a cdsLibManager->libLineEdit->value = "SoC_AFE2"
\a nrSetCurrentWindow(cdsLibManager)
\a nrResizeWindow(workingDialogForm list(0 0 268 133))
\a cdsLibManager->libListBox->value = "SoC_AFE"
\a cdsLibManager->libLineEdit->value = "SoC_AFE"
\a cdsLibManager->cellListBox->value = "sarlogic"
\a cdsLibManager->cellLineEdit->value = "sarlogic"
\a cdsLibManager->viewListBox->value = "functional"
\a cdsLibManager->viewLineEdit->value = "functional"
\a cdsLibManager->viewLineEdit->value = ""
\a cdsLibManager->viewListBox->value = nil
\a lmgrLogShowPopup("mainListPopup1" 26 6 2 "sarlogic")
\a cdsLibManager->copySimpleButton->value = t
\a copyCellForm->SkipLibrariesEdit->value = "*"
\a copyCellForm->ViewsToCopy->value = ""
\a copyCellForm->CopyFromCell->value = ""
\a copyCellForm->CopyToCell->value = ""
\a copyCellForm->CopyFromLibrary->value = ""
\a copyCellForm->CopyToLibrary->value = ""
\a copyCellForm->CopyFromLibrary->value = "SoC_AFE"
\a copyCellForm->CopyToLibrary->value = "SoC_AFE"
\a copyCellForm->CopyFromCell->value = "sarlogic"
\a copyCellForm->CopyToCell->value = "sarlogic"
\a copyCellForm->ViewsToCopy->value = "functional"
\a copyCellForm->SkipLibrariesEdit->value = ""
\a copyCellForm->SkipLibrariesEdit->value = "SoC_AFE2 analogLib basic cdsDefTechLib"
\a nrSetCurrentWindow(copyCellForm)
\a nrResizeWindow(copyCellForm list(1473 583 468 659))
\a copyCellForm->CopyToLibrary->value = "SoC_AFE2"
\a copyCellForm->OK->value = t
\o Beginning simple copy to library "SoC_AFE2".
\o Processing files to be copied...
\a nrSetCurrentWindow(workingDialogForm)
\a nrSetCurrentWindow(copyProblemsDialog)
\a nrResizeWindow(workingDialogForm list(0 0 273 133))
\a nrResizeWindow(copyProblemsDialog list(1291 679 825 441))
\a copyProblemsDialog->OK->value = t
\a nrSetCurrentWindow(copyCellForm)
\a nrSetCurrentWindow(cdsLibManager)
\a nrSetCurrentWindow(workingDialogForm)
\a nrResizeWindow(workingDialogForm list(1349 622 273 133))
\o Copy succeeded.
\a copyCellForm->SkipLibrariesEdit->value = "*"
\a nrSetCurrentWindow(cdsLibManager)
\a cdsLibManager->libListBox->value = "SoC_AFE2"
\a cdsLibManager->libLineEdit->value = "SoC_AFE2"
\a cdsLibManager->cellLineEdit->value = ""
\a cdsLibManager->cellListBox->value = nil
\a cdsLibManager->cellListBox->value = "sarlogic"
\a cdsLibManager->cellLineEdit->value = "sarlogic"
\a cdsLibManager->viewListBox->value = "functional"
\a cdsLibManager->viewLineEdit->value = "functional"
\a cdsLibManager->viewLineEdit->value = ""
\a cdsLibManager->viewListBox->value = nil
\a cdsLibManager->viewListBox->value = "functional"
\a cdsLibManager->viewLineEdit->value = "functional"
\a cdsLibManager->viewLineEdit->value = ""
\a cdsLibManager->viewListBox->value = nil
\a cdsLibManager->viewListBox->value = "functional"
\a cdsLibManager->viewLineEdit->value = "functional"
\a cdsLibManager->viewListBox->value = nil
\a cdsLibManager->viewLineEdit->value = ""
\a cdsLibManager->viewListBox->value = "functional"
\a cdsLibManager->viewLineEdit->value = "functional"
\o MPS request: edit design
\a nrListItemAction(cdsLibManager->gdmXTView 0 0)
\a cdsLibManager->libListBox->value = nil
\a cdsLibManager->libLineEdit->value = ""
\a cdsLibManager->cellListBox->value = nil
\a cdsLibManager->viewLineEdit->value = ""
\a cdsLibManager->viewListBox->value = nil
\a cdsLibManager->cellLineEdit->value = ""
\a cdsLibManager->libListBox->value = "SoC_AFE2"
\a cdsLibManager->libLineEdit->value = "SoC_AFE2"
\a cdsLibManager->cellListBox->value = "sarlogic"
\a cdsLibManager->cellLineEdit->value = "sarlogic"
\a cdsLibManager->viewListBox->value = "functional"
\a cdsLibManager->viewLineEdit->value = "functional"
\a cdsLibManager->viewLineEdit->value = ""
\a cdsLibManager->viewListBox->value = nil
\a cdsLibManager->viewListBox->value = "functional"
\a cdsLibManager->viewLineEdit->value = "functional"
\a nrSetCurrentWindow(cdsLibManager)
\a cdsLibManager->viewLineEdit->value = ""
\a cdsLibManager->viewListBox->value = nil
\a lmgrLogShowPopup("mainListPopup1" 45 198 2 "sarlogic")
\a cdsLibManager->editDeleteButton->value = t
\a nrSetCurrentWindow(deleteForm)
\a nrResizeWindow(deleteForm list(1266 572 627 425))
\a deleteForm->OK->value = t
\o QUESTION (CLM-199): The following 1 items are marked for deletion.  Are you sure?
\a nrSetWindowVisibility(mcMBXDLG "show")
\a nrSetCurrentWindow(mcMBXDLG)
\a nrResizeWindow(mcMBXDLG list(1426 726 268 91))
\a mcMBXDLG->pushButton1->value = t
\o Deleting cell "sarlogic" from library "SoC_AFE2".
\o Deleted cell 'SoC_AFE2/sarlogic'.
\o Deletion of 1 cell done.
\a cdsLibManager->cellListBox->value = nil
\a cdsLibManager->cellLineEdit->value = ""
\a nrResizeWindow(workingDialogForm list(0 0 268 133))
\a nrSetCurrentWindow(cdsLibManager)
\a nrSetCurrentWindow(workingDialogForm)
\a cdsLibManager->libListBox->value = nil
\a cdsLibManager->libLineEdit->value = ""
\a cdsLibManager->libListBox->value = "SoC_AFE2"
\a cdsLibManager->libLineEdit->value = "SoC_AFE2"
\a nrSetCurrentWindow(cdsLibManager)
\a nrResizeWindow(workingDialogForm list(1317 590 268 133))
\a cdsLibManager->cellListBox->value = "sar"
\a cdsLibManager->cellLineEdit->value = "sar"
\a cdsLibManager->viewListBox->value = "schematic"
\a cdsLibManager->viewLineEdit->value = "schematic"
\a cdsLibManager->cellListBox->value = "fsm"
\a cdsLibManager->cellLineEdit->value = "fsm"
\a cdsLibManager->viewLineEdit->value = ""
\a cdsLibManager->viewListBox->value = nil
\a cdsLibManager->viewListBox->value = "verilog"
\a cdsLibManager->viewLineEdit->value = "verilog"
\a cdsLibManager->cellListBox->value = "cap_array_8b_tb"
\a cdsLibManager->cellLineEdit->value = "cap_array_8b_tb"
\a cdsLibManager->viewLineEdit->value = ""
\a cdsLibManager->viewListBox->value = nil
\a cdsLibManager->cellListBox->value = "cap_array_8b"
\a cdsLibManager->cellLineEdit->value = "cap_array_8b"
\a cdsLibManager->cellListBox->value = "ADC_tb"
\a cdsLibManager->cellLineEdit->value = "ADC_tb"
\a cdsLibManager->cellListBox->value = "ADC_SAR"
\a cdsLibManager->cellLineEdit->value = "ADC_SAR"
\a cdsLibManager->cellListBox->value = "ADC_tb"
\a cdsLibManager->cellLineEdit->value = "ADC_tb"
\a cdsLibManager->cellListBox->value = "cap_array_8b"
\a cdsLibManager->cellLineEdit->value = "cap_array_8b"
\a cdsLibManager->cellListBox->value = "cap_array_8b_cp"
\a cdsLibManager->cellLineEdit->value = "cap_array_8b_cp"
\a cdsLibManager->cellListBox->value = "cap_array_8b_tb"
\a cdsLibManager->cellLineEdit->value = "cap_array_8b_tb"
\a cdsLibManager->cellListBox->value = "dac"
\a cdsLibManager->cellLineEdit->value = "dac"
\a cdsLibManager->cellListBox->value = "dig_sti"
\a cdsLibManager->cellLineEdit->value = "dig_sti"
\a cdsLibManager->viewListBox->value = "verilog"
\a cdsLibManager->viewLineEdit->value = "verilog"
\a cdsLibManager->cellListBox->value = "fsm"
\a cdsLibManager->cellLineEdit->value = "fsm"
\a cdsLibManager->viewLineEdit->value = ""
\a cdsLibManager->viewListBox->value = nil
\a cdsLibManager->viewListBox->value = "verilog"
\a cdsLibManager->viewLineEdit->value = "verilog"
\a cdsLibManager->cellListBox->value = "ideal_sw"
\a cdsLibManager->cellLineEdit->value = "ideal_sw"
\a cdsLibManager->viewLineEdit->value = ""
\a cdsLibManager->viewListBox->value = nil
\a cdsLibManager->cellListBox->value = "inverter"
\a cdsLibManager->cellLineEdit->value = "inverter"
\a cdsLibManager->cellListBox->value = "sar"
\a cdsLibManager->cellLineEdit->value = "sar"
\a cdsLibManager->viewListBox->value = "schematic"
\a cdsLibManager->viewLineEdit->value = "schematic"
\a cdsLibManager->cellListBox->value = "inverter"
\a cdsLibManager->cellLineEdit->value = "inverter"
\a cdsLibManager->viewLineEdit->value = ""
\a cdsLibManager->viewListBox->value = nil
\a cdsLibManager->cellListBox->value = "sar"
\a cdsLibManager->cellLineEdit->value = "sar"
\a cdsLibManager->viewListBox->value = "schematic"
\a cdsLibManager->viewLineEdit->value = "schematic"
\a cdsLibManager->cellListBox->value = "inverter"
\a cdsLibManager->cellLineEdit->value = "inverter"
\a cdsLibManager->viewLineEdit->value = ""
\a cdsLibManager->viewListBox->value = nil
\a cdsLibManager->cellListBox->value = "sar"
\a cdsLibManager->cellLineEdit->value = "sar"
\a cdsLibManager->viewListBox->value = "schematic"
\a cdsLibManager->viewLineEdit->value = "schematic"
\a cdsLibManager->cellLineEdit->value = ""
\a cdsLibManager->cellListBox->value = nil
\a cdsLibManager->viewLineEdit->value = ""
\a cdsLibManager->viewListBox->value = nil
\a lmgrLogShowPopup("mainListPopup0" 33 30 2 "SoC_AFE2")
\a cdsLibManager->copySimpleButton->value = t
\a basicCopyForm->CopyFromLibrary->value = "SoC_AFE"
\a basicCopyForm->CopyToLibrary->value = "SoC_AFE"
\a basicCopyForm->CopyFromLibrary->value = "SoC_AFE2"
\a basicCopyForm->CopyToLibrary->value = "SoC_AFE2"
\a nrSetWindowVisibility(basicCopyForm "show")
\a nrSetCurrentWindow(basicCopyForm)
\a nrResizeWindow(basicCopyForm list(6 27 303 339))
\a basicCopyForm->CopyToLibrary->value = "SoC_AFE"
\a basicCopyForm->UpdateInstances->value = t
\a basicCopyForm->OK->value = t
\o Beginning simple copy to library "SoC_AFE".
\o Processing files to be copied...
\a nrSetCurrentWindow(workingDialogForm)
\a nrSetCurrentWindow(copyProblemsDialog)
\a nrResizeWindow(workingDialogForm list(0 0 273 133))
\a nrResizeWindow(copyProblemsDialog list(1259 647 825 441))
\a copyProblemsDialog->OK->value = t
\a nrSetCurrentWindow(basicCopyForm)
\a nrSetCurrentWindow(cdsLibManager)
\a nrSetCurrentWindow(workingDialogForm)
\a nrResizeWindow(workingDialogForm list(1285 558 273 133))
\o Batching session updates...
\o Copy succeeded.
\a nrSetCurrentWindow(cdsLibManager)
\a cdsLibManager->libListBox->value = "SoC_AFE"
\a cdsLibManager->libLineEdit->value = "SoC_AFE"
\a cdsLibManager->libListBox->value = nil
\a cdsLibManager->libLineEdit->value = ""
\a cdsLibManager->libListBox->value = "SoC_AFE"
\a cdsLibManager->libLineEdit->value = "SoC_AFE"
\a nrSetCurrentWindow(cdsLibManager)
\a cdsLibManager->cellListBox->value = "sarlogic"
\a cdsLibManager->cellLineEdit->value = "sarlogic"
\a cdsLibManager->viewListBox->value = "functional"
\a cdsLibManager->viewLineEdit->value = "functional"
\o MPS request: edit design
\a nrListItemAction(cdsLibManager->gdmXTView 0 1)
\a nrSetCurrentWindow(cdsLibManager)
\a cdsLibManager->viewListBox->value = "symbol"
\a cdsLibManager->viewLineEdit->value = "symbol"
\o MPS request: edit design
\a nrListItemAction(cdsLibManager->gdmXTView 1 0)
\a nrSetCurrentWindow(cdsLibManager)
\a nrSetCurrentWindow(cdsLibManager)
\a cdsLibManager->libListBox->value = "SoC_AFE2"
\a cdsLibManager->libLineEdit->value = "SoC_AFE2"
\a cdsLibManager->cellLineEdit->value = ""
\a cdsLibManager->cellListBox->value = nil
\a cdsLibManager->viewLineEdit->value = ""
\a cdsLibManager->viewListBox->value = nil
\a lmgrLogShowPopup("mainListPopup0" 45 28 2 "SoC_AFE2")
\a cdsLibManager->editDeleteButton->value = t
\a nrSetCurrentWindow(deleteForm)
\a nrResizeWindow(deleteForm list(1234 540 627 425))
\a deleteForm->OK->value = t
\o QUESTION (CLM-199): The following 1 items are marked for deletion.  Are you sure?
\a nrSetWindowVisibility(mcMBXDLG "show")
\a nrSetCurrentWindow(mcMBXDLG)
\a nrResizeWindow(mcMBXDLG list(1394 595 278 289))
\a mcMBXDLG->pushButton1->value = t
\o Deleting 1 library.
\o Deleting library "SoC_AFE2".
\a nrSetCurrentWindow(cdsLibManager)
\a nrSetCurrentWindow(workingDialogForm)
\o Batching session updates...
\o Deleted library 'SoC_AFE2'.
\o Delete of library "SoC_AFE2" succeeded.
\o Deletion of library done.
\a nrSetCurrentWindow(cdsLibManager)
\a cdsLibManager->libListBox->value = nil
\a cdsLibManager->libLineEdit->value = ""
\a nrResizeWindow(workingDialogForm list(1253 526 268 133))
\a cdsLibManager->libListBox->value = "SoC_AFE"
\a cdsLibManager->libLineEdit->value = "SoC_AFE"
\a cdsLibManager->showFilesToggle->value = nil
\a cdsLibManager->showFilesToggle->value = t
\a cdsLibManager->showFilesToggle->value = nil
\a lmgrLogShowPopup("mainListPopup0" 29 15 2 "SoC_AFE")
\a cdsLibManager->editPropertiesButton->value = t
\o MPS request: edit property
\a nrSetCurrentWindow(cdsLibManager)
\a cdsLibManager->libListBox->value = nil
\a cdsLibManager->libLineEdit->value = ""
\a cdsLibManager->libListBox->value = "SoC_AFE"
\a cdsLibManager->libLineEdit->value = "SoC_AFE"
\a cdsLibManager->libListBox->value = nil
\a cdsLibManager->libLineEdit->value = ""
\a cdsLibManager->libListBox->value = "SoC_AFE"
\a cdsLibManager->libLineEdit->value = "SoC_AFE"
\a nrSetCurrentWindow(cdsLibManager)
\a nrResizeWindow(cdsLibManager list(983 484 925 679))
\a nrSetCurrentWindow(cdsLibManager)
\a cdsLibManager->cellListBox->value = "cap_array_8b"
\a cdsLibManager->cellLineEdit->value = "cap_array_8b"
\a cdsLibManager->viewListBox->value = "symbol"
\a cdsLibManager->viewLineEdit->value = "symbol"
\a cdsLibManager->viewListBox->value = "schematic"
\a cdsLibManager->viewLineEdit->value = "schematic"
\a cdsLibManager->viewListBox->value = nil
\a cdsLibManager->viewLineEdit->value = ""
\a cdsLibManager->viewListBox->value = "schematic"
\a cdsLibManager->viewLineEdit->value = "schematic"
\o MPS request: edit design
\a nrListItemAction(cdsLibManager->gdmXTView 0 0)
\a nrSetCurrentWindow(cdsLibManager)
\a nrSetCurrentWindow(cdsLibManager)
\a cdsLibManager->libListBox->value = nil
\a cdsLibManager->libLineEdit->value = ""
\a cdsLibManager->cellListBox->value = nil
\a cdsLibManager->viewLineEdit->value = ""
\a cdsLibManager->viewListBox->value = nil
\a cdsLibManager->cellLineEdit->value = ""
\a cdsLibManager->libListBox->value = "SoC_AFE"
\a cdsLibManager->libLineEdit->value = "SoC_AFE"
\a cdsLibManager->cellListBox->value = "cap_array_8b"
\a cdsLibManager->cellLineEdit->value = "cap_array_8b"
\a cdsLibManager->viewListBox->value = "schematic"
\a cdsLibManager->viewLineEdit->value = "schematic"
\a cdsLibManager->viewLineEdit->value = ""
\a cdsLibManager->viewListBox->value = nil
\a cdsLibManager->viewListBox->value = "schematic"
\a cdsLibManager->viewLineEdit->value = "schematic"
\o DB was auto refreshed.
