ahdlcmicompile: Compiling ahdlcmi in ./tb.ahdlSimDB//449275e1088877ba482c37dbb27d1c4d.cap_array_8b.ahdlcmi/Linux-64/ for Linux-64 with optimize using gcc on Sun Feb 22 06:58:02 AEDT 2026 [5.0]
ahdlcmicompile: Generating makefile
PATH:  /opt/cadence/installs/SPECTRE231/bin:/opt/cadence/installs/SPECTRE231/tools.lnx86/bin/64bit:/opt/cadence/installs/SPECTRE231/tools.lnx86/bin:/opt/cadence/installs/IC231/tools/dfII/bin:/opt/cadence/installs/IC231/tools/bin:/opt/cadence/installs/SPECTRE231/tools.lnx86/spectre/bin:/opt/cadence/installs/XCELIUM2309/tools/bin:/usr/local/sbin:/usr/local/bin:/usr/sbin:/usr/bin:/sbin:/bin
LD_LIBRARY_PATH:  /opt/cadence/installs/SPECTRE231/tools.lnx86/TPtools/libstdc++6/lib/64bit:/opt/cadence/installs/SPECTRE231/tools.lnx86/TPtools/cuda/lib64:/opt/cadence/installs/SPECTRE231/tools.lnx86/giganta/lib/64bit:/opt/cadence/installs/SPECTRE231/tools.lnx86/mdl/lib/64bit:/opt/cadence/installs/SPECTRE231/tools.lnx86/mmsim/lib/64bit:/opt/cadence/installs/SPECTRE231/tools.lnx86/hdf/lib/64bit:/opt/cadence/installs/SPECTRE231/tools.lnx86/python/64bit/lib:/opt/cadence/installs/SPECTRE231/tools.lnx86/inca/lib/64bit:/opt/cadence/installs/SPECTRE231/tools.lnx86/awrmwo/lib/64bit:/opt/cadence/installs/SPECTRE231/tools.lnx86/spectre/lib/64bit:/opt/cadence/installs/SPECTRE231/tools.lnx86/dfII/lib/64bit:/opt/cadence/installs/SPECTRE231/tools.lnx86/TPtools/zlib/lib64:/opt/cadence/installs/SPECTRE231/tools.lnx86/TPtools/grpc/lib:/opt/cadence/installs/SPECTRE231/tools.lnx86/TPtools/grpc/lib64:/opt/cadence/installs/SPECTRE231/tools.lnx86/fmc/lib/64bit:/opt/cadence/installs/SPECTRE231/tools.lnx86/lib/64bit:/opt/cadence/installs/SPECTRE231/tools.lnx86/lib/64bit:/opt/cadence/installs/SPECTRE231/tools.lnx86/lib:/opt/cadence/installs/SPECTRE231/tools.lnx86/lib/64bit/RHEL/RHEL7
/opt/cadence/installs/SPECTRE231/tools.lnx86/spectre/ahdlcmi/bin/gnumake -j1 -f GNUmakefile
Cleaning ./obj/optimize/5.0
rm -f -rf ./obj/optimize/5.0
Compiling C file cap_array_8b_func.c (optimize)
/opt/cadence/installs/SPECTRE231/tools.lnx86/spectre/ahdlcmi/bin/64bit/ahdlcc 0 /opt/cadence/installs/SPECTRE231/tools.lnx86/cdsgcc/gcc/9.3/bin/gcc  -ffast-math  -fno-unsafe-math-optimizations -Wno-error=int-conversion -O3 -m64 -DSYSV -DSVR4 -D_REENTRANT -fPIC   -DconfigSPECTRE -I. -I/opt/cadence/installs/SPECTRE231/tools.lnx86/spectre/ahdlcmi/include -c cap_array_8b_func.c -o obj/optimize/5.0/cap_array_8b_func.o || rm -f -f obj/optimize/5.0/cap_array_8b_func.o
rm -f -rf cap_array_8b_func.c
Compiling C file cap_array_8b_DcFuncDerLoad.c (optimize)
/opt/cadence/installs/SPECTRE231/tools.lnx86/spectre/ahdlcmi/bin/64bit/ahdlcc 0 /opt/cadence/installs/SPECTRE231/tools.lnx86/cdsgcc/gcc/9.3/bin/gcc  -ffast-math  -fno-unsafe-math-optimizations -Wno-error=int-conversion -O3 -m64 -DSYSV -DSVR4 -D_REENTRANT -fPIC   -DconfigSPECTRE -I. -I/opt/cadence/installs/SPECTRE231/tools.lnx86/spectre/ahdlcmi/include -c cap_array_8b_DcFuncDerLoad.c -o obj/optimize/5.0/cap_array_8b_DcFuncDerLoad.o || rm -f -f obj/optimize/5.0/cap_array_8b_DcFuncDerLoad.o
rm -f -rf cap_array_8b_DcFuncDerLoad.c
Compiling C file cap_array_8b_DcFuncLoad.c (optimize)
/opt/cadence/installs/SPECTRE231/tools.lnx86/spectre/ahdlcmi/bin/64bit/ahdlcc 0 /opt/cadence/installs/SPECTRE231/tools.lnx86/cdsgcc/gcc/9.3/bin/gcc  -ffast-math  -fno-unsafe-math-optimizations -Wno-error=int-conversion -O3 -m64 -DSYSV -DSVR4 -D_REENTRANT -fPIC   -DconfigSPECTRE -I. -I/opt/cadence/installs/SPECTRE231/tools.lnx86/spectre/ahdlcmi/include -c cap_array_8b_DcFuncLoad.c -o obj/optimize/5.0/cap_array_8b_DcFuncLoad.o || rm -f -f obj/optimize/5.0/cap_array_8b_DcFuncLoad.o
rm -f -rf cap_array_8b_DcFuncLoad.c
Compiling C file cap_array_8b_TranFuncDerLoad.c (optimize)
/opt/cadence/installs/SPECTRE231/tools.lnx86/spectre/ahdlcmi/bin/64bit/ahdlcc 0 /opt/cadence/installs/SPECTRE231/tools.lnx86/cdsgcc/gcc/9.3/bin/gcc  -ffast-math  -fno-unsafe-math-optimizations -Wno-error=int-conversion -O3 -m64 -DSYSV -DSVR4 -D_REENTRANT -fPIC   -DconfigSPECTRE -I. -I/opt/cadence/installs/SPECTRE231/tools.lnx86/spectre/ahdlcmi/include -c cap_array_8b_TranFuncDerLoad.c -o obj/optimize/5.0/cap_array_8b_TranFuncDerLoad.o || rm -f -f obj/optimize/5.0/cap_array_8b_TranFuncDerLoad.o
rm -f -rf cap_array_8b_TranFuncDerLoad.c
Compiling C file cap_array_8b_TranFuncLoad.c (optimize)
/opt/cadence/installs/SPECTRE231/tools.lnx86/spectre/ahdlcmi/bin/64bit/ahdlcc 0 /opt/cadence/installs/SPECTRE231/tools.lnx86/cdsgcc/gcc/9.3/bin/gcc  -ffast-math  -fno-unsafe-math-optimizations -Wno-error=int-conversion -O3 -m64 -DSYSV -DSVR4 -D_REENTRANT -fPIC   -DconfigSPECTRE -I. -I/opt/cadence/installs/SPECTRE231/tools.lnx86/spectre/ahdlcmi/include -c cap_array_8b_TranFuncLoad.c -o obj/optimize/5.0/cap_array_8b_TranFuncLoad.o || rm -f -f obj/optimize/5.0/cap_array_8b_TranFuncLoad.o
rm -f -rf cap_array_8b_TranFuncLoad.c
Compiling C file cap_array_8b_OpPointCalc.c (optimize)
/opt/cadence/installs/SPECTRE231/tools.lnx86/spectre/ahdlcmi/bin/64bit/ahdlcc 0 /opt/cadence/installs/SPECTRE231/tools.lnx86/cdsgcc/gcc/9.3/bin/gcc  -ffast-math  -fno-unsafe-math-optimizations -Wno-error=int-conversion -O3 -m64 -DSYSV -DSVR4 -D_REENTRANT -fPIC   -DconfigSPECTRE -I. -I/opt/cadence/installs/SPECTRE231/tools.lnx86/spectre/ahdlcmi/include -c cap_array_8b_OpPointCalc.c -o obj/optimize/5.0/cap_array_8b_OpPointCalc.o || rm -f -f obj/optimize/5.0/cap_array_8b_OpPointCalc.o
rm -f -rf cap_array_8b_OpPointCalc.c
Compiling C file cap_array_8b_cmi_c.c (optimize)
/opt/cadence/installs/SPECTRE231/tools.lnx86/spectre/ahdlcmi/bin/64bit/ahdlcc 0 /opt/cadence/installs/SPECTRE231/tools.lnx86/cdsgcc/gcc/9.3/bin/gcc  -ffast-math  -fno-unsafe-math-optimizations -Wno-error=int-conversion -O3 -m64 -DSYSV -DSVR4 -D_REENTRANT -fPIC   -DconfigSPECTRE -I. -I/opt/cadence/installs/SPECTRE231/tools.lnx86/spectre/ahdlcmi/include -I/opt/cadence/installs/SPECTRE231/tools.lnx86/cmi/include -c cap_array_8b_cmi_c.c -o obj/optimize/5.0/cap_array_8b_cmi_c.o || rm -f -f obj/optimize/5.0/cap_array_8b_cmi_c.o
<stdin>: In function 'cap_array_8b_pGetInstanceParams':
<stdin>:783:41: warning: implicit declaration of function 'devGetInstKnotStatus'; did you mean 'devGetInstState'? [-Wimplicit-function-declaration]
<stdin>: In function 'cap_array_8b_pDC_Load':
<stdin>:1067:41: warning: passing argument 1 of 'aslDevFillZeorDiagonalElemet' makes pointer from integer without a cast [-Wint-conversion]
In file included from <stdin>:24:
/opt/cadence/installs/SPECTRE231/tools.lnx86/spectre/ahdlcmi/include/ahdlDevLibGlobal.h:2884:63: note: expected 'void *' but argument is of type 'long int'
 2884 | ASL_FUNC_DECL_START extern void aslDevFillZeorDiagonalElemet( void *, int, unsigned int, struct ahdlFuncModeParam * );
      |                                                               ^~~~~~
<stdin>: In function 'cap_array_8b_pCompare':
<stdin>:1486:3: warning: implicit declaration of function 'spReplaceMatrixPointer'; did you mean 'aslDevLaplaceGetMatrixPointer'? [-Wimplicit-function-declaration]
<stdin>:1508:38: warning: assignment to 'long int' from 'long int *' makes integer from pointer without a cast [-Wint-conversion]
<stdin>:1509:23: warning: passing argument 1 of 'memcpy' makes pointer from integer without a cast [-Wint-conversion]
In file included from /opt/cadence/installs/SPECTRE231/tools.lnx86/spectre/ahdlcmi/include/ahdlPiCmi.h:5,
                 from /opt/cadence/installs/SPECTRE231/tools.lnx86/spectre/ahdlcmi/include/ahdlDevLibGlobal.h:80,
                 from <stdin>:24:
/usr/include/string.h:42:14: note: expected 'void * restrict' but argument is of type 'long int'
   42 | extern void *memcpy (void *__restrict __dest, const void *__restrict __src,
      |              ^~~~~~
<stdin>:1509:59: warning: passing argument 2 of 'memcpy' makes pointer from integer without a cast [-Wint-conversion]
In file included from /opt/cadence/installs/SPECTRE231/tools.lnx86/spectre/ahdlcmi/include/ahdlPiCmi.h:5,
                 from /opt/cadence/installs/SPECTRE231/tools.lnx86/spectre/ahdlcmi/include/ahdlDevLibGlobal.h:80,
                 from <stdin>:24:
/usr/include/string.h:42:14: note: expected 'const void * restrict' but argument is of type 'long int'
   42 | extern void *memcpy (void *__restrict __dest, const void *__restrict __src,
      |              ^~~~~~
<stdin>:1511:38: warning: assignment to 'long int' from 'void *' makes integer from pointer without a cast [-Wint-conversion]
<stdin>: In function 'cap_array_8b_pGetMatrixPointers':
<stdin>:1679:35: warning: assignment to 'long int' from 'void *' makes integer from pointer without a cast [-Wint-conversion]
<stdin>:1681:38: warning: assignment to 'long int' from 'void *' makes integer from pointer without a cast [-Wint-conversion]
<stdin>: In function 'cap_array_8b_pAnalTranLoad':
<stdin>:2355:42: warning: passing argument 1 of 'aslDevFillZeorDiagonalElemet' makes pointer from integer without a cast [-Wint-conversion]
In file included from <stdin>:24:
/opt/cadence/installs/SPECTRE231/tools.lnx86/spectre/ahdlcmi/include/ahdlDevLibGlobal.h:2884:63: note: expected 'void *' but argument is of type 'long int'
 2884 | ASL_FUNC_DECL_START extern void aslDevFillZeorDiagonalElemet( void *, int, unsigned int, struct ahdlFuncModeParam * );
      |                                                               ^~~~~~
<stdin>:2357:39: warning: passing argument 1 of 'aslDevFillZeroDiagQuartet' makes pointer from integer without a cast [-Wint-conversion]
In file included from <stdin>:24:
/opt/cadence/installs/SPECTRE231/tools.lnx86/spectre/ahdlcmi/include/ahdlDevLibGlobal.h:2886:60: note: expected 'void *' but argument is of type 'long int'
 2886 | ASL_FUNC_DECL_START extern void aslDevFillZeroDiagQuartet( void *, int, unsigned int, struct ahdlFuncModeParam * );
      |                                                            ^~~~~~
<stdin>: In function 'ahdlcap_array_8bDescInstall':
<stdin>:2755:2: warning: implicit declaration of function 'descSetDeviceType'; did you mean 'descSetType'? [-Wimplicit-function-declaration]
<stdin>:2757:2: warning: implicit declaration of function 'descSetSetContrInfoPtr' [-Wimplicit-function-declaration]
<stdin>:2764:2: warning: implicit declaration of function 'descSetCopySignals'; did you mean 'descSetMapSignals'? [-Wimplicit-function-declaration]
<stdin>:2788:2: warning: implicit declaration of function 'descSetVATermInfo'; did you mean 'descSetGetInfo'? [-Wimplicit-function-declaration]
<stdin>:2789:2: warning: implicit declaration of function 'descSetGetNodeNamesForBranch' [-Wimplicit-function-declaration]
rm -f -rf cap_array_8b_cmi_c.c
/opt/cadence/installs/SPECTRE231/tools.lnx86/cdsgcc/gcc/9.3/bin/gcc -shared -O3 -m64 -fPIC -o obj/optimize/5.0/libahdlcmi_cap_array_8b.so ./obj/optimize/5.0/cap_array_8b_func.o ./obj/optimize/5.0/cap_array_8b_DcFuncDerLoad.o ./obj/optimize/5.0/cap_array_8b_DcFuncLoad.o ./obj/optimize/5.0/cap_array_8b_TranFuncDerLoad.o ./obj/optimize/5.0/cap_array_8b_TranFuncLoad.o ./obj/optimize/5.0/cap_array_8b_OpPointCalc.o ./obj/optimize/5.0/cap_array_8b_cmi_c.o  -Wl,-rpath,/usr/lib -Wl,-rpath,/lib -lm -s 
rm -f -f ./obj/optimize/5.0/cap_array_8b_func.o ./obj/optimize/5.0/cap_array_8b_DcFuncDerLoad.o ./obj/optimize/5.0/cap_array_8b_DcFuncLoad.o ./obj/optimize/5.0/cap_array_8b_TranFuncDerLoad.o ./obj/optimize/5.0/cap_array_8b_TranFuncLoad.o ./obj/optimize/5.0/cap_array_8b_OpPointCalc.o ./obj/optimize/5.0/cap_array_8b_cmi_c.o 
