Reading file: 
        /home/hee/projects/agriculture-SoC/analog/cadence/notech/SoC/SoC_probe/8b_cap_array/veriloga/veriloga.va
Reading file: 
        /opt/cadence/installs/SPECTRE231/tools.lnx86/spectre/etc/ahdl/constants.vams
Reading file: 
        /opt/cadence/installs/SPECTRE231/tools.lnx86/spectre/etc/ahdl/disciplines.vams

Warning from spectre during AHDL compile.
    WARNING (VACOMP-1086):
        "/home/hee/projects/agriculture-SoC/analog/cadence/notech/SoC/SoC_probe/8b_cap_array/veriloga/veriloga.va",
        line 68: `always' is not a reserved keyword now but will be one in a
        future release. Parsing `always' as an identifier for now.
Error found by spectre during AHDL compile.
    ERROR (VACOMP-2259): "always @<<--? (ctl_dig)"
        "/home/hee/projects/agriculture-SoC/analog/cadence/notech/SoC/SoC_probe/8b_cap_array/veriloga/veriloga.va",
        line 68: syntax error.
Warning from spectre during AHDL compile.
    WARNING (VACOMP-1086):
        "/home/hee/projects/agriculture-SoC/analog/cadence/notech/SoC/SoC_probe/8b_cap_array/veriloga/veriloga.va",
        line 72: `posedge' is not a reserved keyword now but will be one in a
        future release. Parsing `posedge' as an identifier for now.
Error found by spectre during AHDL compile.
    ERROR (VACOMP-1814): Maximum allowable errors exceeded. Exiting AHDL
        compilation....
