TOOL:	xrun(64)	23.09-s013: Started on Dec 09, 2025 at 10:24:26 AEDT
xrun
	-compile
	-nocopy
	-nostdout
	-nowarn DLNOHV
	-nowarn SPDUSD
	-messages
	-update
	-log /home/hee/cadence/SoC/.cadence/dfII/TextSupport/Logs/Parser/verilog/SoC_probe/functional/compile0.log
	-incdir "/home/hee/cadence/SoC/"
	-xmvlogargs " -messages "
	-cdslib /home/hee/cadence/SoC/cds.lib
	-makelib SoC_probe
	-view functional
	-SPECIFICUNIT SAR
	/home/hee/cadence/SoC/SoC_probe/SAR/functional/verilog.v
	-endlib
file: /home/hee/cadence/SoC/SoC_probe/SAR/functional/verilog.v
	parameter integer BITS = 8
	        |
xmvlog: *E,FNDKWD (/home/hee/cadence/SoC/SoC_probe/SAR/functional/verilog.v,5|9): A Verilog keyword was found where an identifier was expected.
	parameter integer BITS = 8
	                       |
xmvlog: *E,EXPRPA (/home/hee/cadence/SoC/SoC_probe/SAR/functional/verilog.v,5|24): expecting a right parenthesis (')') [12.1(IEEE)].
)(
 |
xmvlog: *E,EXPSMC (/home/hee/cadence/SoC/SoC_probe/SAR/functional/verilog.v,6|1): expecting a semicolon (';') [12.1(IEEE)].
	module SoC_probe.SAR:functional
		errors: 3, warnings: 0
xrun: *E,VLGERR: An error occurred during parsing.  Review the log file for errors with the code *E and fix those identified problems to proceed.  Exiting with code (status 1).
TOOL:	xrun(64)	23.09-s013: Exiting on Dec 09, 2025 at 10:24:26 AEDT  (total: 00:00:00)



 ========================================================================================================
		                  HDL IMPORT QUICK STATUS REPORT
 ========================================================================================================
 HDL SETUP MODE	: 0 - IMPROVED LEGACY FLOW
 ========================================================================================================
 HDL SETUP STATUS	: SUCCESS
 ========================================================================================================
 cds.lib USED	: "/home/hee/cadence/SoC/cds.lib"
 ========================================================================================================
 COMPILER OPTIONS	: " -messages "
 ========================================================================================================
 PCDB DM CHECKS	: SUCCESS
 ========================================================================================================
 PCDB UPDATE REQUIRED	: YES
 ========================================================================================================
 IMPORT CONFIGURATION	: CHECK BELOW SETTINGS
		: generateShadow(false)
		: enableBlackBox(false)
		: enableSpecificUnit(true)
		: updateCDF(false)
 ========================================================================================================
 OVERALL IMPORT STATUS	: FAILED
 ========================================================================================================