Reading file:  /home/hee/cadence/SoC/SoC_probe/ADC_SAR/veriloga/veriloga.va
Reading file: 
        /opt/cadence/installs/SPECTRE231/tools.lnx86/spectre/etc/ahdl/constants.vams
Reading file: 
        /opt/cadence/installs/SPECTRE231/tools.lnx86/spectre/etc/ahdl/disciplines.vams

Error found by spectre during AHDL compile.
    ERROR (VACOMP-2259): "input wire<<--?  resetn;"
        "/home/hee/cadence/SoC/SoC_probe/ADC_SAR/veriloga/veriloga.va", line
        18: syntax error.
    ERROR (VACOMP-2418):
        "/home/hee/cadence/SoC/SoC_probe/ADC_SAR/veriloga/veriloga.va", line
        18: Compilation failed because an invalid port direction declaration
        was found. Either the port specified in the declaration is not in the
        port list or the declaration is not in the correct format. Declare the
        port in the module definition or modify the declaration statement, then
        rerun the simulation.
    ERROR (VACOMP-2418):
        "/home/hee/cadence/SoC/SoC_probe/ADC_SAR/veriloga/veriloga.va", line
        18: Compilation failed because an invalid port direction declaration
        was found. Either the port specified in the declaration is not in the
        port list or the declaration is not in the correct format. Declare the
        port in the module definition or modify the declaration statement, then
        rerun the simulation.
    ERROR (VACOMP-2418):
        "/home/hee/cadence/SoC/SoC_probe/ADC_SAR/veriloga/veriloga.va", line
        18: Compilation failed because an invalid port direction declaration
        was found. Either the port specified in the declaration is not in the
        port list or the declaration is not in the correct format. Declare the
        port in the module definition or modify the declaration statement, then
        rerun the simulation.
Warning from spectre during AHDL compile.
    WARNING (VACOMP-1086):
        "/home/hee/cadence/SoC/SoC_probe/ADC_SAR/veriloga/veriloga.va", line
        20: `reg' is not a reserved keyword now but will be one in a future
        release. Parsing `reg' as an identifier for now.
Error found by spectre during AHDL compile.
    ERROR (VACOMP-2259): "output reg<<--?  data_valid;"
        "/home/hee/cadence/SoC/SoC_probe/ADC_SAR/veriloga/veriloga.va", line
        20: syntax error.
    ERROR (VACOMP-2418):
        "/home/hee/cadence/SoC/SoC_probe/ADC_SAR/veriloga/veriloga.va", line
        20: Compilation failed because an invalid port direction declaration
        was found. Either the port specified in the declaration is not in the
        port list or the declaration is not in the correct format. Declare the
        port in the module definition or modify the declaration statement, then
        rerun the simulation.
    ERROR (VACOMP-2418):
        "/home/hee/cadence/SoC/SoC_probe/ADC_SAR/veriloga/veriloga.va", line
        20: Compilation failed because an invalid port direction declaration
        was found. Either the port specified in the declaration is not in the
        port list or the declaration is not in the correct format. Declare the
        port in the module definition or modify the declaration statement, then
        rerun the simulation.
    ERROR (VACOMP-2418):
        "/home/hee/cadence/SoC/SoC_probe/ADC_SAR/veriloga/veriloga.va", line
        20: Compilation failed because an invalid port direction declaration
        was found. Either the port specified in the declaration is not in the
        port list or the declaration is not in the correct format. Declare the
        port in the module definition or modify the declaration statement, then
        rerun the simulation.
    ERROR (VACOMP-1814): Maximum allowable errors exceeded. Exiting AHDL
        compilation....
