\# Program start time:     UTC 2025.03.29 13:29:27.898
\# Local time: GMT+11:00 (UTC+11:00) 2025.03.30 00:29:27.898
\o Program:		@(#)$CDS: viva version IC23.1-64b 02/25/2025 22:58 (cpgbld15) $
\o Hierarchy:		/opt/cadence/installs/IC231/tools.lnx86/dfII/
\o Sub version:		sub-version  IC23.1-64b.ISR13.25  (64-bit addresses)
\# Command line:	/opt/cadence/installs/IC231/tools.lnx86/dfII/bin/64bit/viva -brokerAddress MrDonothing:46693 -tag 436969f74340ece84686a0a6a15d572e -axlsession fnxSession0 -libCellView SoC_probe:tb_probe:maestro -adeService distributedPlot -noautostart -distributedPlot 1 -log /home/hee/cadence/SoC/logs_hee/logs0/distributedPlot.0.log -no-ciw -nocdsinit -viva-service 000143E78B008E70EF2803E3E662FC18BC4D03E3E77AFC06BC4D4CE3B605886ED22230D4D45FCE288D7A7AEA931CD2378E7548D3B52FFC06BC4D01047AA809B1DBAA00001E03
\# Host name (type):	MrDonothing (x86_64)
\# Operating system:	Linux 5.15.167.4-microsoft-standard-WSL2 #1 SMP Tue Nov 5 00:21:55 UTC 2024
\# Linux /etc/issue:	\S
\# Linux /etc/issue:	Kernel \r on an \m
\# X display name (WxH):	172.22.128.1:0.0 (1707x1067)
\# Available geometry:			TL(0:0) BR(1706:1066)
\# X server:			HC-Consult
\# Depth of Visual (Root):	24 (24)
\# Number of Planes Used:	24
\# X version:		11.0 (vendor release 12014000)
\# X resource pool:	base 0x300000, mask 0x7ffff (524287), shift 0
\# 			current id 0x0, current max 0x7fffa (524282)
\# *WARNING* The size of the ID pool for X resources is 524282 which is smaller than expected.
\# *WARNING* Reconfigure your Xserver to increase the size to 2000000 or more for prolonged use.
\# Max data seg size:	     unlimited
\# Max process size:	     unlimited
\# Initial sbrk value:	      1,081 MB
\# Available memory:	     18,888 MB
\# System memory:	     19,900 MB
\# Maximum memory size:	     18,878 MB
\# Max mem available:	     18,878 MB
\# Initial memory used:	         58 MB
\#        process size:	        583 MB
\# Thread usage limits (effective/default):	maxthreads 63190/63190 maxload 20.00/20.00
\# Qt version:		5.15.9
\# Window Manager:	other
\# User Name:		hee
\o Working Directory:	MrDonothing:/home/hee/cadence/SoC
\# Process Id:		20555
\o 
\o COPYRIGHT (C) 1992-2025  CADENCE DESIGN SYSTEMS INC.  ALL RIGHTS RESERVED.
\o           (C) 1992-2025  UNIX SYSTEMS Laboratories INC.,
\o                          Reproduced with permission.
\o 
\o This Cadence Design Systems program and online documentation are
\o proprietary/confidential information and may be disclosed/used only
\o as authorized in a license agreement controlling such use and disclosure.
\o 
\o           RESTRICTED RIGHTS NOTICE (SHORT FORM)
\o Use/reproduction/disclosure is subject to restriction
\o set forth at FAR 1252.227-19 or its equivalent.
\o Connecting to maeBroker at port: 'MrDonothing:46693'
\o Loading ams.cxt 
\o Loading viva.cxt 
\o Loading auCore.cxt 
\o INFO (ELI-00333) License program mode is Virtuoso.
\o Virtuoso Framework License (111) was checked out successfully. Total checkout time was 0.17s.
\p > 
\o Loading dal.cxt 
\o Loading awv.cxt 
\o Distributed Plot: Initializing Distributed Plot service.
\# Memory report: using         241 MB, process size 1,255 MB at UTC 2025.03.29 13:29:31.348
\o Loading oasis.cxt 
\o Loading analog.cxt 
\o Loading asimenv.cxt 
\o Loading spectrei.cxt 
\o Loading devCheck.cxt 
\o Loading relXpert.cxt 
\o Loading vqp.cxt 
\# Memory report: using         551 MB, process size 3,097 MB at UTC 2025.03.29 13:29:32.145
\# Available memory:         18,853 MB at UTC 2025.03.29 13:29:38.115
\# Thread usage report: 11 active threads, active load 1.40 at UTC 2025.03.29 13:29:38.115
\a hiSetCurrentWindow(window(2))
\r t
\a vvExecuteAction("splitAllStrips")
\r t
\a hiResizeWindow(swindow(1) list(0:48 1707:1044))
\r t
\a hiCloseWindow(swindow(1))
\r t
\a exit()
\o 
\# Memory report: on exit            427 MB, process size 3,101 MB at UTC 2025.03.29 13:30:48.571
\# Memory report: peak usage         563 MB, process size 3,237 MB
