_=*20458*/usr/bin/env
AMBIT_BDF_PATH=/opt/cadence/installs/IC231/etc/syntechEtc/bdfc
AMBIT_MSG_PATH=/opt/cadence/installs/IC231/etc/syntechEtc/msgc
CDN_CHECK_IGNORE_DSPF_BLOCK_SEMAPHORE=1
CDN_VIVA_SERVICE_USE_SERVER=1
CDSHOME=/opt/cadence/installs/IC231
CDS_ARCH=lnx86
CDS_AUTO_64BIT=ALL
CDS_CFDE_REQUESTED=1
CDS_EXPR_DB_TRANS_ONLY=0
CDS_IGNORE_XML_ERROR_IN_NETLISTER=1
CDS_INST_ROOT=/opt/cadence/installs/IC231
CDS_INT_NO_GX_INIT=1
CDS_LANG=en_US.UTF-8
CDS_LIC_FILE=5280@cadence.lic.sydney.edu.au
CDS_PERFDEBUG_DATA=/opt/cadence/installs/IC231/tools.lnx86/dfII/samples/perfUtil/data/DebugData
CDS_PERFDEBUG_LIBDIR=/opt/cadence/installs/IC231/tools.lnx86/dfII/samples/perfUtil/lib
CDS_PERFDEBUG_TOOLLIBDIR=/opt/cadence/installs/IC231/tools/lib/64bit
CDS_SET_LOCALE=C
CDS_USE_XVFB=1
CONCEPT_INST_DIR=/opt/cadence/installs/IC231
CORNERS_INST_DIR=/opt/cadence/installs/IC231/share/java/COM/cadence/seaStars/corners
CTU_CDSENV_SETTINGS=1
CTU_COMMON_SETTINGS_VIRTUOSO=1
DBUS_SESSION_BUS_ADDRESS=disabled:
DISPLAY=172.22.128.1:0.0
GPDK045_PDK_PATH=/home/hee/cadence/lib/gpdk045/
GRPC_DNS_RESOLVER=native
HISTCONTROL=ignoredups
HISTSIZE=1000
HOME=/home/hee
HOSTNAME=MrDonothing
HOSTTYPE=x86_64
LANG=C
LC_ALL=C
LD_LIBRARY_PATH=/opt/cadence/installs/IC231/tools.lnx86/TPtools/libstdc++6/lib/64bit:/opt/cadence/installs/IC231/share/oa/lib/lnx86/opt:/opt/cadence/installs/IC231/tools.lnx86/dfII/lib/64bit:/opt/cadence/installs/IC231/tools.lnx86/sev/lib/64bit:/opt/cadence/installs/IC231/tools.lnx86/lib/64bit:/opt/cadence/installs/IC231/tools.lnx86/lib:/opt/cadence/installs/IC231/tools.lnx86/hdf5/lib/64bit:/opt/cadence/installs/IC231/tools.lnx86/lz4/lib/64bit:/opt/cadence/installs/IC231/tools.lnx86/python/64bit/lib:/opt/cadence/installs/IC231/tools.lnx86/pcb/lib/64bit:/opt/cadence/installs/IC231/tools.lnx86/mainwin560/mw/lib-amd64_linux_optimized:/opt/cadence/installs/IC231/tools.lnx86/inca/lib/64bit:/opt/cadence/installs/IC231/tools.lnx86/TPtools/grpc/lib64:/opt/cadence/installs/IC231/tools.lnx86/TPtools/grpc/lib:/opt/cadence/installs/IC231/tools.lnx86/TPtools/boost/lib/64bit:/opt/cadence/installs/IC231/tools.lnx86/Qt/v5/64bit/lib:/opt/cadence/installs/IC231/tools.lnx86/lib/64bit/RHEL/RHEL7:/lib64
LESSOPEN=||/usr/bin/lesspipe.sh %s
LOGNAME=hee
MAIL=/var/spool/mail/hee
MWARCH=amd64
MWARCH_OS=amd64_linux
MWHOME=/opt/cadence/installs/IC231/tools.lnx86/mainwin560/mw
MWNO_CATCH_SIGNALS=SIGINT
MWOS=linux
MWREGISTRY=/home/hee/.mw/hklm_linux.bin:/home/hee/.mw/hkcu_linux.bin
MWRT_MODE=classic
MWUSER_DIRECTORY=/home/hee/.mw
NAME=MrDonothing
PATH=/opt/cadence/installs/IC231/bin:/opt/cadence/installs/IC231/tools.lnx86/bin/64bit:/opt/cadence/installs/IC231/tools.lnx86/bin:/opt/cadence/installs/SPECTRE231/bin:/usr/local/sbin:/usr/local/bin:/usr/sbin:/usr/bin:/sbin:/bin
PULSE_SERVER=unix:/mnt/wslg/PulseServer
PWD=/home/hee/cadence/SoC
QT_QUICK_BACKEND=software
QT_XCB_NO_XI2_MOUSE=1
SHELL=/bin/bash
SHLVL=6
TCL_LIBRARY=/opt/cadence/installs/IC231/tools/TPtools/tcltk/tcl8.6/library
TERM=xterm-256color
USER=hee
VCA_ENABLE_CSM=15
W3264_ENV=/home/hee/.kshrc
W3264_PS_COMPAT_LIBDIR=/opt/cadence/installs/IC231/tools.lnx86/lib/64bit/RHEL/RHEL7
W3264_STORED_HOSTID=007f0101
WAYLAND_DISPLAY=wayland-0
WSL2_GUI_APPS_ENABLED=1
WSLENV=WT_SESSION:WT_PROFILE_ID:
WSL_DISTRO_NAME=CentOS7
WSL_INTEROP=/run/WSL/9_interop
WT_PROFILE_ID={a8202b0e-781a-5dab-98e2-e9d469a63619}
WT_SESSION=7b557ae6-1c39-40b9-b790-b97caab9baed
XDG_RUNTIME_DIR=/mnt/wslg/runtime-dir
__DFII_INTEG_NC_PATH__=/opt/cadence/installs/IC231/tools.lnx86/inca/bin/64bit
_dfII_bin_bit=/64bit
df2BaseVhdlin=/opt/cadence/installs/IC231
ps3264_osid=centos
w3264_COMPAT_OSNAME=7
w3264_COMPAT_OSVER=RHEL7
w3264_osver=7
A__z="*SHLVL
domain:         
hostname:       MrDonothing
ip:             127.0.1.1
os:             Linux@5.15.167.4-microsoft-standard-WSL2
Distributor ID:	CentOS
Release:	7.9.2009
libcVersion:    2.17
libcRelease:    stable

CDNS_QT5DIR=/opt/cadence/installs/IC231/tools.lnx86/Qt/v5/64bit
CDN_CHECK_IGNORE_DSPF_BLOCK_SEMAPHORE=1
CDN_VIVA_SERVICE_USE_SERVER=1
CDSHOME=/opt/cadence/installs/IC231
CDS_ARCH=lnx86
CDS_AUTO_64BIT=ALL
CDS_CFDE_REQUESTED=1
CDS_EXPR_DB_TRANS_ONLY=0
CDS_IGNORE_XML_ERROR_IN_NETLISTER=1
CDS_INST_ROOT=/opt/cadence/installs/IC231
CDS_INT_NO_GX_INIT=1
CDS_LANG=en_US.UTF-8
CDS_LIC_FILE=5280@cadence.lic.sydney.edu.au
CDS_MPS_SESSION=srrversion20523
CDS_PERFDEBUG_DATA=/opt/cadence/installs/IC231/tools.lnx86/dfII/samples/perfUtil/data/DebugData
CDS_PERFDEBUG_LIBDIR=/opt/cadence/installs/IC231/tools.lnx86/dfII/samples/perfUtil/lib
CDS_PERFDEBUG_TOOLLIBDIR=/opt/cadence/installs/IC231/tools/lib/64bit
CDS_SET_LOCALE=C
CDS_USE_XVFB=1
CDS_W3264_LIBPATH=/opt/cadence/installs/IC231/tools.lnx86/TPtools/libstdc++6/lib/64bit::/opt/cadence/installs/IC231/tools.lnx86/dfII/lib/64bit:/opt/cadence/installs/IC231/tools.lnx86/sev/lib/64bit:/opt/cadence/installs/IC231/tools.lnx86/lib/64bit:/opt/cadence/installs/IC231/tools.lnx86/lib:/opt/cadence/installs/IC231/tools.lnx86/hdf5/lib/64bit::/opt/cadence/installs/IC231/tools.lnx86/lz4/lib/64bit:/opt/cadence/installs/IC231/tools.lnx86/python/64bit/lib:/opt/cadence/installs/IC231/tools.lnx86/pcb/lib/64bit:/opt/cadence/installs/IC231/tools.lnx86/mainwin560/mw/lib-amd64_linux_optimized:/opt/cadence/installs/IC231/tools.lnx86/inca/lib/64bit:/opt/cadence/installs/IC231/tools.lnx86/TPtools/grpc/lib64:/opt/cadence/installs/IC231/tools.lnx86/TPtools/grpc/lib:/opt/cadence/installs/IC231/tools.lnx86/TPtools/boost/lib/64bit:/opt/cadence/installs/IC231/tools.lnx86/Qt/v5/64bit/lib:/opt/cadence/installs/IC231/tools.lnx86/lib/64bit/RHEL/RHEL7:/lib64
HOME=/home/hee

LD_LIBRARY_PATH
        /opt/cadence/installs/IC231/tools.lnx86/TPtools/libstdc++6/lib/64bit
        /opt/cadence/installs/IC231/tools.lnx86/dfII/lib/64bit
        /opt/cadence/installs/IC231/tools.lnx86/sev/lib/64bit
        /opt/cadence/installs/IC231/tools.lnx86/lib/64bit
        /opt/cadence/installs/IC231/tools.lnx86/lib
        /opt/cadence/installs/IC231/tools.lnx86/hdf5/lib/64bit
        /opt/cadence/installs/IC231/tools.lnx86/lz4/lib/64bit
        /opt/cadence/installs/IC231/tools.lnx86/python/64bit/lib
        /opt/cadence/installs/IC231/tools.lnx86/pcb/lib/64bit
        /opt/cadence/installs/IC231/tools.lnx86/mainwin560/mw/lib-amd64_linux_optimized
        /opt/cadence/installs/IC231/tools.lnx86/inca/lib/64bit
        /opt/cadence/installs/IC231/tools.lnx86/TPtools/grpc/lib64
        /opt/cadence/installs/IC231/tools.lnx86/TPtools/grpc/lib
        /opt/cadence/installs/IC231/tools.lnx86/TPtools/boost/lib/64bit
        /opt/cadence/installs/IC231/tools.lnx86/Qt/v5/64bit/lib
        /opt/cadence/installs/IC231/tools.lnx86/lib/64bit/RHEL/RHEL7
        /lib64
        /opt/cadence/installs/IC231/share/oa/lib/lnx86/opt

PATH
        /opt/cadence/installs/IC231/bin
        /opt/cadence/installs/IC231/tools.lnx86/bin/64bit
        /opt/cadence/installs/IC231/tools.lnx86/bin
        /opt/cadence/installs/SPECTRE231/bin
        /usr/local/sbin
        /usr/local/bin
        /usr/sbin
        /usr/bin
        /sbin
        /bin
