[Simulation Monitor: 19]
[2026-01-29 10:03:36.947 -0600] [PROCESS] [cadence.virtuoso.ade.simulationMonitor] - Started the simulation monitor process {"hostname": "MrDonothing", "processid": 32141, "logfile": "/home/hee/cadence/SoC/logs_hee/logs0/Job19.log", "simulation monitor command line": "/opt/cadence/installs/IC231/tools.lnx86/dfII/bin/64bit/spectreMonitor -mpssession virtuoso29 -mpshost MrDonothing --davinciService DaVinciService_29_1769632919 --axlsession fnxSession6 -lscs 000175E1894CBE06FF0966E38F1FFC06BC4D03E3E77AFC06BC4D4CE3B605886ED2223BD3E671FC06867D66E38F1FFC06BC4D66E38F1FFC06BC4D0F980BC778DED53600001E5C -beanhost MrDonothing -beanport 11386 -beanLogFile /home/hee/cadence/SoC/logs_hee/logs0/amps_Job19.log -beanbinlog  --domain 0 --interactive yes --netlistOpt no --useMultiPointEvaluation yes --exprEvalShowJobStderr yes --evalSimParallel no --maxSims 0 --historyName ExplorerRun.0 --historyUUID  --exprEvaluator vds --mcMapping mc1.mapping --checkLogStatusInterval 0 --checkSimulatorLogTimeout 1200 --exprEvalMaxTries 3 --maxNFSSyncWait 60 -adeBrokerAddress MrDonothing:52767 --fromADE true --virtuosoBinary virtuoso --guiDisplay MrDonothing:0 --globalStatus 60 --evaluateMultiMC yes --evalOnSimFail SkipFailedAnalyses --numRetriesOnError 1 --fenixMode explorer --lingertimeout 300 -ahdlLockTimeout 60 --sdbLib SoC_probe --sdbCell tb_probe --sdbView maestro --heartBeatFileDir /dev/shm --id 19 --uuid fc57f665-abec-406c-bc46-33d6e538d62d --log /home/hee/cadence/SoC/logs_hee/logs0/Job19.log "}
[2026-01-29 10:03:36.947 -0600] [PROCESS] [cadence.virtuoso.ade.simulationMonitor] - Started the simulation monitor process {"hostname": "MrDonothing", "processid": 32141, "logfile": "/home/hee/cadence/SoC/logs_hee/logs0/Job19.log", "current directory": "/home/hee/cadence/SoC"}
[2026-01-29 10:03:36.947 -0600] [PROCESS] [cadence.virtuoso.ade.simulationMonitor] - Simulation Monitor has successfully started up. Trying to set up communication channels to other components ... {"hostname": "MrDonothing", "processid": 32141, "logfile": "/home/hee/cadence/SoC/logs_hee/logs0/Job19.log"}
[2026-01-29 10:03:36.958 -0600] [PROCESS] [cadence.virtuoso.ade.simulationMonitor] - Communication channels have been successfully set up. Start processing events ... {"hostname": "MrDonothing", "processid": 32141, "logfile": "/home/hee/cadence/SoC/logs_hee/logs0/Job19.log"}
[2026-01-29 10:03:36.958 -0600] [PROCESS] [cadence.virtuoso.ade.simulationMonitor] - Considering to start history {"hostname": "MrDonothing", "processid": 32141, "history": "ExplorerRun.0", "logfile": "/home/hee/cadence/SoC/logs_hee/logs0/Job19.log"}
[2026-01-29 10:03:36.967 -0600] [PROCESS] [cadence.virtuoso.ade.simulationMonitor] - HostInfo:
Host name (type):	MrDonothing (x86_64)
Operating system:	Linux 5.15.167.4-microsoft-standard-WSL2 #1 SMP Tue Nov 5 00:21:55 UTC 2024 {"hostname": "MrDonothing", "processid": 32141, "history": "ExplorerRun.0", "logfile": "/home/hee/cadence/SoC/logs_hee/logs0/Job19.log", "nodename": "MrDonothing", "domainname": "", "machine": "x86_64", "sysname": "Linux", "release": "5.15.167.4-microsoft-standard-WSL2", "version": "#1 SMP Tue Nov 5 00:21:55 UTC 2024"}
[2026-01-29 10:03:36.967 -0600] [PROCESS] [cadence.virtuoso.ade.simulationMonitor] - UsageInfo:
pid=32141
totalPhysicalMemory=15.433937GB,Used=2.944656GB,totalVirtualMemory=19.433937GB,Used=3.297646GB
Cpu: Cores=20, Load average:0.300000,0.120000,0.170000 {"hostname": "MrDonothing", "processid": 32141, "history": "ExplorerRun.0", "logfile": "/home/hee/cadence/SoC/logs_hee/logs0/Job19.log", "pid": "32141", "totalPhysicalMemory": "15.433937", "physicalMemoryUsed": "2.944656", "totalVirtualMemory": "19.433937", "virtualMemoryUsed": "3.297646", "cpuCores": "20", "processes": "376", "loadAverage1": "0.300000", "loadAverage5": "0.120000", "loadAverage15": "0.170000", "loadAverage1Percent": "0.015000"}
[2026-01-29 10:03:36.967 -0600] [EVENT] [cadence.virtuoso.ade.simulationMonitor] - NewPoint {"history": "ExplorerRun.0", "point": 1, "testname": "SoC_probe_probe_2", "cornername": "Nominal", "event": "NewPoint", "EventSource": "Simulation Monitor", "HistoryName": "ExplorerRun.0", "logFile": "/home/hee/cadence/SoC/logs_hee/logs0/Job19.log", "logFileSize": "3885", "category": "simulation"}
[2026-01-29 10:03:37.069 -0600] [EVENT] [cadence.virtuoso.ade.simulationMonitor] - NewPoint {"history": "ExplorerRun.0", "point": 1, "testname": "SoC_probe_probe_2", "cornername": "Nominal", "event": "NewPoint", "EventSource": "ams", "HistoryName": "ExplorerRun.0", "logFile": "/home/hee/simulation/SoC_probe/tb_probe/maestro/results/maestro/ExplorerRun.0/1/SoC_probe_probe_2/psf/xrun.log", "logFileSize": "-1", "category": "simulation"}
[2026-01-29 10:03:37.072 -0600] [PROCESS] [cadence.virtuoso.ade.simulationMonitor] - Simulator launched {"hostname": "MrDonothing", "processid": 32141, "history": "ExplorerRun.0", "testname": "SoC_probe_probe_2", "cornername": "Nominal", "point": 1, "logfile": "/home/hee/cadence/SoC/logs_hee/logs0/Job19.log", "simid": "1", "event": "launch", "category": "simulation"}
[2026-01-29 10:03:37.073 -0600] [PROCESS] [cadence.virtuoso.ade.simulationMonitor] - Expression evaluator launched {"hostname": "MrDonothing", "processid": 32141, "history": "ExplorerRun.0", "testname": "SoC_probe_probe_2", "cornername": "Nominal", "point": 1, "logfile": "/home/hee/cadence/SoC/logs_hee/logs0/Job19.log"}
[2026-01-29 10:03:37.082 -0600] [PROCESS] [cadence.virtuoso.ade.simulationMonitor] - Started Simulation {"hostname": "MrDonothing", "processid": 32141, "history": "ExplorerRun.0", "testname": "SoC_probe_probe_2", "cornername": "Nominal", "point": 1, "logfile": "/home/hee/cadence/SoC/logs_hee/logs0/Job19.log", "event": "start", "category": "simulation"}
[2026-01-29 10:06:28.872 -0600] [INFO] [cadence.virtuoso.ade.simulationMonitor] - Notice from spectre during circuit read-in.
    Configuration file used: `/opt/cadence/installs/SPECTRE231/tools.lnx86/spectre/etc/configs/ams.cfg'. {"history": "ExplorerRun.0", "point": 1, "testname": "SoC_probe_probe_2", "cornername": "Nominal"}
[2026-01-29 10:06:29.373 -0600] [INFO] [cadence.virtuoso.ade.simulationMonitor] - Peak resident memory used = 198 Mbytes. {"history": "ExplorerRun.0", "point": 1, "testname": "SoC_probe_probe_2", "cornername": "Nominal"}
[2026-01-29 10:06:30.873 -0600] [INFO] [cadence.virtuoso.ade.simulationMonitor] - Peak resident memory used = 216 Mbytes. {"history": "ExplorerRun.0", "point": 1, "testname": "SoC_probe_probe_2", "cornername": "Nominal"}
[2026-01-29 10:06:30.873 -0600] [INFO] [cadence.virtuoso.ade.simulationMonitor] - Peak resident memory used = 217 Mbytes. {"history": "ExplorerRun.0", "point": 1, "testname": "SoC_probe_probe_2", "cornername": "Nominal"}
[2026-01-29 10:06:30.873 -0600] [WARN] [cadence.virtuoso.ade.simulationMonitor] -     WARNING (CMI-3039): 'tline' will be deprecated in a future release. Use 'mtline' instead. {"history": "ExplorerRun.0", "point": 1, "testname": "SoC_probe_probe_2", "cornername": "Nominal"}
[2026-01-29 10:06:30.873 -0600] [INFO] [cadence.virtuoso.ade.simulationMonitor] - Notice from spectre during initial setup.
    Multithreading is disabled due to the size of the design being too small. {"history": "ExplorerRun.0", "point": 1, "testname": "SoC_probe_probe_2", "cornername": "Nominal"}
[2026-01-29 10:06:30.873 -0600] [INFO] [cadence.virtuoso.ade.simulationMonitor] -               nodes 19 {"history": "ExplorerRun.0", "point": 1, "testname": "SoC_probe_probe_2", "cornername": "Nominal"}
[2026-01-29 10:06:30.874 -0600] [INFO] [cadence.virtuoso.ade.simulationMonitor] - Notice from spectre during initial setup.
    APS enabled. {"history": "ExplorerRun.0", "point": 1, "testname": "SoC_probe_probe_2", "cornername": "Nominal"}
[2026-01-29 10:06:30.874 -0600] [INFO] [cadence.virtuoso.ade.simulationMonitor] - Peak resident memory used = 221 Mbytes. {"history": "ExplorerRun.0", "point": 1, "testname": "SoC_probe_probe_2", "cornername": "Nominal"}
[2026-01-29 10:06:30.874 -0600] [INFO] [cadence.virtuoso.ade.simulationMonitor] -    -   (APS) Multi-threading. The recommended number of threads is 1, consider adding +mt=1 on command line. {"history": "ExplorerRun.0", "point": 1, "testname": "SoC_probe_probe_2", "cornername": "Nominal"}
[2026-01-29 10:06:30.874 -0600] [INFO] [cadence.virtuoso.ade.simulationMonitor] - Notice from spectre during transient analysis `tran'.
    Multithreading is disabled due to the size of the design being too small. {"history": "ExplorerRun.0", "point": 1, "testname": "SoC_probe_probe_2", "cornername": "Nominal"}
[2026-01-29 10:06:31.879 -0600] [INFO] [cadence.virtuoso.ade.simulationMonitor] - Memory Usage - Current physical: 94.1M, Current virtual: 344.7M {"history": "ExplorerRun.0", "point": 1, "testname": "SoC_probe_probe_2", "cornername": "Nominal"}
[2026-01-29 10:06:31.879 -0600] [INFO] [cadence.virtuoso.ade.simulationMonitor] - CPU Usage - 0.3s system + 0.1s user = 0.4s total (0.2% cpu) {"history": "ExplorerRun.0", "point": 1, "testname": "SoC_probe_probe_2", "cornername": "Nominal"}
[2026-01-29 10:06:31.880 -0600] [INFO] [cadence.virtuoso.ade.simulationMonitor] - Intrinsic tran analysis time:    CPU = 780.323 ms, elapsed = 1.19442 s. {"history": "ExplorerRun.0", "point": 1, "testname": "SoC_probe_probe_2", "cornername": "Nominal"}
[2026-01-29 10:06:36.887 -0600] [INFO] [cadence.virtuoso.ade.simulationMonitor] - Total time required for tran analysis `tran': CPU = 783.268 ms, elapsed = 1.20487 s, util. = 65%. {"history": "ExplorerRun.0", "point": 1, "testname": "SoC_probe_probe_2", "cornername": "Nominal"}
[2026-01-29 10:06:36.887 -0600] [INFO] [cadence.virtuoso.ade.simulationMonitor] - Peak resident memory used = 223 Mbytes. {"history": "ExplorerRun.0", "point": 1, "testname": "SoC_probe_probe_2", "cornername": "Nominal"}
[2026-01-29 10:06:36.887 -0600] [INFO] [cadence.virtuoso.ade.simulationMonitor] - Time used: CPU = 1.29 s, elapsed = 20.6 s, util. = 6.28%. {"history": "ExplorerRun.0", "point": 1, "testname": "SoC_probe_probe_2", "cornername": "Nominal"}
[2026-01-29 10:06:36.887 -0600] [INFO] [cadence.virtuoso.ade.simulationMonitor] - Time spent in licensing: elapsed = 12.6 s, percentage of total = 61.4%. {"history": "ExplorerRun.0", "point": 1, "testname": "SoC_probe_probe_2", "cornername": "Nominal"}
[2026-01-29 10:06:36.887 -0600] [INFO] [cadence.virtuoso.ade.simulationMonitor] - Peak memory used = 223 Mbytes. {"history": "ExplorerRun.0", "point": 1, "testname": "SoC_probe_probe_2", "cornername": "Nominal"}
[2026-01-29 10:06:36.887 -0600] [PROCESS] [cadence.virtuoso.ade.simulationMonitor] - Simulation started at: 10:06:16 AM, Thur Jan 29, 2026, ended at: 10:06:36 AM, Thur Jan 29, 2026, with elapsed time (wall clock): 20.6 s. {"history": "ExplorerRun.0", "point": 1, "testname": "SoC_probe_probe_2", "cornername": "Nominal"}
[2026-01-29 10:06:36.887 -0600] [PROCESS] [cadence.virtuoso.ade.simulationMonitor] - spectre completes with 0 errors, 1 warning, and 5 notices. {"history": "ExplorerRun.0", "point": 1, "testname": "SoC_probe_probe_2", "cornername": "Nominal"}
[2026-01-29 10:06:38.388 -0600] [INFO] [cadence.virtuoso.ade.simulationMonitor] - xmsim: Memory Usage - Final: 89.5M, Peak: 96.0M, Peak virtual: 411.8M {"history": "ExplorerRun.0", "point": 1, "testname": "SoC_probe_probe_2", "cornername": "Nominal"}
[2026-01-29 10:06:38.388 -0600] [INFO] [cadence.virtuoso.ade.simulationMonitor] - xmsim: CPU Usage - 1.2s system + 3.6s user = 4.8s total (172.5s, 2.8% cpu) {"history": "ExplorerRun.0", "point": 1, "testname": "SoC_probe_probe_2", "cornername": "Nominal"}
[2026-01-29 10:06:38.889 -0600] [PROCESS] [cadence.virtuoso.ade.simulationMonitor] - Finished simulating for one point {"hostname": "MrDonothing", "processid": 32141, "history": "ExplorerRun.0", "testname": "SoC_probe_probe_2", "cornername": "Nominal", "point": 1, "logfile": "/home/hee/cadence/SoC/logs_hee/logs0/Job19.log", "simid": "1", "event": "finish", "category": "simulation"}
[2026-01-29 10:06:38.889 -0600] [PROCESS] [cadence.virtuoso.ade.simulationMonitor] - Simulator exited {"hostname": "MrDonothing", "processid": 32141, "history": "ExplorerRun.0", "testname": "SoC_probe_probe_2", "cornername": "Nominal", "point": 1, "logfile": "/home/hee/cadence/SoC/logs_hee/logs0/Job19.log", "exitStatus": "0"}
[2026-01-29 10:06:38.889 -0600] [PROCESS] [cadence.virtuoso.ade.simulationMonitor] - Finished Simulation {"hostname": "MrDonothing", "processid": 32141, "history": "ExplorerRun.0", "testname": "SoC_probe_probe_2", "cornername": "Nominal", "point": 1, "logfile": "/home/hee/cadence/SoC/logs_hee/logs0/Job19.log", "simid": "1", "event": "finish", "category": "obsolete"}
[2026-01-29 10:06:39.890 -0600] [PROCESS] [cadence.virtuoso.ade.simulationMonitor] - Point Finished {"hostname": "MrDonothing", "processid": 32141, "history": "ExplorerRun.0", "testname": "SoC_probe_probe_2", "cornername": "Nominal", "point": 1, "logfile": "/home/hee/cadence/SoC/logs_hee/logs0/Job19.log", "event": "finish", "category": "sim-eval"}
[2026-01-29 10:06:40.896 -0600] [PROCESS] [cadence.virtuoso.ade.simulationMonitor] - Stay with the runId '0', Linger time '300', currentRunSyn '1', currentTestSyn '2' {"hostname": "MrDonothing", "processid": 32141, "history": "ExplorerRun.0", "testname": "SoC_probe_probe_2", "cornername": "Nominal", "point": 1, "logfile": "/home/hee/cadence/SoC/logs_hee/logs0/Job19.log"}
[2026-01-29 10:06:59.652 -0600] [PROCESS] [cadence.virtuoso.ade.simulationMonitor] - get signal Terminated<15> from user:hee, which pid:32137:/opt/cadence/installs/IC231/tools/bin/64bit/cdsServIpc {"hostname": "MrDonothing", "processid": 32141, "history": "ExplorerRun.0", "testname": "SoC_probe_probe_2", "cornername": "Nominal", "point": 1, "logfile": "/home/hee/cadence/SoC/logs_hee/logs0/Job19.log", "signal": "15", "signalName": "Terminated", "which": "/opt/cadence/installs/IC231/tools/bin/64bit/cdsServIpc", "pid": "32137", "user": "hee", "uid": "1000"}
[2026-01-29 10:06:59.652 -0600] [INFO] [cadence.virtuoso.ade.simulationMonitor] - SimulationMonitor has terminated the  process '32190', reason: 'simulationMonitor is handling signal 15' {"history": "ExplorerRun.0", "point": 1, "testname": "SoC_probe_probe_2", "cornername": "Nominal"}
