[Simulation Monitor: 13]
[2026-02-21 12:45:43.321 +1100] [PROCESS] [cadence.virtuoso.ade.simulationMonitor] - Started the simulation monitor process {"hostname": "MrDonothing", "processid": 13574, "logfile": "/home/hee/projects/agriculture-SoC/analog/cadence/notech/SoC/logs_hee/logs0/Job13.log", "simulation monitor command line": "/opt/cadence/installs/IC231/tools.lnx86/dfII/bin/64bit/spectreMonitor -mpssession virtuoso950 -mpshost MrDonothing --davinciService DaVinciService_950_1771636604 --axlsession fnxSession4 -lscs 000175E1894CBE06FF0966E38F1FFC06BC4D03E3E77AFC06BC4D4CE3B605886ED2223BD3E671FC06867D66E38F1FFC06BC4D66E38F1FFC06BC4D0F7A8158F241D5D400001E41 -beanhost MrDonothing -beanport 11684 -beanLogFile /home/hee/projects/agriculture-SoC/analog/cadence/notech/SoC/logs_hee/logs0/amps_Job13.log -beanbinlog  --domain 0 --interactive yes --netlistOpt no --useMultiPointEvaluation yes --exprEvalShowJobStderr yes --evalSimParallel no --maxSims 0 --historyName ExplorerRun.0 --historyUUID  --exprEvaluator vds --mcMapping mc1.mapping --checkLogStatusInterval 0 --checkSimulatorLogTimeout 1200 --exprEvalMaxTries 3 --maxNFSSyncWait 60 -adeBrokerAddress MrDonothing:37971 --fromADE true --virtuosoBinary virtuoso --guiDisplay MrDonothing:0 --globalStatus 60 --evaluateMultiMC yes --evalOnSimFail SkipFailedAnalyses --numRetriesOnError 1 --fenixMode explorer --lingertimeout 300 -ahdlLockTimeout 60 --sdbLib SoC_probe --sdbCell cap_array_8b_tb --sdbView maestro --heartBeatFileDir /dev/shm --id 13 --uuid 45b67da7-ee7f-4807-9126-bda981058dcc --log /home/hee/projects/agriculture-SoC/analog/cadence/notech/SoC/logs_hee/logs0/Job13.log "}
[2026-02-21 12:45:43.321 +1100] [PROCESS] [cadence.virtuoso.ade.simulationMonitor] - Started the simulation monitor process {"hostname": "MrDonothing", "processid": 13574, "logfile": "/home/hee/projects/agriculture-SoC/analog/cadence/notech/SoC/logs_hee/logs0/Job13.log", "current directory": "/home/hee/projects/agriculture-SoC/analog/cadence/notech/SoC"}
[2026-02-21 12:45:43.321 +1100] [PROCESS] [cadence.virtuoso.ade.simulationMonitor] - Simulation Monitor has successfully started up. Trying to set up communication channels to other components ... {"hostname": "MrDonothing", "processid": 13574, "logfile": "/home/hee/projects/agriculture-SoC/analog/cadence/notech/SoC/logs_hee/logs0/Job13.log"}
[2026-02-21 12:45:43.321 +1100] [PROCESS] [cadence.virtuoso.ade.simulationMonitor] - Communication channels have been successfully set up. Start processing events ... {"hostname": "MrDonothing", "processid": 13574, "logfile": "/home/hee/projects/agriculture-SoC/analog/cadence/notech/SoC/logs_hee/logs0/Job13.log"}
[2026-02-21 12:45:43.321 +1100] [PROCESS] [cadence.virtuoso.ade.simulationMonitor] - Considering to start history {"hostname": "MrDonothing", "processid": 13574, "history": "ExplorerRun.0", "logfile": "/home/hee/projects/agriculture-SoC/analog/cadence/notech/SoC/logs_hee/logs0/Job13.log"}
[2026-02-21 12:45:43.322 +1100] [PROCESS] [cadence.virtuoso.ade.simulationMonitor] - HostInfo:
Host name (type):	MrDonothing (x86_64)
Operating system:	Linux 5.15.167.4-microsoft-standard-WSL2 #1 SMP Tue Nov 5 00:21:55 UTC 2024 {"hostname": "MrDonothing", "processid": 13574, "history": "ExplorerRun.0", "logfile": "/home/hee/projects/agriculture-SoC/analog/cadence/notech/SoC/logs_hee/logs0/Job13.log", "nodename": "MrDonothing", "domainname": "", "machine": "x86_64", "sysname": "Linux", "release": "5.15.167.4-microsoft-standard-WSL2", "version": "#1 SMP Tue Nov 5 00:21:55 UTC 2024"}
[2026-02-21 12:45:43.323 +1100] [PROCESS] [cadence.virtuoso.ade.simulationMonitor] - UsageInfo:
pid=13574
totalPhysicalMemory=15.433937GB,Used=2.105843GB,totalVirtualMemory=19.433937GB,Used=2.105843GB
Cpu: Cores=20, Load average:0.100000,0.070000,0.010000 {"hostname": "MrDonothing", "processid": 13574, "history": "ExplorerRun.0", "logfile": "/home/hee/projects/agriculture-SoC/analog/cadence/notech/SoC/logs_hee/logs0/Job13.log", "pid": "13574", "totalPhysicalMemory": "15.433937", "physicalMemoryUsed": "2.105843", "totalVirtualMemory": "19.433937", "virtualMemoryUsed": "2.105843", "cpuCores": "20", "processes": "352", "loadAverage1": "0.100000", "loadAverage5": "0.070000", "loadAverage15": "0.010000", "loadAverage1Percent": "0.005000"}
[2026-02-21 12:45:43.323 +1100] [EVENT] [cadence.virtuoso.ade.simulationMonitor] - NewPoint {"history": "ExplorerRun.0", "point": 1, "testname": "SoC_probe_cap_array_8b_tb_1", "cornername": "Nominal", "event": "NewPoint", "EventSource": "Simulation Monitor", "HistoryName": "ExplorerRun.0", "logFile": "/home/hee/projects/agriculture-SoC/analog/cadence/notech/SoC/logs_hee/logs0/Job13.log", "logFileSize": "4284", "category": "simulation"}
[2026-02-21 12:45:43.424 +1100] [EVENT] [cadence.virtuoso.ade.simulationMonitor] - NewPoint {"history": "ExplorerRun.0", "point": 1, "testname": "SoC_probe_cap_array_8b_tb_1", "cornername": "Nominal", "event": "NewPoint", "EventSource": "spectre", "HistoryName": "ExplorerRun.0", "logFile": "/home/hee/simulation/SoC_probe/cap_array_8b_tb/maestro/results/maestro/ExplorerRun.0/1/SoC_probe_cap_array_8b_tb_1/psf/spectre.out", "logFileSize": "-1", "category": "simulation"}
[2026-02-21 12:45:43.670 +1100] [PROCESS] [cadence.virtuoso.ade.simulationMonitor] - Simulator launched {"hostname": "MrDonothing", "processid": 13574, "history": "ExplorerRun.0", "testname": "SoC_probe_cap_array_8b_tb_1", "cornername": "Nominal", "point": 1, "logfile": "/home/hee/projects/agriculture-SoC/analog/cadence/notech/SoC/logs_hee/logs0/Job13.log", "simid": "1", "event": "launch", "category": "simulation"}
[2026-02-21 12:45:43.671 +1100] [PROCESS] [cadence.virtuoso.ade.simulationMonitor] - Expression evaluator launched {"hostname": "MrDonothing", "processid": 13574, "history": "ExplorerRun.0", "testname": "SoC_probe_cap_array_8b_tb_1", "cornername": "Nominal", "point": 1, "logfile": "/home/hee/projects/agriculture-SoC/analog/cadence/notech/SoC/logs_hee/logs0/Job13.log"}
[2026-02-21 12:45:43.676 +1100] [PROCESS] [cadence.virtuoso.ade.simulationMonitor] - Started Simulation {"hostname": "MrDonothing", "processid": 13574, "history": "ExplorerRun.0", "testname": "SoC_probe_cap_array_8b_tb_1", "cornername": "Nominal", "point": 1, "logfile": "/home/hee/projects/agriculture-SoC/analog/cadence/notech/SoC/logs_hee/logs0/Job13.log", "event": "start", "category": "simulation"}
[2026-02-21 12:45:45.178 +1100] [WARN] [cadence.virtuoso.ade.simulationMonitor] -     WARNING (VACOMP-1142): "/home/hee/projects/agriculture-SoC/analog/cadence/notech/SoC/SoC_probe/cap_array_8b_tb/veriloga/veriloga.va", line 205: (Archaic Syntax) Does not comply with the Accellera Verilog-AMS 2.0 Standard and beyond. To comply with the current standard, use `genvar' loop instead of `for', `while', and `repeat' loop statements for the `timer' function. {"history": "ExplorerRun.0", "point": 1, "testname": "SoC_probe_cap_array_8b_tb_1", "cornername": "Nominal"}
[2026-02-21 12:45:45.178 +1100] [WARN] [cadence.virtuoso.ade.simulationMonitor] -     WARNING (VACOMP-1142): "/home/hee/projects/agriculture-SoC/analog/cadence/notech/SoC/SoC_probe/cap_array_8b_tb/veriloga/veriloga.va", line 216: (Archaic Syntax) Does not comply with the Accellera Verilog-AMS 2.0 Standard and beyond. To comply with the current standard, use `genvar' loop instead of `for', `while', and `repeat' loop statements for the `timer' function. {"history": "ExplorerRun.0", "point": 1, "testname": "SoC_probe_cap_array_8b_tb_1", "cornername": "Nominal"}
[2026-02-21 12:45:45.178 +1100] [INFO] [cadence.virtuoso.ade.simulationMonitor] - Peak resident memory used = 179 Mbytes. {"history": "ExplorerRun.0", "point": 1, "testname": "SoC_probe_cap_array_8b_tb_1", "cornername": "Nominal"}
[2026-02-21 12:45:45.178 +1100] [INFO] [cadence.virtuoso.ade.simulationMonitor] - Peak resident memory used = 186 Mbytes. {"history": "ExplorerRun.0", "point": 1, "testname": "SoC_probe_cap_array_8b_tb_1", "cornername": "Nominal"}
[2026-02-21 12:45:45.178 +1100] [INFO] [cadence.virtuoso.ade.simulationMonitor] - Peak resident memory used = 187 Mbytes. {"history": "ExplorerRun.0", "point": 1, "testname": "SoC_probe_cap_array_8b_tb_1", "cornername": "Nominal"}
[2026-02-21 12:45:45.178 +1100] [ERROR] [cadence.virtuoso.ade.simulationMonitor] -     ERROR (SPECTRE-4080): Cannot run the simulation because no components were found in the current circuit. Ensure that the components are present in the design and rerun the simulation. For information on available components, use 'spectre -h' at the command line. {"history": "ExplorerRun.0", "point": 1, "testname": "SoC_probe_cap_array_8b_tb_1", "cornername": "Nominal"}
[2026-02-21 12:45:45.178 +1100] [INFO] [cadence.virtuoso.ade.simulationMonitor] - Time used: CPU = 136 ms, elapsed = 994 ms, util. = 13.7%. {"history": "ExplorerRun.0", "point": 1, "testname": "SoC_probe_cap_array_8b_tb_1", "cornername": "Nominal"}
[2026-02-21 12:45:45.178 +1100] [INFO] [cadence.virtuoso.ade.simulationMonitor] - Time spent in licensing: elapsed = 753 ms, percentage of total = 75.8%. {"history": "ExplorerRun.0", "point": 1, "testname": "SoC_probe_cap_array_8b_tb_1", "cornername": "Nominal"}
[2026-02-21 12:45:45.178 +1100] [INFO] [cadence.virtuoso.ade.simulationMonitor] - Peak memory used = 189 Mbytes. {"history": "ExplorerRun.0", "point": 1, "testname": "SoC_probe_cap_array_8b_tb_1", "cornername": "Nominal"}
[2026-02-21 12:45:45.178 +1100] [PROCESS] [cadence.virtuoso.ade.simulationMonitor] - Simulation started at: 12:45:43 PM, Sat Feb 21, 2026, ended at: 12:45:44 PM, Sat Feb 21, 2026, with elapsed time (wall clock): 994 ms. {"history": "ExplorerRun.0", "point": 1, "testname": "SoC_probe_cap_array_8b_tb_1", "cornername": "Nominal"}
[2026-02-21 12:45:45.178 +1100] [PROCESS] [cadence.virtuoso.ade.simulationMonitor] - spectre completes with 1 error, 2 warnings, and 0 notices. {"history": "ExplorerRun.0", "point": 1, "testname": "SoC_probe_cap_array_8b_tb_1", "cornername": "Nominal"}
[2026-02-21 12:45:45.178 +1100] [FATAL] [cadence.virtuoso.ade.simulationMonitor] - spectre terminated prematurely due to fatal error. {"history": "ExplorerRun.0", "point": 1, "testname": "SoC_probe_cap_array_8b_tb_1", "cornername": "Nominal"}
[2026-02-21 12:45:45.178 +1100] [PROCESS] [cadence.virtuoso.ade.simulationMonitor] - Finished simulating for one point {"hostname": "MrDonothing", "processid": 13574, "history": "ExplorerRun.0", "testname": "SoC_probe_cap_array_8b_tb_1", "cornername": "Nominal", "point": 1, "logfile": "/home/hee/projects/agriculture-SoC/analog/cadence/notech/SoC/logs_hee/logs0/Job13.log", "simid": "1", "event": "finish", "category": "simulation"}
[2026-02-21 12:45:45.178 +1100] [ERROR] [cadence.virtuoso.ade.simulationMonitor] - While simulating run ExplorerRun.0, point 1, test SoC_probe_cap_array_8b_tb_1, received error:
Simulation Error:
 The simulator process returned a non-zero exit code, indicating failure.
The simulator could have crashed or intentionally returned to indicate an error.
Check the simulator log file for more information.  Common causes:
1. Simulator may have crashed during exit even after reporting success in log file.
2. Abrupt automatic simulator termination (e.g., SIGKILL) because the simulator process has
... {"history": "ExplorerRun.0", "point": 1, "testname": "SoC_probe_cap_array_8b_tb_1", "cornername": "Nominal"}
[2026-02-21 12:45:45.178 +1100] [PROCESS] [cadence.virtuoso.ade.simulationMonitor] - Finished Simulation {"hostname": "MrDonothing", "processid": 13574, "history": "ExplorerRun.0", "testname": "SoC_probe_cap_array_8b_tb_1", "cornername": "Nominal", "point": 1, "logfile": "/home/hee/projects/agriculture-SoC/analog/cadence/notech/SoC/logs_hee/logs0/Job13.log", "simid": "1", "event": "finish", "category": "obsolete"}
[2026-02-21 12:50:46.251 +1100] [PROCESS] [cadence.virtuoso.ade.simulationMonitor] - Current memory used: 86.7031 MBytes, peak memory used: 86.7031 MBytes {"hostname": "MrDonothing", "processid": 13574, "history": "ExplorerRun.0", "testname": "SoC_probe_cap_array_8b_tb_1", "cornername": "Nominal", "point": 1, "logfile": "/home/hee/projects/agriculture-SoC/analog/cadence/notech/SoC/logs_hee/logs0/Job13.log"}
[2026-02-21 12:50:46.251 +1100] [PROCESS] [cadence.virtuoso.ade.simulationMonitor] - Simulation Monitor process exits. {"hostname": "MrDonothing", "processid": 13574, "history": "ExplorerRun.0", "testname": "SoC_probe_cap_array_8b_tb_1", "cornername": "Nominal", "point": 1, "logfile": "/home/hee/projects/agriculture-SoC/analog/cadence/notech/SoC/logs_hee/logs0/Job13.log"}
