[Simulation Monitor: 2]
[2026-02-23 12:59:27.476 +1100] [PROCESS] [cadence.virtuoso.ade.simulationMonitor] - Started the simulation monitor process {"hostname": "MrDonothing", "processid": 9185, "logfile": "/home/hee/projects/agriculture-SoC/analog/cadence/notech/SoC/logs_hee/logs0/Job2.log", "simulation monitor command line": "/opt/cadence/installs/IC231/tools.lnx86/dfII/bin/64bit/spectreMonitor -mpssession virtuoso71 -mpshost MrDonothing --davinciService DaVinciService_71_1771806811 --axlsession fnxSession1 -lscs 000175E1894CBE06FF0966E38F1FFC06BC4D03E3E77AFC06BC4D4CE3B605886ED2223BD3E671FC06867D66E38F1FFC06BC4D66E38F1FFC06BC4D0F783B604879D5D600001E3E -beanhost MrDonothing -beanport 11719 -beanLogFile /home/hee/projects/agriculture-SoC/analog/cadence/notech/SoC/logs_hee/logs0/amps_Job2.log -beanbinlog  --domain 0 --interactive yes --netlistOpt no --useMultiPointEvaluation yes --exprEvalShowJobStderr yes --evalSimParallel no --maxSims 0 --historyName ExplorerRun.0 --historyUUID  --exprEvaluator vds --mcMapping mc1.mapping --checkLogStatusInterval 0 --checkSimulatorLogTimeout 1200 --exprEvalMaxTries 3 --maxNFSSyncWait 60 -adeBrokerAddress MrDonothing:36451 --fromADE true --virtuosoBinary virtuoso --guiDisplay MrDonothing:0 --globalStatus 60 --evaluateMultiMC yes --evalOnSimFail SkipFailedAnalyses --numRetriesOnError 1 --fenixMode explorer --lingertimeout 300 -ahdlLockTimeout 60 --sdbLib SoC_AFE --sdbCell cap_array_8b_tb --sdbView maestro --heartBeatFileDir /dev/shm --id 2 --uuid 763adfcc-a877-4ba3-88ae-300e18de8a0e --log /home/hee/projects/agriculture-SoC/analog/cadence/notech/SoC/logs_hee/logs0/Job2.log "}
[2026-02-23 12:59:27.477 +1100] [PROCESS] [cadence.virtuoso.ade.simulationMonitor] - Started the simulation monitor process {"hostname": "MrDonothing", "processid": 9185, "logfile": "/home/hee/projects/agriculture-SoC/analog/cadence/notech/SoC/logs_hee/logs0/Job2.log", "current directory": "/home/hee/projects/agriculture-SoC/analog/cadence/notech/SoC"}
[2026-02-23 12:59:27.477 +1100] [PROCESS] [cadence.virtuoso.ade.simulationMonitor] - Simulation Monitor has successfully started up. Trying to set up communication channels to other components ... {"hostname": "MrDonothing", "processid": 9185, "logfile": "/home/hee/projects/agriculture-SoC/analog/cadence/notech/SoC/logs_hee/logs0/Job2.log"}
[2026-02-23 12:59:27.477 +1100] [PROCESS] [cadence.virtuoso.ade.simulationMonitor] - Communication channels have been successfully set up. Start processing events ... {"hostname": "MrDonothing", "processid": 9185, "logfile": "/home/hee/projects/agriculture-SoC/analog/cadence/notech/SoC/logs_hee/logs0/Job2.log"}
[2026-02-23 12:59:27.477 +1100] [PROCESS] [cadence.virtuoso.ade.simulationMonitor] - Considering to start history {"hostname": "MrDonothing", "processid": 9185, "history": "ExplorerRun.0", "logfile": "/home/hee/projects/agriculture-SoC/analog/cadence/notech/SoC/logs_hee/logs0/Job2.log"}
[2026-02-23 12:59:27.479 +1100] [PROCESS] [cadence.virtuoso.ade.simulationMonitor] - HostInfo:
Host name (type):	MrDonothing (x86_64)
Operating system:	Linux 5.15.167.4-microsoft-standard-WSL2 #1 SMP Tue Nov 5 00:21:55 UTC 2024 {"hostname": "MrDonothing", "processid": 9185, "history": "ExplorerRun.0", "logfile": "/home/hee/projects/agriculture-SoC/analog/cadence/notech/SoC/logs_hee/logs0/Job2.log", "nodename": "MrDonothing", "domainname": "", "machine": "x86_64", "sysname": "Linux", "release": "5.15.167.4-microsoft-standard-WSL2", "version": "#1 SMP Tue Nov 5 00:21:55 UTC 2024"}
[2026-02-23 12:59:27.479 +1100] [PROCESS] [cadence.virtuoso.ade.simulationMonitor] - UsageInfo:
pid=9185
totalPhysicalMemory=15.433941GB,Used=2.474621GB,totalVirtualMemory=19.433941GB,Used=2.474621GB
Cpu: Cores=20, Load average:0.080000,0.040000,0.010000 {"hostname": "MrDonothing", "processid": 9185, "history": "ExplorerRun.0", "logfile": "/home/hee/projects/agriculture-SoC/analog/cadence/notech/SoC/logs_hee/logs0/Job2.log", "pid": "9185", "totalPhysicalMemory": "15.433941", "physicalMemoryUsed": "2.474621", "totalVirtualMemory": "19.433941", "virtualMemoryUsed": "2.474621", "cpuCores": "20", "processes": "377", "loadAverage1": "0.080000", "loadAverage5": "0.040000", "loadAverage15": "0.010000", "loadAverage1Percent": "0.004000"}
[2026-02-23 12:59:27.479 +1100] [EVENT] [cadence.virtuoso.ade.simulationMonitor] - NewPoint {"history": "ExplorerRun.0", "point": 1, "testname": "SoC_AFE_cap_array_8b_tb_1", "cornername": "Nominal", "event": "NewPoint", "EventSource": "Simulation Monitor", "HistoryName": "ExplorerRun.0", "logFile": "/home/hee/projects/agriculture-SoC/analog/cadence/notech/SoC/logs_hee/logs0/Job2.log", "logFileSize": "4260", "category": "simulation"}
[2026-02-23 12:59:27.580 +1100] [EVENT] [cadence.virtuoso.ade.simulationMonitor] - NewPoint {"history": "ExplorerRun.0", "point": 1, "testname": "SoC_AFE_cap_array_8b_tb_1", "cornername": "Nominal", "event": "NewPoint", "EventSource": "spectre", "HistoryName": "ExplorerRun.0", "logFile": "/home/hee/simulation/SoC_AFE/cap_array_8b_tb/maestro/results/maestro/ExplorerRun.0/1/SoC_AFE_cap_array_8b_tb_1/psf/spectre.out", "logFileSize": "-1", "category": "simulation"}
[2026-02-23 12:59:27.796 +1100] [PROCESS] [cadence.virtuoso.ade.simulationMonitor] - Simulator launched {"hostname": "MrDonothing", "processid": 9185, "history": "ExplorerRun.0", "testname": "SoC_AFE_cap_array_8b_tb_1", "cornername": "Nominal", "point": 1, "logfile": "/home/hee/projects/agriculture-SoC/analog/cadence/notech/SoC/logs_hee/logs0/Job2.log", "simid": "1", "event": "launch", "category": "simulation"}
[2026-02-23 12:59:27.797 +1100] [PROCESS] [cadence.virtuoso.ade.simulationMonitor] - Expression evaluator launched {"hostname": "MrDonothing", "processid": 9185, "history": "ExplorerRun.0", "testname": "SoC_AFE_cap_array_8b_tb_1", "cornername": "Nominal", "point": 1, "logfile": "/home/hee/projects/agriculture-SoC/analog/cadence/notech/SoC/logs_hee/logs0/Job2.log"}
[2026-02-23 12:59:27.802 +1100] [PROCESS] [cadence.virtuoso.ade.simulationMonitor] - Started Simulation {"hostname": "MrDonothing", "processid": 9185, "history": "ExplorerRun.0", "testname": "SoC_AFE_cap_array_8b_tb_1", "cornername": "Nominal", "point": 1, "logfile": "/home/hee/projects/agriculture-SoC/analog/cadence/notech/SoC/logs_hee/logs0/Job2.log", "event": "start", "category": "simulation"}
[2026-02-23 12:59:28.803 +1100] [INFO] [cadence.virtuoso.ade.simulationMonitor] - Peak resident memory used = 180 Mbytes. {"history": "ExplorerRun.0", "point": 1, "testname": "SoC_AFE_cap_array_8b_tb_1", "cornername": "Nominal"}
[2026-02-23 12:59:30.304 +1100] [INFO] [cadence.virtuoso.ade.simulationMonitor] - Peak resident memory used = 196 Mbytes. {"history": "ExplorerRun.0", "point": 1, "testname": "SoC_AFE_cap_array_8b_tb_1", "cornername": "Nominal"}
[2026-02-23 12:59:30.304 +1100] [INFO] [cadence.virtuoso.ade.simulationMonitor] - Peak resident memory used = 197 Mbytes. {"history": "ExplorerRun.0", "point": 1, "testname": "SoC_AFE_cap_array_8b_tb_1", "cornername": "Nominal"}
[2026-02-23 12:59:30.304 +1100] [INFO] [cadence.virtuoso.ade.simulationMonitor] - Notice from spectre during initial setup.
    Ignorevaref=yes is ignored since all nodes are connected to Verilog-A modules.
    Multithreading is disabled due to the size of the design being too small. {"history": "ExplorerRun.0", "point": 1, "testname": "SoC_AFE_cap_array_8b_tb_1", "cornername": "Nominal"}
[2026-02-23 12:59:30.304 +1100] [INFO] [cadence.virtuoso.ade.simulationMonitor] -               nodes 43 {"history": "ExplorerRun.0", "point": 1, "testname": "SoC_AFE_cap_array_8b_tb_1", "cornername": "Nominal"}
[2026-02-23 12:59:30.304 +1100] [INFO] [cadence.virtuoso.ade.simulationMonitor] - Notice from spectre during initial setup.
    Protected devices exist and are not included in the circuit inventory.
    APS enabled. {"history": "ExplorerRun.0", "point": 1, "testname": "SoC_AFE_cap_array_8b_tb_1", "cornername": "Nominal"}
[2026-02-23 12:59:30.304 +1100] [INFO] [cadence.virtuoso.ade.simulationMonitor] - Peak resident memory used = 200 Mbytes. {"history": "ExplorerRun.0", "point": 1, "testname": "SoC_AFE_cap_array_8b_tb_1", "cornername": "Nominal"}
[2026-02-23 12:59:30.304 +1100] [INFO] [cadence.virtuoso.ade.simulationMonitor] -    -   (APS) Multi-threading. The recommended number of threads is 1, consider adding +mt=1 on command line. {"history": "ExplorerRun.0", "point": 1, "testname": "SoC_AFE_cap_array_8b_tb_1", "cornername": "Nominal"}
[2026-02-23 12:59:30.305 +1100] [INFO] [cadence.virtuoso.ade.simulationMonitor] - Notice from spectre during transient analysis `tran'.
    Multithreading is disabled due to the size of the design being too small. {"history": "ExplorerRun.0", "point": 1, "testname": "SoC_AFE_cap_array_8b_tb_1", "cornername": "Nominal"}
[2026-02-23 12:59:30.305 +1100] [INFO] [cadence.virtuoso.ade.simulationMonitor] - Notice from spectre at time = 1.42 ns during transient analysis `tran'.
    Found trapezoidal ringing on node _vvss!:p. {"history": "ExplorerRun.0", "point": 1, "testname": "SoC_AFE_cap_array_8b_tb_1", "cornername": "Nominal"}
[2026-02-23 12:59:30.305 +1100] [INFO] [cadence.virtuoso.ade.simulationMonitor] - Notice from spectre at time = 1.82 ns during transient analysis `tran'.
    Found trapezoidal ringing on node _vvss!:p. {"history": "ExplorerRun.0", "point": 1, "testname": "SoC_AFE_cap_array_8b_tb_1", "cornername": "Nominal"}
[2026-02-23 12:59:30.305 +1100] [INFO] [cadence.virtuoso.ade.simulationMonitor] - Notice from spectre at time = 2.22 ns during transient analysis `tran'.
    Found trapezoidal ringing on node _vvss!:p. {"history": "ExplorerRun.0", "point": 1, "testname": "SoC_AFE_cap_array_8b_tb_1", "cornername": "Nominal"}
[2026-02-23 12:59:30.305 +1100] [INFO] [cadence.virtuoso.ade.simulationMonitor] - Notice from spectre at time = 2.62 ns during transient analysis `tran'.
    Found trapezoidal ringing on node _vvss!:p. {"history": "ExplorerRun.0", "point": 1, "testname": "SoC_AFE_cap_array_8b_tb_1", "cornername": "Nominal"}
[2026-02-23 12:59:30.305 +1100] [INFO] [cadence.virtuoso.ade.simulationMonitor] - Notice from spectre at time = 3.02 ns during transient analysis `tran'.
    Found trapezoidal ringing on node _vvss!:p.
        Further occurrences of this notice will be suppressed. {"history": "ExplorerRun.0", "point": 1, "testname": "SoC_AFE_cap_array_8b_tb_1", "cornername": "Nominal"}
[2026-02-23 12:59:30.305 +1100] [INFO] [cadence.virtuoso.ade.simulationMonitor] - Notice from spectre during transient analysis `tran'.
    Trapezoidal ringing is detected during tran analysis.
        Please use method=trap for better results and performance. {"history": "ExplorerRun.0", "point": 1, "testname": "SoC_AFE_cap_array_8b_tb_1", "cornername": "Nominal"}
[2026-02-23 12:59:30.305 +1100] [INFO] [cadence.virtuoso.ade.simulationMonitor] - Intrinsic tran analysis time:    CPU = 5.686 ms, elapsed = 8.55207 ms. {"history": "ExplorerRun.0", "point": 1, "testname": "SoC_AFE_cap_array_8b_tb_1", "cornername": "Nominal"}
[2026-02-23 12:59:30.305 +1100] [INFO] [cadence.virtuoso.ade.simulationMonitor] - Total time required for tran analysis `tran': CPU = 7.049 ms, elapsed = 9.91392 ms, util. = 71.1%. {"history": "ExplorerRun.0", "point": 1, "testname": "SoC_AFE_cap_array_8b_tb_1", "cornername": "Nominal"}
[2026-02-23 12:59:30.305 +1100] [INFO] [cadence.virtuoso.ade.simulationMonitor] - Peak resident memory used = 201 Mbytes. {"history": "ExplorerRun.0", "point": 1, "testname": "SoC_AFE_cap_array_8b_tb_1", "cornername": "Nominal"}
[2026-02-23 12:59:30.305 +1100] [INFO] [cadence.virtuoso.ade.simulationMonitor] - Notice from spectre.
    29 notices suppressed. {"history": "ExplorerRun.0", "point": 1, "testname": "SoC_AFE_cap_array_8b_tb_1", "cornername": "Nominal"}
[2026-02-23 12:59:30.305 +1100] [INFO] [cadence.virtuoso.ade.simulationMonitor] - Time used: CPU = 177 ms, elapsed = 2 s, util. = 8.84%. {"history": "ExplorerRun.0", "point": 1, "testname": "SoC_AFE_cap_array_8b_tb_1", "cornername": "Nominal"}
[2026-02-23 12:59:30.305 +1100] [INFO] [cadence.virtuoso.ade.simulationMonitor] - Time spent in licensing: elapsed = 353 ms, percentage of total = 17.7%. {"history": "ExplorerRun.0", "point": 1, "testname": "SoC_AFE_cap_array_8b_tb_1", "cornername": "Nominal"}
[2026-02-23 12:59:30.305 +1100] [INFO] [cadence.virtuoso.ade.simulationMonitor] - Peak memory used = 203 Mbytes. {"history": "ExplorerRun.0", "point": 1, "testname": "SoC_AFE_cap_array_8b_tb_1", "cornername": "Nominal"}
[2026-02-23 12:59:30.306 +1100] [PROCESS] [cadence.virtuoso.ade.simulationMonitor] - Simulation started at: 12:59:27 PM, Mon Feb 23, 2026, ended at: 12:59:29 PM, Mon Feb 23, 2026, with elapsed time (wall clock): 2 s. {"history": "ExplorerRun.0", "point": 1, "testname": "SoC_AFE_cap_array_8b_tb_1", "cornername": "Nominal"}
[2026-02-23 12:59:30.306 +1100] [PROCESS] [cadence.virtuoso.ade.simulationMonitor] - spectre completes with 0 errors, 0 warnings, and 13 notices. {"history": "ExplorerRun.0", "point": 1, "testname": "SoC_AFE_cap_array_8b_tb_1", "cornername": "Nominal"}
[2026-02-23 12:59:30.306 +1100] [PROCESS] [cadence.virtuoso.ade.simulationMonitor] - Finished simulating for one point {"hostname": "MrDonothing", "processid": 9185, "history": "ExplorerRun.0", "testname": "SoC_AFE_cap_array_8b_tb_1", "cornername": "Nominal", "point": 1, "logfile": "/home/hee/projects/agriculture-SoC/analog/cadence/notech/SoC/logs_hee/logs0/Job2.log", "simid": "1", "event": "finish", "category": "simulation"}
[2026-02-23 12:59:30.306 +1100] [PROCESS] [cadence.virtuoso.ade.simulationMonitor] - Simulator exited {"hostname": "MrDonothing", "processid": 9185, "history": "ExplorerRun.0", "testname": "SoC_AFE_cap_array_8b_tb_1", "cornername": "Nominal", "point": 1, "logfile": "/home/hee/projects/agriculture-SoC/analog/cadence/notech/SoC/logs_hee/logs0/Job2.log", "exitStatus": "0"}
[2026-02-23 12:59:30.306 +1100] [PROCESS] [cadence.virtuoso.ade.simulationMonitor] - Finished Simulation {"hostname": "MrDonothing", "processid": 9185, "history": "ExplorerRun.0", "testname": "SoC_AFE_cap_array_8b_tb_1", "cornername": "Nominal", "point": 1, "logfile": "/home/hee/projects/agriculture-SoC/analog/cadence/notech/SoC/logs_hee/logs0/Job2.log", "simid": "1", "event": "finish", "category": "obsolete"}
[2026-02-23 12:59:30.806 +1100] [PROCESS] [cadence.virtuoso.ade.simulationMonitor] - Point Finished {"hostname": "MrDonothing", "processid": 9185, "history": "ExplorerRun.0", "testname": "SoC_AFE_cap_array_8b_tb_1", "cornername": "Nominal", "point": 1, "logfile": "/home/hee/projects/agriculture-SoC/analog/cadence/notech/SoC/logs_hee/logs0/Job2.log", "event": "finish", "category": "sim-eval"}
[2026-02-23 13:04:31.839 +1100] [PROCESS] [cadence.virtuoso.ade.simulationMonitor] - Current memory used: 85.1719 MBytes, peak memory used: 85.1719 MBytes {"hostname": "MrDonothing", "processid": 9185, "history": "ExplorerRun.0", "testname": "SoC_AFE_cap_array_8b_tb_1", "cornername": "Nominal", "point": 1, "logfile": "/home/hee/projects/agriculture-SoC/analog/cadence/notech/SoC/logs_hee/logs0/Job2.log"}
[2026-02-23 13:04:31.839 +1100] [PROCESS] [cadence.virtuoso.ade.simulationMonitor] - Simulation Monitor process exits. {"hostname": "MrDonothing", "processid": 9185, "history": "ExplorerRun.0", "testname": "SoC_AFE_cap_array_8b_tb_1", "cornername": "Nominal", "point": 1, "logfile": "/home/hee/projects/agriculture-SoC/analog/cadence/notech/SoC/logs_hee/logs0/Job2.log"}
