[Simulation Monitor: 22]
[2026-01-29 10:38:49.282 -0600] [PROCESS] [cadence.virtuoso.ade.simulationMonitor] - Started the simulation monitor process {"hostname": "MrDonothing", "processid": 15326, "logfile": "/home/hee/cadence/SoC/logs_hee/logs0/Job22.log", "simulation monitor command line": "/opt/cadence/installs/IC231/tools.lnx86/dfII/bin/64bit/spectreMonitor -mpssession virtuoso29 -mpshost MrDonothing --davinciService DaVinciService_29_1769632919 --axlsession fnxSession2 -lscs 000175E1894CBE06FF0966E38F1FFC06BC4D03E3E77AFC06BC4D4CE3B605886ED2223BD3E671FC06867D66E38F1FFC06BC4D66E38F1FFC06BC4D0F980206711FD53600001E1F -beanhost MrDonothing -beanport 11386 -beanLogFile /home/hee/cadence/SoC/logs_hee/logs0/amps_Job22.log -beanbinlog  --domain 0 --interactive yes --netlistOpt no --useMultiPointEvaluation yes --exprEvalShowJobStderr yes --evalSimParallel no --maxSims 0 --historyName ExplorerRun.0 --historyUUID  --exprEvaluator vds --mcMapping mc1.mapping --checkLogStatusInterval 0 --checkSimulatorLogTimeout 1200 --exprEvalMaxTries 3 --maxNFSSyncWait 60 -adeBrokerAddress MrDonothing:52767 --fromADE true --virtuosoBinary virtuoso --guiDisplay MrDonothing:0 --globalStatus 60 --evaluateMultiMC yes --evalOnSimFail SkipFailedAnalyses --numRetriesOnError 1 --fenixMode explorer --lingertimeout 300 -ahdlLockTimeout 60 --sdbLib SoC_probe --sdbCell ADC_tb --sdbView maestro --heartBeatFileDir /dev/shm --id 22 --uuid 8cc60eae-a8b5-4193-9caf-a69e26b14d1b --log /home/hee/cadence/SoC/logs_hee/logs0/Job22.log "}
[2026-01-29 10:38:49.282 -0600] [PROCESS] [cadence.virtuoso.ade.simulationMonitor] - Started the simulation monitor process {"hostname": "MrDonothing", "processid": 15326, "logfile": "/home/hee/cadence/SoC/logs_hee/logs0/Job22.log", "current directory": "/home/hee/cadence/SoC"}
[2026-01-29 10:38:49.282 -0600] [PROCESS] [cadence.virtuoso.ade.simulationMonitor] - Simulation Monitor has successfully started up. Trying to set up communication channels to other components ... {"hostname": "MrDonothing", "processid": 15326, "logfile": "/home/hee/cadence/SoC/logs_hee/logs0/Job22.log"}
[2026-01-29 10:38:49.293 -0600] [PROCESS] [cadence.virtuoso.ade.simulationMonitor] - Communication channels have been successfully set up. Start processing events ... {"hostname": "MrDonothing", "processid": 15326, "logfile": "/home/hee/cadence/SoC/logs_hee/logs0/Job22.log"}
[2026-01-29 10:38:49.293 -0600] [PROCESS] [cadence.virtuoso.ade.simulationMonitor] - Considering to start history {"hostname": "MrDonothing", "processid": 15326, "history": "ExplorerRun.0", "logfile": "/home/hee/cadence/SoC/logs_hee/logs0/Job22.log"}
[2026-01-29 10:38:49.308 -0600] [PROCESS] [cadence.virtuoso.ade.simulationMonitor] - Padding test token found for runId '17', Linger time '300', currentRunSyn '33', currentTestSyn '34' {"hostname": "MrDonothing", "processid": 15326, "history": "ExplorerRun.0", "logfile": "/home/hee/cadence/SoC/logs_hee/logs0/Job22.log"}
[2026-01-29 10:38:49.372 -0600] [PROCESS] [cadence.virtuoso.ade.simulationMonitor] - Padding test token found for runId '17', Linger time '300', currentRunSyn '33', currentTestSyn '34' {"hostname": "MrDonothing", "processid": 15326, "history": "ExplorerRun.0", "logfile": "/home/hee/cadence/SoC/logs_hee/logs0/Job22.log"}
[2026-01-29 10:38:49.616 -0600] [PROCESS] [cadence.virtuoso.ade.simulationMonitor] - Padding test token found for runId '17', Linger time '300', currentRunSyn '33', currentTestSyn '34' {"hostname": "MrDonothing", "processid": 15326, "history": "ExplorerRun.0", "logfile": "/home/hee/cadence/SoC/logs_hee/logs0/Job22.log"}
[2026-01-29 10:38:51.006 -0600] [PROCESS] [cadence.virtuoso.ade.simulationMonitor] - HostInfo:
Host name (type):	MrDonothing (x86_64)
Operating system:	Linux 5.15.167.4-microsoft-standard-WSL2 #1 SMP Tue Nov 5 00:21:55 UTC 2024 {"hostname": "MrDonothing", "processid": 15326, "history": "ExplorerRun.0", "logfile": "/home/hee/cadence/SoC/logs_hee/logs0/Job22.log", "nodename": "MrDonothing", "domainname": "", "machine": "x86_64", "sysname": "Linux", "release": "5.15.167.4-microsoft-standard-WSL2", "version": "#1 SMP Tue Nov 5 00:21:55 UTC 2024"}
[2026-01-29 10:38:51.006 -0600] [PROCESS] [cadence.virtuoso.ade.simulationMonitor] - UsageInfo:
pid=15326
totalPhysicalMemory=15.433937GB,Used=1.966972GB,totalVirtualMemory=19.433937GB,Used=2.315079GB
Cpu: Cores=20, Load average:0.140000,0.120000,0.140000 {"hostname": "MrDonothing", "processid": 15326, "history": "ExplorerRun.0", "logfile": "/home/hee/cadence/SoC/logs_hee/logs0/Job22.log", "pid": "15326", "totalPhysicalMemory": "15.433937", "physicalMemoryUsed": "1.966972", "totalVirtualMemory": "19.433937", "virtualMemoryUsed": "2.315079", "cpuCores": "20", "processes": "326", "loadAverage1": "0.140000", "loadAverage5": "0.120000", "loadAverage15": "0.140000", "loadAverage1Percent": "0.007000"}
[2026-01-29 10:38:51.006 -0600] [EVENT] [cadence.virtuoso.ade.simulationMonitor] - NewPoint {"history": "ExplorerRun.0", "point": 1, "testname": "SoC_probe_ADC_tb_1", "cornername": "Nominal", "event": "NewPoint", "EventSource": "Simulation Monitor", "HistoryName": "ExplorerRun.0", "logFile": "/home/hee/cadence/SoC/logs_hee/logs0/Job22.log", "logFileSize": "4849", "category": "simulation"}
[2026-01-29 10:38:51.108 -0600] [EVENT] [cadence.virtuoso.ade.simulationMonitor] - NewPoint {"history": "ExplorerRun.0", "point": 1, "testname": "SoC_probe_ADC_tb_1", "cornername": "Nominal", "event": "NewPoint", "EventSource": "ams", "HistoryName": "ExplorerRun.0", "logFile": "/home/hee/simulation/SoC_probe/ADC_tb/maestro/results/maestro/ExplorerRun.0/1/SoC_probe_ADC_tb_1/psf/xrun.log", "logFileSize": "-1", "category": "simulation"}
[2026-01-29 10:38:51.117 -0600] [PROCESS] [cadence.virtuoso.ade.simulationMonitor] - Simulator launched {"hostname": "MrDonothing", "processid": 15326, "history": "ExplorerRun.0", "testname": "SoC_probe_ADC_tb_1", "cornername": "Nominal", "point": 1, "logfile": "/home/hee/cadence/SoC/logs_hee/logs0/Job22.log", "simid": "1", "event": "launch", "category": "simulation"}
[2026-01-29 10:38:51.119 -0600] [PROCESS] [cadence.virtuoso.ade.simulationMonitor] - Expression evaluator launched {"hostname": "MrDonothing", "processid": 15326, "history": "ExplorerRun.0", "testname": "SoC_probe_ADC_tb_1", "cornername": "Nominal", "point": 1, "logfile": "/home/hee/cadence/SoC/logs_hee/logs0/Job22.log"}
[2026-01-29 10:38:51.124 -0600] [PROCESS] [cadence.virtuoso.ade.simulationMonitor] - Started Simulation {"hostname": "MrDonothing", "processid": 15326, "history": "ExplorerRun.0", "testname": "SoC_probe_ADC_tb_1", "cornername": "Nominal", "point": 1, "logfile": "/home/hee/cadence/SoC/logs_hee/logs0/Job22.log", "event": "start", "category": "simulation"}
[2026-01-29 10:41:37.910 -0600] [INFO] [cadence.virtuoso.ade.simulationMonitor] - Notice from spectre during circuit read-in.
    Configuration file used: `/opt/cadence/installs/SPECTRE231/tools.lnx86/spectre/etc/configs/ams.cfg'. {"history": "ExplorerRun.0", "point": 1, "testname": "SoC_probe_ADC_tb_1", "cornername": "Nominal"}
[2026-01-29 10:41:37.911 -0600] [INFO] [cadence.virtuoso.ade.simulationMonitor] - Notice from spectre in `cds_globals', during circuit read-in.
    "/home/hee/simulation/SoC_probe/ADC_tb/maestro/results/maestro/ExplorerRun.0/1/SoC_probe_ADC_tb_1/netlist/cds_globals.vams" 13: Subcircuit 'cds_globals' is empty. {"history": "ExplorerRun.0", "point": 1, "testname": "SoC_probe_ADC_tb_1", "cornername": "Nominal"}
[2026-01-29 10:41:37.911 -0600] [INFO] [cadence.virtuoso.ade.simulationMonitor] - Peak resident memory used = 183 Mbytes. {"history": "ExplorerRun.0", "point": 1, "testname": "SoC_probe_ADC_tb_1", "cornername": "Nominal"}
[2026-01-29 10:41:38.411 -0600] [INFO] [cadence.virtuoso.ade.simulationMonitor] - Peak resident memory used = 195 Mbytes. {"history": "ExplorerRun.0", "point": 1, "testname": "SoC_probe_ADC_tb_1", "cornername": "Nominal"}
[2026-01-29 10:41:38.411 -0600] [INFO] [cadence.virtuoso.ade.simulationMonitor] - Peak resident memory used = 196 Mbytes. {"history": "ExplorerRun.0", "point": 1, "testname": "SoC_probe_ADC_tb_1", "cornername": "Nominal"}
[2026-01-29 10:41:38.411 -0600] [INFO] [cadence.virtuoso.ade.simulationMonitor] - Notice from spectre during initial setup.
    Ignorevaref=yes is ignored since all nodes are connected to Verilog-A modules. {"history": "ExplorerRun.0", "point": 1, "testname": "SoC_probe_ADC_tb_1", "cornername": "Nominal"}
[2026-01-29 10:41:38.411 -0600] [INFO] [cadence.virtuoso.ade.simulationMonitor] - Notice from spectre during topology check.
    No connections to node `0'. {"history": "ExplorerRun.0", "point": 1, "testname": "SoC_probe_ADC_tb_1", "cornername": "Nominal"}
[2026-01-29 10:41:38.411 -0600] [INFO] [cadence.virtuoso.ade.simulationMonitor] - Notice from spectre during initial setup.
    Multithreading is disabled due to the size of the design being too small. {"history": "ExplorerRun.0", "point": 1, "testname": "SoC_probe_ADC_tb_1", "cornername": "Nominal"}
[2026-01-29 10:41:38.412 -0600] [INFO] [cadence.virtuoso.ade.simulationMonitor] -               nodes 10 {"history": "ExplorerRun.0", "point": 1, "testname": "SoC_probe_ADC_tb_1", "cornername": "Nominal"}
[2026-01-29 10:41:38.412 -0600] [INFO] [cadence.virtuoso.ade.simulationMonitor] - Notice from spectre during initial setup.
    APS enabled. {"history": "ExplorerRun.0", "point": 1, "testname": "SoC_probe_ADC_tb_1", "cornername": "Nominal"}
[2026-01-29 10:41:38.412 -0600] [INFO] [cadence.virtuoso.ade.simulationMonitor] - Peak resident memory used = 198 Mbytes. {"history": "ExplorerRun.0", "point": 1, "testname": "SoC_probe_ADC_tb_1", "cornername": "Nominal"}
[2026-01-29 10:41:38.412 -0600] [INFO] [cadence.virtuoso.ade.simulationMonitor] -    -   (APS) Multi-threading. The recommended number of threads is 1, consider adding +mt=1 on command line. {"history": "ExplorerRun.0", "point": 1, "testname": "SoC_probe_ADC_tb_1", "cornername": "Nominal"}
[2026-01-29 10:41:38.412 -0600] [WARN] [cadence.virtuoso.ade.simulationMonitor] -     WARNING (SPECTRE-470): No ground node was found in the netlist. To continue with this simulation, Spectre will add a gmin. If you want to use a specific ground node, define that as the first entry in the Spectre global statement and rerun the simulation. {"history": "ExplorerRun.0", "point": 1, "testname": "SoC_probe_ADC_tb_1", "cornername": "Nominal"}
[2026-01-29 10:42:05.285 -0600] [PROCESS] [cadence.virtuoso.ade.simulationMonitor] - Finished simulating for one point {"hostname": "MrDonothing", "processid": 15326, "history": "ExplorerRun.0", "testname": "SoC_probe_ADC_tb_1", "cornername": "Nominal", "point": 1, "logfile": "/home/hee/cadence/SoC/logs_hee/logs0/Job22.log", "simid": "1", "event": "finish", "category": "simulation"}
[2026-01-29 10:42:05.318 -0600] [ERROR] [cadence.virtuoso.ade.simulationMonitor] - While simulating run ExplorerRun.0, point 1, test SoC_probe_ADC_tb_1, received error:
Simulation Error:
 The simulator process returned a non-zero exit code, indicating failure.
The simulator could have crashed or intentionally returned to indicate an error.
Check the simulator log file for more information.  Common causes:
1. Simulator may have crashed during exit even after reporting success in log file.
2. Abrupt automatic simulator termination (e.g., SIGKILL) because the simulator process has
   exceed... {"history": "ExplorerRun.0", "point": 1, "testname": "SoC_probe_ADC_tb_1", "cornername": "Nominal"}
[2026-01-29 10:42:05.320 -0600] [PROCESS] [cadence.virtuoso.ade.simulationMonitor] - Finished Simulation {"hostname": "MrDonothing", "processid": 15326, "history": "ExplorerRun.0", "testname": "SoC_probe_ADC_tb_1", "cornername": "Nominal", "point": 1, "logfile": "/home/hee/cadence/SoC/logs_hee/logs0/Job22.log", "simid": "1", "event": "finish", "category": "obsolete"}
[2026-01-29 10:42:09.826 -0600] [PROCESS] [cadence.virtuoso.ade.simulationMonitor] - Point Finished {"hostname": "MrDonothing", "processid": 15326, "history": "ExplorerRun.0", "testname": "SoC_probe_ADC_tb_1", "cornername": "Nominal", "point": 1, "logfile": "/home/hee/cadence/SoC/logs_hee/logs0/Job22.log", "event": "finish", "category": "sim-eval"}
[2026-01-29 10:47:10.949 -0600] [PROCESS] [cadence.virtuoso.ade.simulationMonitor] - Current memory used: 15.8086 MBytes, peak memory used: 86.3320 MBytes {"hostname": "MrDonothing", "processid": 15326, "history": "ExplorerRun.0", "testname": "SoC_probe_ADC_tb_1", "cornername": "Nominal", "point": 1, "logfile": "/home/hee/cadence/SoC/logs_hee/logs0/Job22.log"}
[2026-01-29 10:47:10.950 -0600] [PROCESS] [cadence.virtuoso.ade.simulationMonitor] - Simulation Monitor process exits. {"hostname": "MrDonothing", "processid": 15326, "history": "ExplorerRun.0", "testname": "SoC_probe_ADC_tb_1", "cornername": "Nominal", "point": 1, "logfile": "/home/hee/cadence/SoC/logs_hee/logs0/Job22.log"}
