[Simulation Monitor: 3]
[2026-02-23 13:12:52.363 +1100] [PROCESS] [cadence.virtuoso.ade.simulationMonitor] - Started the simulation monitor process {"hostname": "MrDonothing", "processid": 11046, "logfile": "/home/hee/projects/agriculture-SoC/analog/cadence/notech/SoC/logs_hee/logs0/Job3.log", "simulation monitor command line": "/opt/cadence/installs/IC231/tools.lnx86/dfII/bin/64bit/spectreMonitor -mpssession virtuoso71 -mpshost MrDonothing --davinciService DaVinciService_71_1771806811 --axlsession fnxSession1 -lscs 000175E1894CBE06FF0966E38F1FFC06BC4D03E3E77AFC06BC4D4CE3B605886ED2223BD3E671FC06867D66E38F1FFC06BC4D66E38F1FFC06BC4D0F7838BB4BA2D5D600001E5F -beanhost MrDonothing -beanport 11719 -beanLogFile /home/hee/projects/agriculture-SoC/analog/cadence/notech/SoC/logs_hee/logs0/amps_Job3.log -beanbinlog  --domain 0 --interactive yes --netlistOpt no --useMultiPointEvaluation yes --exprEvalShowJobStderr yes --evalSimParallel no --maxSims 0 --historyName ExplorerRun.0 --historyUUID  --exprEvaluator vds --mcMapping mc1.mapping --checkLogStatusInterval 0 --checkSimulatorLogTimeout 1200 --exprEvalMaxTries 3 --maxNFSSyncWait 60 -adeBrokerAddress MrDonothing:36451 --fromADE true --virtuosoBinary virtuoso --guiDisplay MrDonothing:0 --globalStatus 60 --evaluateMultiMC yes --evalOnSimFail SkipFailedAnalyses --numRetriesOnError 1 --fenixMode explorer --lingertimeout 300 -ahdlLockTimeout 60 --sdbLib SoC_AFE --sdbCell cap_array_8b_tb --sdbView maestro --heartBeatFileDir /dev/shm --id 3 --uuid 18004c98-cf0d-41ed-b1f6-be3a738aa3ef --log /home/hee/projects/agriculture-SoC/analog/cadence/notech/SoC/logs_hee/logs0/Job3.log "}
[2026-02-23 13:12:52.363 +1100] [PROCESS] [cadence.virtuoso.ade.simulationMonitor] - Started the simulation monitor process {"hostname": "MrDonothing", "processid": 11046, "logfile": "/home/hee/projects/agriculture-SoC/analog/cadence/notech/SoC/logs_hee/logs0/Job3.log", "current directory": "/home/hee/projects/agriculture-SoC/analog/cadence/notech/SoC"}
[2026-02-23 13:12:52.363 +1100] [PROCESS] [cadence.virtuoso.ade.simulationMonitor] - Simulation Monitor has successfully started up. Trying to set up communication channels to other components ... {"hostname": "MrDonothing", "processid": 11046, "logfile": "/home/hee/projects/agriculture-SoC/analog/cadence/notech/SoC/logs_hee/logs0/Job3.log"}
[2026-02-23 13:12:52.364 +1100] [PROCESS] [cadence.virtuoso.ade.simulationMonitor] - Communication channels have been successfully set up. Start processing events ... {"hostname": "MrDonothing", "processid": 11046, "logfile": "/home/hee/projects/agriculture-SoC/analog/cadence/notech/SoC/logs_hee/logs0/Job3.log"}
[2026-02-23 13:12:52.364 +1100] [PROCESS] [cadence.virtuoso.ade.simulationMonitor] - Considering to start history {"hostname": "MrDonothing", "processid": 11046, "history": "ExplorerRun.0", "logfile": "/home/hee/projects/agriculture-SoC/analog/cadence/notech/SoC/logs_hee/logs0/Job3.log"}
[2026-02-23 13:12:52.366 +1100] [PROCESS] [cadence.virtuoso.ade.simulationMonitor] - HostInfo:
Host name (type):	MrDonothing (x86_64)
Operating system:	Linux 5.15.167.4-microsoft-standard-WSL2 #1 SMP Tue Nov 5 00:21:55 UTC 2024 {"hostname": "MrDonothing", "processid": 11046, "history": "ExplorerRun.0", "logfile": "/home/hee/projects/agriculture-SoC/analog/cadence/notech/SoC/logs_hee/logs0/Job3.log", "nodename": "MrDonothing", "domainname": "", "machine": "x86_64", "sysname": "Linux", "release": "5.15.167.4-microsoft-standard-WSL2", "version": "#1 SMP Tue Nov 5 00:21:55 UTC 2024"}
[2026-02-23 13:12:52.366 +1100] [PROCESS] [cadence.virtuoso.ade.simulationMonitor] - UsageInfo:
pid=11046
totalPhysicalMemory=15.433941GB,Used=2.273800GB,totalVirtualMemory=19.433941GB,Used=2.273800GB
Cpu: Cores=20, Load average:0.000000,0.020000,0.000000 {"hostname": "MrDonothing", "processid": 11046, "history": "ExplorerRun.0", "logfile": "/home/hee/projects/agriculture-SoC/analog/cadence/notech/SoC/logs_hee/logs0/Job3.log", "pid": "11046", "totalPhysicalMemory": "15.433941", "physicalMemoryUsed": "2.273800", "totalVirtualMemory": "19.433941", "virtualMemoryUsed": "2.273800", "cpuCores": "20", "processes": "357", "loadAverage1": "0.000000", "loadAverage5": "0.020000", "loadAverage15": "0.000000", "loadAverage1Percent": "0.000000"}
[2026-02-23 13:12:52.367 +1100] [EVENT] [cadence.virtuoso.ade.simulationMonitor] - NewPoint {"history": "ExplorerRun.0", "point": 1, "testname": "SoC_AFE_cap_array_8b_tb_1", "cornername": "Nominal", "event": "NewPoint", "EventSource": "Simulation Monitor", "HistoryName": "ExplorerRun.0", "logFile": "/home/hee/projects/agriculture-SoC/analog/cadence/notech/SoC/logs_hee/logs0/Job3.log", "logFileSize": "4269", "category": "simulation"}
[2026-02-23 13:12:52.467 +1100] [EVENT] [cadence.virtuoso.ade.simulationMonitor] - NewPoint {"history": "ExplorerRun.0", "point": 1, "testname": "SoC_AFE_cap_array_8b_tb_1", "cornername": "Nominal", "event": "NewPoint", "EventSource": "spectre", "HistoryName": "ExplorerRun.0", "logFile": "/home/hee/simulation/SoC_AFE/cap_array_8b_tb/maestro/results/maestro/ExplorerRun.0/1/SoC_AFE_cap_array_8b_tb_1/psf/spectre.out", "logFileSize": "-1", "category": "simulation"}
[2026-02-23 13:12:52.744 +1100] [PROCESS] [cadence.virtuoso.ade.simulationMonitor] - Simulator launched {"hostname": "MrDonothing", "processid": 11046, "history": "ExplorerRun.0", "testname": "SoC_AFE_cap_array_8b_tb_1", "cornername": "Nominal", "point": 1, "logfile": "/home/hee/projects/agriculture-SoC/analog/cadence/notech/SoC/logs_hee/logs0/Job3.log", "simid": "1", "event": "launch", "category": "simulation"}
[2026-02-23 13:12:52.745 +1100] [PROCESS] [cadence.virtuoso.ade.simulationMonitor] - Expression evaluator launched {"hostname": "MrDonothing", "processid": 11046, "history": "ExplorerRun.0", "testname": "SoC_AFE_cap_array_8b_tb_1", "cornername": "Nominal", "point": 1, "logfile": "/home/hee/projects/agriculture-SoC/analog/cadence/notech/SoC/logs_hee/logs0/Job3.log"}
[2026-02-23 13:12:52.750 +1100] [PROCESS] [cadence.virtuoso.ade.simulationMonitor] - Started Simulation {"hostname": "MrDonothing", "processid": 11046, "history": "ExplorerRun.0", "testname": "SoC_AFE_cap_array_8b_tb_1", "cornername": "Nominal", "point": 1, "logfile": "/home/hee/projects/agriculture-SoC/analog/cadence/notech/SoC/logs_hee/logs0/Job3.log", "event": "start", "category": "simulation"}
[2026-02-23 13:12:54.251 +1100] [INFO] [cadence.virtuoso.ade.simulationMonitor] - Peak resident memory used = 170 Mbytes. {"history": "ExplorerRun.0", "point": 1, "testname": "SoC_AFE_cap_array_8b_tb_1", "cornername": "Nominal"}
[2026-02-23 13:12:54.251 +1100] [INFO] [cadence.virtuoso.ade.simulationMonitor] - Peak resident memory used = 178 Mbytes. {"history": "ExplorerRun.0", "point": 1, "testname": "SoC_AFE_cap_array_8b_tb_1", "cornername": "Nominal"}
[2026-02-23 13:12:54.251 +1100] [INFO] [cadence.virtuoso.ade.simulationMonitor] - Peak resident memory used = 180 Mbytes. {"history": "ExplorerRun.0", "point": 1, "testname": "SoC_AFE_cap_array_8b_tb_1", "cornername": "Nominal"}
[2026-02-23 13:12:54.251 +1100] [INFO] [cadence.virtuoso.ade.simulationMonitor] - Notice from spectre during initial setup.
    Ignorevaref=yes is ignored since all nodes are connected to Verilog-A modules.
    Multithreading is disabled due to the size of the design being too small. {"history": "ExplorerRun.0", "point": 1, "testname": "SoC_AFE_cap_array_8b_tb_1", "cornername": "Nominal"}
[2026-02-23 13:12:54.251 +1100] [INFO] [cadence.virtuoso.ade.simulationMonitor] -               nodes 43 {"history": "ExplorerRun.0", "point": 1, "testname": "SoC_AFE_cap_array_8b_tb_1", "cornername": "Nominal"}
[2026-02-23 13:12:54.251 +1100] [INFO] [cadence.virtuoso.ade.simulationMonitor] - Notice from spectre during initial setup.
    Protected devices exist and are not included in the circuit inventory.
    APS enabled. {"history": "ExplorerRun.0", "point": 1, "testname": "SoC_AFE_cap_array_8b_tb_1", "cornername": "Nominal"}
[2026-02-23 13:12:54.251 +1100] [INFO] [cadence.virtuoso.ade.simulationMonitor] - Peak resident memory used = 183 Mbytes. {"history": "ExplorerRun.0", "point": 1, "testname": "SoC_AFE_cap_array_8b_tb_1", "cornername": "Nominal"}
[2026-02-23 13:12:54.251 +1100] [INFO] [cadence.virtuoso.ade.simulationMonitor] -    -   (APS) Multi-threading. The recommended number of threads is 1, consider adding +mt=1 on command line. {"history": "ExplorerRun.0", "point": 1, "testname": "SoC_AFE_cap_array_8b_tb_1", "cornername": "Nominal"}
[2026-02-23 13:12:54.251 +1100] [INFO] [cadence.virtuoso.ade.simulationMonitor] - Notice from spectre during transient analysis `tran'.
    Multithreading is disabled due to the size of the design being too small. {"history": "ExplorerRun.0", "point": 1, "testname": "SoC_AFE_cap_array_8b_tb_1", "cornername": "Nominal"}
[2026-02-23 13:12:54.251 +1100] [INFO] [cadence.virtuoso.ade.simulationMonitor] - Notice from spectre at time = 1.42 ns during transient analysis `tran'.
    Found trapezoidal ringing on node _vvss!:p. {"history": "ExplorerRun.0", "point": 1, "testname": "SoC_AFE_cap_array_8b_tb_1", "cornername": "Nominal"}
[2026-02-23 13:12:54.251 +1100] [INFO] [cadence.virtuoso.ade.simulationMonitor] - Notice from spectre at time = 1.82 ns during transient analysis `tran'.
    Found trapezoidal ringing on node _vvss!:p. {"history": "ExplorerRun.0", "point": 1, "testname": "SoC_AFE_cap_array_8b_tb_1", "cornername": "Nominal"}
[2026-02-23 13:12:54.252 +1100] [INFO] [cadence.virtuoso.ade.simulationMonitor] - Notice from spectre at time = 2.22 ns during transient analysis `tran'.
    Found trapezoidal ringing on node _vvss!:p. {"history": "ExplorerRun.0", "point": 1, "testname": "SoC_AFE_cap_array_8b_tb_1", "cornername": "Nominal"}
[2026-02-23 13:12:54.252 +1100] [INFO] [cadence.virtuoso.ade.simulationMonitor] - Notice from spectre at time = 2.62 ns during transient analysis `tran'.
    Found trapezoidal ringing on node _vvss!:p. {"history": "ExplorerRun.0", "point": 1, "testname": "SoC_AFE_cap_array_8b_tb_1", "cornername": "Nominal"}
[2026-02-23 13:12:54.252 +1100] [INFO] [cadence.virtuoso.ade.simulationMonitor] - Notice from spectre at time = 3.02 ns during transient analysis `tran'.
    Found trapezoidal ringing on node _vvss!:p.
        Further occurrences of this notice will be suppressed. {"history": "ExplorerRun.0", "point": 1, "testname": "SoC_AFE_cap_array_8b_tb_1", "cornername": "Nominal"}
[2026-02-23 13:12:54.252 +1100] [INFO] [cadence.virtuoso.ade.simulationMonitor] - Notice from spectre during transient analysis `tran'.
    Trapezoidal ringing is detected during tran analysis.
        Please use method=trap for better results and performance. {"history": "ExplorerRun.0", "point": 1, "testname": "SoC_AFE_cap_array_8b_tb_1", "cornername": "Nominal"}
[2026-02-23 13:12:54.252 +1100] [INFO] [cadence.virtuoso.ade.simulationMonitor] - Intrinsic tran analysis time:    CPU = 4.674 ms, elapsed = 12.2099 ms. {"history": "ExplorerRun.0", "point": 1, "testname": "SoC_AFE_cap_array_8b_tb_1", "cornername": "Nominal"}
[2026-02-23 13:12:54.252 +1100] [INFO] [cadence.virtuoso.ade.simulationMonitor] - Total time required for tran analysis `tran': CPU = 7.013 ms, elapsed = 19.026 ms, util. = 36.9%. {"history": "ExplorerRun.0", "point": 1, "testname": "SoC_AFE_cap_array_8b_tb_1", "cornername": "Nominal"}
[2026-02-23 13:12:54.252 +1100] [INFO] [cadence.virtuoso.ade.simulationMonitor] - Peak resident memory used = 187 Mbytes. {"history": "ExplorerRun.0", "point": 1, "testname": "SoC_AFE_cap_array_8b_tb_1", "cornername": "Nominal"}
[2026-02-23 13:12:54.252 +1100] [INFO] [cadence.virtuoso.ade.simulationMonitor] - Notice from spectre.
    48 notices suppressed. {"history": "ExplorerRun.0", "point": 1, "testname": "SoC_AFE_cap_array_8b_tb_1", "cornername": "Nominal"}
[2026-02-23 13:12:54.252 +1100] [INFO] [cadence.virtuoso.ade.simulationMonitor] - Time used: CPU = 187 ms, elapsed = 961 ms, util. = 19.5%. {"history": "ExplorerRun.0", "point": 1, "testname": "SoC_AFE_cap_array_8b_tb_1", "cornername": "Nominal"}
[2026-02-23 13:12:54.252 +1100] [INFO] [cadence.virtuoso.ade.simulationMonitor] - Time spent in licensing: elapsed = 961 ms, percentage of total = 100%. {"history": "ExplorerRun.0", "point": 1, "testname": "SoC_AFE_cap_array_8b_tb_1", "cornername": "Nominal"}
[2026-02-23 13:12:54.252 +1100] [INFO] [cadence.virtuoso.ade.simulationMonitor] - Peak memory used = 189 Mbytes. {"history": "ExplorerRun.0", "point": 1, "testname": "SoC_AFE_cap_array_8b_tb_1", "cornername": "Nominal"}
[2026-02-23 13:12:54.252 +1100] [PROCESS] [cadence.virtuoso.ade.simulationMonitor] - Simulation started at: 1:12:53 PM, Mon Feb 23, 2026, ended at: 1:12:53 PM, Mon Feb 23, 2026, with elapsed time (wall clock): 961 ms. {"history": "ExplorerRun.0", "point": 1, "testname": "SoC_AFE_cap_array_8b_tb_1", "cornername": "Nominal"}
[2026-02-23 13:12:54.252 +1100] [PROCESS] [cadence.virtuoso.ade.simulationMonitor] - spectre completes with 0 errors, 0 warnings, and 13 notices. {"history": "ExplorerRun.0", "point": 1, "testname": "SoC_AFE_cap_array_8b_tb_1", "cornername": "Nominal"}
[2026-02-23 13:12:54.752 +1100] [PROCESS] [cadence.virtuoso.ade.simulationMonitor] - Finished simulating for one point {"hostname": "MrDonothing", "processid": 11046, "history": "ExplorerRun.0", "testname": "SoC_AFE_cap_array_8b_tb_1", "cornername": "Nominal", "point": 1, "logfile": "/home/hee/projects/agriculture-SoC/analog/cadence/notech/SoC/logs_hee/logs0/Job3.log", "simid": "1", "event": "finish", "category": "simulation"}
[2026-02-23 13:12:54.752 +1100] [PROCESS] [cadence.virtuoso.ade.simulationMonitor] - Simulator exited {"hostname": "MrDonothing", "processid": 11046, "history": "ExplorerRun.0", "testname": "SoC_AFE_cap_array_8b_tb_1", "cornername": "Nominal", "point": 1, "logfile": "/home/hee/projects/agriculture-SoC/analog/cadence/notech/SoC/logs_hee/logs0/Job3.log", "exitStatus": "0"}
[2026-02-23 13:12:54.752 +1100] [PROCESS] [cadence.virtuoso.ade.simulationMonitor] - Finished Simulation {"hostname": "MrDonothing", "processid": 11046, "history": "ExplorerRun.0", "testname": "SoC_AFE_cap_array_8b_tb_1", "cornername": "Nominal", "point": 1, "logfile": "/home/hee/projects/agriculture-SoC/analog/cadence/notech/SoC/logs_hee/logs0/Job3.log", "simid": "1", "event": "finish", "category": "obsolete"}
[2026-02-23 13:12:55.753 +1100] [PROCESS] [cadence.virtuoso.ade.simulationMonitor] - Point Finished {"hostname": "MrDonothing", "processid": 11046, "history": "ExplorerRun.0", "testname": "SoC_AFE_cap_array_8b_tb_1", "cornername": "Nominal", "point": 1, "logfile": "/home/hee/projects/agriculture-SoC/analog/cadence/notech/SoC/logs_hee/logs0/Job3.log", "event": "finish", "category": "sim-eval"}
[2026-02-23 13:13:18.432 +1100] [INFO] [cadence.virtuoso.ade.simulationMonitor] - SimulationMonitor has terminated the vds process '11112', reason: 'Force to stop the expression evalutor process because of new run' {"history": "ExplorerRun.0", "point": 1, "testname": "SoC_AFE_cap_array_8b_tb_1", "cornername": "Nominal"}
[2026-02-23 13:13:18.432 +1100] [PROCESS] [cadence.virtuoso.ade.simulationMonitor] - HostInfo:
Host name (type):	MrDonothing (x86_64)
Operating system:	Linux 5.15.167.4-microsoft-standard-WSL2 #1 SMP Tue Nov 5 00:21:55 UTC 2024 {"hostname": "MrDonothing", "processid": 11046, "history": "ExplorerRun.0", "testname": "SoC_AFE_cap_array_8b_tb_1", "cornername": "Nominal", "point": 1, "logfile": "/home/hee/projects/agriculture-SoC/analog/cadence/notech/SoC/logs_hee/logs0/Job3.log", "nodename": "MrDonothing", "domainname": "", "machine": "x86_64", "sysname": "Linux", "release": "5.15.167.4-microsoft-standard-WSL2", "version": "#1 SMP Tue Nov 5 00:21:55 UTC 2024"}
[2026-02-23 13:13:18.432 +1100] [PROCESS] [cadence.virtuoso.ade.simulationMonitor] - UsageInfo:
pid=11046
totalPhysicalMemory=15.433941GB,Used=2.568939GB,totalVirtualMemory=19.433941GB,Used=2.568939GB
Cpu: Cores=20, Load average:0.110000,0.050000,0.010000 {"hostname": "MrDonothing", "processid": 11046, "history": "ExplorerRun.0", "testname": "SoC_AFE_cap_array_8b_tb_1", "cornername": "Nominal", "point": 1, "logfile": "/home/hee/projects/agriculture-SoC/analog/cadence/notech/SoC/logs_hee/logs0/Job3.log", "pid": "11046", "totalPhysicalMemory": "15.433941", "physicalMemoryUsed": "2.568939", "totalVirtualMemory": "19.433941", "virtualMemoryUsed": "2.568939", "cpuCores": "20", "processes": "379", "loadAverage1": "0.110000", "loadAverage5": "0.050000", "loadAverage15": "0.010000", "loadAverage1Percent": "0.005500"}
[2026-02-23 13:13:18.433 +1100] [EVENT] [cadence.virtuoso.ade.simulationMonitor] - NewPoint {"history": "ExplorerRun.0", "point": 1, "testname": "SoC_AFE_cap_array_8b_tb_1", "cornername": "Nominal", "event": "NewPoint", "EventSource": "Simulation Monitor", "HistoryName": "ExplorerRun.0", "logFile": "/home/hee/projects/agriculture-SoC/analog/cadence/notech/SoC/logs_hee/logs0/Job3.log", "logFileSize": "16537", "category": "simulation"}
[2026-02-23 13:13:18.534 +1100] [EVENT] [cadence.virtuoso.ade.simulationMonitor] - NewPoint {"history": "ExplorerRun.0", "point": 1, "testname": "SoC_AFE_cap_array_8b_tb_1", "cornername": "Nominal", "event": "NewPoint", "EventSource": "spectre", "HistoryName": "ExplorerRun.0", "logFile": "/home/hee/simulation/SoC_AFE/cap_array_8b_tb/maestro/results/maestro/ExplorerRun.0/1/SoC_AFE_cap_array_8b_tb_1/psf/spectre.out", "logFileSize": "-1", "category": "simulation"}
[2026-02-23 13:13:18.760 +1100] [PROCESS] [cadence.virtuoso.ade.simulationMonitor] - Simulator launched {"hostname": "MrDonothing", "processid": 11046, "history": "ExplorerRun.0", "testname": "SoC_AFE_cap_array_8b_tb_1", "cornername": "Nominal", "point": 1, "logfile": "/home/hee/projects/agriculture-SoC/analog/cadence/notech/SoC/logs_hee/logs0/Job3.log", "simid": "2", "event": "launch", "category": "simulation"}
[2026-02-23 13:13:18.761 +1100] [PROCESS] [cadence.virtuoso.ade.simulationMonitor] - Expression evaluator launched {"hostname": "MrDonothing", "processid": 11046, "history": "ExplorerRun.0", "testname": "SoC_AFE_cap_array_8b_tb_1", "cornername": "Nominal", "point": 1, "logfile": "/home/hee/projects/agriculture-SoC/analog/cadence/notech/SoC/logs_hee/logs0/Job3.log"}
[2026-02-23 13:13:18.766 +1100] [PROCESS] [cadence.virtuoso.ade.simulationMonitor] - Started Simulation {"hostname": "MrDonothing", "processid": 11046, "history": "ExplorerRun.0", "testname": "SoC_AFE_cap_array_8b_tb_1", "cornername": "Nominal", "point": 1, "logfile": "/home/hee/projects/agriculture-SoC/analog/cadence/notech/SoC/logs_hee/logs0/Job3.log", "event": "start", "category": "simulation"}
[2026-02-23 13:13:19.767 +1100] [INFO] [cadence.virtuoso.ade.simulationMonitor] - Peak resident memory used = 175 Mbytes. {"history": "ExplorerRun.0", "point": 1, "testname": "SoC_AFE_cap_array_8b_tb_1", "cornername": "Nominal"}
[2026-02-23 13:13:19.767 +1100] [INFO] [cadence.virtuoso.ade.simulationMonitor] - Peak resident memory used = 183 Mbytes. {"history": "ExplorerRun.0", "point": 1, "testname": "SoC_AFE_cap_array_8b_tb_1", "cornername": "Nominal"}
[2026-02-23 13:13:19.767 +1100] [INFO] [cadence.virtuoso.ade.simulationMonitor] - Peak resident memory used = 184 Mbytes. {"history": "ExplorerRun.0", "point": 1, "testname": "SoC_AFE_cap_array_8b_tb_1", "cornername": "Nominal"}
[2026-02-23 13:13:19.767 +1100] [INFO] [cadence.virtuoso.ade.simulationMonitor] - Notice from spectre during initial setup.
    Ignorevaref=yes is ignored since all nodes are connected to Verilog-A modules.
    Multithreading is disabled due to the size of the design being too small. {"history": "ExplorerRun.0", "point": 1, "testname": "SoC_AFE_cap_array_8b_tb_1", "cornername": "Nominal"}
[2026-02-23 13:13:19.767 +1100] [INFO] [cadence.virtuoso.ade.simulationMonitor] -               nodes 43 {"history": "ExplorerRun.0", "point": 1, "testname": "SoC_AFE_cap_array_8b_tb_1", "cornername": "Nominal"}
[2026-02-23 13:13:19.767 +1100] [INFO] [cadence.virtuoso.ade.simulationMonitor] - Notice from spectre during initial setup.
    Protected devices exist and are not included in the circuit inventory.
    APS enabled. {"history": "ExplorerRun.0", "point": 1, "testname": "SoC_AFE_cap_array_8b_tb_1", "cornername": "Nominal"}
[2026-02-23 13:13:19.767 +1100] [INFO] [cadence.virtuoso.ade.simulationMonitor] - Peak resident memory used = 187 Mbytes. {"history": "ExplorerRun.0", "point": 1, "testname": "SoC_AFE_cap_array_8b_tb_1", "cornername": "Nominal"}
[2026-02-23 13:13:19.767 +1100] [INFO] [cadence.virtuoso.ade.simulationMonitor] -    -   (APS) Multi-threading. The recommended number of threads is 1, consider adding +mt=1 on command line. {"history": "ExplorerRun.0", "point": 1, "testname": "SoC_AFE_cap_array_8b_tb_1", "cornername": "Nominal"}
[2026-02-23 13:13:19.767 +1100] [INFO] [cadence.virtuoso.ade.simulationMonitor] - Notice from spectre during transient analysis `tran'.
    Multithreading is disabled due to the size of the design being too small. {"history": "ExplorerRun.0", "point": 1, "testname": "SoC_AFE_cap_array_8b_tb_1", "cornername": "Nominal"}
[2026-02-23 13:13:19.767 +1100] [INFO] [cadence.virtuoso.ade.simulationMonitor] - Notice from spectre at time = 15.2429 ns during transient analysis `tran'.
    Found trapezoidal ringing on node _vvss!:p. {"history": "ExplorerRun.0", "point": 1, "testname": "SoC_AFE_cap_array_8b_tb_1", "cornername": "Nominal"}
[2026-02-23 13:13:19.767 +1100] [INFO] [cadence.virtuoso.ade.simulationMonitor] - Notice from spectre at time = 20.4857 ns during transient analysis `tran'.
    Found trapezoidal ringing on node _vvss!:p. {"history": "ExplorerRun.0", "point": 1, "testname": "SoC_AFE_cap_array_8b_tb_1", "cornername": "Nominal"}
[2026-02-23 13:13:19.767 +1100] [INFO] [cadence.virtuoso.ade.simulationMonitor] - Notice from spectre at time = 30.9715 ns during transient analysis `tran'.
    Found trapezoidal ringing on node _vvss!:p. {"history": "ExplorerRun.0", "point": 1, "testname": "SoC_AFE_cap_array_8b_tb_1", "cornername": "Nominal"}
[2026-02-23 13:13:19.767 +1100] [INFO] [cadence.virtuoso.ade.simulationMonitor] - Notice from spectre at time = 51.943 ns during transient analysis `tran'.
    Found trapezoidal ringing on node _vvss!:p. {"history": "ExplorerRun.0", "point": 1, "testname": "SoC_AFE_cap_array_8b_tb_1", "cornername": "Nominal"}
[2026-02-23 13:13:19.767 +1100] [INFO] [cadence.virtuoso.ade.simulationMonitor] - Notice from spectre at time = 76.4715 ns during transient analysis `tran'.
    Found trapezoidal ringing on node _vvss!:p.
        Further occurrences of this notice will be suppressed. {"history": "ExplorerRun.0", "point": 1, "testname": "SoC_AFE_cap_array_8b_tb_1", "cornername": "Nominal"}
[2026-02-23 13:13:19.767 +1100] [INFO] [cadence.virtuoso.ade.simulationMonitor] - Notice from spectre during transient analysis `tran'.
    Trapezoidal ringing is detected during tran analysis.
        Please use method=trap for better results and performance. {"history": "ExplorerRun.0", "point": 1, "testname": "SoC_AFE_cap_array_8b_tb_1", "cornername": "Nominal"}
[2026-02-23 13:13:19.767 +1100] [INFO] [cadence.virtuoso.ade.simulationMonitor] - Intrinsic tran analysis time:    CPU = 483.869 ms, elapsed = 486.209 ms. {"history": "ExplorerRun.0", "point": 1, "testname": "SoC_AFE_cap_array_8b_tb_1", "cornername": "Nominal"}
[2026-02-23 13:13:20.268 +1100] [INFO] [cadence.virtuoso.ade.simulationMonitor] - Total time required for tran analysis `tran': CPU = 484.877 ms, elapsed = 487.215 ms, util. = 99.5%. {"history": "ExplorerRun.0", "point": 1, "testname": "SoC_AFE_cap_array_8b_tb_1", "cornername": "Nominal"}
[2026-02-23 13:13:20.268 +1100] [INFO] [cadence.virtuoso.ade.simulationMonitor] - Peak resident memory used = 218 Mbytes. {"history": "ExplorerRun.0", "point": 1, "testname": "SoC_AFE_cap_array_8b_tb_1", "cornername": "Nominal"}
[2026-02-23 13:13:20.268 +1100] [INFO] [cadence.virtuoso.ade.simulationMonitor] - Notice from spectre.
    1 notice suppressed. {"history": "ExplorerRun.0", "point": 1, "testname": "SoC_AFE_cap_array_8b_tb_1", "cornername": "Nominal"}
[2026-02-23 13:13:20.268 +1100] [INFO] [cadence.virtuoso.ade.simulationMonitor] - Time used: CPU = 602 ms, elapsed = 974 ms, util. = 61.8%. {"history": "ExplorerRun.0", "point": 1, "testname": "SoC_AFE_cap_array_8b_tb_1", "cornername": "Nominal"}
[2026-02-23 13:13:20.268 +1100] [INFO] [cadence.virtuoso.ade.simulationMonitor] - Time spent in licensing: elapsed = 392 ms, percentage of total = 40.3%. {"history": "ExplorerRun.0", "point": 1, "testname": "SoC_AFE_cap_array_8b_tb_1", "cornername": "Nominal"}
[2026-02-23 13:13:20.268 +1100] [INFO] [cadence.virtuoso.ade.simulationMonitor] - Peak memory used = 218 Mbytes. {"history": "ExplorerRun.0", "point": 1, "testname": "SoC_AFE_cap_array_8b_tb_1", "cornername": "Nominal"}
[2026-02-23 13:13:20.268 +1100] [PROCESS] [cadence.virtuoso.ade.simulationMonitor] - Simulation started at: 1:13:18 PM, Mon Feb 23, 2026, ended at: 1:13:19 PM, Mon Feb 23, 2026, with elapsed time (wall clock): 974 ms. {"history": "ExplorerRun.0", "point": 1, "testname": "SoC_AFE_cap_array_8b_tb_1", "cornername": "Nominal"}
[2026-02-23 13:13:20.268 +1100] [PROCESS] [cadence.virtuoso.ade.simulationMonitor] - spectre completes with 0 errors, 0 warnings, and 13 notices. {"history": "ExplorerRun.0", "point": 1, "testname": "SoC_AFE_cap_array_8b_tb_1", "cornername": "Nominal"}
[2026-02-23 13:13:20.268 +1100] [PROCESS] [cadence.virtuoso.ade.simulationMonitor] - Finished simulating for one point {"hostname": "MrDonothing", "processid": 11046, "history": "ExplorerRun.0", "testname": "SoC_AFE_cap_array_8b_tb_1", "cornername": "Nominal", "point": 1, "logfile": "/home/hee/projects/agriculture-SoC/analog/cadence/notech/SoC/logs_hee/logs0/Job3.log", "simid": "2", "event": "finish", "category": "simulation"}
[2026-02-23 13:13:20.268 +1100] [PROCESS] [cadence.virtuoso.ade.simulationMonitor] - Simulator exited {"hostname": "MrDonothing", "processid": 11046, "history": "ExplorerRun.0", "testname": "SoC_AFE_cap_array_8b_tb_1", "cornername": "Nominal", "point": 1, "logfile": "/home/hee/projects/agriculture-SoC/analog/cadence/notech/SoC/logs_hee/logs0/Job3.log", "exitStatus": "0"}
[2026-02-23 13:13:20.268 +1100] [PROCESS] [cadence.virtuoso.ade.simulationMonitor] - Finished Simulation {"hostname": "MrDonothing", "processid": 11046, "history": "ExplorerRun.0", "testname": "SoC_AFE_cap_array_8b_tb_1", "cornername": "Nominal", "point": 1, "logfile": "/home/hee/projects/agriculture-SoC/analog/cadence/notech/SoC/logs_hee/logs0/Job3.log", "simid": "2", "event": "finish", "category": "obsolete"}
[2026-02-23 13:13:21.269 +1100] [PROCESS] [cadence.virtuoso.ade.simulationMonitor] - Point Finished {"hostname": "MrDonothing", "processid": 11046, "history": "ExplorerRun.0", "testname": "SoC_AFE_cap_array_8b_tb_1", "cornername": "Nominal", "point": 1, "logfile": "/home/hee/projects/agriculture-SoC/analog/cadence/notech/SoC/logs_hee/logs0/Job3.log", "event": "finish", "category": "sim-eval"}
[2026-02-23 13:13:22.271 +1100] [PROCESS] [cadence.virtuoso.ade.simulationMonitor] - Stay with the runId '2', Linger time '300', currentRunSyn '5', currentTestSyn '6' {"hostname": "MrDonothing", "processid": 11046, "history": "ExplorerRun.0", "testname": "SoC_AFE_cap_array_8b_tb_1", "cornername": "Nominal", "point": 1, "logfile": "/home/hee/projects/agriculture-SoC/analog/cadence/notech/SoC/logs_hee/logs0/Job3.log"}
[2026-02-23 13:15:59.218 +1100] [INFO] [cadence.virtuoso.ade.simulationMonitor] - SimulationMonitor has terminated the vds process '11588', reason: 'Force to stop the expression evalutor process because of new run' {"history": "ExplorerRun.0", "point": 1, "testname": "SoC_AFE_cap_array_8b_tb_1", "cornername": "Nominal"}
[2026-02-23 13:15:59.218 +1100] [PROCESS] [cadence.virtuoso.ade.simulationMonitor] - HostInfo:
Host name (type):	MrDonothing (x86_64)
Operating system:	Linux 5.15.167.4-microsoft-standard-WSL2 #1 SMP Tue Nov 5 00:21:55 UTC 2024 {"hostname": "MrDonothing", "processid": 11046, "history": "ExplorerRun.0", "testname": "SoC_AFE_cap_array_8b_tb_1", "cornername": "Nominal", "point": 1, "logfile": "/home/hee/projects/agriculture-SoC/analog/cadence/notech/SoC/logs_hee/logs0/Job3.log", "nodename": "MrDonothing", "domainname": "", "machine": "x86_64", "sysname": "Linux", "release": "5.15.167.4-microsoft-standard-WSL2", "version": "#1 SMP Tue Nov 5 00:21:55 UTC 2024"}
[2026-02-23 13:15:59.219 +1100] [PROCESS] [cadence.virtuoso.ade.simulationMonitor] - UsageInfo:
pid=11046
totalPhysicalMemory=15.433941GB,Used=2.284836GB,totalVirtualMemory=19.433941GB,Used=2.284836GB
Cpu: Cores=20, Load average:0.060000,0.110000,0.040000 {"hostname": "MrDonothing", "processid": 11046, "history": "ExplorerRun.0", "testname": "SoC_AFE_cap_array_8b_tb_1", "cornername": "Nominal", "point": 1, "logfile": "/home/hee/projects/agriculture-SoC/analog/cadence/notech/SoC/logs_hee/logs0/Job3.log", "pid": "11046", "totalPhysicalMemory": "15.433941", "physicalMemoryUsed": "2.284836", "totalVirtualMemory": "19.433941", "virtualMemoryUsed": "2.284836", "cpuCores": "20", "processes": "361", "loadAverage1": "0.060000", "loadAverage5": "0.110000", "loadAverage15": "0.040000", "loadAverage1Percent": "0.003000"}
[2026-02-23 13:15:59.219 +1100] [EVENT] [cadence.virtuoso.ade.simulationMonitor] - NewPoint {"history": "ExplorerRun.0", "point": 1, "testname": "SoC_AFE_cap_array_8b_tb_1", "cornername": "Nominal", "event": "NewPoint", "EventSource": "Simulation Monitor", "HistoryName": "ExplorerRun.0", "logFile": "/home/hee/projects/agriculture-SoC/analog/cadence/notech/SoC/logs_hee/logs0/Job3.log", "logFileSize": "27436", "category": "simulation"}
[2026-02-23 13:15:59.321 +1100] [EVENT] [cadence.virtuoso.ade.simulationMonitor] - NewPoint {"history": "ExplorerRun.0", "point": 1, "testname": "SoC_AFE_cap_array_8b_tb_1", "cornername": "Nominal", "event": "NewPoint", "EventSource": "spectre", "HistoryName": "ExplorerRun.0", "logFile": "/home/hee/simulation/SoC_AFE/cap_array_8b_tb/maestro/results/maestro/ExplorerRun.0/1/SoC_AFE_cap_array_8b_tb_1/psf/spectre.out", "logFileSize": "-1", "category": "simulation"}
[2026-02-23 13:15:59.599 +1100] [PROCESS] [cadence.virtuoso.ade.simulationMonitor] - Simulator launched {"hostname": "MrDonothing", "processid": 11046, "history": "ExplorerRun.0", "testname": "SoC_AFE_cap_array_8b_tb_1", "cornername": "Nominal", "point": 1, "logfile": "/home/hee/projects/agriculture-SoC/analog/cadence/notech/SoC/logs_hee/logs0/Job3.log", "simid": "3", "event": "launch", "category": "simulation"}
[2026-02-23 13:15:59.600 +1100] [PROCESS] [cadence.virtuoso.ade.simulationMonitor] - Expression evaluator launched {"hostname": "MrDonothing", "processid": 11046, "history": "ExplorerRun.0", "testname": "SoC_AFE_cap_array_8b_tb_1", "cornername": "Nominal", "point": 1, "logfile": "/home/hee/projects/agriculture-SoC/analog/cadence/notech/SoC/logs_hee/logs0/Job3.log"}
[2026-02-23 13:15:59.606 +1100] [PROCESS] [cadence.virtuoso.ade.simulationMonitor] - Started Simulation {"hostname": "MrDonothing", "processid": 11046, "history": "ExplorerRun.0", "testname": "SoC_AFE_cap_array_8b_tb_1", "cornername": "Nominal", "point": 1, "logfile": "/home/hee/projects/agriculture-SoC/analog/cadence/notech/SoC/logs_hee/logs0/Job3.log", "event": "start", "category": "simulation"}
[2026-02-23 13:16:00.606 +1100] [INFO] [cadence.virtuoso.ade.simulationMonitor] - Peak resident memory used = 174 Mbytes. {"history": "ExplorerRun.0", "point": 1, "testname": "SoC_AFE_cap_array_8b_tb_1", "cornername": "Nominal"}
[2026-02-23 13:16:00.606 +1100] [INFO] [cadence.virtuoso.ade.simulationMonitor] - Peak resident memory used = 182 Mbytes. {"history": "ExplorerRun.0", "point": 1, "testname": "SoC_AFE_cap_array_8b_tb_1", "cornername": "Nominal"}
[2026-02-23 13:16:00.606 +1100] [INFO] [cadence.virtuoso.ade.simulationMonitor] - Peak resident memory used = 183 Mbytes. {"history": "ExplorerRun.0", "point": 1, "testname": "SoC_AFE_cap_array_8b_tb_1", "cornername": "Nominal"}
[2026-02-23 13:16:00.607 +1100] [INFO] [cadence.virtuoso.ade.simulationMonitor] - Notice from spectre during initial setup.
    Ignorevaref=yes is ignored since all nodes are connected to Verilog-A modules.
    Multithreading is disabled due to the size of the design being too small. {"history": "ExplorerRun.0", "point": 1, "testname": "SoC_AFE_cap_array_8b_tb_1", "cornername": "Nominal"}
[2026-02-23 13:16:00.607 +1100] [INFO] [cadence.virtuoso.ade.simulationMonitor] -               nodes 43 {"history": "ExplorerRun.0", "point": 1, "testname": "SoC_AFE_cap_array_8b_tb_1", "cornername": "Nominal"}
[2026-02-23 13:16:00.607 +1100] [INFO] [cadence.virtuoso.ade.simulationMonitor] - Notice from spectre during initial setup.
    Protected devices exist and are not included in the circuit inventory.
    APS enabled. {"history": "ExplorerRun.0", "point": 1, "testname": "SoC_AFE_cap_array_8b_tb_1", "cornername": "Nominal"}
[2026-02-23 13:16:00.607 +1100] [INFO] [cadence.virtuoso.ade.simulationMonitor] - Peak resident memory used = 187 Mbytes. {"history": "ExplorerRun.0", "point": 1, "testname": "SoC_AFE_cap_array_8b_tb_1", "cornername": "Nominal"}
[2026-02-23 13:16:00.607 +1100] [INFO] [cadence.virtuoso.ade.simulationMonitor] -    -   (APS) Multi-threading. The recommended number of threads is 1, consider adding +mt=1 on command line. {"history": "ExplorerRun.0", "point": 1, "testname": "SoC_AFE_cap_array_8b_tb_1", "cornername": "Nominal"}
[2026-02-23 13:16:00.607 +1100] [INFO] [cadence.virtuoso.ade.simulationMonitor] - Notice from spectre during transient analysis `tran'.
    Multithreading is disabled due to the size of the design being too small. {"history": "ExplorerRun.0", "point": 1, "testname": "SoC_AFE_cap_array_8b_tb_1", "cornername": "Nominal"}
[2026-02-23 13:16:00.607 +1100] [INFO] [cadence.virtuoso.ade.simulationMonitor] - Notice from spectre at time = 15.2429 ns during transient analysis `tran'.
    Found trapezoidal ringing on node _vvss!:p. {"history": "ExplorerRun.0", "point": 1, "testname": "SoC_AFE_cap_array_8b_tb_1", "cornername": "Nominal"}
[2026-02-23 13:16:00.607 +1100] [INFO] [cadence.virtuoso.ade.simulationMonitor] - Notice from spectre at time = 20.4857 ns during transient analysis `tran'.
    Found trapezoidal ringing on node _vvss!:p. {"history": "ExplorerRun.0", "point": 1, "testname": "SoC_AFE_cap_array_8b_tb_1", "cornername": "Nominal"}
[2026-02-23 13:16:00.607 +1100] [INFO] [cadence.virtuoso.ade.simulationMonitor] - Notice from spectre at time = 30.9715 ns during transient analysis `tran'.
    Found trapezoidal ringing on node _vvss!:p. {"history": "ExplorerRun.0", "point": 1, "testname": "SoC_AFE_cap_array_8b_tb_1", "cornername": "Nominal"}
[2026-02-23 13:16:00.607 +1100] [INFO] [cadence.virtuoso.ade.simulationMonitor] - Notice from spectre at time = 51.943 ns during transient analysis `tran'.
    Found trapezoidal ringing on node _vvss!:p. {"history": "ExplorerRun.0", "point": 1, "testname": "SoC_AFE_cap_array_8b_tb_1", "cornername": "Nominal"}
[2026-02-23 13:16:00.607 +1100] [INFO] [cadence.virtuoso.ade.simulationMonitor] - Notice from spectre at time = 80.9715 ns during transient analysis `tran'.
    Found trapezoidal ringing on node _vvss!:p.
        Further occurrences of this notice will be suppressed. {"history": "ExplorerRun.0", "point": 1, "testname": "SoC_AFE_cap_array_8b_tb_1", "cornername": "Nominal"}
[2026-02-23 13:16:00.607 +1100] [INFO] [cadence.virtuoso.ade.simulationMonitor] - Notice from spectre during transient analysis `tran'.
    Trapezoidal ringing is detected during tran analysis.
        Please use method=trap for better results and performance. {"history": "ExplorerRun.0", "point": 1, "testname": "SoC_AFE_cap_array_8b_tb_1", "cornername": "Nominal"}
[2026-02-23 13:16:00.607 +1100] [INFO] [cadence.virtuoso.ade.simulationMonitor] - Intrinsic tran analysis time:    CPU = 21.732 ms, elapsed = 26.294 ms. {"history": "ExplorerRun.0", "point": 1, "testname": "SoC_AFE_cap_array_8b_tb_1", "cornername": "Nominal"}
[2026-02-23 13:16:00.607 +1100] [INFO] [cadence.virtuoso.ade.simulationMonitor] - Total time required for tran analysis `tran': CPU = 24.046 ms, elapsed = 32.6509 ms, util. = 73.6%. {"history": "ExplorerRun.0", "point": 1, "testname": "SoC_AFE_cap_array_8b_tb_1", "cornername": "Nominal"}
[2026-02-23 13:16:00.607 +1100] [INFO] [cadence.virtuoso.ade.simulationMonitor] - Peak resident memory used = 191 Mbytes. {"history": "ExplorerRun.0", "point": 1, "testname": "SoC_AFE_cap_array_8b_tb_1", "cornername": "Nominal"}
[2026-02-23 13:16:00.607 +1100] [INFO] [cadence.virtuoso.ade.simulationMonitor] - Notice from spectre.
    13 notices suppressed. {"history": "ExplorerRun.0", "point": 1, "testname": "SoC_AFE_cap_array_8b_tb_1", "cornername": "Nominal"}
[2026-02-23 13:16:00.607 +1100] [INFO] [cadence.virtuoso.ade.simulationMonitor] - Time used: CPU = 192 ms, elapsed = 660 ms, util. = 29.1%. {"history": "ExplorerRun.0", "point": 1, "testname": "SoC_AFE_cap_array_8b_tb_1", "cornername": "Nominal"}
[2026-02-23 13:16:00.607 +1100] [INFO] [cadence.virtuoso.ade.simulationMonitor] - Time spent in licensing: elapsed = 374 ms, percentage of total = 56.6%. {"history": "ExplorerRun.0", "point": 1, "testname": "SoC_AFE_cap_array_8b_tb_1", "cornername": "Nominal"}
[2026-02-23 13:16:00.607 +1100] [INFO] [cadence.virtuoso.ade.simulationMonitor] - Peak memory used = 193 Mbytes. {"history": "ExplorerRun.0", "point": 1, "testname": "SoC_AFE_cap_array_8b_tb_1", "cornername": "Nominal"}
[2026-02-23 13:16:00.607 +1100] [PROCESS] [cadence.virtuoso.ade.simulationMonitor] - Simulation started at: 1:15:59 PM, Mon Feb 23, 2026, ended at: 1:16:00 PM, Mon Feb 23, 2026, with elapsed time (wall clock): 660 ms. {"history": "ExplorerRun.0", "point": 1, "testname": "SoC_AFE_cap_array_8b_tb_1", "cornername": "Nominal"}
[2026-02-23 13:16:00.607 +1100] [PROCESS] [cadence.virtuoso.ade.simulationMonitor] - spectre completes with 0 errors, 0 warnings, and 13 notices. {"history": "ExplorerRun.0", "point": 1, "testname": "SoC_AFE_cap_array_8b_tb_1", "cornername": "Nominal"}
[2026-02-23 13:16:00.607 +1100] [PROCESS] [cadence.virtuoso.ade.simulationMonitor] - Finished simulating for one point {"hostname": "MrDonothing", "processid": 11046, "history": "ExplorerRun.0", "testname": "SoC_AFE_cap_array_8b_tb_1", "cornername": "Nominal", "point": 1, "logfile": "/home/hee/projects/agriculture-SoC/analog/cadence/notech/SoC/logs_hee/logs0/Job3.log", "simid": "3", "event": "finish", "category": "simulation"}
[2026-02-23 13:16:00.607 +1100] [PROCESS] [cadence.virtuoso.ade.simulationMonitor] - Simulator exited {"hostname": "MrDonothing", "processid": 11046, "history": "ExplorerRun.0", "testname": "SoC_AFE_cap_array_8b_tb_1", "cornername": "Nominal", "point": 1, "logfile": "/home/hee/projects/agriculture-SoC/analog/cadence/notech/SoC/logs_hee/logs0/Job3.log", "exitStatus": "0"}
[2026-02-23 13:16:00.607 +1100] [PROCESS] [cadence.virtuoso.ade.simulationMonitor] - Finished Simulation {"hostname": "MrDonothing", "processid": 11046, "history": "ExplorerRun.0", "testname": "SoC_AFE_cap_array_8b_tb_1", "cornername": "Nominal", "point": 1, "logfile": "/home/hee/projects/agriculture-SoC/analog/cadence/notech/SoC/logs_hee/logs0/Job3.log", "simid": "3", "event": "finish", "category": "obsolete"}
[2026-02-23 13:16:03.109 +1100] [PROCESS] [cadence.virtuoso.ade.simulationMonitor] - Point Finished {"hostname": "MrDonothing", "processid": 11046, "history": "ExplorerRun.0", "testname": "SoC_AFE_cap_array_8b_tb_1", "cornername": "Nominal", "point": 1, "logfile": "/home/hee/projects/agriculture-SoC/analog/cadence/notech/SoC/logs_hee/logs0/Job3.log", "event": "finish", "category": "sim-eval"}
[2026-02-23 13:21:03.721 +1100] [PROCESS] [cadence.virtuoso.ade.simulationMonitor] - Current memory used: 87.3320 MBytes, peak memory used: 87.3320 MBytes {"hostname": "MrDonothing", "processid": 11046, "history": "ExplorerRun.0", "testname": "SoC_AFE_cap_array_8b_tb_1", "cornername": "Nominal", "point": 1, "logfile": "/home/hee/projects/agriculture-SoC/analog/cadence/notech/SoC/logs_hee/logs0/Job3.log"}
[2026-02-23 13:21:03.721 +1100] [PROCESS] [cadence.virtuoso.ade.simulationMonitor] - Simulation Monitor process exits. {"hostname": "MrDonothing", "processid": 11046, "history": "ExplorerRun.0", "testname": "SoC_AFE_cap_array_8b_tb_1", "cornername": "Nominal", "point": 1, "logfile": "/home/hee/projects/agriculture-SoC/analog/cadence/notech/SoC/logs_hee/logs0/Job3.log"}
