[Simulation Monitor: 35]
[2026-01-29 12:45:33.223 -0600] [PROCESS] [cadence.virtuoso.ade.simulationMonitor] - Started the simulation monitor process {"hostname": "MrDonothing", "processid": 24704, "logfile": "/home/hee/cadence/SoC/logs_hee/logs0/Job35.log", "simulation monitor command line": "/opt/cadence/installs/IC231/tools.lnx86/dfII/bin/64bit/spectreMonitor -mpssession virtuoso29 -mpshost MrDonothing --davinciService DaVinciService_29_1769632919 --axlsession fnxSession7 -lscs 000175E1894CBE06FF0966E38F1FFC06BC4D03E3E77AFC06BC4D4CE3B605886ED2223BD3E671FC06867D66E38F1FFC06BC4D66E38F1FFC06BC4D0F9825D256CBD53600001E45 -beanhost MrDonothing -beanport 11386 -beanLogFile /home/hee/cadence/SoC/logs_hee/logs0/amps_Job35.log -beanbinlog  --domain 0 --interactive yes --netlistOpt no --useMultiPointEvaluation yes --exprEvalShowJobStderr yes --evalSimParallel no --maxSims 0 --exprEvaluator vds --mcMapping mc1.mapping --checkLogStatusInterval 0 --checkSimulatorLogTimeout 1200 --exprEvalMaxTries 3 --maxNFSSyncWait 60 -adeBrokerAddress MrDonothing:52767 --fromADE true --virtuosoBinary virtuoso --guiDisplay MrDonothing:0 --globalStatus 60 --evaluateMultiMC yes --evalOnSimFail SkipFailedAnalyses --numRetriesOnError 1 --fenixMode explorer --lingertimeout 300 -ahdlLockTimeout 60 --sdbLib SoC_probe --sdbCell ADC_tb --sdbView maestro --heartBeatFileDir /dev/shm --id 35 --uuid d2f72235-0f7a-49cb-97da-6c1371365036 --log /home/hee/cadence/SoC/logs_hee/logs0/Job35.log "}
[2026-01-29 12:45:33.224 -0600] [PROCESS] [cadence.virtuoso.ade.simulationMonitor] - Started the simulation monitor process {"hostname": "MrDonothing", "processid": 24704, "logfile": "/home/hee/cadence/SoC/logs_hee/logs0/Job35.log", "current directory": "/home/hee/cadence/SoC"}
[2026-01-29 12:45:33.224 -0600] [PROCESS] [cadence.virtuoso.ade.simulationMonitor] - Simulation Monitor has successfully started up. Trying to set up communication channels to other components ... {"hostname": "MrDonothing", "processid": 24704, "logfile": "/home/hee/cadence/SoC/logs_hee/logs0/Job35.log"}
[2026-01-29 12:45:33.235 -0600] [PROCESS] [cadence.virtuoso.ade.simulationMonitor] - Communication channels have been successfully set up. Start processing events ... {"hostname": "MrDonothing", "processid": 24704, "logfile": "/home/hee/cadence/SoC/logs_hee/logs0/Job35.log"}
[2026-01-29 12:45:33.240 -0600] [PROCESS] [cadence.virtuoso.ade.simulationMonitor] - Started History {"hostname": "MrDonothing", "processid": 24704, "history": "ExplorerRun.0", "testname": "SoC_probe_dig_sti_tb_1", "cornername": "Nominal", "point": 1, "logfile": "/home/hee/cadence/SoC/logs_hee/logs0/Job35.log"}
[2026-01-29 12:45:33.240 -0600] [PROCESS] [cadence.virtuoso.ade.simulationMonitor] - HostInfo:
Host name (type):	MrDonothing (x86_64)
Operating system:	Linux 5.15.167.4-microsoft-standard-WSL2 #1 SMP Tue Nov 5 00:21:55 UTC 2024 {"hostname": "MrDonothing", "processid": 24704, "history": "ExplorerRun.0", "testname": "SoC_probe_dig_sti_tb_1", "cornername": "Nominal", "point": 1, "logfile": "/home/hee/cadence/SoC/logs_hee/logs0/Job35.log", "nodename": "MrDonothing", "domainname": "", "machine": "x86_64", "sysname": "Linux", "release": "5.15.167.4-microsoft-standard-WSL2", "version": "#1 SMP Tue Nov 5 00:21:55 UTC 2024"}
[2026-01-29 12:45:33.240 -0600] [PROCESS] [cadence.virtuoso.ade.simulationMonitor] - UsageInfo:
pid=24704
totalPhysicalMemory=15.433937GB,Used=2.229122GB,totalVirtualMemory=19.433937GB,Used=2.685600GB
Cpu: Cores=20, Load average:0.160000,0.060000,0.160000 {"hostname": "MrDonothing", "processid": 24704, "history": "ExplorerRun.0", "testname": "SoC_probe_dig_sti_tb_1", "cornername": "Nominal", "point": 1, "logfile": "/home/hee/cadence/SoC/logs_hee/logs0/Job35.log", "pid": "24704", "totalPhysicalMemory": "15.433937", "physicalMemoryUsed": "2.229122", "totalVirtualMemory": "19.433937", "virtualMemoryUsed": "2.685600", "cpuCores": "20", "processes": "351", "loadAverage1": "0.160000", "loadAverage5": "0.060000", "loadAverage15": "0.160000", "loadAverage1Percent": "0.008000"}
[2026-01-29 12:45:33.241 -0600] [EVENT] [cadence.virtuoso.ade.simulationMonitor] - NewPoint {"history": "ExplorerRun.0", "point": 1, "testname": "SoC_probe_dig_sti_tb_1", "cornername": "Nominal", "event": "NewPoint", "EventSource": "Simulation Monitor", "HistoryName": "ExplorerRun.0", "logFile": "/home/hee/cadence/SoC/logs_hee/logs0/Job35.log", "logFileSize": "4052", "category": "simulation"}
[2026-01-29 12:45:33.342 -0600] [EVENT] [cadence.virtuoso.ade.simulationMonitor] - NewPoint {"history": "ExplorerRun.0", "point": 1, "testname": "SoC_probe_dig_sti_tb_1", "cornername": "Nominal", "event": "NewPoint", "EventSource": "spectre", "HistoryName": "ExplorerRun.0", "logFile": "/home/hee/simulation/SoC_probe/ADC_tb/maestro/results/maestro/ExplorerRun.0/1/SoC_probe_dig_sti_tb_1/psf/spectre.out", "logFileSize": "-1", "category": "simulation"}
[2026-01-29 12:45:37.988 -0600] [PROCESS] [cadence.virtuoso.ade.simulationMonitor] - Simulator launched {"hostname": "MrDonothing", "processid": 24704, "history": "ExplorerRun.0", "testname": "SoC_probe_dig_sti_tb_1", "cornername": "Nominal", "point": 1, "logfile": "/home/hee/cadence/SoC/logs_hee/logs0/Job35.log", "simid": "1", "event": "launch", "category": "simulation"}
[2026-01-29 12:45:37.989 -0600] [PROCESS] [cadence.virtuoso.ade.simulationMonitor] - Expression evaluator launched {"hostname": "MrDonothing", "processid": 24704, "history": "ExplorerRun.0", "testname": "SoC_probe_dig_sti_tb_1", "cornername": "Nominal", "point": 1, "logfile": "/home/hee/cadence/SoC/logs_hee/logs0/Job35.log"}
[2026-01-29 12:45:37.994 -0600] [PROCESS] [cadence.virtuoso.ade.simulationMonitor] - Started Simulation {"hostname": "MrDonothing", "processid": 24704, "history": "ExplorerRun.0", "testname": "SoC_probe_dig_sti_tb_1", "cornername": "Nominal", "point": 1, "logfile": "/home/hee/cadence/SoC/logs_hee/logs0/Job35.log", "event": "start", "category": "simulation"}
[2026-01-29 12:45:47.498 -0600] [INFO] [cadence.virtuoso.ade.simulationMonitor] - Peak resident memory used = 198 Mbytes. {"history": "ExplorerRun.0", "point": 1, "testname": "SoC_probe_dig_sti_tb_1", "cornername": "Nominal"}
[2026-01-29 12:45:47.498 -0600] [INFO] [cadence.virtuoso.ade.simulationMonitor] - Peak resident memory used = 209 Mbytes. {"history": "ExplorerRun.0", "point": 1, "testname": "SoC_probe_dig_sti_tb_1", "cornername": "Nominal"}
[2026-01-29 12:45:47.498 -0600] [INFO] [cadence.virtuoso.ade.simulationMonitor] - Peak resident memory used = 210 Mbytes. {"history": "ExplorerRun.0", "point": 1, "testname": "SoC_probe_dig_sti_tb_1", "cornername": "Nominal"}
[2026-01-29 12:45:47.498 -0600] [ERROR] [cadence.virtuoso.ade.simulationMonitor] -     ERROR (SPECTRE-4080): Cannot run the simulation because no components were found in the current circuit. Ensure that the components are present in the design and rerun the simulation. For information on available components, use 'spectre -h' at the command line. {"history": "ExplorerRun.0", "point": 1, "testname": "SoC_probe_dig_sti_tb_1", "cornername": "Nominal"}
[2026-01-29 12:45:47.498 -0600] [INFO] [cadence.virtuoso.ade.simulationMonitor] - Time used: CPU = 576 ms, elapsed = 8.96 s, util. = 6.43%. {"history": "ExplorerRun.0", "point": 1, "testname": "SoC_probe_dig_sti_tb_1", "cornername": "Nominal"}
[2026-01-29 12:45:47.498 -0600] [INFO] [cadence.virtuoso.ade.simulationMonitor] - Time spent in licensing: elapsed = 8.24 s, percentage of total = 92%. {"history": "ExplorerRun.0", "point": 1, "testname": "SoC_probe_dig_sti_tb_1", "cornername": "Nominal"}
[2026-01-29 12:45:47.498 -0600] [INFO] [cadence.virtuoso.ade.simulationMonitor] - Peak memory used = 212 Mbytes. {"history": "ExplorerRun.0", "point": 1, "testname": "SoC_probe_dig_sti_tb_1", "cornername": "Nominal"}
[2026-01-29 12:45:47.498 -0600] [PROCESS] [cadence.virtuoso.ade.simulationMonitor] - Simulation started at: 12:45:38 PM, Thur Jan 29, 2026, ended at: 12:45:47 PM, Thur Jan 29, 2026, with elapsed time (wall clock): 8.96 s. {"history": "ExplorerRun.0", "point": 1, "testname": "SoC_probe_dig_sti_tb_1", "cornername": "Nominal"}
[2026-01-29 12:45:47.499 -0600] [PROCESS] [cadence.virtuoso.ade.simulationMonitor] - spectre completes with 1 error, 0 warnings, and 0 notices. {"history": "ExplorerRun.0", "point": 1, "testname": "SoC_probe_dig_sti_tb_1", "cornername": "Nominal"}
[2026-01-29 12:45:47.499 -0600] [FATAL] [cadence.virtuoso.ade.simulationMonitor] - spectre terminated prematurely due to fatal error. {"history": "ExplorerRun.0", "point": 1, "testname": "SoC_probe_dig_sti_tb_1", "cornername": "Nominal"}
[2026-01-29 12:45:47.999 -0600] [PROCESS] [cadence.virtuoso.ade.simulationMonitor] - Finished simulating for one point {"hostname": "MrDonothing", "processid": 24704, "history": "ExplorerRun.0", "testname": "SoC_probe_dig_sti_tb_1", "cornername": "Nominal", "point": 1, "logfile": "/home/hee/cadence/SoC/logs_hee/logs0/Job35.log", "simid": "1", "event": "finish", "category": "simulation"}
[2026-01-29 12:45:48.000 -0600] [ERROR] [cadence.virtuoso.ade.simulationMonitor] - While simulating run ExplorerRun.0, point 1, test SoC_probe_dig_sti_tb_1, received error:
Simulation Error:
 The simulator process returned a non-zero exit code, indicating failure.
The simulator could have crashed or intentionally returned to indicate an error.
Check the simulator log file for more information.  Common causes:
1. Simulator may have crashed during exit even after reporting success in log file.
2. Abrupt automatic simulator termination (e.g., SIGKILL) because the simulator process has
   ex... {"history": "ExplorerRun.0", "point": 1, "testname": "SoC_probe_dig_sti_tb_1", "cornername": "Nominal"}
[2026-01-29 12:45:48.000 -0600] [PROCESS] [cadence.virtuoso.ade.simulationMonitor] - Finished Simulation {"hostname": "MrDonothing", "processid": 24704, "history": "ExplorerRun.0", "testname": "SoC_probe_dig_sti_tb_1", "cornername": "Nominal", "point": 1, "logfile": "/home/hee/cadence/SoC/logs_hee/logs0/Job35.log", "simid": "1", "event": "finish", "category": "obsolete"}
[2026-01-29 12:50:48.609 -0600] [PROCESS] [cadence.virtuoso.ade.simulationMonitor] - Current memory used: 87.2109 MBytes, peak memory used: 87.2109 MBytes {"hostname": "MrDonothing", "processid": 24704, "history": "ExplorerRun.0", "testname": "SoC_probe_dig_sti_tb_1", "cornername": "Nominal", "point": 1, "logfile": "/home/hee/cadence/SoC/logs_hee/logs0/Job35.log"}
[2026-01-29 12:50:48.609 -0600] [PROCESS] [cadence.virtuoso.ade.simulationMonitor] - Simulation Monitor process exits. {"hostname": "MrDonothing", "processid": 24704, "history": "ExplorerRun.0", "testname": "SoC_probe_dig_sti_tb_1", "cornername": "Nominal", "point": 1, "logfile": "/home/hee/cadence/SoC/logs_hee/logs0/Job35.log"}
