[Simulation Monitor: 36]
[2026-01-29 12:56:39.925 -0600] [PROCESS] [cadence.virtuoso.ade.simulationMonitor] - Started the simulation monitor process {"hostname": "MrDonothing", "processid": 28513, "logfile": "/home/hee/cadence/SoC/logs_hee/logs0/Job36.log", "simulation monitor command line": "/opt/cadence/installs/IC231/tools.lnx86/dfII/bin/64bit/spectreMonitor -mpssession virtuoso29 -mpshost MrDonothing --davinciService DaVinciService_29_1769632919 --axlsession fnxSession7 -lscs 000175E1894CBE06FF0966E38F1FFC06BC4D03E3E77AFC06BC4D4CE3B605886ED2223BD3E671FC06867D66E38F1FFC06BC4D66E38F1FFC06BC4D0F9822785161D53600001E18 -beanhost MrDonothing -beanport 11386 -beanLogFile /home/hee/cadence/SoC/logs_hee/logs0/amps_Job36.log -beanbinlog  --domain 0 --interactive yes --netlistOpt no --useMultiPointEvaluation yes --exprEvalShowJobStderr yes --evalSimParallel no --maxSims 0 --exprEvaluator vds --mcMapping mc1.mapping --checkLogStatusInterval 0 --checkSimulatorLogTimeout 1200 --exprEvalMaxTries 3 --maxNFSSyncWait 60 -adeBrokerAddress MrDonothing:52767 --fromADE true --virtuosoBinary virtuoso --guiDisplay MrDonothing:0 --globalStatus 60 --evaluateMultiMC yes --evalOnSimFail SkipFailedAnalyses --numRetriesOnError 1 --fenixMode explorer --lingertimeout 300 -ahdlLockTimeout 60 --sdbLib SoC_probe --sdbCell ADC_tb --sdbView maestro --heartBeatFileDir /dev/shm --id 36 --uuid e9a7fdf6-1dde-4866-bf23-f2ae69ef8e98 --log /home/hee/cadence/SoC/logs_hee/logs0/Job36.log "}
[2026-01-29 12:56:39.925 -0600] [PROCESS] [cadence.virtuoso.ade.simulationMonitor] - Started the simulation monitor process {"hostname": "MrDonothing", "processid": 28513, "logfile": "/home/hee/cadence/SoC/logs_hee/logs0/Job36.log", "current directory": "/home/hee/cadence/SoC"}
[2026-01-29 12:56:39.925 -0600] [PROCESS] [cadence.virtuoso.ade.simulationMonitor] - Simulation Monitor has successfully started up. Trying to set up communication channels to other components ... {"hostname": "MrDonothing", "processid": 28513, "logfile": "/home/hee/cadence/SoC/logs_hee/logs0/Job36.log"}
[2026-01-29 12:56:39.935 -0600] [PROCESS] [cadence.virtuoso.ade.simulationMonitor] - Communication channels have been successfully set up. Start processing events ... {"hostname": "MrDonothing", "processid": 28513, "logfile": "/home/hee/cadence/SoC/logs_hee/logs0/Job36.log"}
[2026-01-29 12:56:39.938 -0600] [PROCESS] [cadence.virtuoso.ade.simulationMonitor] - Started History {"hostname": "MrDonothing", "processid": 28513, "history": "ExplorerRun.0", "testname": "SoC_probe_ADC_tb_1", "cornername": "Nominal", "point": 1, "logfile": "/home/hee/cadence/SoC/logs_hee/logs0/Job36.log"}
[2026-01-29 12:56:39.938 -0600] [PROCESS] [cadence.virtuoso.ade.simulationMonitor] - HostInfo:
Host name (type):	MrDonothing (x86_64)
Operating system:	Linux 5.15.167.4-microsoft-standard-WSL2 #1 SMP Tue Nov 5 00:21:55 UTC 2024 {"hostname": "MrDonothing", "processid": 28513, "history": "ExplorerRun.0", "testname": "SoC_probe_ADC_tb_1", "cornername": "Nominal", "point": 1, "logfile": "/home/hee/cadence/SoC/logs_hee/logs0/Job36.log", "nodename": "MrDonothing", "domainname": "", "machine": "x86_64", "sysname": "Linux", "release": "5.15.167.4-microsoft-standard-WSL2", "version": "#1 SMP Tue Nov 5 00:21:55 UTC 2024"}
[2026-01-29 12:56:39.938 -0600] [PROCESS] [cadence.virtuoso.ade.simulationMonitor] - UsageInfo:
pid=28513
totalPhysicalMemory=15.433937GB,Used=2.225193GB,totalVirtualMemory=19.433937GB,Used=2.651398GB
Cpu: Cores=20, Load average:0.070000,0.020000,0.070000 {"hostname": "MrDonothing", "processid": 28513, "history": "ExplorerRun.0", "testname": "SoC_probe_ADC_tb_1", "cornername": "Nominal", "point": 1, "logfile": "/home/hee/cadence/SoC/logs_hee/logs0/Job36.log", "pid": "28513", "totalPhysicalMemory": "15.433937", "physicalMemoryUsed": "2.225193", "totalVirtualMemory": "19.433937", "virtualMemoryUsed": "2.651398", "cpuCores": "20", "processes": "327", "loadAverage1": "0.070000", "loadAverage5": "0.020000", "loadAverage15": "0.070000", "loadAverage1Percent": "0.003500"}
[2026-01-29 12:56:39.938 -0600] [EVENT] [cadence.virtuoso.ade.simulationMonitor] - NewPoint {"history": "ExplorerRun.0", "point": 1, "testname": "SoC_probe_ADC_tb_1", "cornername": "Nominal", "event": "NewPoint", "EventSource": "Simulation Monitor", "HistoryName": "ExplorerRun.0", "logFile": "/home/hee/cadence/SoC/logs_hee/logs0/Job36.log", "logFileSize": "4040", "category": "simulation"}
[2026-01-29 12:56:40.039 -0600] [EVENT] [cadence.virtuoso.ade.simulationMonitor] - NewPoint {"history": "ExplorerRun.0", "point": 1, "testname": "SoC_probe_ADC_tb_1", "cornername": "Nominal", "event": "NewPoint", "EventSource": "ams", "HistoryName": "ExplorerRun.0", "logFile": "/home/hee/simulation/SoC_probe/ADC_tb/maestro/results/maestro/ExplorerRun.0/1/SoC_probe_ADC_tb_1/psf/xrun.log", "logFileSize": "-1", "category": "simulation"}
[2026-01-29 12:56:40.045 -0600] [PROCESS] [cadence.virtuoso.ade.simulationMonitor] - Simulator launched {"hostname": "MrDonothing", "processid": 28513, "history": "ExplorerRun.0", "testname": "SoC_probe_ADC_tb_1", "cornername": "Nominal", "point": 1, "logfile": "/home/hee/cadence/SoC/logs_hee/logs0/Job36.log", "simid": "1", "event": "launch", "category": "simulation"}
[2026-01-29 12:56:40.046 -0600] [PROCESS] [cadence.virtuoso.ade.simulationMonitor] - Expression evaluator launched {"hostname": "MrDonothing", "processid": 28513, "history": "ExplorerRun.0", "testname": "SoC_probe_ADC_tb_1", "cornername": "Nominal", "point": 1, "logfile": "/home/hee/cadence/SoC/logs_hee/logs0/Job36.log"}
[2026-01-29 12:56:40.051 -0600] [PROCESS] [cadence.virtuoso.ade.simulationMonitor] - Started Simulation {"hostname": "MrDonothing", "processid": 28513, "history": "ExplorerRun.0", "testname": "SoC_probe_ADC_tb_1", "cornername": "Nominal", "point": 1, "logfile": "/home/hee/cadence/SoC/logs_hee/logs0/Job36.log", "event": "start", "category": "simulation"}
[2026-01-29 12:58:54.774 -0600] [PROCESS] [cadence.virtuoso.ade.simulationMonitor] - Simulation cancelled {"hostname": "MrDonothing", "processid": 28513, "history": "ExplorerRun.0", "testname": "SoC_probe_ADC_tb_1", "cornername": "Nominal", "point": 1, "logfile": "/home/hee/cadence/SoC/logs_hee/logs0/Job36.log"}
[2026-01-29 12:58:55.775 -0600] [INFO] [cadence.virtuoso.ade.simulationMonitor] - SimulationMonitor has terminated the  process '28561', reason: 'the simulation point gets cancelled by GUI' {"history": "ExplorerRun.0", "point": 1, "testname": "SoC_probe_ADC_tb_1", "cornername": "Nominal"}
[2026-01-29 12:58:55.776 -0600] [INFO] [cadence.virtuoso.ade.simulationMonitor] - xmsim: Memory Usage - Final: 35.9M, Peak: 35.9M, Peak virtual: 90.5M {"history": "ExplorerRun.0", "point": 1, "testname": "SoC_probe_ADC_tb_1", "cornername": "Nominal"}
[2026-01-29 12:58:55.776 -0600] [INFO] [cadence.virtuoso.ade.simulationMonitor] - xmsim: CPU Usage - 0.0s system + 0.1s user = 0.1s total (128.2s, 0.1% cpu) {"history": "ExplorerRun.0", "point": 1, "testname": "SoC_probe_ADC_tb_1", "cornername": "Nominal"}
[2026-01-29 12:58:55.776 -0600] [PROCESS] [cadence.virtuoso.ade.simulationMonitor] - Finished simulating for one point {"hostname": "MrDonothing", "processid": 28513, "history": "ExplorerRun.0", "testname": "SoC_probe_ADC_tb_1", "cornername": "Nominal", "point": 1, "logfile": "/home/hee/cadence/SoC/logs_hee/logs0/Job36.log", "simid": "1", "event": "finish", "category": "simulation"}
[2026-01-29 12:58:55.776 -0600] [ERROR] [cadence.virtuoso.ade.simulationMonitor] - While simulating run ExplorerRun.0, point 1, test SoC_probe_ADC_tb_1, received error:
Simulation Error:
 The simulator process returned a non-zero exit code, indicating failure.
The simulator could have crashed or intentionally returned to indicate an error.
Check the simulator log file for more information.  Common causes:
1. Simulator may have crashed during exit even after reporting success in log file.
2. Abrupt automatic simulator termination (e.g., SIGKILL) because the simulator process has
   exceed... {"history": "ExplorerRun.0", "point": 1, "testname": "SoC_probe_ADC_tb_1", "cornername": "Nominal"}
[2026-01-29 12:58:55.777 -0600] [PROCESS] [cadence.virtuoso.ade.simulationMonitor] - Finished Simulation {"hostname": "MrDonothing", "processid": 28513, "history": "ExplorerRun.0", "testname": "SoC_probe_ADC_tb_1", "cornername": "Nominal", "point": 1, "logfile": "/home/hee/cadence/SoC/logs_hee/logs0/Job36.log", "simid": "1", "event": "finish", "category": "obsolete"}
[2026-01-29 12:59:16.890 -0600] [INFO] [cadence.virtuoso.ade.simulationMonitor] - SimulationMonitor has terminated the vds process '28563', reason: 'Force to stop the expression evalutor process because of new run' {"history": "ExplorerRun.0", "point": 1, "testname": "SoC_probe_ADC_tb_1", "cornername": "Nominal"}
[2026-01-29 12:59:16.891 -0600] [PROCESS] [cadence.virtuoso.ade.simulationMonitor] - HostInfo:
Host name (type):	MrDonothing (x86_64)
Operating system:	Linux 5.15.167.4-microsoft-standard-WSL2 #1 SMP Tue Nov 5 00:21:55 UTC 2024 {"hostname": "MrDonothing", "processid": 28513, "history": "ExplorerRun.0", "testname": "SoC_probe_ADC_tb_1", "cornername": "Nominal", "point": 1, "logfile": "/home/hee/cadence/SoC/logs_hee/logs0/Job36.log", "nodename": "MrDonothing", "domainname": "", "machine": "x86_64", "sysname": "Linux", "release": "5.15.167.4-microsoft-standard-WSL2", "version": "#1 SMP Tue Nov 5 00:21:55 UTC 2024"}
[2026-01-29 12:59:16.891 -0600] [PROCESS] [cadence.virtuoso.ade.simulationMonitor] - UsageInfo:
pid=28513
totalPhysicalMemory=15.433937GB,Used=1.911316GB,totalVirtualMemory=19.433937GB,Used=2.320431GB
Cpu: Cores=20, Load average:0.220000,0.080000,0.090000 {"hostname": "MrDonothing", "processid": 28513, "history": "ExplorerRun.0", "testname": "SoC_probe_ADC_tb_1", "cornername": "Nominal", "point": 1, "logfile": "/home/hee/cadence/SoC/logs_hee/logs0/Job36.log", "pid": "28513", "totalPhysicalMemory": "15.433937", "physicalMemoryUsed": "1.911316", "totalVirtualMemory": "19.433937", "virtualMemoryUsed": "2.320431", "cpuCores": "20", "processes": "328", "loadAverage1": "0.220000", "loadAverage5": "0.080000", "loadAverage15": "0.090000", "loadAverage1Percent": "0.011000"}
[2026-01-29 12:59:16.891 -0600] [EVENT] [cadence.virtuoso.ade.simulationMonitor] - NewPoint {"history": "ExplorerRun.0", "point": 1, "testname": "SoC_probe_ADC_tb_1", "cornername": "Nominal", "event": "NewPoint", "EventSource": "Simulation Monitor", "HistoryName": "ExplorerRun.0", "logFile": "/home/hee/cadence/SoC/logs_hee/logs0/Job36.log", "logFileSize": "10197", "category": "simulation"}
[2026-01-29 12:59:16.993 -0600] [EVENT] [cadence.virtuoso.ade.simulationMonitor] - NewPoint {"history": "ExplorerRun.0", "point": 1, "testname": "SoC_probe_ADC_tb_1", "cornername": "Nominal", "event": "NewPoint", "EventSource": "ams", "HistoryName": "ExplorerRun.0", "logFile": "/home/hee/simulation/SoC_probe/ADC_tb/maestro/results/maestro/ExplorerRun.0/1/SoC_probe_ADC_tb_1/psf/xrun.log", "logFileSize": "-1", "category": "simulation"}
[2026-01-29 12:59:16.996 -0600] [PROCESS] [cadence.virtuoso.ade.simulationMonitor] - Simulator launched {"hostname": "MrDonothing", "processid": 28513, "history": "ExplorerRun.0", "testname": "SoC_probe_ADC_tb_1", "cornername": "Nominal", "point": 1, "logfile": "/home/hee/cadence/SoC/logs_hee/logs0/Job36.log", "simid": "2", "event": "launch", "category": "simulation"}
[2026-01-29 12:59:16.997 -0600] [PROCESS] [cadence.virtuoso.ade.simulationMonitor] - Expression evaluator launched {"hostname": "MrDonothing", "processid": 28513, "history": "ExplorerRun.0", "testname": "SoC_probe_ADC_tb_1", "cornername": "Nominal", "point": 1, "logfile": "/home/hee/cadence/SoC/logs_hee/logs0/Job36.log"}
[2026-01-29 12:59:17.001 -0600] [PROCESS] [cadence.virtuoso.ade.simulationMonitor] - Started Simulation {"hostname": "MrDonothing", "processid": 28513, "history": "ExplorerRun.0", "testname": "SoC_probe_ADC_tb_1", "cornername": "Nominal", "point": 1, "logfile": "/home/hee/cadence/SoC/logs_hee/logs0/Job36.log", "event": "start", "category": "simulation"}
[2026-01-29 13:02:05.841 -0600] [INFO] [cadence.virtuoso.ade.simulationMonitor] - Notice from spectre during circuit read-in.
    Configuration file used: `/opt/cadence/installs/SPECTRE231/tools.lnx86/spectre/etc/configs/ams.cfg'. {"history": "ExplorerRun.0", "point": 1, "testname": "SoC_probe_ADC_tb_1", "cornername": "Nominal"}
[2026-01-29 13:02:05.841 -0600] [INFO] [cadence.virtuoso.ade.simulationMonitor] - Peak resident memory used = 183 Mbytes. {"history": "ExplorerRun.0", "point": 1, "testname": "SoC_probe_ADC_tb_1", "cornername": "Nominal"}
[2026-01-29 13:02:05.841 -0600] [INFO] [cadence.virtuoso.ade.simulationMonitor] - Peak resident memory used = 191 Mbytes. {"history": "ExplorerRun.0", "point": 1, "testname": "SoC_probe_ADC_tb_1", "cornername": "Nominal"}
[2026-01-29 13:02:05.841 -0600] [INFO] [cadence.virtuoso.ade.simulationMonitor] - Peak resident memory used = 192 Mbytes. {"history": "ExplorerRun.0", "point": 1, "testname": "SoC_probe_ADC_tb_1", "cornername": "Nominal"}
[2026-01-29 13:02:05.841 -0600] [INFO] [cadence.virtuoso.ade.simulationMonitor] - Notice from spectre during initial setup.
    Ignorevaref=yes is ignored since all nodes are connected to Verilog-A modules. {"history": "ExplorerRun.0", "point": 1, "testname": "SoC_probe_ADC_tb_1", "cornername": "Nominal"}
[2026-01-29 13:02:05.841 -0600] [INFO] [cadence.virtuoso.ade.simulationMonitor] - Notice from spectre during topology check.
    Only one connection to node `0'. {"history": "ExplorerRun.0", "point": 1, "testname": "SoC_probe_ADC_tb_1", "cornername": "Nominal"}
[2026-01-29 13:02:05.841 -0600] [INFO] [cadence.virtuoso.ade.simulationMonitor] - Notice from spectre during initial setup.
    Multithreading is disabled due to the size of the design being too small. {"history": "ExplorerRun.0", "point": 1, "testname": "SoC_probe_ADC_tb_1", "cornername": "Nominal"}
[2026-01-29 13:02:05.841 -0600] [INFO] [cadence.virtuoso.ade.simulationMonitor] -               nodes 13 {"history": "ExplorerRun.0", "point": 1, "testname": "SoC_probe_ADC_tb_1", "cornername": "Nominal"}
[2026-01-29 13:02:06.342 -0600] [INFO] [cadence.virtuoso.ade.simulationMonitor] - Notice from spectre during initial setup.
    APS enabled. {"history": "ExplorerRun.0", "point": 1, "testname": "SoC_probe_ADC_tb_1", "cornername": "Nominal"}
[2026-01-29 13:02:06.342 -0600] [INFO] [cadence.virtuoso.ade.simulationMonitor] - Peak resident memory used = 195 Mbytes. {"history": "ExplorerRun.0", "point": 1, "testname": "SoC_probe_ADC_tb_1", "cornername": "Nominal"}
[2026-01-29 13:02:06.342 -0600] [INFO] [cadence.virtuoso.ade.simulationMonitor] -    -   (APS) Multi-threading. The recommended number of threads is 1, consider adding +mt=1 on command line. {"history": "ExplorerRun.0", "point": 1, "testname": "SoC_probe_ADC_tb_1", "cornername": "Nominal"}
[2026-01-29 13:02:06.342 -0600] [INFO] [cadence.virtuoso.ade.simulationMonitor] - Notice from spectre during transient analysis `tran'.
    Multithreading is disabled due to the size of the design being too small. {"history": "ExplorerRun.0", "point": 1, "testname": "SoC_probe_ADC_tb_1", "cornername": "Nominal"}
[2026-01-29 13:02:06.342 -0600] [INFO] [cadence.virtuoso.ade.simulationMonitor] - Memory Usage - Current physical: 86.6M, Current virtual: 339.5M {"history": "ExplorerRun.0", "point": 1, "testname": "SoC_probe_ADC_tb_1", "cornername": "Nominal"}
[2026-01-29 13:02:06.342 -0600] [INFO] [cadence.virtuoso.ade.simulationMonitor] - CPU Usage - 0.0s system + 0.1s user = 0.1s total (0.0% cpu) {"history": "ExplorerRun.0", "point": 1, "testname": "SoC_probe_ADC_tb_1", "cornername": "Nominal"}
[2026-01-29 13:02:06.342 -0600] [INFO] [cadence.virtuoso.ade.simulationMonitor] - Intrinsic tran analysis time:    CPU = 6.733 ms, elapsed = 28.955 ms. {"history": "ExplorerRun.0", "point": 1, "testname": "SoC_probe_ADC_tb_1", "cornername": "Nominal"}
[2026-01-29 13:02:11.351 -0600] [INFO] [cadence.virtuoso.ade.simulationMonitor] - Total time required for tran analysis `tran': CPU = 9.274 ms, elapsed = 36.3688 ms, util. = 25.5%. {"history": "ExplorerRun.0", "point": 1, "testname": "SoC_probe_ADC_tb_1", "cornername": "Nominal"}
[2026-01-29 13:02:11.351 -0600] [INFO] [cadence.virtuoso.ade.simulationMonitor] - Peak resident memory used = 199 Mbytes. {"history": "ExplorerRun.0", "point": 1, "testname": "SoC_probe_ADC_tb_1", "cornername": "Nominal"}
[2026-01-29 13:02:11.351 -0600] [INFO] [cadence.virtuoso.ade.simulationMonitor] - Time used: CPU = 172 ms, elapsed = 17.8 s, util. = 965e-03%. {"history": "ExplorerRun.0", "point": 1, "testname": "SoC_probe_ADC_tb_1", "cornername": "Nominal"}
[2026-01-29 13:02:11.351 -0600] [INFO] [cadence.virtuoso.ade.simulationMonitor] - Time spent in licensing: elapsed = 12.8 s, percentage of total = 72%. {"history": "ExplorerRun.0", "point": 1, "testname": "SoC_probe_ADC_tb_1", "cornername": "Nominal"}
[2026-01-29 13:02:11.351 -0600] [INFO] [cadence.virtuoso.ade.simulationMonitor] - Peak memory used = 200 Mbytes. {"history": "ExplorerRun.0", "point": 1, "testname": "SoC_probe_ADC_tb_1", "cornername": "Nominal"}
[2026-01-29 13:02:11.352 -0600] [PROCESS] [cadence.virtuoso.ade.simulationMonitor] - Simulation started at: 1:01:53 PM, Thur Jan 29, 2026, ended at: 1:02:10 PM, Thur Jan 29, 2026, with elapsed time (wall clock): 17.8 s. {"history": "ExplorerRun.0", "point": 1, "testname": "SoC_probe_ADC_tb_1", "cornername": "Nominal"}
[2026-01-29 13:02:11.352 -0600] [PROCESS] [cadence.virtuoso.ade.simulationMonitor] - spectre completes with 0 errors, 0 warnings, and 7 notices. {"history": "ExplorerRun.0", "point": 1, "testname": "SoC_probe_ADC_tb_1", "cornername": "Nominal"}
[2026-01-29 13:02:12.857 -0600] [INFO] [cadence.virtuoso.ade.simulationMonitor] - xmsim: Memory Usage - Final: 78.4M, Peak: 88.4M, Peak virtual: 403.5M {"history": "ExplorerRun.0", "point": 1, "testname": "SoC_probe_ADC_tb_1", "cornername": "Nominal"}
[2026-01-29 13:02:12.857 -0600] [INFO] [cadence.virtuoso.ade.simulationMonitor] - xmsim: CPU Usage - 0.2s system + 0.4s user = 0.6s total (168.1s, 0.4% cpu) {"history": "ExplorerRun.0", "point": 1, "testname": "SoC_probe_ADC_tb_1", "cornername": "Nominal"}
[2026-01-29 13:02:12.857 -0600] [PROCESS] [cadence.virtuoso.ade.simulationMonitor] - Finished simulating for one point {"hostname": "MrDonothing", "processid": 28513, "history": "ExplorerRun.0", "testname": "SoC_probe_ADC_tb_1", "cornername": "Nominal", "point": 1, "logfile": "/home/hee/cadence/SoC/logs_hee/logs0/Job36.log", "simid": "2", "event": "finish", "category": "simulation"}
[2026-01-29 13:02:12.857 -0600] [PROCESS] [cadence.virtuoso.ade.simulationMonitor] - Simulator exited {"hostname": "MrDonothing", "processid": 28513, "history": "ExplorerRun.0", "testname": "SoC_probe_ADC_tb_1", "cornername": "Nominal", "point": 1, "logfile": "/home/hee/cadence/SoC/logs_hee/logs0/Job36.log", "exitStatus": "0"}
[2026-01-29 13:02:12.857 -0600] [PROCESS] [cadence.virtuoso.ade.simulationMonitor] - Finished Simulation {"hostname": "MrDonothing", "processid": 28513, "history": "ExplorerRun.0", "testname": "SoC_probe_ADC_tb_1", "cornername": "Nominal", "point": 1, "logfile": "/home/hee/cadence/SoC/logs_hee/logs0/Job36.log", "simid": "2", "event": "finish", "category": "obsolete"}
[2026-01-29 13:02:13.858 -0600] [PROCESS] [cadence.virtuoso.ade.simulationMonitor] - Point Finished {"hostname": "MrDonothing", "processid": 28513, "history": "ExplorerRun.0", "testname": "SoC_probe_ADC_tb_1", "cornername": "Nominal", "point": 1, "logfile": "/home/hee/cadence/SoC/logs_hee/logs0/Job36.log", "event": "finish", "category": "sim-eval"}
[2026-01-29 13:07:14.528 -0600] [PROCESS] [cadence.virtuoso.ade.simulationMonitor] - Current memory used: 87.3867 MBytes, peak memory used: 87.3867 MBytes {"hostname": "MrDonothing", "processid": 28513, "history": "ExplorerRun.0", "testname": "SoC_probe_ADC_tb_1", "cornername": "Nominal", "point": 1, "logfile": "/home/hee/cadence/SoC/logs_hee/logs0/Job36.log"}
[2026-01-29 13:07:14.528 -0600] [PROCESS] [cadence.virtuoso.ade.simulationMonitor] - Simulation Monitor process exits. {"hostname": "MrDonothing", "processid": 28513, "history": "ExplorerRun.0", "testname": "SoC_probe_ADC_tb_1", "cornername": "Nominal", "point": 1, "logfile": "/home/hee/cadence/SoC/logs_hee/logs0/Job36.log"}
