[Simulation Monitor: 32]
[2026-01-29 11:57:30.551 -0600] [PROCESS] [cadence.virtuoso.ade.simulationMonitor] - Started the simulation monitor process {"hostname": "MrDonothing", "processid": 9051, "logfile": "/home/hee/cadence/SoC/logs_hee/logs0/Job32.log", "simulation monitor command line": "/opt/cadence/installs/IC231/tools.lnx86/dfII/bin/64bit/spectreMonitor -mpssession virtuoso29 -mpshost MrDonothing --davinciService DaVinciService_29_1769632919 --axlsession fnxSession7 -lscs 000175E1894CBE06FF0966E38F1FFC06BC4D03E3E77AFC06BC4D4CE3B605886ED2223BD3E671FC06867D66E38F1FFC06BC4D66E38F1FFC06BC4D0F981095638CD53600001E2B -beanhost MrDonothing -beanport 11386 -beanLogFile /home/hee/cadence/SoC/logs_hee/logs0/amps_Job32.log -beanbinlog  --domain 0 --interactive yes --netlistOpt no --useMultiPointEvaluation yes --exprEvalShowJobStderr yes --evalSimParallel no --maxSims 0 --exprEvaluator vds --mcMapping mc1.mapping --checkLogStatusInterval 0 --checkSimulatorLogTimeout 1200 --exprEvalMaxTries 3 --maxNFSSyncWait 60 -adeBrokerAddress MrDonothing:52767 --fromADE true --virtuosoBinary virtuoso --guiDisplay MrDonothing:0 --globalStatus 60 --evaluateMultiMC yes --evalOnSimFail SkipFailedAnalyses --numRetriesOnError 1 --fenixMode explorer --lingertimeout 300 -ahdlLockTimeout 60 --sdbLib SoC_probe --sdbCell ADC_tb --sdbView maestro --heartBeatFileDir /dev/shm --id 32 --uuid 0c6f9c37-e63b-4147-8a25-a54f6560785b --log /home/hee/cadence/SoC/logs_hee/logs0/Job32.log "}
[2026-01-29 11:57:30.551 -0600] [PROCESS] [cadence.virtuoso.ade.simulationMonitor] - Started the simulation monitor process {"hostname": "MrDonothing", "processid": 9051, "logfile": "/home/hee/cadence/SoC/logs_hee/logs0/Job32.log", "current directory": "/home/hee/cadence/SoC"}
[2026-01-29 11:57:30.551 -0600] [PROCESS] [cadence.virtuoso.ade.simulationMonitor] - Simulation Monitor has successfully started up. Trying to set up communication channels to other components ... {"hostname": "MrDonothing", "processid": 9051, "logfile": "/home/hee/cadence/SoC/logs_hee/logs0/Job32.log"}
[2026-01-29 11:57:30.562 -0600] [PROCESS] [cadence.virtuoso.ade.simulationMonitor] - Communication channels have been successfully set up. Start processing events ... {"hostname": "MrDonothing", "processid": 9051, "logfile": "/home/hee/cadence/SoC/logs_hee/logs0/Job32.log"}
[2026-01-29 11:57:30.566 -0600] [PROCESS] [cadence.virtuoso.ade.simulationMonitor] - Started History {"hostname": "MrDonothing", "processid": 9051, "history": "ExplorerRun.0", "testname": "SoC_probe_ADC_tb_1", "cornername": "Nominal", "point": 1, "logfile": "/home/hee/cadence/SoC/logs_hee/logs0/Job32.log"}
[2026-01-29 11:57:30.566 -0600] [PROCESS] [cadence.virtuoso.ade.simulationMonitor] - HostInfo:
Host name (type):	MrDonothing (x86_64)
Operating system:	Linux 5.15.167.4-microsoft-standard-WSL2 #1 SMP Tue Nov 5 00:21:55 UTC 2024 {"hostname": "MrDonothing", "processid": 9051, "history": "ExplorerRun.0", "testname": "SoC_probe_ADC_tb_1", "cornername": "Nominal", "point": 1, "logfile": "/home/hee/cadence/SoC/logs_hee/logs0/Job32.log", "nodename": "MrDonothing", "domainname": "", "machine": "x86_64", "sysname": "Linux", "release": "5.15.167.4-microsoft-standard-WSL2", "version": "#1 SMP Tue Nov 5 00:21:55 UTC 2024"}
[2026-01-29 11:57:30.566 -0600] [PROCESS] [cadence.virtuoso.ade.simulationMonitor] - UsageInfo:
pid=9051
totalPhysicalMemory=15.433937GB,Used=1.861008GB,totalVirtualMemory=19.433937GB,Used=2.361740GB
Cpu: Cores=20, Load average:0.120000,0.270000,0.270000 {"hostname": "MrDonothing", "processid": 9051, "history": "ExplorerRun.0", "testname": "SoC_probe_ADC_tb_1", "cornername": "Nominal", "point": 1, "logfile": "/home/hee/cadence/SoC/logs_hee/logs0/Job32.log", "pid": "9051", "totalPhysicalMemory": "15.433937", "physicalMemoryUsed": "1.861008", "totalVirtualMemory": "19.433937", "virtualMemoryUsed": "2.361740", "cpuCores": "20", "processes": "326", "loadAverage1": "0.120000", "loadAverage5": "0.270000", "loadAverage15": "0.270000", "loadAverage1Percent": "0.006000"}
[2026-01-29 11:57:30.566 -0600] [EVENT] [cadence.virtuoso.ade.simulationMonitor] - NewPoint {"history": "ExplorerRun.0", "point": 1, "testname": "SoC_probe_ADC_tb_1", "cornername": "Nominal", "event": "NewPoint", "EventSource": "Simulation Monitor", "HistoryName": "ExplorerRun.0", "logFile": "/home/hee/cadence/SoC/logs_hee/logs0/Job32.log", "logFileSize": "4031", "category": "simulation"}
[2026-01-29 11:57:30.668 -0600] [EVENT] [cadence.virtuoso.ade.simulationMonitor] - NewPoint {"history": "ExplorerRun.0", "point": 1, "testname": "SoC_probe_ADC_tb_1", "cornername": "Nominal", "event": "NewPoint", "EventSource": "ams", "HistoryName": "ExplorerRun.0", "logFile": "/home/hee/simulation/SoC_probe/ADC_tb/maestro/results/maestro/ExplorerRun.0/1/SoC_probe_ADC_tb_1/psf/xrun.log", "logFileSize": "-1", "category": "simulation"}
[2026-01-29 11:57:30.675 -0600] [PROCESS] [cadence.virtuoso.ade.simulationMonitor] - Simulator launched {"hostname": "MrDonothing", "processid": 9051, "history": "ExplorerRun.0", "testname": "SoC_probe_ADC_tb_1", "cornername": "Nominal", "point": 1, "logfile": "/home/hee/cadence/SoC/logs_hee/logs0/Job32.log", "simid": "1", "event": "launch", "category": "simulation"}
[2026-01-29 11:57:30.676 -0600] [PROCESS] [cadence.virtuoso.ade.simulationMonitor] - Expression evaluator launched {"hostname": "MrDonothing", "processid": 9051, "history": "ExplorerRun.0", "testname": "SoC_probe_ADC_tb_1", "cornername": "Nominal", "point": 1, "logfile": "/home/hee/cadence/SoC/logs_hee/logs0/Job32.log"}
[2026-01-29 11:57:30.682 -0600] [PROCESS] [cadence.virtuoso.ade.simulationMonitor] - Started Simulation {"hostname": "MrDonothing", "processid": 9051, "history": "ExplorerRun.0", "testname": "SoC_probe_ADC_tb_1", "cornername": "Nominal", "point": 1, "logfile": "/home/hee/cadence/SoC/logs_hee/logs0/Job32.log", "event": "start", "category": "simulation"}
[2026-01-29 12:00:19.959 -0600] [INFO] [cadence.virtuoso.ade.simulationMonitor] - Notice from spectre during circuit read-in.
    Configuration file used: `/opt/cadence/installs/SPECTRE231/tools.lnx86/spectre/etc/configs/ams.cfg'. {"history": "ExplorerRun.0", "point": 1, "testname": "SoC_probe_ADC_tb_1", "cornername": "Nominal"}
[2026-01-29 12:00:19.959 -0600] [INFO] [cadence.virtuoso.ade.simulationMonitor] - Peak resident memory used = 179 Mbytes. {"history": "ExplorerRun.0", "point": 1, "testname": "SoC_probe_ADC_tb_1", "cornername": "Nominal"}
[2026-01-29 12:00:19.959 -0600] [INFO] [cadence.virtuoso.ade.simulationMonitor] - Peak resident memory used = 188 Mbytes. {"history": "ExplorerRun.0", "point": 1, "testname": "SoC_probe_ADC_tb_1", "cornername": "Nominal"}
[2026-01-29 12:00:19.959 -0600] [INFO] [cadence.virtuoso.ade.simulationMonitor] - Peak resident memory used = 189 Mbytes. {"history": "ExplorerRun.0", "point": 1, "testname": "SoC_probe_ADC_tb_1", "cornername": "Nominal"}
[2026-01-29 12:00:19.959 -0600] [INFO] [cadence.virtuoso.ade.simulationMonitor] - Notice from spectre during topology check.
    Only one connection to node `0'. {"history": "ExplorerRun.0", "point": 1, "testname": "SoC_probe_ADC_tb_1", "cornername": "Nominal"}
[2026-01-29 12:00:19.959 -0600] [INFO] [cadence.virtuoso.ade.simulationMonitor] - Notice from spectre during initial setup.
    Multithreading is disabled due to the size of the design being too small. {"history": "ExplorerRun.0", "point": 1, "testname": "SoC_probe_ADC_tb_1", "cornername": "Nominal"}
[2026-01-29 12:00:19.959 -0600] [INFO] [cadence.virtuoso.ade.simulationMonitor] -               nodes 13 {"history": "ExplorerRun.0", "point": 1, "testname": "SoC_probe_ADC_tb_1", "cornername": "Nominal"}
[2026-01-29 12:00:19.959 -0600] [INFO] [cadence.virtuoso.ade.simulationMonitor] - Notice from spectre during initial setup.
    APS enabled. {"history": "ExplorerRun.0", "point": 1, "testname": "SoC_probe_ADC_tb_1", "cornername": "Nominal"}
[2026-01-29 12:00:19.959 -0600] [INFO] [cadence.virtuoso.ade.simulationMonitor] - Peak resident memory used = 192 Mbytes. {"history": "ExplorerRun.0", "point": 1, "testname": "SoC_probe_ADC_tb_1", "cornername": "Nominal"}
[2026-01-29 12:00:19.959 -0600] [INFO] [cadence.virtuoso.ade.simulationMonitor] -    -   (APS) Multi-threading. The recommended number of threads is 1, consider adding +mt=1 on command line. {"history": "ExplorerRun.0", "point": 1, "testname": "SoC_probe_ADC_tb_1", "cornername": "Nominal"}
[2026-01-29 12:00:47.350 -0600] [PROCESS] [cadence.virtuoso.ade.simulationMonitor] - Finished simulating for one point {"hostname": "MrDonothing", "processid": 9051, "history": "ExplorerRun.0", "testname": "SoC_probe_ADC_tb_1", "cornername": "Nominal", "point": 1, "logfile": "/home/hee/cadence/SoC/logs_hee/logs0/Job32.log", "simid": "1", "event": "finish", "category": "simulation"}
[2026-01-29 12:00:47.382 -0600] [ERROR] [cadence.virtuoso.ade.simulationMonitor] - While simulating run ExplorerRun.0, point 1, test SoC_probe_ADC_tb_1, received error:
Simulation Error:
 The simulator process returned a non-zero exit code, indicating failure.
The simulator could have crashed or intentionally returned to indicate an error.
Check the simulator log file for more information.  Common causes:
1. Simulator may have crashed during exit even after reporting success in log file.
2. Abrupt automatic simulator termination (e.g., SIGKILL) because the simulator process has
   exceed... {"history": "ExplorerRun.0", "point": 1, "testname": "SoC_probe_ADC_tb_1", "cornername": "Nominal"}
[2026-01-29 12:00:47.383 -0600] [PROCESS] [cadence.virtuoso.ade.simulationMonitor] - Finished Simulation {"hostname": "MrDonothing", "processid": 9051, "history": "ExplorerRun.0", "testname": "SoC_probe_ADC_tb_1", "cornername": "Nominal", "point": 1, "logfile": "/home/hee/cadence/SoC/logs_hee/logs0/Job32.log", "simid": "1", "event": "finish", "category": "obsolete"}
[2026-01-29 12:00:51.385 -0600] [PROCESS] [cadence.virtuoso.ade.simulationMonitor] - Point Finished {"hostname": "MrDonothing", "processid": 9051, "history": "ExplorerRun.0", "testname": "SoC_probe_ADC_tb_1", "cornername": "Nominal", "point": 1, "logfile": "/home/hee/cadence/SoC/logs_hee/logs0/Job32.log", "event": "finish", "category": "sim-eval"}
[2026-01-29 12:03:17.217 -0600] [INFO] [cadence.virtuoso.ade.simulationMonitor] - SimulationMonitor has terminated the vds process '9100', reason: 'Force to stop the expression evalutor process because of new run' {"history": "ExplorerRun.0", "point": 1, "testname": "SoC_probe_ADC_tb_1", "cornername": "Nominal"}
[2026-01-29 12:03:17.218 -0600] [PROCESS] [cadence.virtuoso.ade.simulationMonitor] - HostInfo:
Host name (type):	MrDonothing (x86_64)
Operating system:	Linux 5.15.167.4-microsoft-standard-WSL2 #1 SMP Tue Nov 5 00:21:55 UTC 2024 {"hostname": "MrDonothing", "processid": 9051, "history": "ExplorerRun.0", "testname": "SoC_probe_ADC_tb_1", "cornername": "Nominal", "point": 1, "logfile": "/home/hee/cadence/SoC/logs_hee/logs0/Job32.log", "nodename": "MrDonothing", "domainname": "", "machine": "x86_64", "sysname": "Linux", "release": "5.15.167.4-microsoft-standard-WSL2", "version": "#1 SMP Tue Nov 5 00:21:55 UTC 2024"}
[2026-01-29 12:03:17.218 -0600] [PROCESS] [cadence.virtuoso.ade.simulationMonitor] - UsageInfo:
pid=9051
totalPhysicalMemory=15.433937GB,Used=1.772785GB,totalVirtualMemory=19.433937GB,Used=2.405651GB
Cpu: Cores=20, Load average:0.380000,0.360000,0.300000 {"hostname": "MrDonothing", "processid": 9051, "history": "ExplorerRun.0", "testname": "SoC_probe_ADC_tb_1", "cornername": "Nominal", "point": 1, "logfile": "/home/hee/cadence/SoC/logs_hee/logs0/Job32.log", "pid": "9051", "totalPhysicalMemory": "15.433937", "physicalMemoryUsed": "1.772785", "totalVirtualMemory": "19.433937", "virtualMemoryUsed": "2.405651", "cpuCores": "20", "processes": "325", "loadAverage1": "0.380000", "loadAverage5": "0.360000", "loadAverage15": "0.300000", "loadAverage1Percent": "0.019000"}
[2026-01-29 12:03:17.219 -0600] [EVENT] [cadence.virtuoso.ade.simulationMonitor] - NewPoint {"history": "ExplorerRun.0", "point": 1, "testname": "SoC_probe_ADC_tb_1", "cornername": "Nominal", "event": "NewPoint", "EventSource": "Simulation Monitor", "HistoryName": "ExplorerRun.0", "logFile": "/home/hee/cadence/SoC/logs_hee/logs0/Job32.log", "logFileSize": "11936", "category": "simulation"}
[2026-01-29 12:03:17.324 -0600] [EVENT] [cadence.virtuoso.ade.simulationMonitor] - NewPoint {"history": "ExplorerRun.0", "point": 1, "testname": "SoC_probe_ADC_tb_1", "cornername": "Nominal", "event": "NewPoint", "EventSource": "ams", "HistoryName": "ExplorerRun.0", "logFile": "/home/hee/simulation/SoC_probe/ADC_tb/maestro/results/maestro/ExplorerRun.0/1/SoC_probe_ADC_tb_1/psf/xrun.log", "logFileSize": "-1", "category": "simulation"}
[2026-01-29 12:03:17.329 -0600] [PROCESS] [cadence.virtuoso.ade.simulationMonitor] - Simulator launched {"hostname": "MrDonothing", "processid": 9051, "history": "ExplorerRun.0", "testname": "SoC_probe_ADC_tb_1", "cornername": "Nominal", "point": 1, "logfile": "/home/hee/cadence/SoC/logs_hee/logs0/Job32.log", "simid": "2", "event": "launch", "category": "simulation"}
[2026-01-29 12:03:17.331 -0600] [PROCESS] [cadence.virtuoso.ade.simulationMonitor] - Expression evaluator launched {"hostname": "MrDonothing", "processid": 9051, "history": "ExplorerRun.0", "testname": "SoC_probe_ADC_tb_1", "cornername": "Nominal", "point": 1, "logfile": "/home/hee/cadence/SoC/logs_hee/logs0/Job32.log"}
[2026-01-29 12:03:17.338 -0600] [PROCESS] [cadence.virtuoso.ade.simulationMonitor] - Started Simulation {"hostname": "MrDonothing", "processid": 9051, "history": "ExplorerRun.0", "testname": "SoC_probe_ADC_tb_1", "cornername": "Nominal", "point": 1, "logfile": "/home/hee/cadence/SoC/logs_hee/logs0/Job32.log", "event": "start", "category": "simulation"}
[2026-01-29 12:03:56.385 -0600] [INFO] [cadence.virtuoso.ade.simulationMonitor] - Notice from spectre during circuit read-in.
    Configuration file used: `/opt/cadence/installs/SPECTRE231/tools.lnx86/spectre/etc/configs/ams.cfg'. {"history": "ExplorerRun.0", "point": 1, "testname": "SoC_probe_ADC_tb_1", "cornername": "Nominal"}
[2026-01-29 12:03:56.385 -0600] [INFO] [cadence.virtuoso.ade.simulationMonitor] - Peak resident memory used = 186 Mbytes. {"history": "ExplorerRun.0", "point": 1, "testname": "SoC_probe_ADC_tb_1", "cornername": "Nominal"}
[2026-01-29 12:03:56.889 -0600] [INFO] [cadence.virtuoso.ade.simulationMonitor] - Peak resident memory used = 201 Mbytes. {"history": "ExplorerRun.0", "point": 1, "testname": "SoC_probe_ADC_tb_1", "cornername": "Nominal"}
[2026-01-29 12:03:56.889 -0600] [INFO] [cadence.virtuoso.ade.simulationMonitor] - Peak resident memory used = 202 Mbytes. {"history": "ExplorerRun.0", "point": 1, "testname": "SoC_probe_ADC_tb_1", "cornername": "Nominal"}
[2026-01-29 12:03:56.889 -0600] [INFO] [cadence.virtuoso.ade.simulationMonitor] - Notice from spectre during initial setup.
    Multithreading is disabled due to the size of the design being too small. {"history": "ExplorerRun.0", "point": 1, "testname": "SoC_probe_ADC_tb_1", "cornername": "Nominal"}
[2026-01-29 12:03:56.890 -0600] [INFO] [cadence.virtuoso.ade.simulationMonitor] -               nodes 12 {"history": "ExplorerRun.0", "point": 1, "testname": "SoC_probe_ADC_tb_1", "cornername": "Nominal"}
[2026-01-29 12:03:56.890 -0600] [INFO] [cadence.virtuoso.ade.simulationMonitor] - Notice from spectre during initial setup.
    APS enabled. {"history": "ExplorerRun.0", "point": 1, "testname": "SoC_probe_ADC_tb_1", "cornername": "Nominal"}
[2026-01-29 12:03:56.890 -0600] [INFO] [cadence.virtuoso.ade.simulationMonitor] - Peak resident memory used = 205 Mbytes. {"history": "ExplorerRun.0", "point": 1, "testname": "SoC_probe_ADC_tb_1", "cornername": "Nominal"}
[2026-01-29 12:03:56.890 -0600] [INFO] [cadence.virtuoso.ade.simulationMonitor] -    -   (APS) Multi-threading. The recommended number of threads is 1, consider adding +mt=1 on command line. {"history": "ExplorerRun.0", "point": 1, "testname": "SoC_probe_ADC_tb_1", "cornername": "Nominal"}
[2026-01-29 12:03:56.890 -0600] [INFO] [cadence.virtuoso.ade.simulationMonitor] - Notice from spectre during transient analysis `tran'.
    Multithreading is disabled due to the size of the design being too small. {"history": "ExplorerRun.0", "point": 1, "testname": "SoC_probe_ADC_tb_1", "cornername": "Nominal"}
[2026-01-29 12:03:56.890 -0600] [INFO] [cadence.virtuoso.ade.simulationMonitor] - Memory Usage - Current physical: 96.7M, Current virtual: 283.9M {"history": "ExplorerRun.0", "point": 1, "testname": "SoC_probe_ADC_tb_1", "cornername": "Nominal"}
[2026-01-29 12:03:56.890 -0600] [INFO] [cadence.virtuoso.ade.simulationMonitor] - CPU Usage - 0.1s system + 0.0s user = 0.1s total (0.2% cpu) {"history": "ExplorerRun.0", "point": 1, "testname": "SoC_probe_ADC_tb_1", "cornername": "Nominal"}
[2026-01-29 12:03:56.890 -0600] [INFO] [cadence.virtuoso.ade.simulationMonitor] - Intrinsic tran analysis time:    CPU = 5.756 ms, elapsed = 24.8971 ms. {"history": "ExplorerRun.0", "point": 1, "testname": "SoC_probe_ADC_tb_1", "cornername": "Nominal"}
[2026-01-29 12:04:01.896 -0600] [INFO] [cadence.virtuoso.ade.simulationMonitor] - Total time required for tran analysis `tran': CPU = 7.694 ms, elapsed = 31.11 ms, util. = 24.7%. {"history": "ExplorerRun.0", "point": 1, "testname": "SoC_probe_ADC_tb_1", "cornername": "Nominal"}
[2026-01-29 12:04:01.896 -0600] [INFO] [cadence.virtuoso.ade.simulationMonitor] - Peak resident memory used = 206 Mbytes. {"history": "ExplorerRun.0", "point": 1, "testname": "SoC_probe_ADC_tb_1", "cornername": "Nominal"}
[2026-01-29 12:04:01.896 -0600] [INFO] [cadence.virtuoso.ade.simulationMonitor] - Time used: CPU = 176 ms, elapsed = 20.6 s, util. = 856e-03%. {"history": "ExplorerRun.0", "point": 1, "testname": "SoC_probe_ADC_tb_1", "cornername": "Nominal"}
[2026-01-29 12:04:01.896 -0600] [INFO] [cadence.virtuoso.ade.simulationMonitor] - Time spent in licensing: elapsed = 15 s, percentage of total = 72.8%. {"history": "ExplorerRun.0", "point": 1, "testname": "SoC_probe_ADC_tb_1", "cornername": "Nominal"}
[2026-01-29 12:04:01.896 -0600] [INFO] [cadence.virtuoso.ade.simulationMonitor] - Peak memory used = 207 Mbytes. {"history": "ExplorerRun.0", "point": 1, "testname": "SoC_probe_ADC_tb_1", "cornername": "Nominal"}
[2026-01-29 12:04:01.896 -0600] [PROCESS] [cadence.virtuoso.ade.simulationMonitor] - Simulation started at: 12:03:41 PM, Thur Jan 29, 2026, ended at: 12:04:01 PM, Thur Jan 29, 2026, with elapsed time (wall clock): 20.6 s. {"history": "ExplorerRun.0", "point": 1, "testname": "SoC_probe_ADC_tb_1", "cornername": "Nominal"}
[2026-01-29 12:04:01.896 -0600] [PROCESS] [cadence.virtuoso.ade.simulationMonitor] - spectre completes with 0 errors, 0 warnings, and 5 notices. {"history": "ExplorerRun.0", "point": 1, "testname": "SoC_probe_ADC_tb_1", "cornername": "Nominal"}
[2026-01-29 12:04:03.397 -0600] [INFO] [cadence.virtuoso.ade.simulationMonitor] - xmsim: Memory Usage - Final: 88.7M, Peak: 98.6M, Peak virtual: 347.9M {"history": "ExplorerRun.0", "point": 1, "testname": "SoC_probe_ADC_tb_1", "cornername": "Nominal"}
[2026-01-29 12:04:03.398 -0600] [INFO] [cadence.virtuoso.ade.simulationMonitor] - xmsim: CPU Usage - 0.4s system + 1.4s user = 1.8s total (38.1s, 4.7% cpu) {"history": "ExplorerRun.0", "point": 1, "testname": "SoC_probe_ADC_tb_1", "cornername": "Nominal"}
[2026-01-29 12:04:03.398 -0600] [PROCESS] [cadence.virtuoso.ade.simulationMonitor] - Finished simulating for one point {"hostname": "MrDonothing", "processid": 9051, "history": "ExplorerRun.0", "testname": "SoC_probe_ADC_tb_1", "cornername": "Nominal", "point": 1, "logfile": "/home/hee/cadence/SoC/logs_hee/logs0/Job32.log", "simid": "2", "event": "finish", "category": "simulation"}
[2026-01-29 12:04:03.398 -0600] [PROCESS] [cadence.virtuoso.ade.simulationMonitor] - Simulator exited {"hostname": "MrDonothing", "processid": 9051, "history": "ExplorerRun.0", "testname": "SoC_probe_ADC_tb_1", "cornername": "Nominal", "point": 1, "logfile": "/home/hee/cadence/SoC/logs_hee/logs0/Job32.log", "exitStatus": "0"}
[2026-01-29 12:04:03.398 -0600] [PROCESS] [cadence.virtuoso.ade.simulationMonitor] - Finished Simulation {"hostname": "MrDonothing", "processid": 9051, "history": "ExplorerRun.0", "testname": "SoC_probe_ADC_tb_1", "cornername": "Nominal", "point": 1, "logfile": "/home/hee/cadence/SoC/logs_hee/logs0/Job32.log", "simid": "2", "event": "finish", "category": "obsolete"}
[2026-01-29 12:04:04.399 -0600] [PROCESS] [cadence.virtuoso.ade.simulationMonitor] - Point Finished {"hostname": "MrDonothing", "processid": 9051, "history": "ExplorerRun.0", "testname": "SoC_probe_ADC_tb_1", "cornername": "Nominal", "point": 1, "logfile": "/home/hee/cadence/SoC/logs_hee/logs0/Job32.log", "event": "finish", "category": "sim-eval"}
[2026-01-29 12:04:05.403 -0600] [PROCESS] [cadence.virtuoso.ade.simulationMonitor] - Stay with the runId '5', Linger time '300', currentRunSyn '11', currentTestSyn '12' {"hostname": "MrDonothing", "processid": 9051, "history": "ExplorerRun.0", "testname": "SoC_probe_ADC_tb_1", "cornername": "Nominal", "point": 1, "logfile": "/home/hee/cadence/SoC/logs_hee/logs0/Job32.log"}
[2026-01-29 12:09:05.258 -0600] [PROCESS] [cadence.virtuoso.ade.simulationMonitor] - Current memory used: 20.2656 MBytes, peak memory used: 88.6914 MBytes {"hostname": "MrDonothing", "processid": 9051, "history": "ExplorerRun.0", "testname": "SoC_probe_ADC_tb_1", "cornername": "Nominal", "point": 1, "logfile": "/home/hee/cadence/SoC/logs_hee/logs0/Job32.log"}
[2026-01-29 12:09:05.258 -0600] [PROCESS] [cadence.virtuoso.ade.simulationMonitor] - Simulation Monitor process exits. {"hostname": "MrDonothing", "processid": 9051, "history": "ExplorerRun.0", "testname": "SoC_probe_ADC_tb_1", "cornername": "Nominal", "point": 1, "logfile": "/home/hee/cadence/SoC/logs_hee/logs0/Job32.log"}
