[Simulation Monitor: 42]
[2026-01-29 16:58:42.317 -0600] [PROCESS] [cadence.virtuoso.ade.simulationMonitor] - Started the simulation monitor process {"hostname": "MrDonothing", "processid": 22540, "logfile": "/home/hee/cadence/SoC/logs_hee/logs0/Job42.log", "simulation monitor command line": "/opt/cadence/installs/IC231/tools.lnx86/dfII/bin/64bit/spectreMonitor -mpssession virtuoso29 -mpshost MrDonothing --davinciService DaVinciService_29_1769632919 --axlsession fnxSession12 -lscs 000175E1894CBE06FF0966E38F1FFC06BC4D03E3E77AFC06BC4D4CE3B605886ED2223BD3E671FC06867D66E38F1FFC06BC4D66E38F1FFC06BC4D0F98693D1A24D53600001E36 -beanhost MrDonothing -beanport 11386 -beanLogFile /home/hee/cadence/SoC/logs_hee/logs0/amps_Job42.log -beanbinlog  --domain 0 --interactive yes --netlistOpt no --useMultiPointEvaluation yes --exprEvalShowJobStderr yes --evalSimParallel no --maxSims 0 --historyName ExplorerRun.0 --historyUUID  --exprEvaluator vds --mcMapping mc1.mapping --checkLogStatusInterval 0 --checkSimulatorLogTimeout 1200 --exprEvalMaxTries 3 --maxNFSSyncWait 60 -adeBrokerAddress MrDonothing:52767 --fromADE true --virtuosoBinary virtuoso --guiDisplay MrDonothing:0 --globalStatus 60 --evaluateMultiMC yes --evalOnSimFail SkipFailedAnalyses --numRetriesOnError 1 --fenixMode explorer --lingertimeout 300 -ahdlLockTimeout 60 --sdbLib SoC_probe --sdbCell ADC_tb --sdbView maestro --heartBeatFileDir /dev/shm --id 42 --uuid bcb4144c-0933-4e2a-9c19-ea33c6e156b1 --log /home/hee/cadence/SoC/logs_hee/logs0/Job42.log "}
[2026-01-29 16:58:42.317 -0600] [PROCESS] [cadence.virtuoso.ade.simulationMonitor] - Started the simulation monitor process {"hostname": "MrDonothing", "processid": 22540, "logfile": "/home/hee/cadence/SoC/logs_hee/logs0/Job42.log", "current directory": "/home/hee/cadence/SoC"}
[2026-01-29 16:58:42.317 -0600] [PROCESS] [cadence.virtuoso.ade.simulationMonitor] - Simulation Monitor has successfully started up. Trying to set up communication channels to other components ... {"hostname": "MrDonothing", "processid": 22540, "logfile": "/home/hee/cadence/SoC/logs_hee/logs0/Job42.log"}
[2026-01-29 16:58:42.326 -0600] [PROCESS] [cadence.virtuoso.ade.simulationMonitor] - Communication channels have been successfully set up. Start processing events ... {"hostname": "MrDonothing", "processid": 22540, "logfile": "/home/hee/cadence/SoC/logs_hee/logs0/Job42.log"}
[2026-01-29 16:58:42.327 -0600] [PROCESS] [cadence.virtuoso.ade.simulationMonitor] - Considering to start history {"hostname": "MrDonothing", "processid": 22540, "history": "ExplorerRun.0", "logfile": "/home/hee/cadence/SoC/logs_hee/logs0/Job42.log"}
[2026-01-29 16:58:42.340 -0600] [PROCESS] [cadence.virtuoso.ade.simulationMonitor] - HostInfo:
Host name (type):	MrDonothing (x86_64)
Operating system:	Linux 5.15.167.4-microsoft-standard-WSL2 #1 SMP Tue Nov 5 00:21:55 UTC 2024 {"hostname": "MrDonothing", "processid": 22540, "history": "ExplorerRun.0", "logfile": "/home/hee/cadence/SoC/logs_hee/logs0/Job42.log", "nodename": "MrDonothing", "domainname": "", "machine": "x86_64", "sysname": "Linux", "release": "5.15.167.4-microsoft-standard-WSL2", "version": "#1 SMP Tue Nov 5 00:21:55 UTC 2024"}
[2026-01-29 16:58:42.340 -0600] [PROCESS] [cadence.virtuoso.ade.simulationMonitor] - UsageInfo:
pid=22540
totalPhysicalMemory=15.433937GB,Used=2.723080GB,totalVirtualMemory=19.433937GB,Used=3.048454GB
Cpu: Cores=20, Load average:0.340000,0.120000,0.030000 {"hostname": "MrDonothing", "processid": 22540, "history": "ExplorerRun.0", "logfile": "/home/hee/cadence/SoC/logs_hee/logs0/Job42.log", "pid": "22540", "totalPhysicalMemory": "15.433937", "physicalMemoryUsed": "2.723080", "totalVirtualMemory": "19.433937", "virtualMemoryUsed": "3.048454", "cpuCores": "20", "processes": "367", "loadAverage1": "0.340000", "loadAverage5": "0.120000", "loadAverage15": "0.030000", "loadAverage1Percent": "0.017000"}
[2026-01-29 16:58:42.341 -0600] [EVENT] [cadence.virtuoso.ade.simulationMonitor] - NewPoint {"history": "ExplorerRun.0", "point": 1, "testname": "SoC_probe_ADC_tb_1", "cornername": "Nominal", "event": "NewPoint", "EventSource": "Simulation Monitor", "HistoryName": "ExplorerRun.0", "logFile": "/home/hee/cadence/SoC/logs_hee/logs0/Job42.log", "logFileSize": "3884", "category": "simulation"}
[2026-01-29 16:58:42.443 -0600] [EVENT] [cadence.virtuoso.ade.simulationMonitor] - NewPoint {"history": "ExplorerRun.0", "point": 1, "testname": "SoC_probe_ADC_tb_1", "cornername": "Nominal", "event": "NewPoint", "EventSource": "ams", "HistoryName": "ExplorerRun.0", "logFile": "/home/hee/simulation/SoC_probe/ADC_tb/maestro/results/maestro/ExplorerRun.0/1/SoC_probe_ADC_tb_1/psf/xrun.log", "logFileSize": "-1", "category": "simulation"}
[2026-01-29 16:58:42.450 -0600] [PROCESS] [cadence.virtuoso.ade.simulationMonitor] - Simulator launched {"hostname": "MrDonothing", "processid": 22540, "history": "ExplorerRun.0", "testname": "SoC_probe_ADC_tb_1", "cornername": "Nominal", "point": 1, "logfile": "/home/hee/cadence/SoC/logs_hee/logs0/Job42.log", "simid": "1", "event": "launch", "category": "simulation"}
[2026-01-29 16:58:42.451 -0600] [PROCESS] [cadence.virtuoso.ade.simulationMonitor] - Expression evaluator launched {"hostname": "MrDonothing", "processid": 22540, "history": "ExplorerRun.0", "testname": "SoC_probe_ADC_tb_1", "cornername": "Nominal", "point": 1, "logfile": "/home/hee/cadence/SoC/logs_hee/logs0/Job42.log"}
[2026-01-29 16:58:42.465 -0600] [PROCESS] [cadence.virtuoso.ade.simulationMonitor] - Started Simulation {"hostname": "MrDonothing", "processid": 22540, "history": "ExplorerRun.0", "testname": "SoC_probe_ADC_tb_1", "cornername": "Nominal", "point": 1, "logfile": "/home/hee/cadence/SoC/logs_hee/logs0/Job42.log", "event": "start", "category": "simulation"}
[2026-01-29 17:01:35.400 -0600] [INFO] [cadence.virtuoso.ade.simulationMonitor] - Notice from spectre during circuit read-in.
    Configuration file used: `/opt/cadence/installs/SPECTRE231/tools.lnx86/spectre/etc/configs/ams.cfg'. {"history": "ExplorerRun.0", "point": 1, "testname": "SoC_probe_ADC_tb_1", "cornername": "Nominal"}
[2026-01-29 17:01:35.401 -0600] [INFO] [cadence.virtuoso.ade.simulationMonitor] - Peak resident memory used = 183 Mbytes. {"history": "ExplorerRun.0", "point": 1, "testname": "SoC_probe_ADC_tb_1", "cornername": "Nominal"}
[2026-01-29 17:01:35.401 -0600] [INFO] [cadence.virtuoso.ade.simulationMonitor] - Peak resident memory used = 191 Mbytes. {"history": "ExplorerRun.0", "point": 1, "testname": "SoC_probe_ADC_tb_1", "cornername": "Nominal"}
[2026-01-29 17:01:35.401 -0600] [INFO] [cadence.virtuoso.ade.simulationMonitor] - Peak resident memory used = 192 Mbytes. {"history": "ExplorerRun.0", "point": 1, "testname": "SoC_probe_ADC_tb_1", "cornername": "Nominal"}
[2026-01-29 17:01:35.402 -0600] [INFO] [cadence.virtuoso.ade.simulationMonitor] - Notice from spectre during initial setup.
    Ignorevaref=yes is ignored since all nodes are connected to Verilog-A modules. {"history": "ExplorerRun.0", "point": 1, "testname": "SoC_probe_ADC_tb_1", "cornername": "Nominal"}
[2026-01-29 17:01:35.402 -0600] [INFO] [cadence.virtuoso.ade.simulationMonitor] - Notice from spectre during topology check.
    Only one connection to node `0'. {"history": "ExplorerRun.0", "point": 1, "testname": "SoC_probe_ADC_tb_1", "cornername": "Nominal"}
[2026-01-29 17:01:35.402 -0600] [INFO] [cadence.virtuoso.ade.simulationMonitor] - Notice from spectre during initial setup.
    Multithreading is disabled due to the size of the design being too small. {"history": "ExplorerRun.0", "point": 1, "testname": "SoC_probe_ADC_tb_1", "cornername": "Nominal"}
[2026-01-29 17:01:35.403 -0600] [INFO] [cadence.virtuoso.ade.simulationMonitor] -               nodes 13 {"history": "ExplorerRun.0", "point": 1, "testname": "SoC_probe_ADC_tb_1", "cornername": "Nominal"}
[2026-01-29 17:01:35.903 -0600] [INFO] [cadence.virtuoso.ade.simulationMonitor] - Notice from spectre during initial setup.
    APS enabled. {"history": "ExplorerRun.0", "point": 1, "testname": "SoC_probe_ADC_tb_1", "cornername": "Nominal"}
[2026-01-29 17:01:35.903 -0600] [INFO] [cadence.virtuoso.ade.simulationMonitor] - Peak resident memory used = 195 Mbytes. {"history": "ExplorerRun.0", "point": 1, "testname": "SoC_probe_ADC_tb_1", "cornername": "Nominal"}
[2026-01-29 17:01:35.904 -0600] [INFO] [cadence.virtuoso.ade.simulationMonitor] -    -   (APS) Multi-threading. The recommended number of threads is 1, consider adding +mt=1 on command line. {"history": "ExplorerRun.0", "point": 1, "testname": "SoC_probe_ADC_tb_1", "cornername": "Nominal"}
[2026-01-29 17:01:35.904 -0600] [INFO] [cadence.virtuoso.ade.simulationMonitor] - Notice from spectre during transient analysis `tran'.
    Multithreading is disabled due to the size of the design being too small. {"history": "ExplorerRun.0", "point": 1, "testname": "SoC_probe_ADC_tb_1", "cornername": "Nominal"}
[2026-01-29 17:01:35.904 -0600] [INFO] [cadence.virtuoso.ade.simulationMonitor] - Memory Usage - Current physical: 86.3M, Current virtual: 339.4M {"history": "ExplorerRun.0", "point": 1, "testname": "SoC_probe_ADC_tb_1", "cornername": "Nominal"}
[2026-01-29 17:01:35.904 -0600] [INFO] [cadence.virtuoso.ade.simulationMonitor] - CPU Usage - 0.1s system + 0.1s user = 0.2s total (0.1% cpu) {"history": "ExplorerRun.0", "point": 1, "testname": "SoC_probe_ADC_tb_1", "cornername": "Nominal"}
[2026-01-29 17:01:35.904 -0600] [INFO] [cadence.virtuoso.ade.simulationMonitor] - Intrinsic tran analysis time:    CPU = 18.348 ms, elapsed = 58.0411 ms. {"history": "ExplorerRun.0", "point": 1, "testname": "SoC_probe_ADC_tb_1", "cornername": "Nominal"}
[2026-01-29 17:01:40.917 -0600] [INFO] [cadence.virtuoso.ade.simulationMonitor] - Total time required for tran analysis `tran': CPU = 26.59 ms, elapsed = 77.0199 ms, util. = 34.5%. {"history": "ExplorerRun.0", "point": 1, "testname": "SoC_probe_ADC_tb_1", "cornername": "Nominal"}
[2026-01-29 17:01:40.918 -0600] [INFO] [cadence.virtuoso.ade.simulationMonitor] - Peak resident memory used = 199 Mbytes. {"history": "ExplorerRun.0", "point": 1, "testname": "SoC_probe_ADC_tb_1", "cornername": "Nominal"}
[2026-01-29 17:01:40.918 -0600] [INFO] [cadence.virtuoso.ade.simulationMonitor] - Time used: CPU = 396 ms, elapsed = 19.8 s, util. = 2%. {"history": "ExplorerRun.0", "point": 1, "testname": "SoC_probe_ADC_tb_1", "cornername": "Nominal"}
[2026-01-29 17:01:40.918 -0600] [INFO] [cadence.virtuoso.ade.simulationMonitor] - Time spent in licensing: elapsed = 14 s, percentage of total = 70.9%. {"history": "ExplorerRun.0", "point": 1, "testname": "SoC_probe_ADC_tb_1", "cornername": "Nominal"}
[2026-01-29 17:01:40.918 -0600] [INFO] [cadence.virtuoso.ade.simulationMonitor] - Peak memory used = 200 Mbytes. {"history": "ExplorerRun.0", "point": 1, "testname": "SoC_probe_ADC_tb_1", "cornername": "Nominal"}
[2026-01-29 17:01:40.918 -0600] [PROCESS] [cadence.virtuoso.ade.simulationMonitor] - Simulation started at: 5:01:20 PM, Thur Jan 29, 2026, ended at: 5:01:40 PM, Thur Jan 29, 2026, with elapsed time (wall clock): 19.8 s. {"history": "ExplorerRun.0", "point": 1, "testname": "SoC_probe_ADC_tb_1", "cornername": "Nominal"}
[2026-01-29 17:01:40.918 -0600] [PROCESS] [cadence.virtuoso.ade.simulationMonitor] - spectre completes with 0 errors, 0 warnings, and 7 notices. {"history": "ExplorerRun.0", "point": 1, "testname": "SoC_probe_ADC_tb_1", "cornername": "Nominal"}
[2026-01-29 17:01:42.420 -0600] [INFO] [cadence.virtuoso.ade.simulationMonitor] - xmsim: Memory Usage - Final: 78.2M, Peak: 88.1M, Peak virtual: 403.4M {"history": "ExplorerRun.0", "point": 1, "testname": "SoC_probe_ADC_tb_1", "cornername": "Nominal"}
[2026-01-29 17:01:42.420 -0600] [INFO] [cadence.virtuoso.ade.simulationMonitor] - xmsim: CPU Usage - 0.6s system + 0.8s user = 1.4s total (171.3s, 0.8% cpu) {"history": "ExplorerRun.0", "point": 1, "testname": "SoC_probe_ADC_tb_1", "cornername": "Nominal"}
[2026-01-29 17:01:42.423 -0600] [PROCESS] [cadence.virtuoso.ade.simulationMonitor] - Finished simulating for one point {"hostname": "MrDonothing", "processid": 22540, "history": "ExplorerRun.0", "testname": "SoC_probe_ADC_tb_1", "cornername": "Nominal", "point": 1, "logfile": "/home/hee/cadence/SoC/logs_hee/logs0/Job42.log", "simid": "1", "event": "finish", "category": "simulation"}
[2026-01-29 17:01:42.423 -0600] [PROCESS] [cadence.virtuoso.ade.simulationMonitor] - Simulator exited {"hostname": "MrDonothing", "processid": 22540, "history": "ExplorerRun.0", "testname": "SoC_probe_ADC_tb_1", "cornername": "Nominal", "point": 1, "logfile": "/home/hee/cadence/SoC/logs_hee/logs0/Job42.log", "exitStatus": "0"}
[2026-01-29 17:01:42.424 -0600] [PROCESS] [cadence.virtuoso.ade.simulationMonitor] - Finished Simulation {"hostname": "MrDonothing", "processid": 22540, "history": "ExplorerRun.0", "testname": "SoC_probe_ADC_tb_1", "cornername": "Nominal", "point": 1, "logfile": "/home/hee/cadence/SoC/logs_hee/logs0/Job42.log", "simid": "1", "event": "finish", "category": "obsolete"}
[2026-01-29 17:01:44.425 -0600] [PROCESS] [cadence.virtuoso.ade.simulationMonitor] - Point Finished {"hostname": "MrDonothing", "processid": 22540, "history": "ExplorerRun.0", "testname": "SoC_probe_ADC_tb_1", "cornername": "Nominal", "point": 1, "logfile": "/home/hee/cadence/SoC/logs_hee/logs0/Job42.log", "event": "finish", "category": "sim-eval"}
[2026-01-29 17:01:45.440 -0600] [PROCESS] [cadence.virtuoso.ade.simulationMonitor] - Stay with the runId '0', Linger time '300', currentRunSyn '1', currentTestSyn '2' {"hostname": "MrDonothing", "processid": 22540, "history": "ExplorerRun.0", "testname": "SoC_probe_ADC_tb_1", "cornername": "Nominal", "point": 1, "logfile": "/home/hee/cadence/SoC/logs_hee/logs0/Job42.log"}
[2026-01-29 17:01:46.441 -0600] [PROCESS] [cadence.virtuoso.ade.simulationMonitor] - Stay with the runId '0', Linger time '300', currentRunSyn '1', currentTestSyn '2' {"hostname": "MrDonothing", "processid": 22540, "history": "ExplorerRun.0", "testname": "SoC_probe_ADC_tb_1", "cornername": "Nominal", "point": 1, "logfile": "/home/hee/cadence/SoC/logs_hee/logs0/Job42.log"}
[2026-01-29 17:06:45.756 -0600] [PROCESS] [cadence.virtuoso.ade.simulationMonitor] - Current memory used: 86.4805 MBytes, peak memory used: 86.4805 MBytes {"hostname": "MrDonothing", "processid": 22540, "history": "ExplorerRun.0", "testname": "SoC_probe_ADC_tb_1", "cornername": "Nominal", "point": 1, "logfile": "/home/hee/cadence/SoC/logs_hee/logs0/Job42.log"}
[2026-01-29 17:06:45.756 -0600] [PROCESS] [cadence.virtuoso.ade.simulationMonitor] - Simulation Monitor process exits. {"hostname": "MrDonothing", "processid": 22540, "history": "ExplorerRun.0", "testname": "SoC_probe_ADC_tb_1", "cornername": "Nominal", "point": 1, "logfile": "/home/hee/cadence/SoC/logs_hee/logs0/Job42.log"}
