[Simulation Monitor: 4]
[2026-02-23 13:54:56.357 +1100] [PROCESS] [cadence.virtuoso.ade.simulationMonitor] - Started the simulation monitor process {"hostname": "MrDonothing", "processid": 15541, "logfile": "/home/hee/projects/agriculture-SoC/analog/cadence/notech/SoC/logs_hee/logs0/Job4.log", "simulation monitor command line": "/opt/cadence/installs/IC231/tools.lnx86/dfII/bin/64bit/spectreMonitor -mpssession virtuoso71 -mpshost MrDonothing --davinciService DaVinciService_71_1771806811 --axlsession fnxSession1 -lscs 000175E1894CBE06FF0966E38F1FFC06BC4D03E3E77AFC06BC4D4CE3B605886ED2223BD3E671FC06867D66E38F1FFC06BC4D66E38F1FFC06BC4D0F784E9F3D86D5D600001E64 -beanhost MrDonothing -beanport 11719 -beanLogFile /home/hee/projects/agriculture-SoC/analog/cadence/notech/SoC/logs_hee/logs0/amps_Job4.log -beanbinlog  --domain 0 --interactive yes --netlistOpt no --useMultiPointEvaluation yes --exprEvalShowJobStderr yes --evalSimParallel no --maxSims 0 --historyName ExplorerRun.0 --historyUUID  --exprEvaluator vds --mcMapping mc1.mapping --checkLogStatusInterval 0 --checkSimulatorLogTimeout 1200 --exprEvalMaxTries 3 --maxNFSSyncWait 60 -adeBrokerAddress MrDonothing:36451 --fromADE true --virtuosoBinary virtuoso --guiDisplay MrDonothing:0 --globalStatus 60 --evaluateMultiMC yes --evalOnSimFail SkipFailedAnalyses --numRetriesOnError 1 --fenixMode explorer --lingertimeout 300 -ahdlLockTimeout 60 --sdbLib SoC_AFE --sdbCell cap_array_8b_tb --sdbView maestro --heartBeatFileDir /dev/shm --id 4 --uuid 5ed4e640-88b2-457b-9f4f-6ad1f2198a3a --log /home/hee/projects/agriculture-SoC/analog/cadence/notech/SoC/logs_hee/logs0/Job4.log "}
[2026-02-23 13:54:56.358 +1100] [PROCESS] [cadence.virtuoso.ade.simulationMonitor] - Started the simulation monitor process {"hostname": "MrDonothing", "processid": 15541, "logfile": "/home/hee/projects/agriculture-SoC/analog/cadence/notech/SoC/logs_hee/logs0/Job4.log", "current directory": "/home/hee/projects/agriculture-SoC/analog/cadence/notech/SoC"}
[2026-02-23 13:54:56.358 +1100] [PROCESS] [cadence.virtuoso.ade.simulationMonitor] - Simulation Monitor has successfully started up. Trying to set up communication channels to other components ... {"hostname": "MrDonothing", "processid": 15541, "logfile": "/home/hee/projects/agriculture-SoC/analog/cadence/notech/SoC/logs_hee/logs0/Job4.log"}
[2026-02-23 13:54:56.358 +1100] [PROCESS] [cadence.virtuoso.ade.simulationMonitor] - Communication channels have been successfully set up. Start processing events ... {"hostname": "MrDonothing", "processid": 15541, "logfile": "/home/hee/projects/agriculture-SoC/analog/cadence/notech/SoC/logs_hee/logs0/Job4.log"}
[2026-02-23 13:54:56.358 +1100] [PROCESS] [cadence.virtuoso.ade.simulationMonitor] - Considering to start history {"hostname": "MrDonothing", "processid": 15541, "history": "ExplorerRun.0", "logfile": "/home/hee/projects/agriculture-SoC/analog/cadence/notech/SoC/logs_hee/logs0/Job4.log"}
[2026-02-23 13:54:56.360 +1100] [PROCESS] [cadence.virtuoso.ade.simulationMonitor] - HostInfo:
Host name (type):	MrDonothing (x86_64)
Operating system:	Linux 5.15.167.4-microsoft-standard-WSL2 #1 SMP Tue Nov 5 00:21:55 UTC 2024 {"hostname": "MrDonothing", "processid": 15541, "history": "ExplorerRun.0", "logfile": "/home/hee/projects/agriculture-SoC/analog/cadence/notech/SoC/logs_hee/logs0/Job4.log", "nodename": "MrDonothing", "domainname": "", "machine": "x86_64", "sysname": "Linux", "release": "5.15.167.4-microsoft-standard-WSL2", "version": "#1 SMP Tue Nov 5 00:21:55 UTC 2024"}
[2026-02-23 13:54:56.360 +1100] [PROCESS] [cadence.virtuoso.ade.simulationMonitor] - UsageInfo:
pid=15541
totalPhysicalMemory=15.433941GB,Used=2.399952GB,totalVirtualMemory=19.433941GB,Used=2.399952GB
Cpu: Cores=20, Load average:0.020000,0.010000,0.000000 {"hostname": "MrDonothing", "processid": 15541, "history": "ExplorerRun.0", "logfile": "/home/hee/projects/agriculture-SoC/analog/cadence/notech/SoC/logs_hee/logs0/Job4.log", "pid": "15541", "totalPhysicalMemory": "15.433941", "physicalMemoryUsed": "2.399952", "totalVirtualMemory": "19.433941", "virtualMemoryUsed": "2.399952", "cpuCores": "20", "processes": "359", "loadAverage1": "0.020000", "loadAverage5": "0.010000", "loadAverage15": "0.000000", "loadAverage1Percent": "0.001000"}
[2026-02-23 13:54:56.360 +1100] [EVENT] [cadence.virtuoso.ade.simulationMonitor] - NewPoint {"history": "ExplorerRun.0", "point": 1, "testname": "SoC_AFE_cap_array_8b_tb_1", "cornername": "Nominal", "event": "NewPoint", "EventSource": "Simulation Monitor", "HistoryName": "ExplorerRun.0", "logFile": "/home/hee/projects/agriculture-SoC/analog/cadence/notech/SoC/logs_hee/logs0/Job4.log", "logFileSize": "4269", "category": "simulation"}
[2026-02-23 13:54:56.461 +1100] [EVENT] [cadence.virtuoso.ade.simulationMonitor] - NewPoint {"history": "ExplorerRun.0", "point": 1, "testname": "SoC_AFE_cap_array_8b_tb_1", "cornername": "Nominal", "event": "NewPoint", "EventSource": "spectre", "HistoryName": "ExplorerRun.0", "logFile": "/home/hee/simulation/SoC_AFE/cap_array_8b_tb/maestro/results/maestro/ExplorerRun.0/1/SoC_AFE_cap_array_8b_tb_1/psf/spectre.out", "logFileSize": "-1", "category": "simulation"}
[2026-02-23 13:54:56.713 +1100] [PROCESS] [cadence.virtuoso.ade.simulationMonitor] - Simulator launched {"hostname": "MrDonothing", "processid": 15541, "history": "ExplorerRun.0", "testname": "SoC_AFE_cap_array_8b_tb_1", "cornername": "Nominal", "point": 1, "logfile": "/home/hee/projects/agriculture-SoC/analog/cadence/notech/SoC/logs_hee/logs0/Job4.log", "simid": "1", "event": "launch", "category": "simulation"}
[2026-02-23 13:54:56.715 +1100] [PROCESS] [cadence.virtuoso.ade.simulationMonitor] - Expression evaluator launched {"hostname": "MrDonothing", "processid": 15541, "history": "ExplorerRun.0", "testname": "SoC_AFE_cap_array_8b_tb_1", "cornername": "Nominal", "point": 1, "logfile": "/home/hee/projects/agriculture-SoC/analog/cadence/notech/SoC/logs_hee/logs0/Job4.log"}
[2026-02-23 13:54:56.720 +1100] [PROCESS] [cadence.virtuoso.ade.simulationMonitor] - Started Simulation {"hostname": "MrDonothing", "processid": 15541, "history": "ExplorerRun.0", "testname": "SoC_AFE_cap_array_8b_tb_1", "cornername": "Nominal", "point": 1, "logfile": "/home/hee/projects/agriculture-SoC/analog/cadence/notech/SoC/logs_hee/logs0/Job4.log", "event": "start", "category": "simulation"}
[2026-02-23 13:54:58.221 +1100] [INFO] [cadence.virtuoso.ade.simulationMonitor] - Peak resident memory used = 172 Mbytes. {"history": "ExplorerRun.0", "point": 1, "testname": "SoC_AFE_cap_array_8b_tb_1", "cornername": "Nominal"}
[2026-02-23 13:54:58.221 +1100] [INFO] [cadence.virtuoso.ade.simulationMonitor] - Peak resident memory used = 180 Mbytes. {"history": "ExplorerRun.0", "point": 1, "testname": "SoC_AFE_cap_array_8b_tb_1", "cornername": "Nominal"}
[2026-02-23 13:54:58.221 +1100] [INFO] [cadence.virtuoso.ade.simulationMonitor] - Peak resident memory used = 181 Mbytes. {"history": "ExplorerRun.0", "point": 1, "testname": "SoC_AFE_cap_array_8b_tb_1", "cornername": "Nominal"}
[2026-02-23 13:54:58.221 +1100] [INFO] [cadence.virtuoso.ade.simulationMonitor] - Notice from spectre during initial setup.
    Ignorevaref=yes is ignored since all nodes are connected to Verilog-A modules. {"history": "ExplorerRun.0", "point": 1, "testname": "SoC_AFE_cap_array_8b_tb_1", "cornername": "Nominal"}
[2026-02-23 13:54:58.221 +1100] [INFO] [cadence.virtuoso.ade.simulationMonitor] - Notice from spectre during topology check.
    No DC path from node `net2' to ground, Gmin installed to provide path. {"history": "ExplorerRun.0", "point": 1, "testname": "SoC_AFE_cap_array_8b_tb_1", "cornername": "Nominal"}
[2026-02-23 13:54:58.221 +1100] [INFO] [cadence.virtuoso.ade.simulationMonitor] - Notice from spectre during initial setup.
    Multithreading is disabled due to the size of the design being too small. {"history": "ExplorerRun.0", "point": 1, "testname": "SoC_AFE_cap_array_8b_tb_1", "cornername": "Nominal"}
[2026-02-23 13:54:58.221 +1100] [INFO] [cadence.virtuoso.ade.simulationMonitor] -               nodes 43 {"history": "ExplorerRun.0", "point": 1, "testname": "SoC_AFE_cap_array_8b_tb_1", "cornername": "Nominal"}
[2026-02-23 13:54:58.221 +1100] [INFO] [cadence.virtuoso.ade.simulationMonitor] - Notice from spectre during initial setup.
    Protected devices exist and are not included in the circuit inventory.
    APS enabled. {"history": "ExplorerRun.0", "point": 1, "testname": "SoC_AFE_cap_array_8b_tb_1", "cornername": "Nominal"}
[2026-02-23 13:54:58.221 +1100] [INFO] [cadence.virtuoso.ade.simulationMonitor] - Peak resident memory used = 185 Mbytes. {"history": "ExplorerRun.0", "point": 1, "testname": "SoC_AFE_cap_array_8b_tb_1", "cornername": "Nominal"}
[2026-02-23 13:54:58.221 +1100] [INFO] [cadence.virtuoso.ade.simulationMonitor] -    -   (APS) Multi-threading. The recommended number of threads is 1, consider adding +mt=1 on command line. {"history": "ExplorerRun.0", "point": 1, "testname": "SoC_AFE_cap_array_8b_tb_1", "cornername": "Nominal"}
[2026-02-23 13:54:58.221 +1100] [INFO] [cadence.virtuoso.ade.simulationMonitor] - Notice from spectre during transient analysis `tran'.
    Multithreading is disabled due to the size of the design being too small. {"history": "ExplorerRun.0", "point": 1, "testname": "SoC_AFE_cap_array_8b_tb_1", "cornername": "Nominal"}
[2026-02-23 13:54:58.221 +1100] [INFO] [cadence.virtuoso.ade.simulationMonitor] - Notice from spectre at time = 14.1779 ns during transient analysis `tran'.
    Found trapezoidal ringing on node _vvss!:p. {"history": "ExplorerRun.0", "point": 1, "testname": "SoC_AFE_cap_array_8b_tb_1", "cornername": "Nominal"}
[2026-02-23 13:54:58.221 +1100] [INFO] [cadence.virtuoso.ade.simulationMonitor] - Notice from spectre at time = 16.9537 ns during transient analysis `tran'.
    Found trapezoidal ringing on node _vvss!:p. {"history": "ExplorerRun.0", "point": 1, "testname": "SoC_AFE_cap_array_8b_tb_1", "cornername": "Nominal"}
[2026-02-23 13:54:58.221 +1100] [INFO] [cadence.virtuoso.ade.simulationMonitor] - Notice from spectre at time = 21.0582 ns during transient analysis `tran'.
    Found trapezoidal ringing on node _vvss!:p. {"history": "ExplorerRun.0", "point": 1, "testname": "SoC_AFE_cap_array_8b_tb_1", "cornername": "Nominal"}
[2026-02-23 13:54:58.221 +1100] [INFO] [cadence.virtuoso.ade.simulationMonitor] - Notice from spectre at time = 26.244 ns during transient analysis `tran'.
    Found trapezoidal ringing on node _vvss!:p. {"history": "ExplorerRun.0", "point": 1, "testname": "SoC_AFE_cap_array_8b_tb_1", "cornername": "Nominal"}
[2026-02-23 13:54:58.221 +1100] [INFO] [cadence.virtuoso.ade.simulationMonitor] - Notice from spectre at time = 32.7659 ns during transient analysis `tran'.
    Found trapezoidal ringing on node _vvss!:p.
        Further occurrences of this notice will be suppressed. {"history": "ExplorerRun.0", "point": 1, "testname": "SoC_AFE_cap_array_8b_tb_1", "cornername": "Nominal"}
[2026-02-23 13:54:58.221 +1100] [INFO] [cadence.virtuoso.ade.simulationMonitor] - Notice from spectre during transient analysis `tran'.
    Trapezoidal ringing is detected during tran analysis.
        Please use method=trap for better results and performance. {"history": "ExplorerRun.0", "point": 1, "testname": "SoC_AFE_cap_array_8b_tb_1", "cornername": "Nominal"}
[2026-02-23 13:54:58.221 +1100] [INFO] [cadence.virtuoso.ade.simulationMonitor] - Intrinsic tran analysis time:    CPU = 14.75 ms, elapsed = 20.143 ms. {"history": "ExplorerRun.0", "point": 1, "testname": "SoC_AFE_cap_array_8b_tb_1", "cornername": "Nominal"}
[2026-02-23 13:54:58.221 +1100] [INFO] [cadence.virtuoso.ade.simulationMonitor] - Total time required for tran analysis `tran': CPU = 17.293 ms, elapsed = 27.1201 ms, util. = 63.8%. {"history": "ExplorerRun.0", "point": 1, "testname": "SoC_AFE_cap_array_8b_tb_1", "cornername": "Nominal"}
[2026-02-23 13:54:58.221 +1100] [INFO] [cadence.virtuoso.ade.simulationMonitor] - Peak resident memory used = 189 Mbytes. {"history": "ExplorerRun.0", "point": 1, "testname": "SoC_AFE_cap_array_8b_tb_1", "cornername": "Nominal"}
[2026-02-23 13:54:58.221 +1100] [INFO] [cadence.virtuoso.ade.simulationMonitor] - Notice from spectre.
    17 notices suppressed. {"history": "ExplorerRun.0", "point": 1, "testname": "SoC_AFE_cap_array_8b_tb_1", "cornername": "Nominal"}
[2026-02-23 13:54:58.222 +1100] [INFO] [cadence.virtuoso.ade.simulationMonitor] - Time used: CPU = 194 ms, elapsed = 970 ms, util. = 20.1%. {"history": "ExplorerRun.0", "point": 1, "testname": "SoC_AFE_cap_array_8b_tb_1", "cornername": "Nominal"}
[2026-02-23 13:54:58.222 +1100] [INFO] [cadence.virtuoso.ade.simulationMonitor] - Time spent in licensing: elapsed = 970 ms, percentage of total = 100%. {"history": "ExplorerRun.0", "point": 1, "testname": "SoC_AFE_cap_array_8b_tb_1", "cornername": "Nominal"}
[2026-02-23 13:54:58.222 +1100] [INFO] [cadence.virtuoso.ade.simulationMonitor] - Peak memory used = 191 Mbytes. {"history": "ExplorerRun.0", "point": 1, "testname": "SoC_AFE_cap_array_8b_tb_1", "cornername": "Nominal"}
[2026-02-23 13:54:58.222 +1100] [PROCESS] [cadence.virtuoso.ade.simulationMonitor] - Simulation started at: 1:54:56 PM, Mon Feb 23, 2026, ended at: 1:54:57 PM, Mon Feb 23, 2026, with elapsed time (wall clock): 970 ms. {"history": "ExplorerRun.0", "point": 1, "testname": "SoC_AFE_cap_array_8b_tb_1", "cornername": "Nominal"}
[2026-02-23 13:54:58.222 +1100] [PROCESS] [cadence.virtuoso.ade.simulationMonitor] - spectre completes with 0 errors, 0 warnings, and 14 notices. {"history": "ExplorerRun.0", "point": 1, "testname": "SoC_AFE_cap_array_8b_tb_1", "cornername": "Nominal"}
[2026-02-23 13:54:58.222 +1100] [PROCESS] [cadence.virtuoso.ade.simulationMonitor] - Finished simulating for one point {"hostname": "MrDonothing", "processid": 15541, "history": "ExplorerRun.0", "testname": "SoC_AFE_cap_array_8b_tb_1", "cornername": "Nominal", "point": 1, "logfile": "/home/hee/projects/agriculture-SoC/analog/cadence/notech/SoC/logs_hee/logs0/Job4.log", "simid": "1", "event": "finish", "category": "simulation"}
[2026-02-23 13:54:58.222 +1100] [PROCESS] [cadence.virtuoso.ade.simulationMonitor] - Simulator exited {"hostname": "MrDonothing", "processid": 15541, "history": "ExplorerRun.0", "testname": "SoC_AFE_cap_array_8b_tb_1", "cornername": "Nominal", "point": 1, "logfile": "/home/hee/projects/agriculture-SoC/analog/cadence/notech/SoC/logs_hee/logs0/Job4.log", "exitStatus": "0"}
[2026-02-23 13:54:58.222 +1100] [PROCESS] [cadence.virtuoso.ade.simulationMonitor] - Finished Simulation {"hostname": "MrDonothing", "processid": 15541, "history": "ExplorerRun.0", "testname": "SoC_AFE_cap_array_8b_tb_1", "cornername": "Nominal", "point": 1, "logfile": "/home/hee/projects/agriculture-SoC/analog/cadence/notech/SoC/logs_hee/logs0/Job4.log", "simid": "1", "event": "finish", "category": "obsolete"}
[2026-02-23 13:54:59.723 +1100] [PROCESS] [cadence.virtuoso.ade.simulationMonitor] - Point Finished {"hostname": "MrDonothing", "processid": 15541, "history": "ExplorerRun.0", "testname": "SoC_AFE_cap_array_8b_tb_1", "cornername": "Nominal", "point": 1, "logfile": "/home/hee/projects/agriculture-SoC/analog/cadence/notech/SoC/logs_hee/logs0/Job4.log", "event": "finish", "category": "sim-eval"}
[2026-02-23 14:00:00.780 +1100] [PROCESS] [cadence.virtuoso.ade.simulationMonitor] - Current memory used: 87.6445 MBytes, peak memory used: 87.6445 MBytes {"hostname": "MrDonothing", "processid": 15541, "history": "ExplorerRun.0", "testname": "SoC_AFE_cap_array_8b_tb_1", "cornername": "Nominal", "point": 1, "logfile": "/home/hee/projects/agriculture-SoC/analog/cadence/notech/SoC/logs_hee/logs0/Job4.log"}
[2026-02-23 14:00:00.780 +1100] [PROCESS] [cadence.virtuoso.ade.simulationMonitor] - Simulation Monitor process exits. {"hostname": "MrDonothing", "processid": 15541, "history": "ExplorerRun.0", "testname": "SoC_AFE_cap_array_8b_tb_1", "cornername": "Nominal", "point": 1, "logfile": "/home/hee/projects/agriculture-SoC/analog/cadence/notech/SoC/logs_hee/logs0/Job4.log"}
