[Simulation Monitor: 7]
[2026-01-28 17:05:03.277 -0600] [PROCESS] [cadence.virtuoso.ade.simulationMonitor] - Started the simulation monitor process {"hostname": "MrDonothing", "processid": 10937, "logfile": "/home/hee/cadence/SoC/logs_hee/logs0/Job7.log", "simulation monitor command line": "/opt/cadence/installs/IC231/tools.lnx86/dfII/bin/64bit/spectreMonitor -mpssession virtuoso29 -mpshost MrDonothing --davinciService DaVinciService_29_1769632919 --axlsession fnxSession2 -lscs 000175E1894CBE06FF0966E38F1FFC06BC4D03E3E77AFC06BC4D4CE3B605886ED2223BD3E671FC06867D66E38F1FFC06BC4D66E38F1FFC06BC4D0F9919006A19D53700001E25 -beanhost MrDonothing -beanport 11386 -beanLogFile /home/hee/cadence/SoC/logs_hee/logs0/amps_Job7.log -beanbinlog  --domain 0 --interactive yes --netlistOpt no --useMultiPointEvaluation yes --exprEvalShowJobStderr yes --evalSimParallel no --maxSims 0 --historyName ExplorerRun.0 --historyUUID  --exprEvaluator vds --mcMapping mc1.mapping --checkLogStatusInterval 0 --checkSimulatorLogTimeout 1200 --exprEvalMaxTries 3 --maxNFSSyncWait 60 -adeBrokerAddress MrDonothing:52767 --fromADE true --virtuosoBinary virtuoso --guiDisplay MrDonothing:0 --globalStatus 60 --evaluateMultiMC yes --evalOnSimFail SkipFailedAnalyses --numRetriesOnError 1 --fenixMode explorer --lingertimeout 300 -ahdlLockTimeout 60 --sdbLib SoC_probe --sdbCell ADC_tb --sdbView maestro --heartBeatFileDir /dev/shm --id 7 --uuid 041ead04-fddb-4c91-a926-13e8bbf4ab29 --log /home/hee/cadence/SoC/logs_hee/logs0/Job7.log "}
[2026-01-28 17:05:03.277 -0600] [PROCESS] [cadence.virtuoso.ade.simulationMonitor] - Started the simulation monitor process {"hostname": "MrDonothing", "processid": 10937, "logfile": "/home/hee/cadence/SoC/logs_hee/logs0/Job7.log", "current directory": "/home/hee/cadence/SoC"}
[2026-01-28 17:05:03.277 -0600] [PROCESS] [cadence.virtuoso.ade.simulationMonitor] - Simulation Monitor has successfully started up. Trying to set up communication channels to other components ... {"hostname": "MrDonothing", "processid": 10937, "logfile": "/home/hee/cadence/SoC/logs_hee/logs0/Job7.log"}
[2026-01-28 17:05:03.289 -0600] [PROCESS] [cadence.virtuoso.ade.simulationMonitor] - Communication channels have been successfully set up. Start processing events ... {"hostname": "MrDonothing", "processid": 10937, "logfile": "/home/hee/cadence/SoC/logs_hee/logs0/Job7.log"}
[2026-01-28 17:05:03.289 -0600] [PROCESS] [cadence.virtuoso.ade.simulationMonitor] - Considering to start history {"hostname": "MrDonothing", "processid": 10937, "history": "ExplorerRun.0", "logfile": "/home/hee/cadence/SoC/logs_hee/logs0/Job7.log"}
[2026-01-28 17:05:03.293 -0600] [PROCESS] [cadence.virtuoso.ade.simulationMonitor] - HostInfo:
Host name (type):	MrDonothing (x86_64)
Operating system:	Linux 5.15.167.4-microsoft-standard-WSL2 #1 SMP Tue Nov 5 00:21:55 UTC 2024 {"hostname": "MrDonothing", "processid": 10937, "history": "ExplorerRun.0", "logfile": "/home/hee/cadence/SoC/logs_hee/logs0/Job7.log", "nodename": "MrDonothing", "domainname": "", "machine": "x86_64", "sysname": "Linux", "release": "5.15.167.4-microsoft-standard-WSL2", "version": "#1 SMP Tue Nov 5 00:21:55 UTC 2024"}
[2026-01-28 17:05:03.293 -0600] [PROCESS] [cadence.virtuoso.ade.simulationMonitor] - UsageInfo:
pid=10937
totalPhysicalMemory=15.433937GB,Used=2.183079GB,totalVirtualMemory=19.433937GB,Used=2.183079GB
Cpu: Cores=20, Load average:0.150000,0.060000,0.010000 {"hostname": "MrDonothing", "processid": 10937, "history": "ExplorerRun.0", "logfile": "/home/hee/cadence/SoC/logs_hee/logs0/Job7.log", "pid": "10937", "totalPhysicalMemory": "15.433937", "physicalMemoryUsed": "2.183079", "totalVirtualMemory": "19.433937", "virtualMemoryUsed": "2.183079", "cpuCores": "20", "processes": "320", "loadAverage1": "0.150000", "loadAverage5": "0.060000", "loadAverage15": "0.010000", "loadAverage1Percent": "0.007500"}
[2026-01-28 17:05:03.293 -0600] [EVENT] [cadence.virtuoso.ade.simulationMonitor] - NewPoint {"history": "ExplorerRun.0", "point": 1, "testname": "SoC_probe_ADC_tb_1", "cornername": "Nominal", "event": "NewPoint", "EventSource": "Simulation Monitor", "HistoryName": "ExplorerRun.0", "logFile": "/home/hee/cadence/SoC/logs_hee/logs0/Job7.log", "logFileSize": "3872", "category": "simulation"}
[2026-01-28 17:05:03.394 -0600] [EVENT] [cadence.virtuoso.ade.simulationMonitor] - NewPoint {"history": "ExplorerRun.0", "point": 1, "testname": "SoC_probe_ADC_tb_1", "cornername": "Nominal", "event": "NewPoint", "EventSource": "ams", "HistoryName": "ExplorerRun.0", "logFile": "/home/hee/simulation/SoC_probe/ADC_tb/maestro/results/maestro/ExplorerRun.0/1/SoC_probe_ADC_tb_1/psf/xrun.log", "logFileSize": "-1", "category": "simulation"}
[2026-01-28 17:05:03.400 -0600] [PROCESS] [cadence.virtuoso.ade.simulationMonitor] - Simulator launched {"hostname": "MrDonothing", "processid": 10937, "history": "ExplorerRun.0", "testname": "SoC_probe_ADC_tb_1", "cornername": "Nominal", "point": 1, "logfile": "/home/hee/cadence/SoC/logs_hee/logs0/Job7.log", "simid": "1", "event": "launch", "category": "simulation"}
[2026-01-28 17:05:03.401 -0600] [PROCESS] [cadence.virtuoso.ade.simulationMonitor] - Expression evaluator launched {"hostname": "MrDonothing", "processid": 10937, "history": "ExplorerRun.0", "testname": "SoC_probe_ADC_tb_1", "cornername": "Nominal", "point": 1, "logfile": "/home/hee/cadence/SoC/logs_hee/logs0/Job7.log"}
[2026-01-28 17:05:03.407 -0600] [PROCESS] [cadence.virtuoso.ade.simulationMonitor] - Started Simulation {"hostname": "MrDonothing", "processid": 10937, "history": "ExplorerRun.0", "testname": "SoC_probe_ADC_tb_1", "cornername": "Nominal", "point": 1, "logfile": "/home/hee/cadence/SoC/logs_hee/logs0/Job7.log", "event": "start", "category": "simulation"}
[2026-01-28 17:07:50.685 -0600] [INFO] [cadence.virtuoso.ade.simulationMonitor] - Notice from spectre during circuit read-in.
    Configuration file used: `/opt/cadence/installs/SPECTRE231/tools.lnx86/spectre/etc/configs/ams.cfg'. {"history": "ExplorerRun.0", "point": 1, "testname": "SoC_probe_ADC_tb_1", "cornername": "Nominal"}
[2026-01-28 17:07:50.685 -0600] [INFO] [cadence.virtuoso.ade.simulationMonitor] - Notice from spectre in `cds_globals', during circuit read-in.
    "/home/hee/simulation/SoC_probe/ADC_tb/maestro/results/maestro/ExplorerRun.0/1/SoC_probe_ADC_tb_1/netlist/cds_globals.vams" 13: Subcircuit 'cds_globals' is empty. {"history": "ExplorerRun.0", "point": 1, "testname": "SoC_probe_ADC_tb_1", "cornername": "Nominal"}
[2026-01-28 17:07:50.685 -0600] [INFO] [cadence.virtuoso.ade.simulationMonitor] - Peak resident memory used = 185 Mbytes. {"history": "ExplorerRun.0", "point": 1, "testname": "SoC_probe_ADC_tb_1", "cornername": "Nominal"}
[2026-01-28 17:07:51.186 -0600] [INFO] [cadence.virtuoso.ade.simulationMonitor] - Peak resident memory used = 196 Mbytes. {"history": "ExplorerRun.0", "point": 1, "testname": "SoC_probe_ADC_tb_1", "cornername": "Nominal"}
[2026-01-28 17:07:51.186 -0600] [INFO] [cadence.virtuoso.ade.simulationMonitor] - Peak resident memory used = 197 Mbytes. {"history": "ExplorerRun.0", "point": 1, "testname": "SoC_probe_ADC_tb_1", "cornername": "Nominal"}
[2026-01-28 17:07:51.186 -0600] [INFO] [cadence.virtuoso.ade.simulationMonitor] - Notice from spectre during initial setup.
    Ignorevaref=yes is ignored since all nodes are connected to Verilog-A modules. {"history": "ExplorerRun.0", "point": 1, "testname": "SoC_probe_ADC_tb_1", "cornername": "Nominal"}
[2026-01-28 17:07:51.186 -0600] [INFO] [cadence.virtuoso.ade.simulationMonitor] - Notice from spectre during topology check.
    No connections to node `0'. {"history": "ExplorerRun.0", "point": 1, "testname": "SoC_probe_ADC_tb_1", "cornername": "Nominal"}
[2026-01-28 17:07:51.186 -0600] [INFO] [cadence.virtuoso.ade.simulationMonitor] - Notice from spectre during initial setup.
    Multithreading is disabled due to the size of the design being too small. {"history": "ExplorerRun.0", "point": 1, "testname": "SoC_probe_ADC_tb_1", "cornername": "Nominal"}
[2026-01-28 17:07:51.186 -0600] [INFO] [cadence.virtuoso.ade.simulationMonitor] -               nodes 10 {"history": "ExplorerRun.0", "point": 1, "testname": "SoC_probe_ADC_tb_1", "cornername": "Nominal"}
[2026-01-28 17:07:51.186 -0600] [INFO] [cadence.virtuoso.ade.simulationMonitor] - Notice from spectre during initial setup.
    APS enabled. {"history": "ExplorerRun.0", "point": 1, "testname": "SoC_probe_ADC_tb_1", "cornername": "Nominal"}
[2026-01-28 17:07:51.186 -0600] [INFO] [cadence.virtuoso.ade.simulationMonitor] - Peak resident memory used = 200 Mbytes. {"history": "ExplorerRun.0", "point": 1, "testname": "SoC_probe_ADC_tb_1", "cornername": "Nominal"}
[2026-01-28 17:07:51.186 -0600] [INFO] [cadence.virtuoso.ade.simulationMonitor] -    -   (APS) Multi-threading. The recommended number of threads is 1, consider adding +mt=1 on command line. {"history": "ExplorerRun.0", "point": 1, "testname": "SoC_probe_ADC_tb_1", "cornername": "Nominal"}
[2026-01-28 17:07:51.186 -0600] [WARN] [cadence.virtuoso.ade.simulationMonitor] -     WARNING (SPECTRE-470): No ground node was found in the netlist. To continue with this simulation, Spectre will add a gmin. If you want to use a specific ground node, define that as the first entry in the Spectre global statement and rerun the simulation. {"history": "ExplorerRun.0", "point": 1, "testname": "SoC_probe_ADC_tb_1", "cornername": "Nominal"}
[2026-01-28 17:14:38.790 -0600] [PROCESS] [cadence.virtuoso.ade.simulationMonitor] - Simulation cancelled {"hostname": "MrDonothing", "processid": 10937, "history": "ExplorerRun.0", "testname": "SoC_probe_ADC_tb_1", "cornername": "Nominal", "point": 1, "logfile": "/home/hee/cadence/SoC/logs_hee/logs0/Job7.log"}
[2026-01-28 17:14:49.793 -0600] [INFO] [cadence.virtuoso.ade.simulationMonitor] - SimulationMonitor has terminated the  process '10983', reason: 'the simulation point gets cancelled by GUI' {"history": "ExplorerRun.0", "point": 1, "testname": "SoC_probe_ADC_tb_1", "cornername": "Nominal"}
[2026-01-28 17:14:49.794 -0600] [INFO] [cadence.virtuoso.ade.simulationMonitor] - xmsim: Memory Usage - Final: 78.5M, Peak: 81.5M, Peak virtual: 396.2M {"history": "ExplorerRun.0", "point": 1, "testname": "SoC_probe_ADC_tb_1", "cornername": "Nominal"}
[2026-01-28 17:14:49.794 -0600] [INFO] [cadence.virtuoso.ade.simulationMonitor] - xmsim: CPU Usage - 0.3s system + 418.3s user = 418.7s total (578.6s, 72.4% cpu) {"history": "ExplorerRun.0", "point": 1, "testname": "SoC_probe_ADC_tb_1", "cornername": "Nominal"}
[2026-01-28 17:14:49.794 -0600] [PROCESS] [cadence.virtuoso.ade.simulationMonitor] - Finished simulating for one point {"hostname": "MrDonothing", "processid": 10937, "history": "ExplorerRun.0", "testname": "SoC_probe_ADC_tb_1", "cornername": "Nominal", "point": 1, "logfile": "/home/hee/cadence/SoC/logs_hee/logs0/Job7.log", "simid": "1", "event": "finish", "category": "simulation"}
[2026-01-28 17:14:49.794 -0600] [ERROR] [cadence.virtuoso.ade.simulationMonitor] - While simulating run ExplorerRun.0, point 1, test SoC_probe_ADC_tb_1, received error:
Simulation Error:
 The simulator process returned a non-zero exit code, indicating failure.
The simulator could have crashed or intentionally returned to indicate an error.
Check the simulator log file for more information.  Common causes:
1. Simulator may have crashed during exit even after reporting success in log file.
2. Abrupt automatic simulator termination (e.g., SIGKILL) because the simulator process has
   exceed... {"history": "ExplorerRun.0", "point": 1, "testname": "SoC_probe_ADC_tb_1", "cornername": "Nominal"}
[2026-01-28 17:14:49.795 -0600] [PROCESS] [cadence.virtuoso.ade.simulationMonitor] - Finished Simulation {"hostname": "MrDonothing", "processid": 10937, "history": "ExplorerRun.0", "testname": "SoC_probe_ADC_tb_1", "cornername": "Nominal", "point": 1, "logfile": "/home/hee/cadence/SoC/logs_hee/logs0/Job7.log", "simid": "1", "event": "finish", "category": "obsolete"}
[2026-01-28 17:14:49.796 -0600] [PROCESS] [cadence.virtuoso.ade.simulationMonitor] - Expression evaluator launched {"hostname": "MrDonothing", "processid": 10937, "history": "ExplorerRun.0", "testname": "SoC_probe_ADC_tb_1", "cornername": "Nominal", "point": 1, "logfile": "/home/hee/cadence/SoC/logs_hee/logs0/Job7.log"}
[2026-01-28 17:14:49.796 -0600] [PROCESS] [cadence.virtuoso.ade.simulationMonitor] - Point Finished {"hostname": "MrDonothing", "processid": 10937, "history": "ExplorerRun.0", "testname": "SoC_probe_ADC_tb_1", "cornername": "Nominal", "point": 1, "logfile": "/home/hee/cadence/SoC/logs_hee/logs0/Job7.log", "event": "finish", "category": "sim-eval"}
[2026-01-28 17:19:51.127 -0600] [PROCESS] [cadence.virtuoso.ade.simulationMonitor] - Current memory used: 84.6328 MBytes, peak memory used: 86.6094 MBytes {"hostname": "MrDonothing", "processid": 10937, "history": "ExplorerRun.0", "testname": "SoC_probe_ADC_tb_1", "cornername": "Nominal", "point": 1, "logfile": "/home/hee/cadence/SoC/logs_hee/logs0/Job7.log"}
[2026-01-28 17:19:51.127 -0600] [PROCESS] [cadence.virtuoso.ade.simulationMonitor] - Simulation Monitor process exits. {"hostname": "MrDonothing", "processid": 10937, "history": "ExplorerRun.0", "testname": "SoC_probe_ADC_tb_1", "cornername": "Nominal", "point": 1, "logfile": "/home/hee/cadence/SoC/logs_hee/logs0/Job7.log"}
