[Logging Service: 5]
[2026-01-28 16:58:10.005 -0600] [INFO] [cadence.virtuoso.ade.loggingservice] - HistoryRecorderManager init {"dbBasePath": "/home/hee/cadence/SoC/SoC_probe/ADC_tb/maestro/results/maestro"}
[2026-01-28 16:58:10.005 -0600] [INFO] [cadence.virtuoso.ade.loggingservice] - useGRPC grpc service... {"brokerAddress": "MrDonothing:52767", "serviceName": "DaVinciService_29_1769632919", "axlSession": "fnxSession2"}
[2026-01-28 16:58:10.006 -0600] [PROCESS] [cadence.virtuoso.ade.loggingservice] - Logging Service has successfully started. Waiting for incoming messages ... {"hostname": "MrDonothing", "processid": 8018, "logfile": "/home/hee/cadence/SoC/logs_hee/logs0/LoggingService5.log"}
[2026-01-28 16:58:10.024 -0600] [INFO] [cadence.virtuoso.ade.loggingservice] - logging service gRPC started {"listening address": "MrDonothing:52469"}
[2026-01-28 17:00:22.259 -0600] [ERROR] [cadence.virtuoso.ade.loggingservice] - ServiceDBAccessSqliteOp::evalSql failed {"reason": "UNIQUE constraint failed: location.point, location.test, location.tool", "sql": "INSERT INTO location (tool, file, point, test, line) VALUES ('unknown', '', '', '', '0');"}
[2026-01-28 17:00:23.746 -0600] [ERROR] [cadence.virtuoso.ade.loggingservice] - historySqliteRecorder::insert failed {"reason": "attempt to write a readonly database"}
[2026-01-28 17:00:24.143 -0600] [ERROR] [cadence.virtuoso.ade.loggingservice] - historySqliteRecorder::insert failed {"reason": "attempt to write a readonly database"}
[2026-01-28 17:00:24.144 -0600] [ERROR] [cadence.virtuoso.ade.loggingservice] - historySqliteRecorder::insert failed {"reason": "attempt to write a readonly database"}
[2026-01-28 17:00:24.920 -0600] [ERROR] [cadence.virtuoso.ade.loggingservice] - historySqliteRecorder::insert failed {"reason": "attempt to write a readonly database"}
[2026-01-28 17:05:02.931 -0600] [ERROR] [cadence.virtuoso.ade.loggingservice] - historySqliteRecorder::insert failed {"reason": "attempt to write a readonly database"}
[2026-01-28 17:05:02.932 -0600] [ERROR] [cadence.virtuoso.ade.loggingservice] - historySqliteRecorder::insert failed {"reason": "attempt to write a readonly database"}
[2026-01-28 17:05:03.071 -0600] [ERROR] [cadence.virtuoso.ade.loggingservice] - historySqliteRecorder::insert failed {"reason": "attempt to write a readonly database"}
[2026-01-28 17:05:03.179 -0600] [ERROR] [cadence.virtuoso.ade.loggingservice] - historySqliteRecorder::insert failed {"reason": "attempt to write a readonly database"}
[2026-01-28 17:05:03.180 -0600] [ERROR] [cadence.virtuoso.ade.loggingservice] - historySqliteRecorder::insert failed {"reason": "attempt to write a readonly database"}
[2026-01-28 17:05:03.302 -0600] [ERROR] [cadence.virtuoso.ade.loggingservice] - historySqliteRecorder::insert failed {"reason": "attempt to write a readonly database"}
[2026-01-28 17:05:03.302 -0600] [ERROR] [cadence.virtuoso.ade.loggingservice] - historySqliteRecorder::insert failed {"reason": "attempt to write a readonly database"}
[2026-01-28 17:05:03.303 -0600] [ERROR] [cadence.virtuoso.ade.loggingservice] - historySqliteRecorder::insert failed {"reason": "attempt to write a readonly database"}
[2026-01-28 17:05:03.303 -0600] [ERROR] [cadence.virtuoso.ade.loggingservice] - historySqliteRecorder::insert failed {"reason": "attempt to write a readonly database"}
[2026-01-28 17:05:03.303 -0600] [ERROR] [cadence.virtuoso.ade.loggingservice] - historySqliteRecorder::insert failed {"reason": "attempt to write a readonly database"}
[2026-01-28 17:05:03.304 -0600] [ERROR] [cadence.virtuoso.ade.loggingservice] - historySqliteRecorder::insert failed {"reason": "attempt to write a readonly database"}
[2026-01-28 17:05:03.304 -0600] [ERROR] [cadence.virtuoso.ade.loggingservice] - historySqliteRecorder::insert failed {"reason": "attempt to write a readonly database"}
[2026-01-28 17:05:03.305 -0600] [ERROR] [cadence.virtuoso.ade.loggingservice] - historySqliteRecorder::insert location failed {"reason": "attempt to write a readonly database"}
[2026-01-28 17:05:03.395 -0600] [ERROR] [cadence.virtuoso.ade.loggingservice] - historySqliteRecorder::insert location failed {"reason": "attempt to write a readonly database"}
[2026-01-28 17:05:03.400 -0600] [ERROR] [cadence.virtuoso.ade.loggingservice] - historySqliteRecorder::insert failed {"reason": "attempt to write a readonly database"}
[2026-01-28 17:05:03.401 -0600] [ERROR] [cadence.virtuoso.ade.loggingservice] - historySqliteRecorder::insert failed {"reason": "attempt to write a readonly database"}
[2026-01-28 17:05:03.407 -0600] [ERROR] [cadence.virtuoso.ade.loggingservice] - historySqliteRecorder::insert failed {"reason": "attempt to write a readonly database"}
[2026-01-28 17:05:10.389 -0600] [ERROR] [cadence.virtuoso.ade.loggingservice] - historySqliteRecorder::insert location failed {"reason": "attempt to write a readonly database"}
[2026-01-28 17:05:10.390 -0600] [ERROR] [cadence.virtuoso.ade.loggingservice] - historySqliteRecorder::insert failed {"reason": "attempt to write a readonly database"}
[2026-01-29 11:26:32.831 -0600] [INFO] [cadence.virtuoso.ade.loggingservice] - Got exit signal in processControlMessage. Will exit. {}
[2026-01-29 11:26:33.845 -0600] [PROCESS] [cadence.virtuoso.ade.loggingservice] - Current memory used: 9.1328 MBytes, peak memory used: 61.0820 MBytes {"hostname": "MrDonothing", "processid": 8018, "logfile": "/home/hee/cadence/SoC/logs_hee/logs0/LoggingService5.log"}
[2026-01-29 11:26:33.845 -0600] [PROCESS] [cadence.virtuoso.ade.loggingservice] - Stopping Logging Service process. {"hostname": "MrDonothing", "processid": 8018, "logfile": "/home/hee/cadence/SoC/logs_hee/logs0/LoggingService5.log"}
[2026-01-29 11:26:33.845 -0600] [PROCESS] [cadence.virtuoso.ade.loggingservice] - Logging Service stop!!!! {"hostname": "MrDonothing", "processid": 8018, "logfile": "/home/hee/cadence/SoC/logs_hee/logs0/LoggingService5.log"}
