\# Program start time:     UTC 2025.11.17 04:16:21.318
\# Local time: GMT+11:00 (UTC+11:00) 2025.11.17 15:16:21.318
\o Program:		@(#)$CDS: Virtuoso Studio version IC23.1-64b 02/25/2025 23:02 (cpgbld21) $
\o Hierarchy:		/opt/cadence/installs/IC231/tools.lnx86/dfII/
\o Sub version:		sub-version  IC23.1-64b.ISR13.25  (64-bit addresses)
\# Command line:	/opt/cadence/installs/IC231/tools.lnx86/dfII/bin/64bit/virtuoso -beanhost MrDonothing -beanport 11847 -beanbinlog  -beanLogFile /home/hee/cadence/SoC/logs_hee/logs0/amps_Service2.log -mpssession virtuoso3002 -mpshost MrDonothing -davinciService DaVinciService_3002_1763351471 -scopedPid 3002 -axlSession fnxSession0 -axlServiceIdFlag 2 -uuid 250c0ec9-6c76-4e6a-86d0-f01474b4a858 -heartbeat /dev/shm/swift-heartbeat.ow2LH5uHGs -log /home/hee/cadence/SoC/logs_hee/logs0/Service2.log -adeBrokerAddress MrDonothing:39087 -noautostart -nographE -lscs 000175E1894CBE06FF0966E38F1FFC06BC4D03E3E77AFC06BC4D4CE3B605886ED2223BD3E671FC06867D66E38F1FFC06BC4D66E38F1FFC06BC4D0FF92E8C5D95D55700001E62 -interactive -offlineExprEval -upfrontMode -fenixMode assembler -heartbeatTimeout  -lingerTimeout 300 -pointlifetime -1
\# Host name (type):	MrDonothing (x86_64)
\# Operating system:	Linux 5.15.167.4-microsoft-standard-WSL2 #1 SMP Tue Nov 5 00:21:55 UTC 2024
\# Linux /etc/issue:	\S
\# Linux /etc/issue:	Kernel \r on an \m
\# X display name (WxH):	:2276 (1024x868)
\# Available geometry:			TL(0:0) BR(1023:867)
\# X server:			The X.Org Foundation
\# Depth of Visual (Root):	24 (24)
\# Number of Planes Used:	24
\# X version:		11.0 (vendor release 12004000)
\# X resource pool:	base 0x400000, mask 0x1fffff (2097151), shift 0
\# 			current id 0x0, current max 0x1ffffa (2097146)
\# Max data seg size:	     unlimited
\# Max process size:	     unlimited
\# Initial sbrk value:	        895 MB
\# Available memory:	     19,060 MB
\# System memory:	     19,900 MB
\# Maximum memory size:	     19,180 MB
\# Max mem available:	     19,180 MB
\# Initial memory used:	        175 MB
\#        process size:	      1,692 MB
\# Thread usage limits (effective/default):	maxthreads 63190/63190 maxload 20.00/20.00
\# Qt version:		5.15.9
\# Window Manager:	other
\# User Name:		hee
\o Working Directory:	MrDonothing:/home/hee/cadence/SoC
\# Process Id:		6105
\o 
\o COPYRIGHT (C) 1992-2025  CADENCE DESIGN SYSTEMS INC.  ALL RIGHTS RESERVED.
\o           (C) 1992-2025  UNIX SYSTEMS Laboratories INC.,
\o                          Reproduced with permission.
\o 
\o This Cadence Design Systems program and online documentation are
\o proprietary/confidential information and may be disclosed/used only
\o as authorized in a license agreement controlling such use and disclosure.
\o 
\o           RESTRICTED RIGHTS NOTICE (SHORT FORM)
\o Use/reproduction/disclosure is subject to restriction
\o set forth at FAR 1252.227-19 or its equivalent.
\o Loading geView.cxt 
\o Loading menuBuilder.cxt 
\o Loading im.cxt 
\o Loading schView.cxt 
\o Loading selectSv.cxt 
\o Loading wireEdit.cxt 
\o Loading pte2.cxt 
\o Loading xlUI.cxt 
\o Loading auCore.cxt 
\o Loading vhdl.cxt 
\o Loading seismic.cxt 
\o Loading ci.cxt 
\o Loading layers.cxt 
\o Loading drv.cxt 
\o Loading ams.cxt 
\o Loading oasis.cxt 
\o Loading dal.cxt 
\o Loading awv.cxt 
\o Loading socket.cxt 
\o Loading analog.cxt 
\o Loading par.cxt 
\o Loading asimenv.cxt 
\o Loading alvs.cxt 
\o Loading caa.cxt 
\o Loading amps.cxt 
\o Loading adexlCore.cxt 
\o Loading adexl.cxt 
\o *Info*    Exporting services from client ... 
\o 
\o Loading adexlDM.cxt 
\o Loading cpf.cxt 
\o Loading cli.cxt 
\o Loading lp.cxt 
\o Loading sipLayout.cxt 
\o Loading viva.cxt 
\o Loading diagCenter.cxt 
\o INFO (ELI-00333) License program mode is LSCS.
\# [15:16:22.394121] Configured Lic search path (23.02-s006): 5280@cadence.lic.sydney.edu.au
\o INFO (ELI-00302) Connecting to parent process (session=virtuoso3002, host=MrDonothing). Connection mode is LSCS. Total timeout is 180 seconds. Connection timeout is 90 seconds.
\o INFO (ELI-00303) Step 1: Connecting to parent. Time spent is 0 seconds.
\o INFO (ELI-00304) The registration of the child 6105 within 90 seconds is being processed...
\o INFO (ELI-00305) The result of registration is true. Time spent is 0 seconds.
\o INFO (ELI-00308) The connection has ended. Result is true. Total time spent is 0 seconds.
\# Memory report: using         341 MB, process size 1,909 MB at UTC 2025.11.17 04:16:24.359
\p > 
\o Loading le.cxt 
\o Loading tilp.cxt 
\o Loading validator.cxt 
\o Loading vrf.cxt 
\o Loading multiTechPlugin.cxt 
\o Loading exportDie.cxt 
\# Loading perfDiag...
\# (PerfDiag): Set GDB path to environment variable 'gdbPath' (gdb).
\# The Health Monitor tool is installed. You can access it from CIW - Tools - Diagnostic Center or use the shell command 'cdsPerfDiag -p 6105' to open it when Virtuoso freezes.
\# (PerfDiag): Use backtrace from GLIBC.
\i _axlRunServices()
\# [15:16:24.190912] Periodic Lic check successful
\# [15:16:24.715202] Feature usage summary:
\o Loading simui.cxt 
\o [2025-11-17 15:16:24.733 +1100] [PROCESS] [cadence.virtuoso.ade.services] - Netlist Service has successfully started. Waiting for incoming messages ... {"jobid": "2", "hostname": "MrDonothing", "processid": 6105, "logfile": "/home/hee/cadence/SoC/logs_hee/logs0/Service2.log"}
\# Available memory:         19,014 MB at UTC 2025.11.17 04:16:32.797
\# Thread usage report: 12 active threads, active load 1.40 at UTC 2025.11.17 04:16:32.797
\# Memory report: Maximum memory size now 19,173 MB at UTC 2025.11.17 04:19:39.609
\o [2025-11-17 15:21:26.091 +1100] [PROCESS] [cadence.virtuoso.ade.services.netlister] - Netlist Service process exits. {"jobid": "2", "hostname": "MrDonothing", "processid": 6105, "logfile": "/home/hee/cadence/SoC/logs_hee/logs0/Service2.log"}
\o Loading vdsil.cxt 
\# Lic Summary:
\# [15:21:27.137283] Cdslmd servers:5280@cadence.lic.sydney.edu.au
\# [15:21:27.137291] Feature usage summary:
\# Memory report: on exit            427 MB, process size 2,251 MB at UTC 2025.11.17 04:21:27.137
\# Memory report: peak usage         435 MB, process size 2,259 MB
