\# Program start time:     UTC 2026.02.21 01:29:05.261
\# Local time: GMT+11:00 (UTC+11:00) 2026.02.21 12:29:05.261
\o Program:		@(#)$CDS: Virtuoso Studio version IC23.1-64b 02/25/2025 23:02 (cpgbld21) $
\o Hierarchy:		/opt/cadence/installs/IC231/tools.lnx86/dfII/
\o Sub version:		sub-version  IC23.1-64b.ISR13.25  (64-bit addresses)
\# Command line:	/opt/cadence/installs/IC231/tools.lnx86/dfII/bin/64bit/virtuoso -beanhost MrDonothing -beanport 11684 -beanbinlog  -beanLogFile /home/hee/projects/agriculture-SoC/analog/cadence/notech/SoC/logs_hee/logs0/amps_Service8.log -mpssession virtuoso950 -mpshost MrDonothing -davinciService DaVinciService_950_1771636604 -scopedPid 950 -axlSession fnxSession3 -axlServiceIdFlag 8 -uuid 78f33df0-b148-4841-a999-1fa77a00e5e8 -heartbeat /dev/shm/swift-heartbeat.uYPq3qRbK6 -log /home/hee/projects/agriculture-SoC/analog/cadence/notech/SoC/logs_hee/logs0/Service8.log -adeBrokerAddress MrDonothing:37971 -noautostart -nographE -lscs 000175E1894CBE06FF0966E38F1FFC06BC4D03E3E77AFC06BC4D4CE3B605886ED2223BD3E671FC06867D66E38F1FFC06BC4D66E38F1FFC06BC4D0F7A8540F659D5D400001E49 -interactive -offlineExprEval -upfrontMode -fenixMode explorer -heartbeatTimeout  -lingerTimeout 300 -pointlifetime -1
\# Host name (type):	MrDonothing (x86_64)
\# Operating system:	Linux 5.15.167.4-microsoft-standard-WSL2 #1 SMP Tue Nov 5 00:21:55 UTC 2024
\# Linux /etc/issue:	\S
\# Linux /etc/issue:	Kernel \r on an \m
\# X display name (WxH):	:7752 (1024x868)
\# Available geometry:			TL(0:0) BR(1023:867)
\# X server:			The X.Org Foundation
\# Depth of Visual (Root):	24 (24)
\# Number of Planes Used:	24
\# X version:		11.0 (vendor release 12004000)
\# X resource pool:	base 0x400000, mask 0x1fffff (2097151), shift 0
\# 			current id 0x0, current max 0x1ffffa (2097146)
\# Max data seg size:	     unlimited
\# Max process size:	     unlimited
\# Initial sbrk value:	      1,011 MB
\# Available memory:	     18,722 MB
\# System memory:	     19,900 MB
\# Maximum memory size:	     19,065 MB
\# Max mem available:	     18,897 MB
\# Initial memory used:	        175 MB
\#        process size:	      1,692 MB
\# Thread usage limits (effective/default):	maxthreads 63190/63190 maxload 20.00/20.00
\# Qt version:		5.15.9
\# Window Manager:	other
\# User Name:		hee
\o Working Directory:	MrDonothing:/home/hee/projects/agriculture-SoC/analog/cadence/notech/SoC
\# Process Id:		8599
\o 
\o COPYRIGHT (C) 1992-2025  CADENCE DESIGN SYSTEMS INC.  ALL RIGHTS RESERVED.
\o           (C) 1992-2025  UNIX SYSTEMS Laboratories INC.,
\o                          Reproduced with permission.
\o 
\o This Cadence Design Systems program and online documentation are
\o proprietary/confidential information and may be disclosed/used only
\o as authorized in a license agreement controlling such use and disclosure.
\o 
\o           RESTRICTED RIGHTS NOTICE (SHORT FORM)
\o Use/reproduction/disclosure is subject to restriction
\o set forth at FAR 1252.227-19 or its equivalent.
\o Loading geView.cxt 
\o Loading menuBuilder.cxt 
\o Loading im.cxt 
\o Loading schView.cxt 
\o Loading selectSv.cxt 
\o Loading wireEdit.cxt 
\o Loading pte2.cxt 
\o Loading xlUI.cxt 
\o Loading auCore.cxt 
\o Loading vhdl.cxt 
\o Loading seismic.cxt 
\o Loading ci.cxt 
\o Loading layers.cxt 
\o Loading drv.cxt 
\o Loading ams.cxt 
\o Loading oasis.cxt 
\o Loading dal.cxt 
\o Loading awv.cxt 
\o Loading socket.cxt 
\o Loading analog.cxt 
\o Loading par.cxt 
\o Loading asimenv.cxt 
\o Loading alvs.cxt 
\o Loading caa.cxt 
\o Loading amps.cxt 
\o Loading adexlCore.cxt 
\# Memory report: using         295 MB, process size 1,854 MB at UTC 2026.02.21 01:29:06.181
\o Loading adexl.cxt 
\o 
\o *Info*    Received signal SIGTERM.
\o 
\o 
\o Loading simui.cxt 
\# Memory report: on exit            315 MB, process size 1,880 MB at UTC 2026.02.21 01:29:06.610
\# Memory report: peak usage         315 MB, process size 1,880 MB
