\# Program start time:     UTC 2025.03.31 05:38:35.975
\# Local time: GMT+11:00 (UTC+11:00) 2025.03.31 16:38:35.975
\o Program:		@(#)$CDS: Virtuoso Studio version IC23.1-64b 02/25/2025 23:02 (cpgbld21) $
\o Hierarchy:		/opt/cadence/installs/IC231/tools.lnx86/dfII/
\o Sub version:		sub-version  IC23.1-64b.ISR13.25  (64-bit addresses)
\# Command line:	/opt/cadence/installs/IC231/tools.lnx86/dfII/bin/64bit/virtuoso -beanhost MrDonothing -beanport 11749 -beanbinlog  -beanLogFile /home/hee/cadence/SoC/logs_hee/logs0/amps_Service14.log -mpssession virtuoso20851 -mpshost MrDonothing -davinciService DaVinciService_20851_1743380291 -scopedPid 20851 -axlSession fnxSession0 -axlServiceIdFlag 14 -uuid ccb90d55-913f-48f8-bdfb-18bcd2c23c55 -heartbeat /dev/shm/swift-heartbeat.lKoC81qjtX -log /home/hee/cadence/SoC/logs_hee/logs0/Service14.log -adeBrokerAddress MrDonothing:42439 -noautostart -nographE -lscs 000175E1894CBE06FF0966E38F1FFC06BC4D03E3E77AFC06BC4D4CE3B605886ED22230D4D45FCE288D7A7AEA931CD2378E7548D3B52FFC06BC4D0109A545D65CDBA700001E30 -interactive -offlineExprEval -upfrontMode -fenixMode assembler -heartbeatTimeout  -lingerTimeout 300 -pointlifetime -1
\# Host name (type):	MrDonothing (x86_64)
\# Operating system:	Linux 5.15.167.4-microsoft-standard-WSL2 #1 SMP Tue Nov 5 00:21:55 UTC 2024
\# Linux /etc/issue:	\S
\# Linux /etc/issue:	Kernel \r on an \m
\# X display name (WxH):	:7069 (1024x868)
\# Available geometry:			TL(0:0) BR(1023:867)
\# X server:			The X.Org Foundation
\# Depth of Visual (Root):	24 (24)
\# Number of Planes Used:	24
\# X version:		11.0 (vendor release 12004000)
\# X resource pool:	base 0x400000, mask 0x1fffff (2097151), shift 0
\# 			current id 0x0, current max 0x1ffffa (2097146)
\# Max data seg size:	     unlimited
\# Max process size:	     unlimited
\# Initial sbrk value:	      1,308 MB
\# Available memory:	     18,890 MB
\# System memory:	     19,900 MB
\# Maximum memory size:	     18,767 MB
\# Max mem available:	     18,767 MB
\# Initial memory used:	        175 MB
\#        process size:	      1,692 MB
\# Thread usage limits (effective/default):	maxthreads 63190/63190 maxload 20.00/20.00
\# Qt version:		5.15.9
\# Window Manager:	other
\# User Name:		hee
\o Working Directory:	MrDonothing:/home/hee/cadence/SoC
\# Process Id:		31851
\o 
\o COPYRIGHT (C) 1992-2025  CADENCE DESIGN SYSTEMS INC.  ALL RIGHTS RESERVED.
\o           (C) 1992-2025  UNIX SYSTEMS Laboratories INC.,
\o                          Reproduced with permission.
\o 
\o This Cadence Design Systems program and online documentation are
\o proprietary/confidential information and may be disclosed/used only
\o as authorized in a license agreement controlling such use and disclosure.
\o 
\o           RESTRICTED RIGHTS NOTICE (SHORT FORM)
\o Use/reproduction/disclosure is subject to restriction
\o set forth at FAR 1252.227-19 or its equivalent.
\o Loading geView.cxt 
\o Loading menuBuilder.cxt 
\o Loading im.cxt 
\o Loading schView.cxt 
\o Loading selectSv.cxt 
\o Loading wireEdit.cxt 
\o Loading pte2.cxt 
\o Loading xlUI.cxt 
\o Loading auCore.cxt 
\o Loading vhdl.cxt 
\o Loading seismic.cxt 
\o Loading ci.cxt 
\o Loading layers.cxt 
\o Loading drv.cxt 
\o Loading ams.cxt 
\o Loading oasis.cxt 
\o Loading dal.cxt 
\o Loading awv.cxt 
\o Loading socket.cxt 
\o Loading analog.cxt 
\o Loading par.cxt 
\o Loading asimenv.cxt 
\o Loading alvs.cxt 
\o Loading caa.cxt 
\o Loading amps.cxt 
\o Loading adexlCore.cxt 
\o Loading adexl.cxt 
\# Memory report: using         312 MB, process size 1,877 MB at UTC 2025.03.31 05:38:37.139
\o *Info*    Exporting services from client ... 
\o 
\o Loading adexlDM.cxt 
\o Loading cpf.cxt 
\o Loading cli.cxt 
\o Loading lp.cxt 
\o Loading sipLayout.cxt 
\o Loading viva.cxt 
\o Loading diagCenter.cxt 
\o INFO (ELI-00333) License program mode is LSCS.
\# [16:38:35.394193] Configured Lic search path (23.02-s006): 5280@cadence.lic.sydney.edu.au
\o INFO (ELI-00302) Connecting to parent process (session=virtuoso20851, host=MrDonothing). Connection mode is LSCS. Total timeout is 180 seconds. Connection timeout is 90 seconds.
\o INFO (ELI-00303) Step 1: Connecting to parent. Time spent is 0 seconds.
\o INFO (ELI-00304) The registration of the child 31851 within 90 seconds is being processed...
\o INFO (ELI-00305) The result of registration is true. Time spent is 0 seconds.
\o INFO (ELI-00308) The connection has ended. Result is true. Total time spent is 0 seconds.
\p > 
\o Loading le.cxt 
\o Loading tilp.cxt 
\o Loading validator.cxt 
\o Loading vrf.cxt 
\o Loading multiTechPlugin.cxt 
\o Loading exportDie.cxt 
\# Loading perfDiag...
\# (PerfDiag): Set GDB path to environment variable 'gdbPath' (gdb).
\# The Health Monitor tool is installed. You can access it from CIW - Tools - Diagnostic Center or use the shell command 'cdsPerfDiag -p 31851' to open it when Virtuoso freezes.
\# (PerfDiag): Use backtrace from GLIBC.
\i _axlRunServices()
\# [16:38:37.396147] Periodic Lic check successful
\# [16:38:37.920432] Feature usage summary:
\o Loading simui.cxt 
\o [2025-03-31 16:38:37.938 +1100] [PROCESS] [cadence.virtuoso.ade.services] - Netlist Service has successfully started. Waiting for incoming messages ... {"jobid": "14", "hostname": "MrDonothing", "processid": 31851, "logfile": "/home/hee/cadence/SoC/logs_hee/logs0/Service14.log"}
\o [2025-03-31 16:38:37.984 +1100] [EVENT] [cadence.virtuoso.ade.services.netlister] - NewPoint {"jobid": "14", "history": "Interactive.42", "point": 0, "testname": "SoC_probe_probe_1", "event": "NewPoint", "EventSource": "Netlist Service", "HistoryName": "Interactive.42", "logFile": "/home/hee/cadence/SoC/logs_hee/logs0/Service14.log", "logFileSize": "4901", "category": "point-netlist"}
\# Memory report: using         436 MB, process size 2,260 MB at UTC 2025.03.31 05:38:38.986
\# Unzipping history /home/hee/cadence/SoC/SoC_probe/tb_probe/maestro/history/Interactive.42.zip::historyData.sdb
\o Loading vqp.cxt 
\o Loading vdsil.cxt 
\o *Warning* AXL Context Manager : job 14 is already registered. 
\o 
\o Loading hdlPkg.cxt 
\o 
\o 
\o *Info*    Configuring the session ...
\o 
\o 	Library      = SoC_probe
\o 	Cell         = probe
\o 	View         = schematic
\o 	Simulator    = spectre
\o 	State Path   = $AXL_SETUPDB_DIR/test_states
\o 	State Name   = Interactive.42
\o 	Results DB   = /home/hee/cadence/SoC/SoC_probe/tb_probe/maestro/results/maestro/Interactive.42.rdb
\o 	Results Dir  = /home/hee/simulation/SoC_probe/tb_probe/maestro/results/maestro/Interactive.42/1/SoC_probe_probe_1
\o 	Results Loc  = /home/hee/simulation/SoC_probe/tb_probe/maestro/results/maestro
\o 	Project Dir  = /home/hee/simulation
\o 	Setup DB loc = /home/hee/cadence/SoC/SoC_probe/tb_probe/maestro
\o 	File Encoding = 0
\o 
\o 
\o Loading gpdk045/libInit.il ...
\o 	Loading gpdk045/loadCxt.ile ... done!
\o 	Loading context 'gpdk045' from library 'gpdk045' ... done!
\o 	Loading context 'pdkUtils' from library 'gpdk045' ... done!
\o 	Loading gpdk045/gpdk045_customFilter.il ... done!
\o 	Loading gpdk045/libInitCustomExit.il ... 
\o 	Loading Environment Settings ...
\o 	Loading Model Management File ...
\o Loading spectrei.cxt 
\o Loading devCheck.cxt 
\o Loading relXpert.cxt 
\o Loading hspiceD.cxt 
\o Loading spectreinl.cxt 
\o Loading UltraSim.cxt 
\o Loading msgHandler.cxt 
\o Loading AMSOSS.cxt 
\o Loading AMS.cxt 
\o 	Loading gpdk045/gpdk045_PDKRegistrations.il ... done!
\o 
\o   *************************************************************           
\o   *              Cadence Design Systems, Inc.                 *           
\o   *                                                           *           
\o   *                    Generic 45nm PDK                       *           
\o   *                        (gpdk045)                          *           
\o   *                                                           *           
\o   *************************************************************           
\o 	
\o 
\o 	VERSION: 6.0 (09-September-2019)
\o 
\o done!
\o Loaded gpdk045/libInit.il successfully!
\# Unzipping history /home/hee/cadence/SoC/SoC_probe/tb_probe/maestro/history/Interactive.42.zip::historyData.sdb
\o 
\o *Info*    The auto suspension is disabled.
\o 
\o Loading elec.cxt 
\o [2025-03-31 16:38:40.237 +1100] [INFO] [cadence.virtuoso.ade.services.netlister] - Setting dspf2adeEnabled on oasis_session in _axlRunTestNetlister {"jobid": "14", "history": "Interactive.42", "point": 0, "testname": "SoC_probe_probe_1", "isDspf2ADEEnabled": false}
\o [2025-03-31 16:38:40.238 +1100] [INFO] [cadence.virtuoso.ade.services.netlister] - Started preparing netlist {"jobid": "14", "history": "Interactive.42", "point": 0, "testname": "SoC_probe_probe_1", "testnameKey": "SoC_probe_probe_1", "event": "start", "category": "design-netlist"}
\o Resetting statistical vars
\o 
\o *Info*    Setting parameter values ...
\o 
\o Setting var C_probe = "22e-12"
\o Setting var G_probe = "0.012408"
\o Setting var L = "1G"
\o Setting var L_probe = "5.49e-8"
\o Setting var R_probe = "1"
\o Loading monte.cxt 
\o Reusing AHDL Data dir
\o 
\o *Info*    Data Directory    =
\o           /home/hee/simulation/SoC_probe/tb_probe/maestro/results/maestro/Interactive.42/psf/SoC_probe_probe_1
\o 
\o generate netlist...
\o Loading hnlInit.cxt 
\o Loading seCore.cxt 
\o Begin Incremental Netlisting Mar 31 16:38:40 2025
\o WARNING (OSSHNL-225): The design variable 'temperature', used in the last netlisting session in the current
\o run directory is not used in this netlisting session. The netlist(s) generated
\o in the last netlisting session cannot be reused for incremental netlisting.
\o Therefore re-netlisting the design.
\o 
\o Loading json.cxt 
\o End netlisting Mar 31 16:38:40 2025
\o 
\o Netlisting Statistics:
\o 	Number of components:    5
\o 
\o 	Elapsed time:          0.0s
\o Errors: 0	Warnings: 0
\o       ...successful.
\o compose simulator input file...
\o       ...successful.
\o [2025-03-31 16:38:40.420 +1100] [INFO] [cadence.virtuoso.ade.services.netlister] - Finished preparing netlist {"jobid": "14", "history": "Interactive.42", "point": 0, "testname": "SoC_probe_probe_1", "testnameKey": "SoC_probe_probe_1", "event": "finish", "category": "design-netlist"}
\o [2025-03-31 16:38:42.485 +1100] [EVENT] [cadence.virtuoso.ade.services.netlister] - NewPoint {"jobid": "14", "history": "Interactive.42", "point": 1, "testname": "SoC_probe_probe_1", "event": "NewPoint", "EventSource": "Netlist Service", "HistoryName": "Interactive.42", "logFile": "/home/hee/cadence/SoC/logs_hee/logs0/Service14.log", "logFileSize": "10036", "category": "point-netlist"}
\o [2025-03-31 16:38:42.486 +1100] [INFO] [cadence.virtuoso.ade.services.netlister] - Started netlisting {"jobid": "14", "history": "Interactive.42", "point": 1, "testname": "SoC_probe_probe_1", "event": "start", "category": "point-netlist"}
\o Simulation design variables differ from those on the cellView,
\o they have been saved in the file "/tmp/saved-design-variables".
\o To save future changes, copy variables to cellView before exiting.
\# Unzipping history /home/hee/cadence/SoC/SoC_probe/tb_probe/maestro/history/Interactive.42.zip::historyData.sdb
\o *Warning* AXL Context Manager : job 14 is already registered. 
\o 
\o 
\o 
\o *Info*    Configuring the session ...
\o 
\o 	Library      = SoC_probe
\o 	Cell         = probe
\o 	View         = schematic
\o 	Simulator    = spectre
\o 	State Path   = $AXL_SETUPDB_DIR/test_states
\o 	State Name   = Interactive.42
\o 	Results DB   = /home/hee/cadence/SoC/SoC_probe/tb_probe/maestro/results/maestro/Interactive.42.rdb
\o 	Results Dir  = /home/hee/simulation/SoC_probe/tb_probe/maestro/results/maestro/Interactive.42/1/SoC_probe_probe_1
\o 	Results Loc  = /home/hee/simulation/SoC_probe/tb_probe/maestro/results/maestro
\o 	Project Dir  = /home/hee/simulation
\o 	Setup DB loc = /home/hee/cadence/SoC/SoC_probe/tb_probe/maestro
\o 	File Encoding = 0
\o 
\o 
\# Unzipping history /home/hee/cadence/SoC/SoC_probe/tb_probe/maestro/history/Interactive.42.zip::historyData.sdb
\o 
\o *Info*    The auto suspension is disabled.
\o 
\o [2025-03-31 16:38:42.899 +1100] [INFO] [cadence.virtuoso.ade.services.netlister] - Reading the results database to access variable values for the preparation of quick plot data. If you do not want to save quick plot data, set the quickPlotGlobalWriteDisable environment variable to t. {"jobid": "14", "history": "Interactive.42", "point": 1, "testname": "SoC_probe_probe_1"}
\o Resetting statistical vars
\o 
\o *Info*    Setting parameter values ...
\o 
\o Setting var C_probe = "1"
\o Setting var G_probe = "0.012408"
\o Setting var L = "1G"
\o Setting var L_probe = "5.49e-8"
\o Setting var R_probe = "1"
\o Setting var temperature = "27"
\o Setting temp(T) = 27
\o 
\o *Info*    Netlist Directory =
\o           /home/hee/simulation/SoC_probe/tb_probe/maestro/results/maestro/Interactive.42/1/SoC_probe_probe_1/netlist
\o 
\o 
\o *Info*    Data Directory    =
\o           /home/hee/simulation/SoC_probe/tb_probe/maestro/results/maestro/Interactive.42/1/SoC_probe_probe_1
\o 
\o Reusing AHDL Data dir
\o generate netlist...
\o Ignoring netlist creation since ignoreDesignChangesDuringRun is set to true
\o       ...successful.
\o compose simulator input file...
\o       ...successful.
\# Memory report: using         561 MB, process size 2,386 MB at UTC 2025.03.31 05:38:43.046
\o [2025-03-31 16:38:43.046 +1100] [PROCESS] [cadence.virtuoso.ade.services.netlister] - Current memory used: 900.3359 MBytes, peak memory used: 900.3398 MBytes {"jobid": "14", "hostname": "MrDonothing", "processid": 31851, "history": "Interactive.42", "testname": "SoC_probe_probe_1", "point": 1, "logfile": "/home/hee/cadence/SoC/logs_hee/logs0/Service14.log"}
\o [2025-03-31 16:38:43.046 +1100] [INFO] [cadence.virtuoso.ade.services.netlister] - Finished netlisting {"jobid": "14", "history": "Interactive.42", "point": 1, "testname": "SoC_probe_probe_1", "event": "finish", "category": "point-netlist"}
\o [2025-03-31 16:38:44.052 +1100] [EVENT] [cadence.virtuoso.ade.services.netlister] - NewPoint {"jobid": "14", "history": "Interactive.42", "point": 2, "testname": "SoC_probe_probe_1", "event": "NewPoint", "EventSource": "Netlist Service", "HistoryName": "Interactive.42", "logFile": "/home/hee/cadence/SoC/logs_hee/logs0/Service14.log", "logFileSize": "13995", "category": "point-netlist"}
\o [2025-03-31 16:38:44.052 +1100] [INFO] [cadence.virtuoso.ade.services.netlister] - Started netlisting {"jobid": "14", "history": "Interactive.42", "point": 2, "testname": "SoC_probe_probe_1", "event": "start", "category": "point-netlist"}
\o [2025-03-31 16:38:44.057 +1100] [INFO] [cadence.virtuoso.ade.services.netlister] - Reading the results database to access variable values for the preparation of quick plot data. If you do not want to save quick plot data, set the quickPlotGlobalWriteDisable environment variable to t. {"jobid": "14", "history": "Interactive.42", "point": 2, "testname": "SoC_probe_probe_1"}
\o Resetting statistical vars
\o 
\o *Info*    Setting parameter values ...
\o 
\o Setting var C_probe = "22e-12"
\o 
\o *Info*    Netlist Directory =
\o           /home/hee/simulation/SoC_probe/tb_probe/maestro/results/maestro/Interactive.42/2/SoC_probe_probe_1/netlist
\o 
\o 
\o *Info*    Data Directory    =
\o           /home/hee/simulation/SoC_probe/tb_probe/maestro/results/maestro/Interactive.42/2/SoC_probe_probe_1
\o 
\o Reusing AHDL Data dir
\o generate netlist...
\o Ignoring netlist creation since ignoreDesignChangesDuringRun is set to true
\o       ...successful.
\o compose simulator input file...
\o       ...successful.
\o [2025-03-31 16:38:44.196 +1100] [PROCESS] [cadence.virtuoso.ade.services.netlister] - Current memory used: 900.4023 MBytes, peak memory used: 900.4062 MBytes {"jobid": "14", "hostname": "MrDonothing", "processid": 31851, "history": "Interactive.42", "testname": "SoC_probe_probe_1", "point": 2, "logfile": "/home/hee/cadence/SoC/logs_hee/logs0/Service14.log"}
\o [2025-03-31 16:38:44.196 +1100] [INFO] [cadence.virtuoso.ade.services.netlister] - Finished netlisting {"jobid": "14", "history": "Interactive.42", "point": 2, "testname": "SoC_probe_probe_1", "event": "finish", "category": "point-netlist"}
\o [2025-03-31 16:38:45.198 +1100] [EVENT] [cadence.virtuoso.ade.services.netlister] - NewPoint {"jobid": "14", "history": "Interactive.42", "point": 3, "testname": "SoC_probe_probe_1", "event": "NewPoint", "EventSource": "Netlist Service", "HistoryName": "Interactive.42", "logFile": "/home/hee/cadence/SoC/logs_hee/logs0/Service14.log", "logFileSize": "16252", "category": "point-netlist"}
\o [2025-03-31 16:38:45.198 +1100] [INFO] [cadence.virtuoso.ade.services.netlister] - Started netlisting {"jobid": "14", "history": "Interactive.42", "point": 3, "testname": "SoC_probe_probe_1", "event": "start", "category": "point-netlist"}
\o [2025-03-31 16:38:45.201 +1100] [INFO] [cadence.virtuoso.ade.services.netlister] - Reading the results database to access variable values for the preparation of quick plot data. If you do not want to save quick plot data, set the quickPlotGlobalWriteDisable environment variable to t. {"jobid": "14", "history": "Interactive.42", "point": 3, "testname": "SoC_probe_probe_1"}
\o Resetting statistical vars
\o 
\o *Info*    Setting parameter values ...
\o 
\o Setting var C_probe = "117.111111111111e-12"
\o 
\o *Info*    Netlist Directory =
\o           /home/hee/simulation/SoC_probe/tb_probe/maestro/results/maestro/Interactive.42/3/SoC_probe_probe_1/netlist
\o 
\o 
\o *Info*    Data Directory    =
\o           /home/hee/simulation/SoC_probe/tb_probe/maestro/results/maestro/Interactive.42/3/SoC_probe_probe_1
\o 
\o Reusing AHDL Data dir
\o generate netlist...
\o Ignoring netlist creation since ignoreDesignChangesDuringRun is set to true
\o       ...successful.
\o compose simulator input file...
\o       ...successful.
\o [2025-03-31 16:38:45.339 +1100] [PROCESS] [cadence.virtuoso.ade.services.netlister] - Current memory used: 900.4023 MBytes, peak memory used: 900.4062 MBytes {"jobid": "14", "hostname": "MrDonothing", "processid": 31851, "history": "Interactive.42", "testname": "SoC_probe_probe_1", "point": 3, "logfile": "/home/hee/cadence/SoC/logs_hee/logs0/Service14.log"}
\o [2025-03-31 16:38:45.339 +1100] [INFO] [cadence.virtuoso.ade.services.netlister] - Finished netlisting {"jobid": "14", "history": "Interactive.42", "point": 3, "testname": "SoC_probe_probe_1", "event": "finish", "category": "point-netlist"}
\# Available memory:         18,867 MB at UTC 2025.03.31 05:38:46.340
\# Thread usage report: 12 active threads, active load 1.40 at UTC 2025.03.31 05:38:46.340
\o [2025-03-31 16:38:46.341 +1100] [EVENT] [cadence.virtuoso.ade.services.netlister] - NewPoint {"jobid": "14", "history": "Interactive.42", "point": 4, "testname": "SoC_probe_probe_1", "event": "NewPoint", "EventSource": "Netlist Service", "HistoryName": "Interactive.42", "logFile": "/home/hee/cadence/SoC/logs_hee/logs0/Service14.log", "logFileSize": "18523", "category": "point-netlist"}
\o [2025-03-31 16:38:46.341 +1100] [INFO] [cadence.virtuoso.ade.services.netlister] - Started netlisting {"jobid": "14", "history": "Interactive.42", "point": 4, "testname": "SoC_probe_probe_1", "event": "start", "category": "point-netlist"}
\o [2025-03-31 16:38:46.344 +1100] [INFO] [cadence.virtuoso.ade.services.netlister] - Reading the results database to access variable values for the preparation of quick plot data. If you do not want to save quick plot data, set the quickPlotGlobalWriteDisable environment variable to t. {"jobid": "14", "history": "Interactive.42", "point": 4, "testname": "SoC_probe_probe_1"}
\o Resetting statistical vars
\o 
\o *Info*    Setting parameter values ...
\o 
\o Setting var C_probe = "212.222222222222e-12"
\o 
\o *Info*    Netlist Directory =
\o           /home/hee/simulation/SoC_probe/tb_probe/maestro/results/maestro/Interactive.42/4/SoC_probe_probe_1/netlist
\o 
\o 
\o *Info*    Data Directory    =
\o           /home/hee/simulation/SoC_probe/tb_probe/maestro/results/maestro/Interactive.42/4/SoC_probe_probe_1
\o 
\o Reusing AHDL Data dir
\o generate netlist...
\o Ignoring netlist creation since ignoreDesignChangesDuringRun is set to true
\o       ...successful.
\o compose simulator input file...
\o       ...successful.
\o [2025-03-31 16:38:46.487 +1100] [PROCESS] [cadence.virtuoso.ade.services.netlister] - Current memory used: 900.4023 MBytes, peak memory used: 900.4062 MBytes {"jobid": "14", "hostname": "MrDonothing", "processid": 31851, "history": "Interactive.42", "testname": "SoC_probe_probe_1", "point": 4, "logfile": "/home/hee/cadence/SoC/logs_hee/logs0/Service14.log"}
\o [2025-03-31 16:38:46.487 +1100] [INFO] [cadence.virtuoso.ade.services.netlister] - Finished netlisting {"jobid": "14", "history": "Interactive.42", "point": 4, "testname": "SoC_probe_probe_1", "event": "finish", "category": "point-netlist"}
\o [2025-03-31 16:38:47.489 +1100] [EVENT] [cadence.virtuoso.ade.services.netlister] - NewPoint {"jobid": "14", "history": "Interactive.42", "point": 5, "testname": "SoC_probe_probe_1", "event": "NewPoint", "EventSource": "Netlist Service", "HistoryName": "Interactive.42", "logFile": "/home/hee/cadence/SoC/logs_hee/logs0/Service14.log", "logFileSize": "20955", "category": "point-netlist"}
\o [2025-03-31 16:38:47.489 +1100] [INFO] [cadence.virtuoso.ade.services.netlister] - Started netlisting {"jobid": "14", "history": "Interactive.42", "point": 5, "testname": "SoC_probe_probe_1", "event": "start", "category": "point-netlist"}
\o [2025-03-31 16:38:47.492 +1100] [INFO] [cadence.virtuoso.ade.services.netlister] - Reading the results database to access variable values for the preparation of quick plot data. If you do not want to save quick plot data, set the quickPlotGlobalWriteDisable environment variable to t. {"jobid": "14", "history": "Interactive.42", "point": 5, "testname": "SoC_probe_probe_1"}
\o Resetting statistical vars
\o 
\o *Info*    Setting parameter values ...
\o 
\o Setting var C_probe = "307.333333333333e-12"
\o 
\o *Info*    Netlist Directory =
\o           /home/hee/simulation/SoC_probe/tb_probe/maestro/results/maestro/Interactive.42/5/SoC_probe_probe_1/netlist
\o 
\o 
\o *Info*    Data Directory    =
\o           /home/hee/simulation/SoC_probe/tb_probe/maestro/results/maestro/Interactive.42/5/SoC_probe_probe_1
\o 
\o Reusing AHDL Data dir
\o generate netlist...
\o Ignoring netlist creation since ignoreDesignChangesDuringRun is set to true
\o       ...successful.
\o compose simulator input file...
\o       ...successful.
\o [2025-03-31 16:38:47.627 +1100] [PROCESS] [cadence.virtuoso.ade.services.netlister] - Current memory used: 900.4023 MBytes, peak memory used: 900.4062 MBytes {"jobid": "14", "hostname": "MrDonothing", "processid": 31851, "history": "Interactive.42", "testname": "SoC_probe_probe_1", "point": 5, "logfile": "/home/hee/cadence/SoC/logs_hee/logs0/Service14.log"}
\o [2025-03-31 16:38:47.627 +1100] [INFO] [cadence.virtuoso.ade.services.netlister] - Finished netlisting {"jobid": "14", "history": "Interactive.42", "point": 5, "testname": "SoC_probe_probe_1", "event": "finish", "category": "point-netlist"}
\o [2025-03-31 16:38:48.629 +1100] [EVENT] [cadence.virtuoso.ade.services.netlister] - NewPoint {"jobid": "14", "history": "Interactive.42", "point": 6, "testname": "SoC_probe_probe_1", "event": "NewPoint", "EventSource": "Netlist Service", "HistoryName": "Interactive.42", "logFile": "/home/hee/cadence/SoC/logs_hee/logs0/Service14.log", "logFileSize": "23226", "category": "point-netlist"}
\o [2025-03-31 16:38:48.629 +1100] [INFO] [cadence.virtuoso.ade.services.netlister] - Started netlisting {"jobid": "14", "history": "Interactive.42", "point": 6, "testname": "SoC_probe_probe_1", "event": "start", "category": "point-netlist"}
\o [2025-03-31 16:38:48.632 +1100] [INFO] [cadence.virtuoso.ade.services.netlister] - Reading the results database to access variable values for the preparation of quick plot data. If you do not want to save quick plot data, set the quickPlotGlobalWriteDisable environment variable to t. {"jobid": "14", "history": "Interactive.42", "point": 6, "testname": "SoC_probe_probe_1"}
\o Resetting statistical vars
\o 
\o *Info*    Setting parameter values ...
\o 
\o Setting var C_probe = "402.444444444444e-12"
\o 
\o *Info*    Netlist Directory =
\o           /home/hee/simulation/SoC_probe/tb_probe/maestro/results/maestro/Interactive.42/6/SoC_probe_probe_1/netlist
\o 
\o 
\o *Info*    Data Directory    =
\o           /home/hee/simulation/SoC_probe/tb_probe/maestro/results/maestro/Interactive.42/6/SoC_probe_probe_1
\o 
\o Reusing AHDL Data dir
\o generate netlist...
\o Ignoring netlist creation since ignoreDesignChangesDuringRun is set to true
\o       ...successful.
\o compose simulator input file...
\o       ...successful.
\o [2025-03-31 16:38:48.771 +1100] [PROCESS] [cadence.virtuoso.ade.services.netlister] - Current memory used: 900.4023 MBytes, peak memory used: 900.4062 MBytes {"jobid": "14", "hostname": "MrDonothing", "processid": 31851, "history": "Interactive.42", "testname": "SoC_probe_probe_1", "point": 6, "logfile": "/home/hee/cadence/SoC/logs_hee/logs0/Service14.log"}
\o [2025-03-31 16:38:48.772 +1100] [INFO] [cadence.virtuoso.ade.services.netlister] - Finished netlisting {"jobid": "14", "history": "Interactive.42", "point": 6, "testname": "SoC_probe_probe_1", "event": "finish", "category": "point-netlist"}
\o [2025-03-31 16:38:49.775 +1100] [EVENT] [cadence.virtuoso.ade.services.netlister] - NewPoint {"jobid": "14", "history": "Interactive.42", "point": 7, "testname": "SoC_probe_probe_1", "event": "NewPoint", "EventSource": "Netlist Service", "HistoryName": "Interactive.42", "logFile": "/home/hee/cadence/SoC/logs_hee/logs0/Service14.log", "logFileSize": "25497", "category": "point-netlist"}
\o [2025-03-31 16:38:49.775 +1100] [INFO] [cadence.virtuoso.ade.services.netlister] - Started netlisting {"jobid": "14", "history": "Interactive.42", "point": 7, "testname": "SoC_probe_probe_1", "event": "start", "category": "point-netlist"}
\o [2025-03-31 16:38:49.778 +1100] [INFO] [cadence.virtuoso.ade.services.netlister] - Reading the results database to access variable values for the preparation of quick plot data. If you do not want to save quick plot data, set the quickPlotGlobalWriteDisable environment variable to t. {"jobid": "14", "history": "Interactive.42", "point": 7, "testname": "SoC_probe_probe_1"}
\o Resetting statistical vars
\o 
\o *Info*    Setting parameter values ...
\o 
\o Setting var C_probe = "497.555555555556e-12"
\o 
\o *Info*    Netlist Directory =
\o           /home/hee/simulation/SoC_probe/tb_probe/maestro/results/maestro/Interactive.42/7/SoC_probe_probe_1/netlist
\o 
\o 
\o *Info*    Data Directory    =
\o           /home/hee/simulation/SoC_probe/tb_probe/maestro/results/maestro/Interactive.42/7/SoC_probe_probe_1
\o 
\o Reusing AHDL Data dir
\o generate netlist...
\o Ignoring netlist creation since ignoreDesignChangesDuringRun is set to true
\o       ...successful.
\o compose simulator input file...
\o       ...successful.
\o [2025-03-31 16:38:49.924 +1100] [PROCESS] [cadence.virtuoso.ade.services.netlister] - Current memory used: 900.4023 MBytes, peak memory used: 900.4062 MBytes {"jobid": "14", "hostname": "MrDonothing", "processid": 31851, "history": "Interactive.42", "testname": "SoC_probe_probe_1", "point": 7, "logfile": "/home/hee/cadence/SoC/logs_hee/logs0/Service14.log"}
\o [2025-03-31 16:38:49.925 +1100] [INFO] [cadence.virtuoso.ade.services.netlister] - Finished netlisting {"jobid": "14", "history": "Interactive.42", "point": 7, "testname": "SoC_probe_probe_1", "event": "finish", "category": "point-netlist"}
\o [2025-03-31 16:38:50.928 +1100] [EVENT] [cadence.virtuoso.ade.services.netlister] - NewPoint {"jobid": "14", "history": "Interactive.42", "point": 8, "testname": "SoC_probe_probe_1", "event": "NewPoint", "EventSource": "Netlist Service", "HistoryName": "Interactive.42", "logFile": "/home/hee/cadence/SoC/logs_hee/logs0/Service14.log", "logFileSize": "27768", "category": "point-netlist"}
\o [2025-03-31 16:38:50.928 +1100] [INFO] [cadence.virtuoso.ade.services.netlister] - Started netlisting {"jobid": "14", "history": "Interactive.42", "point": 8, "testname": "SoC_probe_probe_1", "event": "start", "category": "point-netlist"}
\o [2025-03-31 16:38:50.932 +1100] [INFO] [cadence.virtuoso.ade.services.netlister] - Reading the results database to access variable values for the preparation of quick plot data. If you do not want to save quick plot data, set the quickPlotGlobalWriteDisable environment variable to t. {"jobid": "14", "history": "Interactive.42", "point": 8, "testname": "SoC_probe_probe_1"}
\o Resetting statistical vars
\o 
\o *Info*    Setting parameter values ...
\o 
\o Setting var C_probe = "592.666666666667e-12"
\o 
\o *Info*    Netlist Directory =
\o           /home/hee/simulation/SoC_probe/tb_probe/maestro/results/maestro/Interactive.42/8/SoC_probe_probe_1/netlist
\o 
\o 
\o *Info*    Data Directory    =
\o           /home/hee/simulation/SoC_probe/tb_probe/maestro/results/maestro/Interactive.42/8/SoC_probe_probe_1
\o 
\o Reusing AHDL Data dir
\o generate netlist...
\o Ignoring netlist creation since ignoreDesignChangesDuringRun is set to true
\o       ...successful.
\o compose simulator input file...
\o       ...successful.
\o [2025-03-31 16:38:51.068 +1100] [PROCESS] [cadence.virtuoso.ade.services.netlister] - Current memory used: 900.4023 MBytes, peak memory used: 900.4062 MBytes {"jobid": "14", "hostname": "MrDonothing", "processid": 31851, "history": "Interactive.42", "testname": "SoC_probe_probe_1", "point": 8, "logfile": "/home/hee/cadence/SoC/logs_hee/logs0/Service14.log"}
\o [2025-03-31 16:38:51.068 +1100] [INFO] [cadence.virtuoso.ade.services.netlister] - Finished netlisting {"jobid": "14", "history": "Interactive.42", "point": 8, "testname": "SoC_probe_probe_1", "event": "finish", "category": "point-netlist"}
\o [2025-03-31 16:38:52.070 +1100] [EVENT] [cadence.virtuoso.ade.services.netlister] - NewPoint {"jobid": "14", "history": "Interactive.42", "point": 9, "testname": "SoC_probe_probe_1", "event": "NewPoint", "EventSource": "Netlist Service", "HistoryName": "Interactive.42", "logFile": "/home/hee/cadence/SoC/logs_hee/logs0/Service14.log", "logFileSize": "30039", "category": "point-netlist"}
\o [2025-03-31 16:38:52.070 +1100] [INFO] [cadence.virtuoso.ade.services.netlister] - Started netlisting {"jobid": "14", "history": "Interactive.42", "point": 9, "testname": "SoC_probe_probe_1", "event": "start", "category": "point-netlist"}
\o [2025-03-31 16:38:52.073 +1100] [INFO] [cadence.virtuoso.ade.services.netlister] - Reading the results database to access variable values for the preparation of quick plot data. If you do not want to save quick plot data, set the quickPlotGlobalWriteDisable environment variable to t. {"jobid": "14", "history": "Interactive.42", "point": 9, "testname": "SoC_probe_probe_1"}
\o Resetting statistical vars
\o 
\o *Info*    Setting parameter values ...
\o 
\o Setting var C_probe = "687.777777777778e-12"
\o 
\o *Info*    Netlist Directory =
\o           /home/hee/simulation/SoC_probe/tb_probe/maestro/results/maestro/Interactive.42/9/SoC_probe_probe_1/netlist
\o 
\o 
\o *Info*    Data Directory    =
\o           /home/hee/simulation/SoC_probe/tb_probe/maestro/results/maestro/Interactive.42/9/SoC_probe_probe_1
\o 
\o Reusing AHDL Data dir
\o generate netlist...
\o Ignoring netlist creation since ignoreDesignChangesDuringRun is set to true
\o       ...successful.
\o compose simulator input file...
\o       ...successful.
\o [2025-03-31 16:38:52.210 +1100] [PROCESS] [cadence.virtuoso.ade.services.netlister] - Current memory used: 900.4023 MBytes, peak memory used: 900.4062 MBytes {"jobid": "14", "hostname": "MrDonothing", "processid": 31851, "history": "Interactive.42", "testname": "SoC_probe_probe_1", "point": 9, "logfile": "/home/hee/cadence/SoC/logs_hee/logs0/Service14.log"}
\o [2025-03-31 16:38:52.210 +1100] [INFO] [cadence.virtuoso.ade.services.netlister] - Finished netlisting {"jobid": "14", "history": "Interactive.42", "point": 9, "testname": "SoC_probe_probe_1", "event": "finish", "category": "point-netlist"}
\o [2025-03-31 16:38:53.214 +1100] [EVENT] [cadence.virtuoso.ade.services.netlister] - NewPoint {"jobid": "14", "history": "Interactive.42", "point": 10, "testname": "SoC_probe_probe_1", "event": "NewPoint", "EventSource": "Netlist Service", "HistoryName": "Interactive.42", "logFile": "/home/hee/cadence/SoC/logs_hee/logs0/Service14.log", "logFileSize": "32310", "category": "point-netlist"}
\o [2025-03-31 16:38:53.214 +1100] [INFO] [cadence.virtuoso.ade.services.netlister] - Started netlisting {"jobid": "14", "history": "Interactive.42", "point": 10, "testname": "SoC_probe_probe_1", "event": "start", "category": "point-netlist"}
\o [2025-03-31 16:38:53.218 +1100] [INFO] [cadence.virtuoso.ade.services.netlister] - Reading the results database to access variable values for the preparation of quick plot data. If you do not want to save quick plot data, set the quickPlotGlobalWriteDisable environment variable to t. {"jobid": "14", "history": "Interactive.42", "point": 10, "testname": "SoC_probe_probe_1"}
\o Resetting statistical vars
\o 
\o *Info*    Setting parameter values ...
\o 
\o Setting var C_probe = "782.888888888889e-12"
\o 
\o *Info*    Netlist Directory =
\o           /home/hee/simulation/SoC_probe/tb_probe/maestro/results/maestro/Interactive.42/10/SoC_probe_probe_1/netlist
\o 
\o 
\o *Info*    Data Directory    =
\o           /home/hee/simulation/SoC_probe/tb_probe/maestro/results/maestro/Interactive.42/10/SoC_probe_probe_1
\o 
\o Reusing AHDL Data dir
\o generate netlist...
\o Ignoring netlist creation since ignoreDesignChangesDuringRun is set to true
\o       ...successful.
\o compose simulator input file...
\o       ...successful.
\o [2025-03-31 16:38:53.397 +1100] [PROCESS] [cadence.virtuoso.ade.services.netlister] - Current memory used: 900.5938 MBytes, peak memory used: 900.5977 MBytes {"jobid": "14", "hostname": "MrDonothing", "processid": 31851, "history": "Interactive.42", "testname": "SoC_probe_probe_1", "point": 10, "logfile": "/home/hee/cadence/SoC/logs_hee/logs0/Service14.log"}
\o [2025-03-31 16:38:53.397 +1100] [INFO] [cadence.virtuoso.ade.services.netlister] - Finished netlisting {"jobid": "14", "history": "Interactive.42", "point": 10, "testname": "SoC_probe_probe_1", "event": "finish", "category": "point-netlist"}
\o [2025-03-31 16:38:54.399 +1100] [EVENT] [cadence.virtuoso.ade.services.netlister] - NewPoint {"jobid": "14", "history": "Interactive.42", "point": 11, "testname": "SoC_probe_probe_1", "event": "NewPoint", "EventSource": "Netlist Service", "HistoryName": "Interactive.42", "logFile": "/home/hee/cadence/SoC/logs_hee/logs0/Service14.log", "logFileSize": "34588", "category": "point-netlist"}
\o [2025-03-31 16:38:54.400 +1100] [INFO] [cadence.virtuoso.ade.services.netlister] - Started netlisting {"jobid": "14", "history": "Interactive.42", "point": 11, "testname": "SoC_probe_probe_1", "event": "start", "category": "point-netlist"}
\o [2025-03-31 16:38:54.403 +1100] [INFO] [cadence.virtuoso.ade.services.netlister] - Reading the results database to access variable values for the preparation of quick plot data. If you do not want to save quick plot data, set the quickPlotGlobalWriteDisable environment variable to t. {"jobid": "14", "history": "Interactive.42", "point": 11, "testname": "SoC_probe_probe_1"}
\o Resetting statistical vars
\o 
\o *Info*    Setting parameter values ...
\o 
\o Setting var C_probe = "878e-12"
\o 
\o *Info*    Netlist Directory =
\o           /home/hee/simulation/SoC_probe/tb_probe/maestro/results/maestro/Interactive.42/11/SoC_probe_probe_1/netlist
\o 
\o 
\o *Info*    Data Directory    =
\o           /home/hee/simulation/SoC_probe/tb_probe/maestro/results/maestro/Interactive.42/11/SoC_probe_probe_1
\o 
\o Reusing AHDL Data dir
\o generate netlist...
\o Ignoring netlist creation since ignoreDesignChangesDuringRun is set to true
\o       ...successful.
\o compose simulator input file...
\o       ...successful.
\o [2025-03-31 16:38:54.539 +1100] [PROCESS] [cadence.virtuoso.ade.services.netlister] - Current memory used: 900.5977 MBytes, peak memory used: 900.6016 MBytes {"jobid": "14", "hostname": "MrDonothing", "processid": 31851, "history": "Interactive.42", "testname": "SoC_probe_probe_1", "point": 11, "logfile": "/home/hee/cadence/SoC/logs_hee/logs0/Service14.log"}
\o [2025-03-31 16:38:54.540 +1100] [INFO] [cadence.virtuoso.ade.services.netlister] - Finished netlisting {"jobid": "14", "history": "Interactive.42", "point": 11, "testname": "SoC_probe_probe_1", "event": "finish", "category": "point-netlist"}
\o [2025-03-31 16:42:47.956 +1100] [EVENT] [cadence.virtuoso.ade.services.netlister] - NewPoint {"jobid": "14", "history": "Interactive.43", "point": 0, "testname": "SoC_probe_probe_1", "event": "NewPoint", "EventSource": "Netlist Service", "HistoryName": "Interactive.43", "logFile": "/home/hee/cadence/SoC/logs_hee/logs0/Service14.log", "logFileSize": "36853", "category": "point-netlist"}
\o Simulation design variables differ from those on the cellView,
\o they have been saved in the file "/tmp/saved-design-variables".
\o To save future changes, copy variables to cellView before exiting.
\# Unzipping history /home/hee/cadence/SoC/SoC_probe/tb_probe/maestro/history/Interactive.43.zip::historyData.sdb
\o *Warning* AXL Context Manager : job 14 is already registered. 
\o 
\o 
\o 
\o *Info*    Configuring the session ...
\o 
\o 	Library      = SoC_probe
\o 	Cell         = probe
\o 	View         = schematic
\o 	Simulator    = spectre
\o 	State Path   = $AXL_SETUPDB_DIR/test_states
\o 	State Name   = Interactive.43
\o 	Results DB   = /home/hee/cadence/SoC/SoC_probe/tb_probe/maestro/results/maestro/Interactive.43.rdb
\o 	Results Dir  = /home/hee/simulation/SoC_probe/tb_probe/maestro/results/maestro/Interactive.43/1/SoC_probe_probe_1
\o 	Results Loc  = /home/hee/simulation/SoC_probe/tb_probe/maestro/results/maestro
\o 	Project Dir  = /home/hee/simulation
\o 	Setup DB loc = /home/hee/cadence/SoC/SoC_probe/tb_probe/maestro
\o 	File Encoding = 0
\o 
\o 
\# Unzipping history /home/hee/cadence/SoC/SoC_probe/tb_probe/maestro/history/Interactive.43.zip::historyData.sdb
\o 
\o *Info*    The auto suspension is disabled.
\o 
\o [2025-03-31 16:42:49.416 +1100] [INFO] [cadence.virtuoso.ade.services.netlister] - Setting dspf2adeEnabled on oasis_session in _axlRunTestNetlister {"jobid": "14", "history": "Interactive.43", "point": 0, "testname": "SoC_probe_probe_1", "isDspf2ADEEnabled": false}
\o [2025-03-31 16:42:49.416 +1100] [INFO] [cadence.virtuoso.ade.services.netlister] - Started preparing netlist {"jobid": "14", "history": "Interactive.43", "point": 0, "testname": "SoC_probe_probe_1", "testnameKey": "SoC_probe_probe_1", "event": "start", "category": "design-netlist"}
\o Resetting statistical vars
\o 
\o *Info*    Setting parameter values ...
\o 
\o Setting var C_probe = "22e-12"
\o Setting var G_probe = "0.012408"
\o Setting var L = "1G"
\o Setting var L_probe = "5.49e-8"
\o Setting var R_probe = "1"
\o Reusing AHDL Data dir
\o 
\o *Info*    Data Directory    =
\o           /home/hee/simulation/SoC_probe/tb_probe/maestro/results/maestro/Interactive.43/psf/SoC_probe_probe_1
\o 
\o generate netlist...
\o Begin Incremental Netlisting Mar 31 16:42:49 2025
\o End netlisting Mar 31 16:42:49 2025
\o 
\o Netlisting Statistics:
\o 	Number of components:    5
\o 
\o 	Elapsed time:          0.0s
\o Errors: 0	Warnings: 0
\o       ...successful.
\o compose simulator input file...
\o       ...successful.
\o [2025-03-31 16:42:49.555 +1100] [INFO] [cadence.virtuoso.ade.services.netlister] - Finished preparing netlist {"jobid": "14", "history": "Interactive.43", "point": 0, "testname": "SoC_probe_probe_1", "testnameKey": "SoC_probe_probe_1", "event": "finish", "category": "design-netlist"}
\o [2025-03-31 16:42:51.605 +1100] [EVENT] [cadence.virtuoso.ade.services.netlister] - NewPoint {"jobid": "14", "history": "Interactive.43", "point": 1, "testname": "SoC_probe_probe_1", "event": "NewPoint", "EventSource": "Netlist Service", "HistoryName": "Interactive.43", "logFile": "/home/hee/cadence/SoC/logs_hee/logs0/Service14.log", "logFileSize": "37628", "category": "point-netlist"}
\o [2025-03-31 16:42:51.605 +1100] [INFO] [cadence.virtuoso.ade.services.netlister] - Started netlisting {"jobid": "14", "history": "Interactive.43", "point": 1, "testname": "SoC_probe_probe_1", "event": "start", "category": "point-netlist"}
\o Simulation design variables differ from those on the cellView,
\o they have been saved in the file "/tmp/saved-design-variables".
\o To save future changes, copy variables to cellView before exiting.
\# Unzipping history /home/hee/cadence/SoC/SoC_probe/tb_probe/maestro/history/Interactive.43.zip::historyData.sdb
\o *Warning* AXL Context Manager : job 14 is already registered. 
\o 
\o 
\o 
\o *Info*    Configuring the session ...
\o 
\o 	Library      = SoC_probe
\o 	Cell         = probe
\o 	View         = schematic
\o 	Simulator    = spectre
\o 	State Path   = $AXL_SETUPDB_DIR/test_states
\o 	State Name   = Interactive.43
\o 	Results DB   = /home/hee/cadence/SoC/SoC_probe/tb_probe/maestro/results/maestro/Interactive.43.rdb
\o 	Results Dir  = /home/hee/simulation/SoC_probe/tb_probe/maestro/results/maestro/Interactive.43/1/SoC_probe_probe_1
\o 	Results Loc  = /home/hee/simulation/SoC_probe/tb_probe/maestro/results/maestro
\o 	Project Dir  = /home/hee/simulation
\o 	Setup DB loc = /home/hee/cadence/SoC/SoC_probe/tb_probe/maestro
\o 	File Encoding = 0
\o 
\o 
\# Unzipping history /home/hee/cadence/SoC/SoC_probe/tb_probe/maestro/history/Interactive.43.zip::historyData.sdb
\o 
\o *Info*    The auto suspension is disabled.
\o 
\o [2025-03-31 16:42:52.047 +1100] [INFO] [cadence.virtuoso.ade.services.netlister] - Reading the results database to access variable values for the preparation of quick plot data. If you do not want to save quick plot data, set the quickPlotGlobalWriteDisable environment variable to t. {"jobid": "14", "history": "Interactive.43", "point": 1, "testname": "SoC_probe_probe_1"}
\o Resetting statistical vars
\o 
\o *Info*    Setting parameter values ...
\o 
\o Setting var C_probe = "1"
\o Setting var G_probe = "0.012408"
\o Setting var L = "1G"
\o Setting var L_probe = "5.49e-8"
\o Setting var R_probe = "1"
\o Setting var temperature = "27"
\o Setting temp(T) = 27
\o 
\o *Info*    Netlist Directory =
\o           /home/hee/simulation/SoC_probe/tb_probe/maestro/results/maestro/Interactive.43/1/SoC_probe_probe_1/netlist
\o 
\o 
\o *Info*    Data Directory    =
\o           /home/hee/simulation/SoC_probe/tb_probe/maestro/results/maestro/Interactive.43/1/SoC_probe_probe_1
\o 
\o Reusing AHDL Data dir
\o generate netlist...
\o Ignoring netlist creation since ignoreDesignChangesDuringRun is set to true
\o       ...successful.
\o compose simulator input file...
\o       ...successful.
\o [2025-03-31 16:42:52.182 +1100] [PROCESS] [cadence.virtuoso.ade.services.netlister] - Current memory used: 906.9648 MBytes, peak memory used: 906.9688 MBytes {"jobid": "14", "hostname": "MrDonothing", "processid": 31851, "history": "Interactive.43", "testname": "SoC_probe_probe_1", "point": 1, "logfile": "/home/hee/cadence/SoC/logs_hee/logs0/Service14.log"}
\o [2025-03-31 16:42:52.183 +1100] [INFO] [cadence.virtuoso.ade.services.netlister] - Finished netlisting {"jobid": "14", "history": "Interactive.43", "point": 1, "testname": "SoC_probe_probe_1", "event": "finish", "category": "point-netlist"}
\o [2025-03-31 16:42:53.185 +1100] [EVENT] [cadence.virtuoso.ade.services.netlister] - NewPoint {"jobid": "14", "history": "Interactive.43", "point": 2, "testname": "SoC_probe_probe_1", "event": "NewPoint", "EventSource": "Netlist Service", "HistoryName": "Interactive.43", "logFile": "/home/hee/cadence/SoC/logs_hee/logs0/Service14.log", "logFileSize": "43744", "category": "point-netlist"}
\o [2025-03-31 16:42:53.185 +1100] [INFO] [cadence.virtuoso.ade.services.netlister] - Started netlisting {"jobid": "14", "history": "Interactive.43", "point": 2, "testname": "SoC_probe_probe_1", "event": "start", "category": "point-netlist"}
\o [2025-03-31 16:42:53.188 +1100] [INFO] [cadence.virtuoso.ade.services.netlister] - Reading the results database to access variable values for the preparation of quick plot data. If you do not want to save quick plot data, set the quickPlotGlobalWriteDisable environment variable to t. {"jobid": "14", "history": "Interactive.43", "point": 2, "testname": "SoC_probe_probe_1"}
\o Resetting statistical vars
\o 
\o *Info*    Setting parameter values ...
\o 
\o Setting var C_probe = "22e-12"
\o 
\o *Info*    Netlist Directory =
\o           /home/hee/simulation/SoC_probe/tb_probe/maestro/results/maestro/Interactive.43/2/SoC_probe_probe_1/netlist
\o 
\o 
\o *Info*    Data Directory    =
\o           /home/hee/simulation/SoC_probe/tb_probe/maestro/results/maestro/Interactive.43/2/SoC_probe_probe_1
\o 
\o Reusing AHDL Data dir
\o generate netlist...
\o Ignoring netlist creation since ignoreDesignChangesDuringRun is set to true
\o       ...successful.
\o compose simulator input file...
\o       ...successful.
\o [2025-03-31 16:42:53.323 +1100] [PROCESS] [cadence.virtuoso.ade.services.netlister] - Current memory used: 907.0234 MBytes, peak memory used: 907.0273 MBytes {"jobid": "14", "hostname": "MrDonothing", "processid": 31851, "history": "Interactive.43", "testname": "SoC_probe_probe_1", "point": 2, "logfile": "/home/hee/cadence/SoC/logs_hee/logs0/Service14.log"}
\o [2025-03-31 16:42:53.323 +1100] [INFO] [cadence.virtuoso.ade.services.netlister] - Finished netlisting {"jobid": "14", "history": "Interactive.43", "point": 2, "testname": "SoC_probe_probe_1", "event": "finish", "category": "point-netlist"}
\o [2025-03-31 16:42:54.325 +1100] [EVENT] [cadence.virtuoso.ade.services.netlister] - NewPoint {"jobid": "14", "history": "Interactive.43", "point": 3, "testname": "SoC_probe_probe_1", "event": "NewPoint", "EventSource": "Netlist Service", "HistoryName": "Interactive.43", "logFile": "/home/hee/cadence/SoC/logs_hee/logs0/Service14.log", "logFileSize": "46001", "category": "point-netlist"}
\o [2025-03-31 16:42:54.325 +1100] [INFO] [cadence.virtuoso.ade.services.netlister] - Started netlisting {"jobid": "14", "history": "Interactive.43", "point": 3, "testname": "SoC_probe_probe_1", "event": "start", "category": "point-netlist"}
\o [2025-03-31 16:42:54.328 +1100] [INFO] [cadence.virtuoso.ade.services.netlister] - Reading the results database to access variable values for the preparation of quick plot data. If you do not want to save quick plot data, set the quickPlotGlobalWriteDisable environment variable to t. {"jobid": "14", "history": "Interactive.43", "point": 3, "testname": "SoC_probe_probe_1"}
\o Resetting statistical vars
\o 
\o *Info*    Setting parameter values ...
\o 
\o Setting var C_probe = "117.111111111111e-12"
\o 
\o *Info*    Netlist Directory =
\o           /home/hee/simulation/SoC_probe/tb_probe/maestro/results/maestro/Interactive.43/3/SoC_probe_probe_1/netlist
\o 
\o 
\o *Info*    Data Directory    =
\o           /home/hee/simulation/SoC_probe/tb_probe/maestro/results/maestro/Interactive.43/3/SoC_probe_probe_1
\o 
\o Reusing AHDL Data dir
\o generate netlist...
\o Ignoring netlist creation since ignoreDesignChangesDuringRun is set to true
\o       ...successful.
\o compose simulator input file...
\o       ...successful.
\o [2025-03-31 16:42:54.461 +1100] [PROCESS] [cadence.virtuoso.ade.services.netlister] - Current memory used: 907.0234 MBytes, peak memory used: 907.0273 MBytes {"jobid": "14", "hostname": "MrDonothing", "processid": 31851, "history": "Interactive.43", "testname": "SoC_probe_probe_1", "point": 3, "logfile": "/home/hee/cadence/SoC/logs_hee/logs0/Service14.log"}
\o [2025-03-31 16:42:54.461 +1100] [INFO] [cadence.virtuoso.ade.services.netlister] - Finished netlisting {"jobid": "14", "history": "Interactive.43", "point": 3, "testname": "SoC_probe_probe_1", "event": "finish", "category": "point-netlist"}
\o [2025-03-31 16:42:55.463 +1100] [EVENT] [cadence.virtuoso.ade.services.netlister] - NewPoint {"jobid": "14", "history": "Interactive.43", "point": 4, "testname": "SoC_probe_probe_1", "event": "NewPoint", "EventSource": "Netlist Service", "HistoryName": "Interactive.43", "logFile": "/home/hee/cadence/SoC/logs_hee/logs0/Service14.log", "logFileSize": "48272", "category": "point-netlist"}
\o [2025-03-31 16:42:55.463 +1100] [INFO] [cadence.virtuoso.ade.services.netlister] - Started netlisting {"jobid": "14", "history": "Interactive.43", "point": 4, "testname": "SoC_probe_probe_1", "event": "start", "category": "point-netlist"}
\o [2025-03-31 16:42:55.466 +1100] [INFO] [cadence.virtuoso.ade.services.netlister] - Reading the results database to access variable values for the preparation of quick plot data. If you do not want to save quick plot data, set the quickPlotGlobalWriteDisable environment variable to t. {"jobid": "14", "history": "Interactive.43", "point": 4, "testname": "SoC_probe_probe_1"}
\o Resetting statistical vars
\o 
\o *Info*    Setting parameter values ...
\o 
\o Setting var C_probe = "212.222222222222e-12"
\o 
\o *Info*    Netlist Directory =
\o           /home/hee/simulation/SoC_probe/tb_probe/maestro/results/maestro/Interactive.43/4/SoC_probe_probe_1/netlist
\o 
\o 
\o *Info*    Data Directory    =
\o           /home/hee/simulation/SoC_probe/tb_probe/maestro/results/maestro/Interactive.43/4/SoC_probe_probe_1
\o 
\o Reusing AHDL Data dir
\o generate netlist...
\o Ignoring netlist creation since ignoreDesignChangesDuringRun is set to true
\o       ...successful.
\o compose simulator input file...
\o       ...successful.
\o [2025-03-31 16:42:55.604 +1100] [PROCESS] [cadence.virtuoso.ade.services.netlister] - Current memory used: 907.0234 MBytes, peak memory used: 907.0273 MBytes {"jobid": "14", "hostname": "MrDonothing", "processid": 31851, "history": "Interactive.43", "testname": "SoC_probe_probe_1", "point": 4, "logfile": "/home/hee/cadence/SoC/logs_hee/logs0/Service14.log"}
\o [2025-03-31 16:42:55.604 +1100] [INFO] [cadence.virtuoso.ade.services.netlister] - Finished netlisting {"jobid": "14", "history": "Interactive.43", "point": 4, "testname": "SoC_probe_probe_1", "event": "finish", "category": "point-netlist"}
\o [2025-03-31 16:42:56.607 +1100] [EVENT] [cadence.virtuoso.ade.services.netlister] - NewPoint {"jobid": "14", "history": "Interactive.43", "point": 5, "testname": "SoC_probe_probe_1", "event": "NewPoint", "EventSource": "Netlist Service", "HistoryName": "Interactive.43", "logFile": "/home/hee/cadence/SoC/logs_hee/logs0/Service14.log", "logFileSize": "50543", "category": "point-netlist"}
\o [2025-03-31 16:42:56.607 +1100] [INFO] [cadence.virtuoso.ade.services.netlister] - Started netlisting {"jobid": "14", "history": "Interactive.43", "point": 5, "testname": "SoC_probe_probe_1", "event": "start", "category": "point-netlist"}
\o [2025-03-31 16:42:56.610 +1100] [INFO] [cadence.virtuoso.ade.services.netlister] - Reading the results database to access variable values for the preparation of quick plot data. If you do not want to save quick plot data, set the quickPlotGlobalWriteDisable environment variable to t. {"jobid": "14", "history": "Interactive.43", "point": 5, "testname": "SoC_probe_probe_1"}
\o Resetting statistical vars
\o 
\o *Info*    Setting parameter values ...
\o 
\o Setting var C_probe = "307.333333333333e-12"
\o 
\o *Info*    Netlist Directory =
\o           /home/hee/simulation/SoC_probe/tb_probe/maestro/results/maestro/Interactive.43/5/SoC_probe_probe_1/netlist
\o 
\o 
\o *Info*    Data Directory    =
\o           /home/hee/simulation/SoC_probe/tb_probe/maestro/results/maestro/Interactive.43/5/SoC_probe_probe_1
\o 
\o Reusing AHDL Data dir
\o generate netlist...
\o Ignoring netlist creation since ignoreDesignChangesDuringRun is set to true
\o       ...successful.
\o compose simulator input file...
\o       ...successful.
\o [2025-03-31 16:42:56.747 +1100] [PROCESS] [cadence.virtuoso.ade.services.netlister] - Current memory used: 907.0234 MBytes, peak memory used: 907.0273 MBytes {"jobid": "14", "hostname": "MrDonothing", "processid": 31851, "history": "Interactive.43", "testname": "SoC_probe_probe_1", "point": 5, "logfile": "/home/hee/cadence/SoC/logs_hee/logs0/Service14.log"}
\o [2025-03-31 16:42:56.747 +1100] [INFO] [cadence.virtuoso.ade.services.netlister] - Finished netlisting {"jobid": "14", "history": "Interactive.43", "point": 5, "testname": "SoC_probe_probe_1", "event": "finish", "category": "point-netlist"}
\o [2025-03-31 16:42:57.749 +1100] [EVENT] [cadence.virtuoso.ade.services.netlister] - NewPoint {"jobid": "14", "history": "Interactive.43", "point": 6, "testname": "SoC_probe_probe_1", "event": "NewPoint", "EventSource": "Netlist Service", "HistoryName": "Interactive.43", "logFile": "/home/hee/cadence/SoC/logs_hee/logs0/Service14.log", "logFileSize": "52814", "category": "point-netlist"}
\o [2025-03-31 16:42:57.750 +1100] [INFO] [cadence.virtuoso.ade.services.netlister] - Started netlisting {"jobid": "14", "history": "Interactive.43", "point": 6, "testname": "SoC_probe_probe_1", "event": "start", "category": "point-netlist"}
\o [2025-03-31 16:42:57.753 +1100] [INFO] [cadence.virtuoso.ade.services.netlister] - Reading the results database to access variable values for the preparation of quick plot data. If you do not want to save quick plot data, set the quickPlotGlobalWriteDisable environment variable to t. {"jobid": "14", "history": "Interactive.43", "point": 6, "testname": "SoC_probe_probe_1"}
\o Resetting statistical vars
\o 
\o *Info*    Setting parameter values ...
\o 
\o Setting var C_probe = "402.444444444444e-12"
\o 
\o *Info*    Netlist Directory =
\o           /home/hee/simulation/SoC_probe/tb_probe/maestro/results/maestro/Interactive.43/6/SoC_probe_probe_1/netlist
\o 
\o 
\o *Info*    Data Directory    =
\o           /home/hee/simulation/SoC_probe/tb_probe/maestro/results/maestro/Interactive.43/6/SoC_probe_probe_1
\o 
\o Reusing AHDL Data dir
\o generate netlist...
\o Ignoring netlist creation since ignoreDesignChangesDuringRun is set to true
\o       ...successful.
\o compose simulator input file...
\o       ...successful.
\o [2025-03-31 16:42:57.888 +1100] [PROCESS] [cadence.virtuoso.ade.services.netlister] - Current memory used: 907.0234 MBytes, peak memory used: 907.0273 MBytes {"jobid": "14", "hostname": "MrDonothing", "processid": 31851, "history": "Interactive.43", "testname": "SoC_probe_probe_1", "point": 6, "logfile": "/home/hee/cadence/SoC/logs_hee/logs0/Service14.log"}
\o [2025-03-31 16:42:57.888 +1100] [INFO] [cadence.virtuoso.ade.services.netlister] - Finished netlisting {"jobid": "14", "history": "Interactive.43", "point": 6, "testname": "SoC_probe_probe_1", "event": "finish", "category": "point-netlist"}
\o [2025-03-31 16:42:58.892 +1100] [EVENT] [cadence.virtuoso.ade.services.netlister] - NewPoint {"jobid": "14", "history": "Interactive.43", "point": 7, "testname": "SoC_probe_probe_1", "event": "NewPoint", "EventSource": "Netlist Service", "HistoryName": "Interactive.43", "logFile": "/home/hee/cadence/SoC/logs_hee/logs0/Service14.log", "logFileSize": "55085", "category": "point-netlist"}
\o [2025-03-31 16:42:58.892 +1100] [INFO] [cadence.virtuoso.ade.services.netlister] - Started netlisting {"jobid": "14", "history": "Interactive.43", "point": 7, "testname": "SoC_probe_probe_1", "event": "start", "category": "point-netlist"}
\o [2025-03-31 16:42:58.896 +1100] [INFO] [cadence.virtuoso.ade.services.netlister] - Reading the results database to access variable values for the preparation of quick plot data. If you do not want to save quick plot data, set the quickPlotGlobalWriteDisable environment variable to t. {"jobid": "14", "history": "Interactive.43", "point": 7, "testname": "SoC_probe_probe_1"}
\o Resetting statistical vars
\o 
\o *Info*    Setting parameter values ...
\o 
\o Setting var C_probe = "497.555555555556e-12"
\o 
\o *Info*    Netlist Directory =
\o           /home/hee/simulation/SoC_probe/tb_probe/maestro/results/maestro/Interactive.43/7/SoC_probe_probe_1/netlist
\o 
\o 
\o *Info*    Data Directory    =
\o           /home/hee/simulation/SoC_probe/tb_probe/maestro/results/maestro/Interactive.43/7/SoC_probe_probe_1
\o 
\o Reusing AHDL Data dir
\o generate netlist...
\o Ignoring netlist creation since ignoreDesignChangesDuringRun is set to true
\o       ...successful.
\o compose simulator input file...
\o       ...successful.
\o [2025-03-31 16:42:59.091 +1100] [PROCESS] [cadence.virtuoso.ade.services.netlister] - Current memory used: 907.0234 MBytes, peak memory used: 907.0273 MBytes {"jobid": "14", "hostname": "MrDonothing", "processid": 31851, "history": "Interactive.43", "testname": "SoC_probe_probe_1", "point": 7, "logfile": "/home/hee/cadence/SoC/logs_hee/logs0/Service14.log"}
\o [2025-03-31 16:42:59.091 +1100] [INFO] [cadence.virtuoso.ade.services.netlister] - Finished netlisting {"jobid": "14", "history": "Interactive.43", "point": 7, "testname": "SoC_probe_probe_1", "event": "finish", "category": "point-netlist"}
\o [2025-03-31 16:43:00.095 +1100] [EVENT] [cadence.virtuoso.ade.services.netlister] - NewPoint {"jobid": "14", "history": "Interactive.43", "point": 8, "testname": "SoC_probe_probe_1", "event": "NewPoint", "EventSource": "Netlist Service", "HistoryName": "Interactive.43", "logFile": "/home/hee/cadence/SoC/logs_hee/logs0/Service14.log", "logFileSize": "57356", "category": "point-netlist"}
\o [2025-03-31 16:43:00.095 +1100] [INFO] [cadence.virtuoso.ade.services.netlister] - Started netlisting {"jobid": "14", "history": "Interactive.43", "point": 8, "testname": "SoC_probe_probe_1", "event": "start", "category": "point-netlist"}
\o [2025-03-31 16:43:00.100 +1100] [INFO] [cadence.virtuoso.ade.services.netlister] - Reading the results database to access variable values for the preparation of quick plot data. If you do not want to save quick plot data, set the quickPlotGlobalWriteDisable environment variable to t. {"jobid": "14", "history": "Interactive.43", "point": 8, "testname": "SoC_probe_probe_1"}
\o Resetting statistical vars
\o 
\o *Info*    Setting parameter values ...
\o 
\o Setting var C_probe = "592.666666666667e-12"
\o 
\o *Info*    Netlist Directory =
\o           /home/hee/simulation/SoC_probe/tb_probe/maestro/results/maestro/Interactive.43/8/SoC_probe_probe_1/netlist
\o 
\o 
\o *Info*    Data Directory    =
\o           /home/hee/simulation/SoC_probe/tb_probe/maestro/results/maestro/Interactive.43/8/SoC_probe_probe_1
\o 
\o Reusing AHDL Data dir
\o generate netlist...
\o Ignoring netlist creation since ignoreDesignChangesDuringRun is set to true
\o       ...successful.
\o compose simulator input file...
\o       ...successful.
\o [2025-03-31 16:43:00.257 +1100] [PROCESS] [cadence.virtuoso.ade.services.netlister] - Current memory used: 907.0234 MBytes, peak memory used: 907.0273 MBytes {"jobid": "14", "hostname": "MrDonothing", "processid": 31851, "history": "Interactive.43", "testname": "SoC_probe_probe_1", "point": 8, "logfile": "/home/hee/cadence/SoC/logs_hee/logs0/Service14.log"}
\o [2025-03-31 16:43:00.257 +1100] [INFO] [cadence.virtuoso.ade.services.netlister] - Finished netlisting {"jobid": "14", "history": "Interactive.43", "point": 8, "testname": "SoC_probe_probe_1", "event": "finish", "category": "point-netlist"}
\o [2025-03-31 16:43:01.261 +1100] [EVENT] [cadence.virtuoso.ade.services.netlister] - NewPoint {"jobid": "14", "history": "Interactive.43", "point": 9, "testname": "SoC_probe_probe_1", "event": "NewPoint", "EventSource": "Netlist Service", "HistoryName": "Interactive.43", "logFile": "/home/hee/cadence/SoC/logs_hee/logs0/Service14.log", "logFileSize": "59627", "category": "point-netlist"}
\o [2025-03-31 16:43:01.261 +1100] [INFO] [cadence.virtuoso.ade.services.netlister] - Started netlisting {"jobid": "14", "history": "Interactive.43", "point": 9, "testname": "SoC_probe_probe_1", "event": "start", "category": "point-netlist"}
\o [2025-03-31 16:43:01.266 +1100] [INFO] [cadence.virtuoso.ade.services.netlister] - Reading the results database to access variable values for the preparation of quick plot data. If you do not want to save quick plot data, set the quickPlotGlobalWriteDisable environment variable to t. {"jobid": "14", "history": "Interactive.43", "point": 9, "testname": "SoC_probe_probe_1"}
\o Resetting statistical vars
\o 
\o *Info*    Setting parameter values ...
\o 
\o Setting var C_probe = "687.777777777778e-12"
\o 
\o *Info*    Netlist Directory =
\o           /home/hee/simulation/SoC_probe/tb_probe/maestro/results/maestro/Interactive.43/9/SoC_probe_probe_1/netlist
\o 
\o 
\o *Info*    Data Directory    =
\o           /home/hee/simulation/SoC_probe/tb_probe/maestro/results/maestro/Interactive.43/9/SoC_probe_probe_1
\o 
\o Reusing AHDL Data dir
\o generate netlist...
\o Ignoring netlist creation since ignoreDesignChangesDuringRun is set to true
\o       ...successful.
\o compose simulator input file...
\o       ...successful.
\o [2025-03-31 16:43:01.407 +1100] [PROCESS] [cadence.virtuoso.ade.services.netlister] - Current memory used: 907.0234 MBytes, peak memory used: 907.0273 MBytes {"jobid": "14", "hostname": "MrDonothing", "processid": 31851, "history": "Interactive.43", "testname": "SoC_probe_probe_1", "point": 9, "logfile": "/home/hee/cadence/SoC/logs_hee/logs0/Service14.log"}
\o [2025-03-31 16:43:01.408 +1100] [INFO] [cadence.virtuoso.ade.services.netlister] - Finished netlisting {"jobid": "14", "history": "Interactive.43", "point": 9, "testname": "SoC_probe_probe_1", "event": "finish", "category": "point-netlist"}
\o [2025-03-31 16:43:02.409 +1100] [EVENT] [cadence.virtuoso.ade.services.netlister] - NewPoint {"jobid": "14", "history": "Interactive.43", "point": 10, "testname": "SoC_probe_probe_1", "event": "NewPoint", "EventSource": "Netlist Service", "HistoryName": "Interactive.43", "logFile": "/home/hee/cadence/SoC/logs_hee/logs0/Service14.log", "logFileSize": "61898", "category": "point-netlist"}
\o [2025-03-31 16:43:02.409 +1100] [INFO] [cadence.virtuoso.ade.services.netlister] - Started netlisting {"jobid": "14", "history": "Interactive.43", "point": 10, "testname": "SoC_probe_probe_1", "event": "start", "category": "point-netlist"}
\o [2025-03-31 16:43:02.413 +1100] [INFO] [cadence.virtuoso.ade.services.netlister] - Reading the results database to access variable values for the preparation of quick plot data. If you do not want to save quick plot data, set the quickPlotGlobalWriteDisable environment variable to t. {"jobid": "14", "history": "Interactive.43", "point": 10, "testname": "SoC_probe_probe_1"}
\o Resetting statistical vars
\o 
\o *Info*    Setting parameter values ...
\o 
\o Setting var C_probe = "782.888888888889e-12"
\o 
\o *Info*    Netlist Directory =
\o           /home/hee/simulation/SoC_probe/tb_probe/maestro/results/maestro/Interactive.43/10/SoC_probe_probe_1/netlist
\o 
\o 
\o *Info*    Data Directory    =
\o           /home/hee/simulation/SoC_probe/tb_probe/maestro/results/maestro/Interactive.43/10/SoC_probe_probe_1
\o 
\o Reusing AHDL Data dir
\o generate netlist...
\o Ignoring netlist creation since ignoreDesignChangesDuringRun is set to true
\o       ...successful.
\o compose simulator input file...
\o       ...successful.
\o [2025-03-31 16:43:02.551 +1100] [PROCESS] [cadence.virtuoso.ade.services.netlister] - Current memory used: 907.0234 MBytes, peak memory used: 907.0273 MBytes {"jobid": "14", "hostname": "MrDonothing", "processid": 31851, "history": "Interactive.43", "testname": "SoC_probe_probe_1", "point": 10, "logfile": "/home/hee/cadence/SoC/logs_hee/logs0/Service14.log"}
\o [2025-03-31 16:43:02.551 +1100] [INFO] [cadence.virtuoso.ade.services.netlister] - Finished netlisting {"jobid": "14", "history": "Interactive.43", "point": 10, "testname": "SoC_probe_probe_1", "event": "finish", "category": "point-netlist"}
\o [2025-03-31 16:43:03.553 +1100] [EVENT] [cadence.virtuoso.ade.services.netlister] - NewPoint {"jobid": "14", "history": "Interactive.43", "point": 11, "testname": "SoC_probe_probe_1", "event": "NewPoint", "EventSource": "Netlist Service", "HistoryName": "Interactive.43", "logFile": "/home/hee/cadence/SoC/logs_hee/logs0/Service14.log", "logFileSize": "64176", "category": "point-netlist"}
\o [2025-03-31 16:43:03.553 +1100] [INFO] [cadence.virtuoso.ade.services.netlister] - Started netlisting {"jobid": "14", "history": "Interactive.43", "point": 11, "testname": "SoC_probe_probe_1", "event": "start", "category": "point-netlist"}
\o [2025-03-31 16:43:03.556 +1100] [INFO] [cadence.virtuoso.ade.services.netlister] - Reading the results database to access variable values for the preparation of quick plot data. If you do not want to save quick plot data, set the quickPlotGlobalWriteDisable environment variable to t. {"jobid": "14", "history": "Interactive.43", "point": 11, "testname": "SoC_probe_probe_1"}
\o Resetting statistical vars
\o 
\o *Info*    Setting parameter values ...
\o 
\o Setting var C_probe = "878e-12"
\o 
\o *Info*    Netlist Directory =
\o           /home/hee/simulation/SoC_probe/tb_probe/maestro/results/maestro/Interactive.43/11/SoC_probe_probe_1/netlist
\o 
\o 
\o *Info*    Data Directory    =
\o           /home/hee/simulation/SoC_probe/tb_probe/maestro/results/maestro/Interactive.43/11/SoC_probe_probe_1
\o 
\o Reusing AHDL Data dir
\o generate netlist...
\o Ignoring netlist creation since ignoreDesignChangesDuringRun is set to true
\o       ...successful.
\o compose simulator input file...
\o       ...successful.
\o [2025-03-31 16:43:03.690 +1100] [PROCESS] [cadence.virtuoso.ade.services.netlister] - Current memory used: 907.0234 MBytes, peak memory used: 907.0273 MBytes {"jobid": "14", "hostname": "MrDonothing", "processid": 31851, "history": "Interactive.43", "testname": "SoC_probe_probe_1", "point": 11, "logfile": "/home/hee/cadence/SoC/logs_hee/logs0/Service14.log"}
\o [2025-03-31 16:43:03.691 +1100] [INFO] [cadence.virtuoso.ade.services.netlister] - Finished netlisting {"jobid": "14", "history": "Interactive.43", "point": 11, "testname": "SoC_probe_probe_1", "event": "finish", "category": "point-netlist"}
\o [2025-03-31 16:48:05.402 +1100] [PROCESS] [cadence.virtuoso.ade.services.netlister] - Netlist Service process exits. {"jobid": "14", "hostname": "MrDonothing", "processid": 31851, "history": "Interactive.43", "logfile": "/home/hee/cadence/SoC/logs_hee/logs0/Service14.log"}
\o Simulation design variables differ from those on the cellView,
\o they have been saved in the file "/tmp/saved-design-variables".
\o To save future changes, copy variables to cellView before exiting.
\# Lic Summary:
\# [16:48:06.441656] Cdslmd servers:5280@cadence.lic.sydney.edu.au
\# [16:48:06.441666] Feature usage summary:
\# Memory report: on exit            557 MB, process size 2,382 MB at UTC 2025.03.31 05:48:06.441
\# Memory report: peak usage         565 MB, process size 2,390 MB
