\# Program start time:     UTC 2025.03.31 05:21:06.389
\# Local time: GMT+11:00 (UTC+11:00) 2025.03.31 16:21:06.389
\o Program:		@(#)$CDS: Virtuoso Studio version IC23.1-64b 02/25/2025 23:02 (cpgbld21) $
\o Hierarchy:		/opt/cadence/installs/IC231/tools.lnx86/dfII/
\o Sub version:		sub-version  IC23.1-64b.ISR13.25  (64-bit addresses)
\# Command line:	/opt/cadence/installs/IC231/tools.lnx86/dfII/bin/64bit/virtuoso -beanhost MrDonothing -beanport 11749 -beanbinlog  -beanLogFile /home/hee/cadence/SoC/logs_hee/logs0/amps_Service12.log -mpssession virtuoso20851 -mpshost MrDonothing -davinciService DaVinciService_20851_1743380291 -scopedPid 20851 -axlSession fnxSession0 -axlServiceIdFlag 12 -uuid 619137dd-6a56-4bc2-936c-dbfd0c076f39 -heartbeat /dev/shm/swift-heartbeat.UNZ4cVrBO7 -log /home/hee/cadence/SoC/logs_hee/logs0/Service12.log -adeBrokerAddress MrDonothing:42439 -noautostart -nographE -lscs 000175E1894CBE06FF0966E38F1FFC06BC4D03E3E77AFC06BC4D4CE3B605886ED22230D4D45FCE288D7A7AEA931CD2378E7548D3B52FFC06BC4D0109A95FDA46DBA700001E43 -interactive -offlineExprEval -upfrontMode -fenixMode assembler -heartbeatTimeout  -lingerTimeout 300 -pointlifetime -1
\# Host name (type):	MrDonothing (x86_64)
\# Operating system:	Linux 5.15.167.4-microsoft-standard-WSL2 #1 SMP Tue Nov 5 00:21:55 UTC 2024
\# Linux /etc/issue:	\S
\# Linux /etc/issue:	Kernel \r on an \m
\# X display name (WxH):	:4002 (1024x868)
\# Available geometry:			TL(0:0) BR(1023:867)
\# X server:			The X.Org Foundation
\# Depth of Visual (Root):	24 (24)
\# Number of Planes Used:	24
\# X version:		11.0 (vendor release 12004000)
\# X resource pool:	base 0x400000, mask 0x1fffff (2097151), shift 0
\# 			current id 0x0, current max 0x1ffffa (2097146)
\# Max data seg size:	     unlimited
\# Max process size:	     unlimited
\# Initial sbrk value:	        879 MB
\# Available memory:	     18,932 MB
\# System memory:	     19,900 MB
\# Maximum memory size:	     19,196 MB
\# Max mem available:	     19,107 MB
\# Initial memory used:	        175 MB
\#        process size:	      1,692 MB
\# Thread usage limits (effective/default):	maxthreads 63190/63190 maxload 20.00/20.00
\# Qt version:		5.15.9
\# Window Manager:	other
\# User Name:		hee
\o Working Directory:	MrDonothing:/home/hee/cadence/SoC
\# Process Id:		26982
\o 
\o COPYRIGHT (C) 1992-2025  CADENCE DESIGN SYSTEMS INC.  ALL RIGHTS RESERVED.
\o           (C) 1992-2025  UNIX SYSTEMS Laboratories INC.,
\o                          Reproduced with permission.
\o 
\o This Cadence Design Systems program and online documentation are
\o proprietary/confidential information and may be disclosed/used only
\o as authorized in a license agreement controlling such use and disclosure.
\o 
\o           RESTRICTED RIGHTS NOTICE (SHORT FORM)
\o Use/reproduction/disclosure is subject to restriction
\o set forth at FAR 1252.227-19 or its equivalent.
\o Loading geView.cxt 
\o Loading menuBuilder.cxt 
\o Loading im.cxt 
\o Loading schView.cxt 
\o Loading selectSv.cxt 
\o Loading wireEdit.cxt 
\o Loading pte2.cxt 
\o Loading xlUI.cxt 
\o Loading auCore.cxt 
\o Loading vhdl.cxt 
\o Loading seismic.cxt 
\o Loading ci.cxt 
\o Loading layers.cxt 
\o Loading drv.cxt 
\o Loading ams.cxt 
\o Loading oasis.cxt 
\o Loading dal.cxt 
\o Loading awv.cxt 
\o Loading socket.cxt 
\o Loading analog.cxt 
\o Loading par.cxt 
\o Loading asimenv.cxt 
\o Loading alvs.cxt 
\o Loading caa.cxt 
\o Loading amps.cxt 
\o Loading adexlCore.cxt 
\# Memory report: using         295 MB, process size 1,858 MB at UTC 2025.03.31 05:21:07.266
\o Loading adexl.cxt 
\o *Info*    Exporting services from client ... 
\o 
\o Loading adexlDM.cxt 
\o Loading cpf.cxt 
\o Loading cli.cxt 
\o Loading lp.cxt 
\o Loading sipLayout.cxt 
\o Loading viva.cxt 
\o Loading diagCenter.cxt 
\o INFO (ELI-00333) License program mode is LSCS.
\# [16:21:06.394113] Configured Lic search path (23.02-s006): 5280@cadence.lic.sydney.edu.au
\o INFO (ELI-00302) Connecting to parent process (session=virtuoso20851, host=MrDonothing). Connection mode is LSCS. Total timeout is 180 seconds. Connection timeout is 90 seconds.
\o INFO (ELI-00303) Step 1: Connecting to parent. Time spent is 0 seconds.
\o INFO (ELI-00304) The registration of the child 26982 within 90 seconds is being processed...
\o INFO (ELI-00305) The result of registration is true. Time spent is 0 seconds.
\o INFO (ELI-00308) The connection has ended. Result is true. Total time spent is 0 seconds.
\p > 
\o Loading le.cxt 
\o Loading tilp.cxt 
\o Loading validator.cxt 
\o Loading vrf.cxt 
\o Loading multiTechPlugin.cxt 
\o Loading exportDie.cxt 
\# Loading perfDiag...
\# (PerfDiag): Set GDB path to environment variable 'gdbPath' (gdb).
\# The Health Monitor tool is installed. You can access it from CIW - Tools - Diagnostic Center or use the shell command 'cdsPerfDiag -p 26982' to open it when Virtuoso freezes.
\# (PerfDiag): Use backtrace from GLIBC.
\i _axlRunServices()
\# [16:21:08.428553] Periodic Lic check successful
\# [16:21:08.428554] Feature usage summary:
\o Loading simui.cxt 
\o [2025-03-31 16:21:08.445 +1100] [PROCESS] [cadence.virtuoso.ade.services] - Netlist Service has successfully started. Waiting for incoming messages ... {"jobid": "12", "hostname": "MrDonothing", "processid": 26982, "logfile": "/home/hee/cadence/SoC/logs_hee/logs0/Service12.log"}
\# Memory report: using         436 MB, process size 2,260 MB at UTC 2025.03.31 05:21:09.493
\# Available memory:         18,919 MB at UTC 2025.03.31 05:21:16.498
\# Memory report: Maximum memory size now 19,196 MB at UTC 2025.03.31 05:21:16.498
\# Thread usage report: 12 active threads, active load 1.40 at UTC 2025.03.31 05:21:16.498
\o [2025-03-31 16:26:11.017 +1100] [PROCESS] [cadence.virtuoso.ade.services.netlister] - Netlist Service process exits. {"jobid": "12", "hostname": "MrDonothing", "processid": 26982, "logfile": "/home/hee/cadence/SoC/logs_hee/logs0/Service12.log"}
\o Loading vdsil.cxt 
\# Lic Summary:
\# [16:26:12.038075] Cdslmd servers:5280@cadence.lic.sydney.edu.au
\# [16:26:12.038089] Feature usage summary:
\# Memory report: on exit            428 MB, process size 2,252 MB at UTC 2025.03.31 05:26:12.038
\# Memory report: peak usage         436 MB, process size 2,260 MB
