ahdlcmicompile: Compiling ahdlcmi in ./tb.ahdlSimDB//fd7663b4aa2213912973ed524bebb369.ideal_sw.ahdlcmi/Linux-64/ for Linux-64 with optimize using gcc on Sun Feb 22 06:58:03 AEDT 2026 [5.0]
ahdlcmicompile: Generating makefile
PATH:  /opt/cadence/installs/SPECTRE231/bin:/opt/cadence/installs/SPECTRE231/tools.lnx86/bin/64bit:/opt/cadence/installs/SPECTRE231/tools.lnx86/bin:/opt/cadence/installs/IC231/tools/dfII/bin:/opt/cadence/installs/IC231/tools/bin:/opt/cadence/installs/SPECTRE231/tools.lnx86/spectre/bin:/opt/cadence/installs/XCELIUM2309/tools/bin:/usr/local/sbin:/usr/local/bin:/usr/sbin:/usr/bin:/sbin:/bin
LD_LIBRARY_PATH:  /opt/cadence/installs/SPECTRE231/tools.lnx86/TPtools/libstdc++6/lib/64bit:/opt/cadence/installs/SPECTRE231/tools.lnx86/TPtools/cuda/lib64:/opt/cadence/installs/SPECTRE231/tools.lnx86/giganta/lib/64bit:/opt/cadence/installs/SPECTRE231/tools.lnx86/mdl/lib/64bit:/opt/cadence/installs/SPECTRE231/tools.lnx86/mmsim/lib/64bit:/opt/cadence/installs/SPECTRE231/tools.lnx86/hdf/lib/64bit:/opt/cadence/installs/SPECTRE231/tools.lnx86/python/64bit/lib:/opt/cadence/installs/SPECTRE231/tools.lnx86/inca/lib/64bit:/opt/cadence/installs/SPECTRE231/tools.lnx86/awrmwo/lib/64bit:/opt/cadence/installs/SPECTRE231/tools.lnx86/spectre/lib/64bit:/opt/cadence/installs/SPECTRE231/tools.lnx86/dfII/lib/64bit:/opt/cadence/installs/SPECTRE231/tools.lnx86/TPtools/zlib/lib64:/opt/cadence/installs/SPECTRE231/tools.lnx86/TPtools/grpc/lib:/opt/cadence/installs/SPECTRE231/tools.lnx86/TPtools/grpc/lib64:/opt/cadence/installs/SPECTRE231/tools.lnx86/fmc/lib/64bit:/opt/cadence/installs/SPECTRE231/tools.lnx86/lib/64bit:/opt/cadence/installs/SPECTRE231/tools.lnx86/lib/64bit:/opt/cadence/installs/SPECTRE231/tools.lnx86/lib:/opt/cadence/installs/SPECTRE231/tools.lnx86/lib/64bit/RHEL/RHEL7
/opt/cadence/installs/SPECTRE231/tools.lnx86/spectre/ahdlcmi/bin/gnumake -j1 -f GNUmakefile
Cleaning ./obj/optimize/5.0
rm -f -rf ./obj/optimize/5.0
Compiling C file ideal_sw.c (optimize)
/opt/cadence/installs/SPECTRE231/tools.lnx86/spectre/ahdlcmi/bin/64bit/ahdlcc 0 /opt/cadence/installs/SPECTRE231/tools.lnx86/cdsgcc/gcc/9.3/bin/gcc  -ffast-math  -fno-unsafe-math-optimizations -Wno-error=int-conversion -O3 -m64 -DSYSV -DSVR4 -D_REENTRANT -fPIC   -DconfigSPECTRE -I. -I/opt/cadence/installs/SPECTRE231/tools.lnx86/spectre/ahdlcmi/include -c ideal_sw.c -o obj/optimize/5.0/ideal_sw.o || rm -f -f obj/optimize/5.0/ideal_sw.o
<stdin>: In function 'ideal_sw_pGetInstanceParams':
<stdin>:1450:41: warning: implicit declaration of function 'devGetInstKnotStatus'; did you mean 'devGetInstState'? [-Wimplicit-function-declaration]
<stdin>: In function 'ideal_sw_pDC_Load':
<stdin>:1734:41: warning: passing argument 1 of 'aslDevFillZeorDiagonalElemet' makes pointer from integer without a cast [-Wint-conversion]
In file included from <stdin>:24:
/opt/cadence/installs/SPECTRE231/tools.lnx86/spectre/ahdlcmi/include/ahdlDevLibGlobal.h:2884:63: note: expected 'void *' but argument is of type 'long int'
 2884 | ASL_FUNC_DECL_START extern void aslDevFillZeorDiagonalElemet( void *, int, unsigned int, struct ahdlFuncModeParam * );
      |                                                               ^~~~~~
<stdin>: In function 'ideal_sw_pCompare':
<stdin>:2153:3: warning: implicit declaration of function 'spReplaceMatrixPointer'; did you mean 'aslDevLaplaceGetMatrixPointer'? [-Wimplicit-function-declaration]
<stdin>:2158:37: warning: assignment to 'long int' from 'long int *' makes integer from pointer without a cast [-Wint-conversion]
<stdin>:2159:23: warning: passing argument 1 of 'memcpy' makes pointer from integer without a cast [-Wint-conversion]
In file included from /opt/cadence/installs/SPECTRE231/tools.lnx86/spectre/ahdlcmi/include/ahdlPiCmi.h:5,
                 from /opt/cadence/installs/SPECTRE231/tools.lnx86/spectre/ahdlcmi/include/ahdlDevLibGlobal.h:80,
                 from <stdin>:24:
/usr/include/string.h:42:14: note: expected 'void * restrict' but argument is of type 'long int'
   42 | extern void *memcpy (void *__restrict __dest, const void *__restrict __src,
      |              ^~~~~~
<stdin>:2159:58: warning: passing argument 2 of 'memcpy' makes pointer from integer without a cast [-Wint-conversion]
In file included from /opt/cadence/installs/SPECTRE231/tools.lnx86/spectre/ahdlcmi/include/ahdlPiCmi.h:5,
                 from /opt/cadence/installs/SPECTRE231/tools.lnx86/spectre/ahdlcmi/include/ahdlDevLibGlobal.h:80,
                 from <stdin>:24:
/usr/include/string.h:42:14: note: expected 'const void * restrict' but argument is of type 'long int'
   42 | extern void *memcpy (void *__restrict __dest, const void *__restrict __src,
      |              ^~~~~~
<stdin>:2161:37: warning: assignment to 'long int' from 'void *' makes integer from pointer without a cast [-Wint-conversion]
<stdin>: In function 'ideal_sw_pGetMatrixPointers':
<stdin>:2329:34: warning: assignment to 'long int' from 'void *' makes integer from pointer without a cast [-Wint-conversion]
<stdin>:2331:37: warning: assignment to 'long int' from 'void *' makes integer from pointer without a cast [-Wint-conversion]
<stdin>: In function 'ideal_sw_pAnalTranLoad':
<stdin>:3005:42: warning: passing argument 1 of 'aslDevFillZeorDiagonalElemet' makes pointer from integer without a cast [-Wint-conversion]
In file included from <stdin>:24:
/opt/cadence/installs/SPECTRE231/tools.lnx86/spectre/ahdlcmi/include/ahdlDevLibGlobal.h:2884:63: note: expected 'void *' but argument is of type 'long int'
 2884 | ASL_FUNC_DECL_START extern void aslDevFillZeorDiagonalElemet( void *, int, unsigned int, struct ahdlFuncModeParam * );
      |                                                               ^~~~~~
<stdin>:3007:39: warning: passing argument 1 of 'aslDevFillZeroDiagQuartet' makes pointer from integer without a cast [-Wint-conversion]
In file included from <stdin>:24:
/opt/cadence/installs/SPECTRE231/tools.lnx86/spectre/ahdlcmi/include/ahdlDevLibGlobal.h:2886:60: note: expected 'void *' but argument is of type 'long int'
 2886 | ASL_FUNC_DECL_START extern void aslDevFillZeroDiagQuartet( void *, int, unsigned int, struct ahdlFuncModeParam * );
      |                                                            ^~~~~~
<stdin>: In function 'ahdlideal_swDescInstall':
<stdin>:3326:2: warning: implicit declaration of function 'descSetDeviceType'; did you mean 'descSetType'? [-Wimplicit-function-declaration]
<stdin>:3328:2: warning: implicit declaration of function 'descSetSetContrInfoPtr'; did you mean 'ideal_sw_pSetContrInfoPtr'? [-Wimplicit-function-declaration]
<stdin>:3335:2: warning: implicit declaration of function 'descSetCopySignals'; did you mean 'descSetMapSignals'? [-Wimplicit-function-declaration]
<stdin>:3359:2: warning: implicit declaration of function 'descSetVATermInfo'; did you mean 'descSetGetInfo'? [-Wimplicit-function-declaration]
<stdin>:3360:2: warning: implicit declaration of function 'descSetGetNodeNamesForBranch'; did you mean 'ideal_sw_pGetNodeNamesForBranch'? [-Wimplicit-function-declaration]
rm -f -rf ideal_sw.c
/opt/cadence/installs/SPECTRE231/tools.lnx86/cdsgcc/gcc/9.3/bin/gcc -shared -O3 -m64 -fPIC -o obj/optimize/5.0/libahdlcmi_ideal_sw.so ./obj/optimize/5.0/ideal_sw.o  -Wl,-rpath,/usr/lib -Wl,-rpath,/lib -lm -s 
rm -f -f ./obj/optimize/5.0/ideal_sw.o 
