TOOL:	xrun(64)	23.09-s013: Started on Jan 29, 2026 at 17:30:23 CST
xrun
	-compile
	-nocopy
	-nostdout
	-nowarn DLNOHV
	-nowarn SPDUSD
	-messages
	-update
	-log /home/hee/cadence/SoC/.cadence/dfII/TextSupport/Logs/Parser/verilog/SoC_probe/verilog/compile0.log
	-incdir "/home/hee/cadence/SoC/"
	-cdslib /home/hee/cadence/SoC/cds.lib
	-makelib SoC_probe
	-view verilog
	-SPECIFICUNIT dig_sti_tb
	/home/hee/cadence/SoC/SoC_probe/dig_sti_tb/verilog/verilog.v
	-endlib
Recompiling... reason: unable to stat '/./home/hee/cadence/SoC/SoC_probe/dig_sti_tb/functional/verilog.v'.
TOOL:	xrun(64)	23.09-s013: Exiting on Jan 29, 2026 at 17:30:23 CST  (total: 00:00:00)



 ========================================================================================================
		                  HDL IMPORT QUICK STATUS REPORT
 ========================================================================================================
 HDL SETUP MODE	: 0 - IMPROVED LEGACY FLOW
 ========================================================================================================
 HDL SETUP STATUS	: SUCCESS
 ========================================================================================================
 cds.lib USED	: "/home/hee/cadence/SoC/cds.lib"
 ========================================================================================================
 COMPILER OPTIONS	: ""
 ========================================================================================================
 PCDB DM CHECKS	: SUCCESS
 ========================================================================================================
 PCDB UPDATE REQUIRED	: NO
 ========================================================================================================
 IMPORT CONFIGURATION	: CHECK BELOW SETTINGS
		: generateShadow(false)
		: enableBlackBox(false)
		: enableSpecificUnit(true)
		: updateCDF(false)
 ========================================================================================================
 OVERALL IMPORT STATUS	: SUCCESS
 ========================================================================================================