TOOL:	xrun(64)	23.09-s013: Started on Mar 03, 2026 at 14:56:12 AEDT
xrun
	-compile
	-nocopy
	-nostdout
	-nowarn DLNOHV
	-nowarn SPDUSD
	-messages
	-update
	-log /home/hee/projects/agriculture-SoC/analog/cadence/notech/SoC/.cadence/dfII/TextSupport/Logs/Parser/verilog/SoC_AFE/functional/compile1.log
	-incdir "/home/hee/projects/agriculture-SoC/analog/cadence/notech/SoC/"
	-cdslib /home/hee/projects/agriculture-SoC/analog/cadence/notech/SoC/cds.lib
	-makelib SoC_AFE
	-view functional
	-SPECIFICUNIT sarlogic
	/home/hee/projects/agriculture-SoC/analog/cadence/notech/SoC/SoC_AFE/sarlogic/functional/verilog.v
	-endlib
TOOL:	xrun(64)	23.09-s013: Exiting on Mar 03, 2026 at 14:56:12 AEDT  (total: 00:00:00)



 ========================================================================================================
		                  HDL IMPORT QUICK STATUS REPORT
 ========================================================================================================
 HDL SETUP MODE	: 0 - IMPROVED LEGACY FLOW
 ========================================================================================================
 HDL SETUP STATUS	: SUCCESS
 ========================================================================================================
 cds.lib USED	: "/home/hee/projects/agriculture-SoC/analog/cadence/notech/SoC/cds.lib"
 ========================================================================================================
 COMPILER OPTIONS	: ""
 ========================================================================================================
 PCDB DM CHECKS	: SUCCESS
 ========================================================================================================
 PCDB UPDATE REQUIRED	: NO
 ========================================================================================================
 IMPORT CONFIGURATION	: CHECK BELOW SETTINGS
		: generateShadow(false)
		: enableBlackBox(false)
		: enableSpecificUnit(true)
		: updateCDF(false)
 ========================================================================================================
 OVERALL IMPORT STATUS	: SUCCESS
 ========================================================================================================