TOOL:	xrun(64)	23.09-s013: Started on Mar 02, 2026 at 23:57:13 AEDT
xrun
	-compile
	-nocopy
	-nostdout
	-nowarn DLNOHV
	-nowarn SPDUSD
	-messages
	-update
	-log /home/hee/projects/agriculture-SoC/analog/cadence/notech/SoC/.cadence/dfII/TextSupport/Logs/Parser/verilog/SoC_AFE/functional/compile0.log
	-incdir "/home/hee/projects/agriculture-SoC/analog/cadence/notech/SoC/"
	-cdslib /home/hee/projects/agriculture-SoC/analog/cadence/notech/SoC/cds.lib
	-view functional
	-work SoC_AFE
	/home/hee/projects/agriculture-SoC/analog/cadence/notech/SoC/SoC_AFE/fsm/functional/verilog.v
file: /home/hee/projects/agriculture-SoC/analog/cadence/notech/SoC/SoC_AFE/fsm/functional/verilog.v
    reg     [9:0]   result;
                         |
xmvlog: *W,ILLPDX (/home/hee/projects/agriculture-SoC/analog/cadence/notech/SoC/SoC_AFE/fsm/functional/verilog.v,27|25): Multiple declarations for a port not allowed in module with ANSI list of port declarations (port 'result') [12.3.4(IEEE-2001)].
    reg             sample;
                         |
xmvlog: *W,ILLPDX (/home/hee/projects/agriculture-SoC/analog/cadence/notech/SoC/SoC_AFE/fsm/functional/verilog.v,29|25): Multiple declarations for a port not allowed in module with ANSI list of port declarations (port 'sample') [12.3.4(IEEE-2001)].
        clkc <= (~clk & en_co_clk);
           |
xmvlog: *E,WANOTL (/home/hee/projects/agriculture-SoC/analog/cadence/notech/SoC/SoC_AFE/fsm/functional/verilog.v,53|11): A net is not a legal lvalue in this context [9.3.1(IEEE)].
    assign sample = (state==sSample) || (state==sCal);
                |
xmvlog: *E,RANOTL (/home/hee/projects/agriculture-SoC/analog/cadence/notech/SoC/SoC_AFE/fsm/functional/verilog.v,149|16): A reg is not a legal lvalue in this context [6.1.2(IEEE)].
	module SoC_AFE.sarlogic:functional
		errors: 2, warnings: 2
xmvlog: *W,NOTOPL: no top-level unit found, must have recursive instances.
	Total errors/warnings found outside modules and primitives:
		errors: 0, warnings: 1
xrun: *E,VLGERR: An error occurred during parsing.  Review the log file for errors with the code *E and fix those identified problems to proceed.  Exiting with code (status 1).
TOOL:	xrun(64)	23.09-s013: Exiting on Mar 02, 2026 at 23:57:13 AEDT  (total: 00:00:00)



 ========================================================================================================
		                  HDL IMPORT QUICK STATUS REPORT
 ========================================================================================================
 HDL SETUP MODE	: 0 - IMPROVED LEGACY FLOW
 ========================================================================================================
 HDL SETUP STATUS	: SUCCESS
 ========================================================================================================
 cds.lib USED	: "/home/hee/projects/agriculture-SoC/analog/cadence/notech/SoC/cds.lib"
 ========================================================================================================
 COMPILER OPTIONS	: ""
 ========================================================================================================
 PCDB DM CHECKS	: SUCCESS
 ========================================================================================================
 PCDB UPDATE REQUIRED	: YES
 ========================================================================================================
 IMPORT CONFIGURATION	: CHECK BELOW SETTINGS
		: generateShadow(false)
		: enableBlackBox(false)
		: enableSpecificUnit(false)
		: updateCDF(false)
 ========================================================================================================
 OVERALL IMPORT STATUS	: FAILED
 ========================================================================================================