TOOL:	xrun(64)	23.09-s013: Started on Jan 28, 2026 at 23:59:09 CST
xrun
	-compile
	-nocopy
	-nostdout
	-nowarn DLNOHV
	-nowarn SPDUSD
	-messages
	-update
	-log /home/hee/cadence/SoC/.cadence/dfII/TextSupport/Logs/Parser/verilogams/SoC_probe/verilogams/compile0.log
	-incdir "/home/hee/cadence/SoC/"
	-ams
	-xmvlogargs " -messages "
	-cdslib /home/hee/cadence/SoC/cds.lib
	-makelib SoC_probe
	-view verilogams
	-SPECIFICUNIT ADC_SAR
	/home/hee/cadence/SoC/SoC_probe/ADC_SAR/verilogams/verilog.vams
	-endlib
xrun: *W,AMSIUSLD: The software has modified your LD_LIBRARY_PATH to add the following path first: `xmroot`/tools/lib. For the IUS 6.2 release onward, the AMS Designer simulator libraries require the C++ compiler that Cadence ships. If you are including code compiled using the native C++ compiler (for example, through VPI), you might need to recompile the code using the Cadence C++ compiler. You can restore and use the original LD_LIBRARY_PATH by using the -iusldno command-line option when you run xrun. However, using the -iusldno command-line option might result in an internal error in the AMS Designer simulator. The resulting error message indicates that the software is not loading the required shared object file or valid ELFCLASS32 library. This error message is fatal and you need to run xrun without the -iusldno command-line option to fix the problem.
Recompiling... reason: file './SoC_probe/ADC_SAR/verilogams/verilog.vams' is newer than expected.
	expected: Wed Jan 28 17:23:50 2026
	actual:   Wed Jan 28 17:24:24 2026
TOOL:	xrun(64)	23.09-s013: Exiting on Jan 28, 2026 at 23:59:09 CST  (total: 00:00:00)



 ========================================================================================================
		                  HDL IMPORT QUICK STATUS REPORT
 ========================================================================================================
 HDL SETUP MODE	: 0 - IMPROVED LEGACY FLOW
 ========================================================================================================
 HDL SETUP STATUS	: SUCCESS
 ========================================================================================================
 cds.lib USED	: "/home/hee/cadence/SoC/cds.lib"
 ========================================================================================================
 COMPILER OPTIONS	: " -messages "
 ========================================================================================================
 PCDB DM CHECKS	: SUCCESS
 ========================================================================================================
 PCDB UPDATE REQUIRED	: YES
 ========================================================================================================
 IMPORT CONFIGURATION	: CHECK BELOW SETTINGS
		: generateShadow(false)
		: enableBlackBox(false)
		: enableSpecificUnit(true)
		: updateCDF(false)
 ========================================================================================================
 OVERALL IMPORT STATUS	: FAILED
 ========================================================================================================